Log file open, 03/04/17 11:08:18
LogInit:Display: Running engine for game: PurgaStory
LogPlatformFile: Not using cached read wrapper
LogInit:Display: RandInit(1788363421) SRandInit(1788363421).
LogTaskGraph: Started task graph with 5 named threads and 8 total threads with 1 sets of task threads.
LogStats: Stats thread started at 0.088717
LogPluginManager: Loaded Plugin Paper2D, From C:/Program Files (x86)/Epic Games/4.14/Engine/Plugins/2D/Paper2D/Paper2D.uplugin
LogPluginManager: Loaded Plugin LightPropagationVolume, From C:/Program Files (x86)/Epic Games/4.14/Engine/Plugins/Blendables/LightPropagationVolume/LightPropagationVolume.uplugin
LogPluginManager: Loaded Plugin BlankPlugin, From C:/Program Files (x86)/Epic Games/4.14/Engine/Plugins/Developer/BlankPlugin/BlankPlugin.uplugin
LogPluginManager: Loaded Plugin CodeLiteSourceCodeAccess, From C:/Program Files (x86)/Epic Games/4.14/Engine/Plugins/Developer/CodeLiteSourceCodeAccess/CodeLiteSourceCodeAccess.uplugin
LogPluginManager: Loaded Plugin GitSourceControl, From C:/Program Files (x86)/Epic Games/4.14/Engine/Plugins/Developer/GitSourceControl/GitSourceControl.uplugin
LogPluginManager: Loaded Plugin KDevelopSourceCodeAccess, From C:/Program Files (x86)/Epic Games/4.14/Engine/Plugins/Developer/KDevelopSourceCodeAccess/KDevelopSourceCodeAccess.uplugin
LogPluginManager: Loaded Plugin NullSourceCodeAccess, From C:/Program Files (x86)/Epic Games/4.14/Engine/Plugins/Developer/NullSourceCodeAccess/NullSourceCodeAccess.uplugin
LogPluginManager: Loaded Plugin OneSkyLocalizationService, From C:/Program Files (x86)/Epic Games/4.14/Engine/Plugins/Developer/OneSkyLocalizationService/OneSkyLocalizationService.uplugin
LogPluginManager: Loaded Plugin PerforceSourceControl, From C:/Program Files (x86)/Epic Games/4.14/Engine/Plugins/Developer/PerforceSourceControl/PerforceSourceControl.uplugin
LogPluginManager: Loaded Plugin SubversionSourceControl, From C:/Program Files (x86)/Epic Games/4.14/Engine/Plugins/Developer/SubversionSourceControl/SubversionSourceControl.uplugin
LogPluginManager: Loaded Plugin UObjectPlugin, From C:/Program Files (x86)/Epic Games/4.14/Engine/Plugins/Developer/UObjectPlugin/UObjectPlugin.uplugin
LogPluginManager: Loaded Plugin VisualStudioSourceCodeAccess, From C:/Program Files (x86)/Epic Games/4.14/Engine/Plugins/Developer/VisualStudioSourceCodeAccess/VisualStudioSourceCodeAccess.uplugin
LogPluginManager: Loaded Plugin XCodeSourceCodeAccess, From C:/Program Files (x86)/Epic Games/4.14/Engine/Plugins/Developer/XCodeSourceCodeAccess/XCodeSourceCodeAccess.uplugin
LogPluginManager: Loaded Plugin AudioCapture, From C:/Program Files (x86)/Epic Games/4.14/Engine/Plugins/Editor/AudioCapture/AudioCapture.uplugin
LogPluginManager: Loaded Plugin EpicSurvey, From C:/Program Files (x86)/Epic Games/4.14/Engine/Plugins/Editor/EpicSurvey/EpicSurvey.uplugin
LogPluginManager: Loaded Plugin MacGraphicsSwitching, From C:/Program Files (x86)/Epic Games/4.14/Engine/Plugins/Editor/MacGraphicsSwitching/MacGraphicsSwitching.uplugin
LogPluginManager: Loaded Plugin MobileLauncherProfileWizard, From C:/Program Files (x86)/Epic Games/4.14/Engine/Plugins/Editor/MobileLauncherProfileWizard/MobileLauncherProfileWizard.uplugin
LogPluginManager: Loaded Plugin PluginBrowser, From C:/Program Files (x86)/Epic Games/4.14/Engine/Plugins/Editor/PluginBrowser/PluginBrowser.uplugin
LogPluginManager: Loaded Plugin SpeedTreeImporter, From C:/Program Files (x86)/Epic Games/4.14/Engine/Plugins/Editor/SpeedTreeImporter/SpeedTreeImporter.uplugin
LogPluginManager: Loaded Plugin SuperSearchEditor, From C:/Program Files (x86)/Epic Games/4.14/Engine/Plugins/Editor/SuperSearchEditor/SuperSearchEditor.uplugin
LogPluginManager: Loaded Plugin AlembicImporter, From C:/Program Files (x86)/Epic Games/4.14/Engine/Plugins/Experimental/AlembicImporter/AlembicImporter.uplugin
LogPluginManager: Loaded Plugin BlueprintStats, From C:/Program Files (x86)/Epic Games/4.14/Engine/Plugins/Experimental/BlueprintStats/BlueprintStats.uplugin
LogPluginManager: Loaded Plugin CharacterAI, From C:/Program Files (x86)/Epic Games/4.14/Engine/Plugins/Experimental/CharacterAI/CharacterAI.uplugin
LogPluginManager: Loaded Plugin CodeEditor, From C:/Program Files (x86)/Epic Games/4.14/Engine/Plugins/Experimental/CodeEditor/CodeEditor.uplugin
LogPluginManager: Loaded Plugin CodeView, From C:/Program Files (x86)/Epic Games/4.14/Engine/Plugins/Experimental/CodeView/CodeView.uplugin
LogPluginManager: Loaded Plugin HTML5Networking, From C:/Program Files (x86)/Epic Games/4.14/Engine/Plugins/Experimental/HTML5Networking/HTML5Networking.uplugin
LogPluginManager: Loaded Plugin OSVR, From C:/Program Files (x86)/Epic Games/4.14/Engine/Plugins/Experimental/OSVR/OSVR.uplugin
LogPluginManager: Loaded Plugin Phya, From C:/Program Files (x86)/Epic Games/4.14/Engine/Plugins/Experimental/Phya/Phya.uplugin
LogPluginManager: Loaded Plugin SignificanceManager, From C:/Program Files (x86)/Epic Games/4.14/Engine/Plugins/Experimental/SignificanceManager/SignificanceManager.uplugin
LogPluginManager: Loaded Plugin SimpleHMD, From C:/Program Files (x86)/Epic Games/4.14/Engine/Plugins/Experimental/SimpleHMD/SimpleHMD.uplugin
LogPluginManager: Loaded Plugin StereoPanorama, From C:/Program Files (x86)/Epic Games/4.14/Engine/Plugins/Experimental/StereoPanorama/StereoPanorama.uplugin
LogPluginManager: Loaded Plugin StructBox, From C:/Program Files (x86)/Epic Games/4.14/Engine/Plugins/Experimental/StructBox/StructBox.uplugin
LogPluginManager: Loaded Plugin AndroidMedia, From C:/Program Files (x86)/Epic Games/4.14/Engine/Plugins/Media/AndroidMedia/AndroidMedia.uplugin
LogPluginManager: Loaded Plugin AvfMedia, From C:/Program Files (x86)/Epic Games/4.14/Engine/Plugins/Media/AvfMedia/AvfMedia.uplugin
LogPluginManager: Loaded Plugin MediaPlayerEditor, From C:/Program Files (x86)/Epic Games/4.14/Engine/Plugins/Media/MediaPlayerEditor/MediaPlayerEditor.uplugin
LogPluginManager: Loaded Plugin WmfMedia, From C:/Program Files (x86)/Epic Games/4.14/Engine/Plugins/Media/WmfMedia/WmfMedia.uplugin
LogPluginManager: Loaded Plugin MessagingDebugger, From C:/Program Files (x86)/Epic Games/4.14/Engine/Plugins/Messaging/MessagingDebugger/MessagingDebugger.uplugin
LogPluginManager: Loaded Plugin TcpMessaging, From C:/Program Files (x86)/Epic Games/4.14/Engine/Plugins/Messaging/TcpMessaging/TcpMessaging.uplugin
LogPluginManager: Loaded Plugin UdpMessaging, From C:/Program Files (x86)/Epic Games/4.14/Engine/Plugins/Messaging/UdpMessaging/UdpMessaging.uplugin
LogPluginManager: Loaded Plugin LevelSequenceEditor, From C:/Program Files (x86)/Epic Games/4.14/Engine/Plugins/MovieScene/LevelSequenceEditor/LevelSequenceEditor.uplugin
LogPluginManager: Loaded Plugin MatineeToLevelSequence, From C:/Program Files (x86)/Epic Games/4.14/Engine/Plugins/MovieScene/MatineeToLevelSequence/MatineeToLevelSequence.uplugin
LogPluginManager: Loaded Plugin NetcodeUnitTest, From C:/Program Files (x86)/Epic Games/4.14/Engine/Plugins/NetcodeUnitTest/NetcodeUnitTest/NetcodeUnitTest.uplugin
LogPluginManager: Loaded Plugin NUTUnrealEngine4, From C:/Program Files (x86)/Epic Games/4.14/Engine/Plugins/NetcodeUnitTest/NUTUnrealEngine4/NUTUnrealEngine4.uplugin
LogPluginManager: Loaded Plugin OnlineSubsystemGameCircle, From C:/Program Files (x86)/Epic Games/4.14/Engine/Plugins/Online/Android/OnlineSubsystemGameCircle/OnlineSubsystemGameCircle.uplugin
LogPluginManager: Loaded Plugin OnlineSubsystemGooglePlay, From C:/Program Files (x86)/Epic Games/4.14/Engine/Plugins/Online/Android/OnlineSubsystemGooglePlay/OnlineSubsystemGooglePlay.uplugin
LogPluginManager: Loaded Plugin OnlineSubsystemIOS, From C:/Program Files (x86)/Epic Games/4.14/Engine/Plugins/Online/IOS/OnlineSubsystemIOS/OnlineSubsystemIOS.uplugin
LogPluginManager: Loaded Plugin OnlineFramework, From C:/Program Files (x86)/Epic Games/4.14/Engine/Plugins/Online/OnlineFramework/OnlineFramework.uplugin
LogPluginManager: Loaded Plugin OnlineSubsystem, From C:/Program Files (x86)/Epic Games/4.14/Engine/Plugins/Online/OnlineSubsystem/OnlineSubsystem.uplugin
LogPluginManager: Loaded Plugin OnlineSubsystemAmazon, From C:/Program Files (x86)/Epic Games/4.14/Engine/Plugins/Online/OnlineSubsystemAmazon/OnlineSubsystemAmazon.uplugin
LogPluginManager: Loaded Plugin OnlineSubsystemFacebook, From C:/Program Files (x86)/Epic Games/4.14/Engine/Plugins/Online/OnlineSubsystemFacebook/OnlineSubsystemFacebook.uplugin
LogPluginManager: Loaded Plugin OnlineSubsystemNull, From C:/Program Files (x86)/Epic Games/4.14/Engine/Plugins/Online/OnlineSubsystemNull/OnlineSubsystemNull.uplugin
LogPluginManager: Loaded Plugin OnlineSubsystemOculus, From C:/Program Files (x86)/Epic Games/4.14/Engine/Plugins/Online/OnlineSubsystemOculus/OnlineSubsystemOculus.uplugin
LogPluginManager: Loaded Plugin OnlineSubsystemSteam, From C:/Program Files (x86)/Epic Games/4.14/Engine/Plugins/Online/OnlineSubsystemSteam/OnlineSubsystemSteam.uplugin
LogPluginManager: Loaded Plugin OnlineSubsystemUtils, From C:/Program Files (x86)/Epic Games/4.14/Engine/Plugins/Online/OnlineSubsystemUtils/OnlineSubsystemUtils.uplugin
LogPluginManager: Loaded Plugin IOSTapJoy, From C:/Program Files (x86)/Epic Games/4.14/Engine/Plugins/Runtime/Advertising/IOSTapJoy/IOSTapJoy.uplugin
LogPluginManager: Loaded Plugin AnalyticsBlueprintLibrary, From C:/Program Files (x86)/Epic Games/4.14/Engine/Plugins/Runtime/Analytics/AnalyticsBlueprintLibrary/AnalyticsBlueprintLibrary.uplugin
LogPluginManager: Loaded Plugin AnalyticsMulticast, From C:/Program Files (x86)/Epic Games/4.14/Engine/Plugins/Runtime/Analytics/AnalyticsMulticast/AnalyticsMulticast.uplugin
LogPluginManager: Loaded Plugin Apsalar, From C:/Program Files (x86)/Epic Games/4.14/Engine/Plugins/Runtime/Analytics/Apsalar/Apsalar.uplugin
LogPluginManager: Loaded Plugin FileLogging, From C:/Program Files (x86)/Epic Games/4.14/Engine/Plugins/Runtime/Analytics/FileLogging/FileLogging.uplugin
LogPluginManager: Loaded Plugin Flurry, From C:/Program Files (x86)/Epic Games/4.14/Engine/Plugins/Runtime/Analytics/Flurry/Flurry.uplugin
LogPluginManager: Loaded Plugin AndroidDeviceProfileSelector, From C:/Program Files (x86)/Epic Games/4.14/Engine/Plugins/Runtime/AndroidDeviceProfileSelector/AndroidDeviceProfileSelector.uplugin
LogPluginManager: Loaded Plugin AndroidMoviePlayer, From C:/Program Files (x86)/Epic Games/4.14/Engine/Plugins/Runtime/AndroidMoviePlayer/AndroidMoviePlayer.uplugin
LogPluginManager: Loaded Plugin AppleMoviePlayer, From C:/Program Files (x86)/Epic Games/4.14/Engine/Plugins/Runtime/AppleMoviePlayer/AppleMoviePlayer.uplugin
LogPluginManager: Loaded Plugin ArchVisCharacter, From C:/Program Files (x86)/Epic Games/4.14/Engine/Plugins/Runtime/ArchVisCharacter/ArchVisCharacter.uplugin
LogPluginManager: Loaded Plugin CableComponent, From C:/Program Files (x86)/Epic Games/4.14/Engine/Plugins/Runtime/CableComponent/CableComponent.uplugin
LogPluginManager: Loaded Plugin CustomMeshComponent, From C:/Program Files (x86)/Epic Games/4.14/Engine/Plugins/Runtime/CustomMeshComponent/CustomMeshComponent.uplugin
LogPluginManager: Loaded Plugin ExampleDeviceProfileSelector, From C:/Program Files (x86)/Epic Games/4.14/Engine/Plugins/Runtime/ExampleDeviceProfileSelector/ExampleDeviceProfileSelector.uplugin
LogPluginManager: Loaded Plugin GearVR, From C:/Program Files (x86)/Epic Games/4.14/Engine/Plugins/Runtime/GearVR/GearVR.uplugin
LogPluginManager: Loaded Plugin GoogleVRController, From C:/Program Files (x86)/Epic Games/4.14/Engine/Plugins/Runtime/GoogleVR/GoogleVRController/GoogleVRController.uplugin
LogPluginManager: Loaded Plugin GoogleVRHMD, From C:/Program Files (x86)/Epic Games/4.14/Engine/Plugins/Runtime/GoogleVR/GoogleVRHMD/GoogleVRHMD.uplugin
LogPluginManager: Loaded Plugin IOSDeviceProfileSelector, From C:/Program Files (x86)/Epic Games/4.14/Engine/Plugins/Runtime/IOSDeviceProfileSelector/IOSDeviceProfileSelector.uplugin
LogPluginManager: Loaded Plugin LeapMotion, From C:/Program Files (x86)/Epic Games/4.14/Engine/Plugins/Runtime/LeapMotion/LeapMotion.uplugin
LogPluginManager: Loaded Plugin LinuxDeviceProfileSelector, From C:/Program Files (x86)/Epic Games/4.14/Engine/Plugins/Runtime/LinuxDeviceProfileSelector/LinuxDeviceProfileSelector.uplugin
LogPluginManager: Loaded Plugin MIDIDevice, From C:/Program Files (x86)/Epic Games/4.14/Engine/Plugins/Runtime/MIDIDevice/MIDIDevice.uplugin
LogPluginManager: Loaded Plugin MobilePatchingUtils, From C:/Program Files (x86)/Epic Games/4.14/Engine/Plugins/Runtime/MobilePatchingUtils/MobilePatchingUtils.uplugin
LogPluginManager: Loaded Plugin Ansel, From C:/Program Files (x86)/Epic Games/4.14/Engine/Plugins/Runtime/Nvidia/Ansel/Ansel.uplugin
LogPluginManager: Loaded Plugin OculusAudio, From C:/Program Files (x86)/Epic Games/4.14/Engine/Plugins/Runtime/OculusAudio/OculusAudio.uplugin
LogPluginManager: Loaded Plugin OculusInput, From C:/Program Files (x86)/Epic Games/4.14/Engine/Plugins/Runtime/OculusInput/OculusInput.uplugin
LogPluginManager: Loaded Plugin OculusLibrary, From C:/Program Files (x86)/Epic Games/4.14/Engine/Plugins/Runtime/OculusLibrary/OculusLibrary.uplugin
LogPluginManager: Loaded Plugin OculusRift, From C:/Program Files (x86)/Epic Games/4.14/Engine/Plugins/Runtime/OculusRift/OculusRift.uplugin
LogPluginManager: Loaded Plugin Oodle, From C:/Program Files (x86)/Epic Games/4.14/Engine/Plugins/Runtime/PacketHandlers/CompressionComponents/Oodle/Oodle.uplugin
LogPluginManager: Loaded Plugin ProceduralMeshComponent, From C:/Program Files (x86)/Epic Games/4.14/Engine/Plugins/Runtime/ProceduralMeshComponent/ProceduralMeshComponent.uplugin
LogPluginManager: Loaded Plugin SoundMod, From C:/Program Files (x86)/Epic Games/4.14/Engine/Plugins/Runtime/SoundMod/SoundMod.uplugin
LogPluginManager: Loaded Plugin SoundVisualizations, From C:/Program Files (x86)/Epic Games/4.14/Engine/Plugins/Runtime/SoundVisualizations/SoundVisualizations.uplugin
LogPluginManager: Loaded Plugin SteamController, From C:/Program Files (x86)/Epic Games/4.14/Engine/Plugins/Runtime/Steam/SteamController/SteamController.uplugin
LogPluginManager: Loaded Plugin SteamVR, From C:/Program Files (x86)/Epic Games/4.14/Engine/Plugins/Runtime/Steam/SteamVR/SteamVR.uplugin
LogPluginManager: Loaded Plugin WebBrowserWidget, From C:/Program Files (x86)/Epic Games/4.14/Engine/Plugins/Runtime/WebBrowserWidget/WebBrowserWidget.uplugin
LogPluginManager: Loaded Plugin WindowsDeviceProfileSelector, From C:/Program Files (x86)/Epic Games/4.14/Engine/Plugins/Runtime/WindowsDeviceProfileSelector/WindowsDeviceProfileSelector.uplugin
LogPluginManager: Loaded Plugin WindowsMoviePlayer, From C:/Program Files (x86)/Epic Games/4.14/Engine/Plugins/Runtime/WindowsMoviePlayer/WindowsMoviePlayer.uplugin
LogPluginManager: Loaded Plugin ScriptPlugin, From C:/Program Files (x86)/Epic Games/4.14/Engine/Plugins/ScriptPlugin/ScriptPlugin.uplugin
LogPluginManager: Loaded Plugin SlateRemote, From C:/Program Files (x86)/Epic Games/4.14/Engine/Plugins/Slate/SlateRemote/SlateRemote.uplugin
LogPluginManager: Loaded Plugin EditorTests, From C:/Program Files (x86)/Epic Games/4.14/Engine/Plugins/Tests/EditorTests/EditorTests.uplugin
LogPluginManager: Loaded Plugin FbxAutomationTestBuilder, From C:/Program Files (x86)/Epic Games/4.14/Engine/Plugins/Tests/FbxAutomationTestBuilder/FbxAutomationTestBuilder.uplugin
LogPluginManager: Loaded Plugin FunctionalTestingEditor, From C:/Program Files (x86)/Epic Games/4.14/Engine/Plugins/Tests/FunctionalTestingEditor/FunctionalTestingEditor.uplugin
LogPluginManager: Loaded Plugin RuntimeTests, From C:/Program Files (x86)/Epic Games/4.14/Engine/Plugins/Tests/RuntimeTests/RuntimeTests.uplugin
LogPluginManager: Loaded Plugin ScreenshotTools, From C:/Program Files (x86)/Epic Games/4.14/Engine/Plugins/Tests/ScreenshotTools/ScreenshotTools.uplugin
LogInit: Using libcurl 7.47.1
LogInit:  - built for x86_64-pc-win32
LogInit:  - supports SSL with OpenSSL/1.0.2g
LogInit:  - supports HTTP deflate (compression) using libz 1.2.8
LogInit:  - other features:
LogInit:      CURL_VERSION_SSL
LogInit:      CURL_VERSION_LIBZ
LogInit:      CURL_VERSION_IPV6
LogInit:      CURL_VERSION_ASYNCHDNS
LogInit:      CURL_VERSION_LARGEFILE
LogInit:      CURL_VERSION_IDN
LogInit:  CurlRequestOptions (configurable via config and command line):
LogInit:  - bVerifyPeer = false  - Libcurl will NOT verify peer certificate
LogInit:  - bUseHttpProxy = false  - Libcurl will NOT use HTTP proxy
LogInit:  - bDontReuseConnections = false  - Libcurl will reuse connections
LogInit:  - CertBundlePath = nullptr  - Libcurl will use whatever was configured at build time.
LogInit: Build: ++UE4+Release-4.14-CL-3249277
LogInit: Engine Version: 4.14.3-3249277+++UE4+Release-4.14
LogInit: Compatible Engine Version: 4.14.0-3195953+++UE4+Release-4.14
LogInit: Net CL: 3195953
LogDevObjectVersion: Number of dev versions registered: 13
LogDevObjectVersion:   Dev-Blueprints (B0D832E4-1F89-4F0D-ACCF-7EB736FD4AA2): 7
LogDevObjectVersion:   Dev-Build (E1C64328-A22C-4D53-A36C-8E866417BD8C): 0
LogDevObjectVersion:   Dev-Core (375EC13C-06E4-48FB-B500-84F0262A717E): 1
LogDevObjectVersion:   Dev-Editor (E4B068ED-F494-42E9-A231-DA0B2E46BB41): 8
LogDevObjectVersion:   Dev-Framework (CFFC743F-43B0-4480-9391-14DF171D2073): 17
LogDevObjectVersion:   Dev-Mobile (B02B49B5-BB20-44E9-A304-32B752E40360): 0
LogDevObjectVersion:   Dev-Networking (A4E4105C-59A1-49B5-A7C5-40C4547EDFEE): 0
LogDevObjectVersion:   Dev-Online (39C831C9-5AE6-47DC-9A44-9C173E1C8E7C): 0
LogDevObjectVersion:   Dev-Physics (78F01B33-EBEA-4F98-B9B4-84EACCB95AA2): 0
LogDevObjectVersion:   Dev-Platform (6631380F-2D4D-43E0-8009-CF276956A95A): 0
LogDevObjectVersion:   Dev-Rendering (12F88B9F-8875-4AFC-A67C-D90C383ABD29): 12
LogDevObjectVersion:   Dev-Sequencer (7B5AE74C-D270-4C10-A958-57980B212A5A): 1
LogDevObjectVersion:   Dev-VR (D7296918-1DD6-4BDD-9DE2-64A83CC13884): 0
LogInit: Compiled (64-bit): Jan  6 2017 10:49:43
LogInit: Compiled with Visual C++: 19.00.23026.00
LogInit: Build Configuration: Development
LogInit: Branch Name: ++UE4+Release-4.14
LogInit: Command line:  
LogInit: Base directory: C:/Program Files (x86)/Epic Games/4.14/Engine/Binaries/Win64/
LogInit: Installed Engine Build: 1
LogInit: Presizing for max 8388607 objects, including 0 objects not considered by GC, pre-allocating 0 bytes for permanent pool.
LogInit: Object subsystem initialized
[2017.03.04-03.08.18:444][  0]LogInit: Selected Device Profile: [Windows]
[2017.03.04-03.08.18:444][  0]LogInit: Applying CVar settings loaded from the selected device profile: [Windows]
[2017.03.04-03.08.18:457][  0]LogInit: Computer: DESKTOP-NIM6INF
[2017.03.04-03.08.18:457][  0]LogInit: User: Bernard
[2017.03.04-03.08.18:457][  0]LogInit: CPU Page size=65536, Cores=4
[2017.03.04-03.08.18:457][  0]LogInit: High frequency timer resolution =2.531252 MHz
[2017.03.04-03.08.18:457][  0]LogMemory: Memory total: Physical=23.9GB (24GB approx)
[2017.03.04-03.08.18:457][  0]LogMemory: Platform Memory Stats for Windows
[2017.03.04-03.08.18:457][  0]LogMemory: Process Physical Memory: 263.04 MB used, 263.04 MB peak
[2017.03.04-03.08.18:457][  0]LogMemory: Process Virtual Memory: 262.74 MB used, 262.74 MB peak
[2017.03.04-03.08.18:457][  0]LogMemory: Physical Memory: 3184.22 MB used,  21269.66 MB free, 24453.88 MB total
[2017.03.04-03.08.18:457][  0]LogMemory: Virtual Memory: 676.14 MB used,  21269.66 MB free, 134217728.00 MB total
[2017.03.04-03.08.19:163][  0]LogTextLocalizationManager: No specific translations for ('en-SG') exist, so ('en') translations will be used.
[2017.03.04-03.08.19:796][  0]LogD3D11RHI: D3D11 adapters:
[2017.03.04-03.08.20:520][  0]LogD3D11RHI:    0. 'NVIDIA GeForce GTX 960M' (Feature Level 11_0)
[2017.03.04-03.08.20:520][  0]LogD3D11RHI:       4064/0/12226 MB DedicatedVideo/DedicatedSystem/SharedSystem, Outputs:1, VendorId:0x10de
[2017.03.04-03.08.20:526][  0]LogD3D11RHI:    1. 'Intel(R) HD Graphics 530' (Feature Level 11_0)
[2017.03.04-03.08.20:526][  0]LogD3D11RHI:       128/0/12226 MB DedicatedVideo/DedicatedSystem/SharedSystem, Outputs:0, VendorId:0x8086
[2017.03.04-03.08.20:527][  0]LogD3D11RHI:    2. 'Microsoft Basic Render Driver' (Feature Level 11_0)
[2017.03.04-03.08.20:527][  0]LogD3D11RHI:       0/0/12226 MB DedicatedVideo/DedicatedSystem/SharedSystem, Outputs:0, VendorId:0x1414
[2017.03.04-03.08.20:527][  0]LogD3D11RHI: Chosen D3D11 Adapter: 0
[2017.03.04-03.08.20:531][  0]LogD3D11RHI: Creating new Direct3DDevice
[2017.03.04-03.08.20:531][  0]LogD3D11RHI:     GPU DeviceId: 0x139b (for the marketing name, search the web for "GPU Device Id")
[2017.03.04-03.08.20:531][  0]LogWindows: EnumDisplayDevices:
[2017.03.04-03.08.20:531][  0]LogWindows:    0. 'Intel(R) HD Graphics 530' (P:1 D:1)
[2017.03.04-03.08.20:531][  0]LogWindows:    1. 'Intel(R) HD Graphics 530' (P:0 D:0)
[2017.03.04-03.08.20:531][  0]LogWindows:    2. 'Intel(R) HD Graphics 530' (P:0 D:0)
[2017.03.04-03.08.20:531][  0]LogWindows: DebugString: PrimaryIsNotTheChoosenAdapter PrimaryIsNotTheChoosenAdapter PrimaryIsNotTheChoosenAdapter FoundDriverCount:0 
[2017.03.04-03.08.20:531][  0]LogD3D11RHI:     Adapter Name: NVIDIA GeForce GTX 960M
[2017.03.04-03.08.20:531][  0]LogD3D11RHI:   Driver Version: Unknown (internal:Unknown, unified:Unknown)
[2017.03.04-03.08.20:531][  0]LogD3D11RHI:      Driver Date: Unknown
[2017.03.04-03.08.20:531][  0]LogRHI: Texture pool is 1361 MB (70% of 1945 MB)
[2017.03.04-03.08.20:544][  0]LogD3D11RHI: Async texture creation enabled
[2017.03.04-03.08.20:555][  0]LogD3D11RHI: GPU Timing Frequency: 1000.000000 (Debug: 2 1)
[2017.03.04-03.08.20:556][  0]LogShaderCompilers: Guid format shader working directory is -1 characters bigger than the processId version (../../../../../../Users/Bernard/Desktop/PurgaStory/Intermediate/Shaders/WorkingDirectory/992/).
[2017.03.04-03.08.20:556][  0]LogShaderCompilers: Cleaned the shader compiler working directory 'C:/Users/Bernard/AppData/Local/Temp/UnrealShaderWorkingDir/1188DA2D4A730A0BF25206B3770F8055/'.
[2017.03.04-03.08.20:556][  0]LogShaderCompilers:Display: Using Local Shader Compiler.
[2017.03.04-03.08.21:553][  0]LogTemp:Display: Loaded TP AllDesktopTargetPlatform
[2017.03.04-03.08.21:606][  0]LogTemp:Display: Loaded TP MacClientTargetPlatform
[2017.03.04-03.08.21:657][  0]LogTemp:Display: Loaded TP MacNoEditorTargetPlatform
[2017.03.04-03.08.21:705][  0]LogTemp:Display: Loaded TP MacServerTargetPlatform
[2017.03.04-03.08.21:754][  0]LogTemp:Display: Loaded TP MacTargetPlatform
[2017.03.04-03.08.21:802][  0]LogTemp:Display: Loaded TP WindowsClientTargetPlatform
[2017.03.04-03.08.21:849][  0]LogTemp:Display: Loaded TP WindowsNoEditorTargetPlatform
[2017.03.04-03.08.21:896][  0]LogTemp:Display: Loaded TP WindowsServerTargetPlatform
[2017.03.04-03.08.21:938][  0]LogTemp:Display: Loaded TP WindowsTargetPlatform
[2017.03.04-03.08.21:988][  0]LogTemp:Display: Loaded TP AndroidTargetPlatform
[2017.03.04-03.08.22:038][  0]LogTemp:Display: Loaded TP Android_ASTCTargetPlatform
[2017.03.04-03.08.22:116][  0]LogTemp:Display: Loaded TP Android_ATCTargetPlatform
[2017.03.04-03.08.22:171][  0]LogTemp:Display: Loaded TP Android_DXTTargetPlatform
[2017.03.04-03.08.22:228][  0]LogTemp:Display: Loaded TP Android_ETC1TargetPlatform
[2017.03.04-03.08.22:286][  0]LogTemp:Display: Loaded TP Android_ETC2TargetPlatform
[2017.03.04-03.08.22:397][  0]LogTemp:Display: Loaded TP Android_MultiTargetPlatform
[2017.03.04-03.08.22:397][  0]LogTemp:Display: Loaded TP Android_PVRTCTargetPlatform
[2017.03.04-03.08.22:437][  0]LogTemp:Display: Loaded TP HTML5TargetPlatform
[2017.03.04-03.08.22:521][  0]LogTemp:Display: Loaded TP IOSTargetPlatform
[2017.03.04-03.08.22:554][  0]LogTemp:Display: Loaded TP TVOSTargetPlatform
[2017.03.04-03.08.22:608][  0]LogTemp:Display: Loaded TP LinuxClientTargetPlatform
[2017.03.04-03.08.22:666][  0]LogTemp:Display: Loaded TP LinuxNoEditorTargetPlatform
[2017.03.04-03.08.22:722][  0]LogTemp:Display: Loaded TP LinuxServerTargetPlatform
[2017.03.04-03.08.22:775][  0]LogTemp:Display: Loaded TP LinuxTargetPlatform
[2017.03.04-03.08.22:775][  0]LogTargetPlatformManager:Display: Building Assets For Windows
[2017.03.04-03.08.23:145][  0]LogDerivedDataCache:Display: Max Cache Size: 512 MB
[2017.03.04-03.08.23:205][  0]LogDerivedDataCache: Loaded boot cache 0.06s 65MB C:/Users/Bernard/AppData/Local/UnrealEngine/4.14/DerivedDataCache/Boot.ddc.
[2017.03.04-03.08.23:205][  0]LogDerivedDataCache:Display: Loaded Boot cache: C:/Users/Bernard/AppData/Local/UnrealEngine/4.14/DerivedDataCache/Boot.ddc
[2017.03.04-03.08.23:205][  0]LogDerivedDataCache: FDerivedDataBackendGraph:  Pak pak cache file ../../../../../../Users/Bernard/Desktop/PurgaStory/DerivedDataCache/DDC.ddp not found, will not use a pak cache.
[2017.03.04-03.08.23:205][  0]LogDerivedDataCache: Unable to find inner node Pak for hierarchical cache Hierarchy.
[2017.03.04-03.08.23:205][  0]LogDerivedDataCache: FDerivedDataBackendGraph:  CompressedPak pak cache file ../../../../../../Users/Bernard/Desktop/PurgaStory/DerivedDataCache/Compressed.ddp not found, will not use a pak cache.
[2017.03.04-03.08.23:205][  0]LogDerivedDataCache: Unable to find inner node CompressedPak for hierarchical cache Hierarchy.
[2017.03.04-03.08.23:220][  0]LogDerivedDataCache:Display: Pak cache opened for reading ../../../Engine/DerivedDataCache/Compressed.ddp.
[2017.03.04-03.08.23:232][  0]LogDerivedDataCache: Using Local data cache path C:/Users/Bernard/AppData/Local/UnrealEngine/Common/DerivedDataCache: Writable
[2017.03.04-03.08.23:403][  0]LogInit: Selected Device Profile: [Windows]
[2017.03.04-03.08.23:406][  0]LogContentStreaming: Texture pool size is 0.00 MB
[2017.03.04-03.08.23:610][  0]LogMeshUtilities: Using QuadricMeshReduction for automatic static mesh reduction
[2017.03.04-03.08.23:652][  0]LogSimplygon: Simplygon DLL not present - disabling.
[2017.03.04-03.08.23:697][  0]LogMeshUtilities: Using SimplygonSwarm for distributed automatic mesh merging
[2017.03.04-03.08.23:697][  0]LogMeshUtilities: No automatic skeletal mesh reduction module available
[2017.03.04-03.08.23:697][  0]LogMeshUtilities: No automatic mesh merging module available
[2017.03.04-03.08.24:244][  0]LogNetVersion: GetLocalNetworkVersion: CL: 3195953, ProjectName: purgastory, ProjectVersion: , EngineNetworkVersion: 2, GameNetworkVersion: 0, NetworkChecksum: 4090582873
[2017.03.04-03.08.24:298][  0]LogAssetRegistry: FAssetRegistry took 0.0217 seconds to start up
[2017.03.04-03.08.24:343][  0]LogPackageLocalizationCache: Processed 3 localized package path(s) for 2 prioritized culture(s) in 0.022806 seconds
[2017.03.04-03.08.24:349][  0]LogUObjectArray: 31946 objects as part of root set at end of initial load.
[2017.03.04-03.08.24:349][  0]LogUObjectAllocator: 6935840 out of 0 bytes used by permanent object pool.
[2017.03.04-03.08.24:349][  0]LogUObjectArray: CloseDisregardForGC: 0/0 objects in disregard for GC pool
[2017.03.04-03.08.24:408][  0]LogInit: WinSock: version 1.1 (2.2), MaxSocks=32767, MaxUdp=65467
[2017.03.04-03.08.25:148][  0]LogSlate: Using Freetype 2.6.0
[2017.03.04-03.08.25:148][  0]LogSlate: SlateFontCache - WITH_FREETYPE: 1, WITH_HARFBUZZ: 1
[2017.03.04-03.08.25:148][  0]LogSlate: SlateFontCache - WITH_FREETYPE: 1, WITH_HARFBUZZ: 1
[2017.03.04-03.08.25:857][  0]LogTcpMessaging: Initializing TcpMessaging bridge
[2017.03.04-03.08.25:894][  0]LogUdpMessaging: Initializing bridge on interface 0.0.0.0:0 to multicast group 230.0.0.1:6666.
[2017.03.04-03.08.25:895][  0]FUdpSocketBuilder: Failed to subscribe UdpMessageMulticastSocket to multicast group 230.0.0.1
[2017.03.04-03.08.25:895][  0]FUdpSocketBuilder: Failed to create and initialize socket UdpMessageMulticastSocket (last error: 0)
[2017.03.04-03.08.25:895][  0]LogUdpMessaging:Warning: StartTransport failed to create multicast socket on 0.0.0.0:0, joined to 230.0.0.1:6666 with TTL 1
[2017.03.04-03.08.26:162][  0]LogMaterial: Uniform references updated for custom material expression Custom.
[2017.03.04-03.08.26:550][  0]SourceControl: Info Source control is disabled
[2017.03.04-03.08.26:551][  0]SourceControl: Info Source control is disabled
[2017.03.04-03.08.26:593][  0]SourceControl: Info Source control is disabled
[2017.03.04-03.08.26:637][  0]SourceControl: Info Source control is disabled
[2017.03.04-03.08.27:787][  0]LogEngine: Initializing Engine...
[2017.03.04-03.08.27:788][  0]LogHMD: Failed to initialize OpenVR with code 110
[2017.03.04-03.08.28:013][  0]LogAIModule: Creating AISystem for world Untitled
[2017.03.04-03.08.28:020][  0]LogInit: XAudio2 using 'Speakers (Realtek High Definition Audio)' : 2 channels at 48 kHz using 32 bits per sample (channel mask 0x3)
[2017.03.04-03.08.28:053][  0]LogInit: FAudioDevice initialized.
[2017.03.04-03.08.28:081][  0]LogDerivedDataCache: Saved boot cache 0.03s 56MB C:/Users/Bernard/AppData/Local/UnrealEngine/4.14/DerivedDataCache/Boot.ddc.
[2017.03.04-03.08.28:086][  0]LogInit: Texture streaming: Enabled
[2017.03.04-03.08.28:287][  0]LogInit: Transaction tracking system initialized
[2017.03.04-03.08.28:684][  0]BlueprintLog: New page: Editor Load
[2017.03.04-03.08.29:696][  0]LocalizationService: Info Localization service is disabled
[2017.03.04-03.08.30:477][  0]LogConsoleResponse:Display: 
[2017.03.04-03.08.30:643][  0]LogCook:Display: Max memory allowance for cook 16384mb min free memory 0mb
[2017.03.04-03.08.30:643][  0]LogCook:Display: Mobile HDR setting 1
[2017.03.04-03.08.31:651][  0]LogFileCache: Scanning file cache for directory 'C:/Users/Bernard/Desktop/PurgaStory/Content/' took 0.02s
[2017.03.04-03.08.31:698][  0]SourceControl: Info Source control is disabled
[2017.03.04-03.08.31:698][  0]Cmd: MAP LOAD FILE="../../../../../../Users/Bernard/Desktop/PurgaStory/Content/StarterContent/Maps/Minimal_Default.umap" TEMPLATE=0 SHOWPROGRESS=1 FEATURELEVEL=3
[2017.03.04-03.08.31:699][  0]LightingResults: New page: Lighting Build
[2017.03.04-03.08.31:749][  0]MapCheck: New page: Map Check
[2017.03.04-03.08.31:749][  0]LightingResults: New page: Lighting Build
[2017.03.04-03.08.32:282][  0]LogAIModule: Creating AISystem for world Minimal_Default
[2017.03.04-03.08.32:306][  0]LogEditorServer: Finished looking for orphan Actors (0.000 secs)
[2017.03.04-03.08.32:307][  0]Cmd: MAP CHECKDEP NOCLEARLOG
[2017.03.04-03.08.32:344][  0]MapCheck: Info Map check complete: 0 Error(s), 0 Warning(s), took 37.269ms to complete.
[2017.03.04-03.08.32:344][  0]LogFileHelpers: Loading map 'Minimal_Default' took 0.647
[2017.03.04-03.08.32:489][  0]LogCollectionManager: Loaded 0 collections in 0.001939 seconds
[2017.03.04-03.08.32:566][  0]LogFileCache: Scanning file cache for directory 'C:/Users/Bernard/Desktop/PurgaStory/Saved/Collections/' took 0.01s
[2017.03.04-03.08.32:566][  0]LogFileCache: Scanning file cache for directory 'C:/Users/Bernard/Desktop/PurgaStory/Content/Developers/Bernard/Collections/' took 0.01s
[2017.03.04-03.08.32:566][  0]LogFileCache: Scanning file cache for directory 'C:/Users/Bernard/Desktop/PurgaStory/Content/Collections/' took 0.01s
[2017.03.04-03.08.32:566][  0]LogCollectionManager: Rebuilt the GUID cache for 0 collections in 0.000002 seconds
[2017.03.04-03.08.32:575][  0]LogContentBrowser: Native class hierarchy populated in 0.0091 seconds. Added 2190 classes and 428 folders.
[2017.03.04-03.08.32:618][  0]LogStats: UGameplayTagsManager::ConstructGameplayTagTree: Construct from data asset -  0.000 s
[2017.03.04-03.08.32:618][  0]LogStats: UGameplayTagsManager::ConstructGameplayTagTree: GameplayTagTreeChangedEvent.Broadcast -  0.000 s
[2017.03.04-03.08.32:618][  0]LogContentBrowser: Native class hierarchy updated for 'GameplayTags' in 0.0005 seconds. Added 13 classes and 0 folders.
[2017.03.04-03.08.32:682][  0]LogContentBrowser: Native class hierarchy updated for 'WidgetCarousel' in 0.0005 seconds. Added 0 classes and 0 folders.
[2017.03.04-03.08.32:723][  0]LogContentBrowser: Native class hierarchy updated for 'AddContentDialog' in 0.0007 seconds. Added 0 classes and 0 folders.
[2017.03.04-03.08.32:769][  0]LogContentBrowser: Native class hierarchy updated for 'SceneOutliner' in 0.0006 seconds. Added 1 classes and 2 folders.
[2017.03.04-03.08.32:939][  0]LogCrashTracker: Crashtracker disabled due to settings.
[2017.03.04-03.08.32:947][  0]LogUObjectGlobals:Warning: Failed to find object 'Class None.'
[2017.03.04-03.08.33:012][  0]LogContentBrowser: Native class hierarchy updated for 'HierarchicalLODOutliner' in 0.0006 seconds. Added 1 classes and 2 folders.
[2017.03.04-03.08.33:012][  0]LogLoad: (Engine Initialization) Total time: 15.91 seconds
[2017.03.04-03.08.33:012][  0]LogLoad: (Engine Initialization) Total Blueprint compile time: 0.12 seconds
[2017.03.04-03.08.33:012][  0]LogExternalProfiler: No external profilers were discovered.  External profiling features will not be available.
[2017.03.04-03.08.33:352][  0]LogOcInput: OculusInput pre-init called
[2017.03.04-03.08.33:377][  0]LogContentStreaming: Texture pool size now 1000 MB
[2017.03.04-03.08.33:571][  0]LogRenderer: Reallocating scene render targets to support 920x448 NumSamples 1 (Frame:2).
[2017.03.04-03.08.34:027][  2]LogAssetRegistry: Asset discovery search completed in 9.7509 seconds
[2017.03.04-03.08.34:027][  2]LogCollectionManager: Rebuilt the object cache for 0 collections in 0.000000 seconds (found 0 objects)
[2017.03.04-03.08.34:027][  2]LogCollectionManager: Fixed up redirectors for 0 collections in 0.000015 seconds (updated 0 objects)
[2017.03.04-03.15.29:703][147]LogContentBrowser: Native class hierarchy updated for 'BlueprintGraph' in 0.0009 seconds. Added 111 classes and 0 folders.
[2017.03.04-03.15.37:819][533]LogSlate: Only BGRA pngs, bmps or icos are supported in by External Image Picker
[2017.03.04-03.15.37:881][536]LogTemp:Display: Executing iPhonePackager certificates Engine -bundlename com.YourCompany.PurgaStory

[2017.03.04-03.15.37:881][536]LogTemp:Display: CWD: C:\Program Files (x86)\Epic Games\4.14\Engine\Binaries\DotNet\IOS

[2017.03.04-03.15.37:881][536]LogTemp:Display: Initial Dir: C:\Program Files (x86)\Epic Games\4.14

[2017.03.04-03.15.37:881][536]LogTemp:Display: Env CWD: C:\Program Files (x86)\Epic Games\4.14\Engine\Binaries\DotNet\IOS

[2017.03.04-03.15.37:885][536]LogTemp:Display: BranchPath = DESKTOP-NIM6INF/C/Program Files (x86)/Epic Games/4.14/Engine/Binaries --- GameBranchPath = DESKTOP-NIM6INF/C/Program Files (x86)/Epic Games/4.14/Engine/Binaries

[2017.03.04-03.15.37:941][540]LogTemp:Display: IPP ERROR: Application exception: System.IO.DirectoryNotFoundException: Could not find a part of the path 'C:\Users\Bernard\AppData\Local\Apple Computer\MobileDevice\Provisioning Profiles'.

[2017.03.04-03.15.37:941][540]LogTemp:Display:    at System.IO.__Error.WinIOError(Int32 errorCode, String maybeFullPath)

[2017.03.04-03.15.37:941][540]LogTemp:Display:    at System.IO.FileSystemEnumerableIterator`1.CommonInit()

[2017.03.04-03.15.37:941][540]LogTemp:Display:    at System.IO.Directory.EnumerateFiles(String path, String searchPattern)

[2017.03.04-03.15.37:941][540]LogTemp:Display:    at iPhonePackager.CodeSignatureBuilder.FindProvisions(String CFBundleIdentifier)

[2017.03.04-03.15.37:941][540]LogTemp:Display:    at iPhonePackager.Program.Main(String[] args)

[2017.03.04-03.19.36:817][481]LogFileHelpers: Editor autosave (incl. sublevels) for '/Game/StarterContent/Maps/Minimal_Default' took 0.026
[2017.03.04-03.19.36:819][481]OBJ SavePackage: Generating thumbnails for [1] asset(s) in package [/Game/FirstPersonBP/BP_Seeker] ([1] browsable assets)...
[2017.03.04-03.19.36:837][481]OBJ SavePackage:     Rendered thumbnail for [Blueprint /Game/FirstPersonBP/BP_Seeker.BP_Seeker]
[2017.03.04-03.19.36:837][481]OBJ SavePackage: Finished generating thumbnails for package [/Game/FirstPersonBP/BP_Seeker]
[2017.03.04-03.19.36:873][481]LogSavePackage: Save=30.46ms
[2017.03.04-03.19.36:873][481]LogSavePackage: Moving '../../../../../../Users/Bernard/Desktop/PurgaStory/Saved/BP_Seeker_Auto16D24777F46D9F70746E6B085F9683C6B.tmp' to '../../../../../../Users/Bernard/Desktop/PurgaStory/Saved/Autosaves/Game/FirstPersonBP/BP_Seeker_Auto1.uasset'
[2017.03.04-03.19.36:874][481]LogSavePackage:Display: Finished SavePackage ../../../../../../Users/Bernard/Desktop/PurgaStory/Saved/Autosaves/Game/FirstPersonBP/BP_Seeker_Auto1.uasset
[2017.03.04-03.19.36:874][481]LogFileHelpers: Auto-saving content packages took 0.055
[2017.03.04-03.22.09:313][987]LogTemp: Repeting last play command: New Editor Window (PIE)
[2017.03.04-03.22.09:323][987]LogBlueprintUserMessages: Early PlayInEditor Detection: Level '/Game/StarterContent/Maps/Minimal_Default.Minimal_Default:PersistentLevel' has LevelScriptBlueprint '/Game/StarterContent/Maps/Minimal_Default.Minimal_Default:PersistentLevel.Minimal_Default' with GeneratedClass '/Game/StarterContent/Maps/Minimal_Default.Minimal_Default_C' with ClassGeneratedBy '/Game/StarterContent/Maps/Minimal_Default.Minimal_Default:PersistentLevel.Minimal_Default'
[2017.03.04-03.22.09:324][987]BlueprintLog: New page: Pre-Play auto-recompile
[2017.03.04-03.22.09:324][987]LogPlayLevel: [PlayLevel] Compiling BP_Seeker before play...
[2017.03.04-03.22.09:424][987]LogPlayLevel: PlayLevel: Blueprint regeneration took 100 ms (1 blueprints)
[2017.03.04-03.22.09:424][987]PIE: New page: PIE session: Minimal_Default (4 Mar 2017 7:22:09 pm)
[2017.03.04-03.22.09:424][987]LogPlayLevel: Creating play world package: /Game/StarterContent/Maps/UEDPIE_0_Minimal_Default
[2017.03.04-03.22.09:444][987]LogPlayLevel: PIE: StaticDuplicateObject took: (0.019652s)
[2017.03.04-03.22.09:444][987]LogAIModule: Creating AISystem for world Minimal_Default
[2017.03.04-03.22.09:445][987]LogPlayLevel: PIE: World Init took: (0.000828s)
[2017.03.04-03.22.09:445][987]LogPlayLevel: PIE: Created PIE world by copying editor world from /Game/StarterContent/Maps/Minimal_Default.Minimal_Default to /Game/StarterContent/Maps/UEDPIE_0_Minimal_Default.Minimal_Default (0.021052s)
[2017.03.04-03.22.09:460][987]LogInit: XAudio2 using 'Speakers (Realtek High Definition Audio)' : 2 channels at 48 kHz using 32 bits per sample (channel mask 0x3)
[2017.03.04-03.22.09:469][987]LogInit: FAudioDevice initialized.
[2017.03.04-03.22.09:521][987]LogLoad: Game class is 'FirstPersonGameMode_C'
[2017.03.04-03.22.09:533][987]LogWorld: Bringing World /Game/StarterContent/Maps/UEDPIE_0_Minimal_Default.Minimal_Default up for play (max tick rate 60) at 2017.03.04-11.22.09
[2017.03.04-03.22.09:534][987]LogWorld: Bringing up level for play took: 0.010129
[2017.03.04-03.22.09:572][987]LogContentBrowser: Native class hierarchy updated for 'MovieSceneCapture' in 0.0005 seconds. Added 11 classes and 0 folders.
[2017.03.04-03.22.09:573][987]LogGameMode:Display: Match State Changed from EnteringMap to WaitingToStart
[2017.03.04-03.22.09:573][987]LogGameState: Match State Changed from EnteringMap to WaitingToStart
[2017.03.04-03.22.09:573][987]LogGameMode:Display: Match State Changed from WaitingToStart to InProgress
[2017.03.04-03.22.09:574][987]LogGameState: Match State Changed from WaitingToStart to InProgress
[2017.03.04-03.22.09:578][987]PIE: Info Play in editor start time for /Game/StarterContent/Maps/UEDPIE_0_Minimal_Default -0.646
[2017.03.04-03.22.09:579][987]LogBlueprintUserMessages: Late PlayInEditor Detection: Level '/Game/StarterContent/Maps/Minimal_Default.Minimal_Default:PersistentLevel' has LevelScriptBlueprint '/Game/StarterContent/Maps/Minimal_Default.Minimal_Default:PersistentLevel.Minimal_Default' with GeneratedClass '/Game/StarterContent/Maps/Minimal_Default.Minimal_Default_C' with ClassGeneratedBy '/Game/StarterContent/Maps/Minimal_Default.Minimal_Default:PersistentLevel.Minimal_Default'
[2017.03.04-03.22.09:614][987]LogRenderer: Reallocating scene render targets to support 1292x756 NumSamples 1 (Frame:17528).
[2017.03.04-03.22.11:023][ 66]LogBlueprintUserMessages: Early EndPlayMap Detection: Level '/Game/StarterContent/Maps/Minimal_Default.Minimal_Default:PersistentLevel' has LevelScriptBlueprint '/Game/StarterContent/Maps/Minimal_Default.Minimal_Default:PersistentLevel.Minimal_Default' with GeneratedClass '/Game/StarterContent/Maps/Minimal_Default.Minimal_Default_C' with ClassGeneratedBy '/Game/StarterContent/Maps/Minimal_Default.Minimal_Default:PersistentLevel.Minimal_Default'
[2017.03.04-03.22.11:072][ 66]LogBlueprintUserMessages: Late EndPlayMap Detection: Level '/Game/StarterContent/Maps/Minimal_Default.Minimal_Default:PersistentLevel' has LevelScriptBlueprint '/Game/StarterContent/Maps/Minimal_Default.Minimal_Default:PersistentLevel.Minimal_Default' with GeneratedClass '/Game/StarterContent/Maps/Minimal_Default.Minimal_Default_C' with ClassGeneratedBy '/Game/StarterContent/Maps/Minimal_Default.Minimal_Default:PersistentLevel.Minimal_Default'
[2017.03.04-03.22.19:928][593]LogTemp: Repeting last play command: New Editor Window (PIE)
[2017.03.04-03.22.19:940][593]LogBlueprintUserMessages: Early PlayInEditor Detection: Level '/Game/StarterContent/Maps/Minimal_Default.Minimal_Default:PersistentLevel' has LevelScriptBlueprint '/Game/StarterContent/Maps/Minimal_Default.Minimal_Default:PersistentLevel.Minimal_Default' with GeneratedClass '/Game/StarterContent/Maps/Minimal_Default.Minimal_Default_C' with ClassGeneratedBy '/Game/StarterContent/Maps/Minimal_Default.Minimal_Default:PersistentLevel.Minimal_Default'
[2017.03.04-03.22.19:940][593]LogPlayLevel: PlayLevel: No blueprints needed recompiling
[2017.03.04-03.22.19:940][593]PIE: New page: PIE session: Minimal_Default (4 Mar 2017 7:22:19 pm)
[2017.03.04-03.22.19:940][593]LogPlayLevel: Creating play world package: /Game/StarterContent/Maps/UEDPIE_0_Minimal_Default
[2017.03.04-03.22.19:961][593]LogPlayLevel: PIE: StaticDuplicateObject took: (0.021383s)
[2017.03.04-03.22.19:962][593]LogAIModule: Creating AISystem for world Minimal_Default
[2017.03.04-03.22.19:962][593]LogPlayLevel: PIE: World Init took: (0.000983s)
[2017.03.04-03.22.19:963][593]LogPlayLevel: PIE: Created PIE world by copying editor world from /Game/StarterContent/Maps/Minimal_Default.Minimal_Default to /Game/StarterContent/Maps/UEDPIE_0_Minimal_Default.Minimal_Default (0.022858s)
[2017.03.04-03.22.19:976][593]LogInit: XAudio2 using 'Speakers (Realtek High Definition Audio)' : 2 channels at 48 kHz using 32 bits per sample (channel mask 0x3)
[2017.03.04-03.22.19:982][593]LogInit: FAudioDevice initialized.
[2017.03.04-03.22.20:025][593]LogLoad: Game class is 'FirstPersonGameMode_C'
[2017.03.04-03.22.20:036][593]LogWorld: Bringing World /Game/StarterContent/Maps/UEDPIE_0_Minimal_Default.Minimal_Default up for play (max tick rate 60) at 2017.03.04-11.22.20
[2017.03.04-03.22.20:036][593]LogWorld: Bringing up level for play took: 0.009026
[2017.03.04-03.22.20:037][593]LogGameMode:Display: Match State Changed from EnteringMap to WaitingToStart
[2017.03.04-03.22.20:037][593]LogGameState: Match State Changed from EnteringMap to WaitingToStart
[2017.03.04-03.22.20:037][593]LogGameMode:Display: Match State Changed from WaitingToStart to InProgress
[2017.03.04-03.22.20:038][593]LogGameState: Match State Changed from WaitingToStart to InProgress
[2017.03.04-03.22.20:042][593]PIE: Info Play in editor start time for /Game/StarterContent/Maps/UEDPIE_0_Minimal_Default -0.183
[2017.03.04-03.22.20:043][593]LogBlueprintUserMessages: Late PlayInEditor Detection: Level '/Game/StarterContent/Maps/Minimal_Default.Minimal_Default:PersistentLevel' has LevelScriptBlueprint '/Game/StarterContent/Maps/Minimal_Default.Minimal_Default:PersistentLevel.Minimal_Default' with GeneratedClass '/Game/StarterContent/Maps/Minimal_Default.Minimal_Default_C' with ClassGeneratedBy '/Game/StarterContent/Maps/Minimal_Default.Minimal_Default:PersistentLevel.Minimal_Default'
[2017.03.04-03.22.27:688][ 47]LogBlueprintUserMessages: Early EndPlayMap Detection: Level '/Game/StarterContent/Maps/Minimal_Default.Minimal_Default:PersistentLevel' has LevelScriptBlueprint '/Game/StarterContent/Maps/Minimal_Default.Minimal_Default:PersistentLevel.Minimal_Default' with GeneratedClass '/Game/StarterContent/Maps/Minimal_Default.Minimal_Default_C' with ClassGeneratedBy '/Game/StarterContent/Maps/Minimal_Default.Minimal_Default:PersistentLevel.Minimal_Default'
[2017.03.04-03.22.27:741][ 47]LogBlueprintUserMessages: Late EndPlayMap Detection: Level '/Game/StarterContent/Maps/Minimal_Default.Minimal_Default:PersistentLevel' has LevelScriptBlueprint '/Game/StarterContent/Maps/Minimal_Default.Minimal_Default:PersistentLevel.Minimal_Default' with GeneratedClass '/Game/StarterContent/Maps/Minimal_Default.Minimal_Default_C' with ClassGeneratedBy '/Game/StarterContent/Maps/Minimal_Default.Minimal_Default:PersistentLevel.Minimal_Default'
[2017.03.04-03.22.29:727][165]LogTemp: Repeting last play command: New Editor Window (PIE)
[2017.03.04-03.22.29:738][165]LogBlueprintUserMessages: Early PlayInEditor Detection: Level '/Game/StarterContent/Maps/Minimal_Default.Minimal_Default:PersistentLevel' has LevelScriptBlueprint '/Game/StarterContent/Maps/Minimal_Default.Minimal_Default:PersistentLevel.Minimal_Default' with GeneratedClass '/Game/StarterContent/Maps/Minimal_Default.Minimal_Default_C' with ClassGeneratedBy '/Game/StarterContent/Maps/Minimal_Default.Minimal_Default:PersistentLevel.Minimal_Default'
[2017.03.04-03.22.29:738][165]LogPlayLevel: PlayLevel: No blueprints needed recompiling
[2017.03.04-03.22.29:738][165]PIE: New page: PIE session: Minimal_Default (4 Mar 2017 7:22:29 pm)
[2017.03.04-03.22.29:738][165]LogPlayLevel: Creating play world package: /Game/StarterContent/Maps/UEDPIE_0_Minimal_Default
[2017.03.04-03.22.29:760][165]LogPlayLevel: PIE: StaticDuplicateObject took: (0.021597s)
[2017.03.04-03.22.29:760][165]LogAIModule: Creating AISystem for world Minimal_Default
[2017.03.04-03.22.29:761][165]LogPlayLevel: PIE: World Init took: (0.000653s)
[2017.03.04-03.22.29:761][165]LogPlayLevel: PIE: Created PIE world by copying editor world from /Game/StarterContent/Maps/Minimal_Default.Minimal_Default to /Game/StarterContent/Maps/UEDPIE_0_Minimal_Default.Minimal_Default (0.022656s)
[2017.03.04-03.22.29:776][165]LogInit: XAudio2 using 'Speakers (Realtek High Definition Audio)' : 2 channels at 48 kHz using 32 bits per sample (channel mask 0x3)
[2017.03.04-03.22.29:783][165]LogInit: FAudioDevice initialized.
[2017.03.04-03.22.29:823][165]LogLoad: Game class is 'FirstPersonGameMode_C'
[2017.03.04-03.22.29:834][165]LogWorld: Bringing World /Game/StarterContent/Maps/UEDPIE_0_Minimal_Default.Minimal_Default up for play (max tick rate 60) at 2017.03.04-11.22.29
[2017.03.04-03.22.29:834][165]LogWorld: Bringing up level for play took: 0.008702
[2017.03.04-03.22.29:835][165]LogGameMode:Display: Match State Changed from EnteringMap to WaitingToStart
[2017.03.04-03.22.29:835][165]LogGameState: Match State Changed from EnteringMap to WaitingToStart
[2017.03.04-03.22.29:835][165]LogGameMode:Display: Match State Changed from WaitingToStart to InProgress
[2017.03.04-03.22.29:836][165]LogGameState: Match State Changed from WaitingToStart to InProgress
[2017.03.04-03.22.29:839][165]PIE: Info Play in editor start time for /Game/StarterContent/Maps/UEDPIE_0_Minimal_Default -0.385
[2017.03.04-03.22.29:840][165]LogBlueprintUserMessages: Late PlayInEditor Detection: Level '/Game/StarterContent/Maps/Minimal_Default.Minimal_Default:PersistentLevel' has LevelScriptBlueprint '/Game/StarterContent/Maps/Minimal_Default.Minimal_Default:PersistentLevel.Minimal_Default' with GeneratedClass '/Game/StarterContent/Maps/Minimal_Default.Minimal_Default_C' with ClassGeneratedBy '/Game/StarterContent/Maps/Minimal_Default.Minimal_Default:PersistentLevel.Minimal_Default'
[2017.03.04-03.23.26:766][564]LogBlueprintUserMessages: Early EndPlayMap Detection: Level '/Game/StarterContent/Maps/Minimal_Default.Minimal_Default:PersistentLevel' has LevelScriptBlueprint '/Game/StarterContent/Maps/Minimal_Default.Minimal_Default:PersistentLevel.Minimal_Default' with GeneratedClass '/Game/StarterContent/Maps/Minimal_Default.Minimal_Default_C' with ClassGeneratedBy '/Game/StarterContent/Maps/Minimal_Default.Minimal_Default:PersistentLevel.Minimal_Default'
[2017.03.04-03.23.26:819][564]LogBlueprintUserMessages: Late EndPlayMap Detection: Level '/Game/StarterContent/Maps/Minimal_Default.Minimal_Default:PersistentLevel' has LevelScriptBlueprint '/Game/StarterContent/Maps/Minimal_Default.Minimal_Default:PersistentLevel.Minimal_Default' with GeneratedClass '/Game/StarterContent/Maps/Minimal_Default.Minimal_Default_C' with ClassGeneratedBy '/Game/StarterContent/Maps/Minimal_Default.Minimal_Default:PersistentLevel.Minimal_Default'
[2017.03.04-03.23.39:133][299]LogTexture:Display: Building textures: WhiteSquareTexture (AutoDXT)
[2017.03.04-03.23.39:140][299]LogMaterial: Missing cached shader map for material LayerVisMaterial, compiling. 
[2017.03.04-03.23.39:160][299]LogMaterial: Missing cached shader map for material SelectBrushMaterial, compiling. 
[2017.03.04-03.23.39:185][299]LogMaterial: Missing cached shader map for material SelectBrushMaterial, compiling. 
[2017.03.04-03.23.39:219][299]LogMaterial: Missing cached shader map for material MaskBrushMaterial, compiling. 
[2017.03.04-03.23.39:247][299]LogMaterial: Missing cached shader map for material LandscapeLayerUsageMaterial, compiling. 
[2017.03.04-03.23.39:280][299]LogMaterial: Missing cached shader map for material CircleBrushMaterial, compiling. 
[2017.03.04-03.23.39:297][299]LogMaterial: Missing cached shader map for material CircleBrushMaterial, compiling. 
[2017.03.04-03.23.39:320][299]LogMaterial: Missing cached shader map for material CircleBrushMaterial, compiling. 
[2017.03.04-03.23.39:342][299]LogMaterial: Missing cached shader map for material CircleBrushMaterial, compiling. 
[2017.03.04-03.23.39:369][299]LogMaterial: Missing cached shader map for material AlphaBrushMaterial, compiling. 
[2017.03.04-03.23.39:392][299]LogMaterial: Missing cached shader map for material CircleBrushMaterial, compiling. 
[2017.03.04-03.23.39:419][299]LogMaterial: Missing cached shader map for material MaskBrushMaterial, compiling. 
[2017.03.04-03.23.39:445][299]LogTexture:Display: Building textures: Texture2D_2 (G8)
[2017.03.04-03.23.39:456][299]LogTexture:Display: Building textures: LandscapeThumbnailWeightmap (BGRA8)
[2017.03.04-03.23.39:458][299]LogTexture:Display: Building textures: LandscapeThumbnailHeightmap (BGRA8)
[2017.03.04-03.27.29:588][886]Cmd: OBJ SAVEPACKAGE PACKAGE="/Game/FirstPersonBP/BP_Seeker" FILE="../../../../../../Users/Bernard/Desktop/PurgaStory/Content/FirstPersonBP/BP_Seeker.uasset" SILENT=true
[2017.03.04-03.27.29:624][886]LogSavePackage: Save=30.74ms
[2017.03.04-03.27.29:624][886]LogSavePackage: Moving '../../../../../../Users/Bernard/Desktop/PurgaStory/Saved/BP_SeekerC1288F6440F27D7625D6BFAFFAA89EE4.tmp' to '../../../../../../Users/Bernard/Desktop/PurgaStory/Content/FirstPersonBP/BP_Seeker.uasset'
[2017.03.04-03.27.29:626][886]LogSavePackage:Display: Finished SavePackage ../../../../../../Users/Bernard/Desktop/PurgaStory/Content/FirstPersonBP/BP_Seeker.uasset
[2017.03.04-03.27.29:945][886]LogSavePackage: Save=248.86ms
[2017.03.04-03.27.29:945][886]LogSavePackage: Moving '../../../../../../Users/Bernard/Desktop/PurgaStory/Saved/Minimal_DefaultE9E06252418552BDC5989C92D315E74D.tmp' to '../../../../../../Users/Bernard/Desktop/PurgaStory/Content/StarterContent/Maps/Minimal_Default.umap'
[2017.03.04-03.27.29:948][886]LogSavePackage:Display: Finished SavePackage ../../../../../../Users/Bernard/Desktop/PurgaStory/Content/StarterContent/Maps/Minimal_Default.umap
[2017.03.04-03.27.29:971][886]LogFileHelpers: Saving map 'Minimal_Default' took 0.342
[2017.03.04-03.27.30:352][887]Cmd: QUIT_EDITOR
[2017.03.04-03.27.31:303][887]LogWindowsTextInputMethodSystem:Display: IME system now deactivated.
[2017.03.04-03.27.31:323][887]LogExit: Preparing to exit.
[2017.03.04-03.27.32:306][887]LogDirectoryWatcher: A directory notification for 'C:/Users/Bernard/Desktop/PurgaStory/Content/' was aborted.
[2017.03.04-03.27.32:337][887]LogExit: Editor shut down
[2017.03.04-03.27.32:337][887]LogExit: Transaction tracking system shut down
[2017.03.04-03.27.32:415][887]LogObj: Freed 0b from 0 cluster array pools.
[2017.03.04-03.27.32:415][887]LogExit: Object subsystem successfully closed.
[2017.03.04-03.27.32:433][887]LogD3D11RHI: Shutdown
[2017.03.04-03.27.32:433][887]LogD3D11RHI: CleanupD3DDevice
[2017.03.04-03.27.32:553][887]LogD3D11RHI: ~FD3D11DynamicRHI
[2017.03.04-03.27.32:563][887]LogHttp:Display: Http module shutting down, but needs to wait on 1 outstanding Http requests:
[2017.03.04-03.27.32:563][887]LogHttp:Display: 	verb=[POST] url=[https://datarouter.ol.epicgames.com/datarouter/api/v1/public/data?SessionID=%7B881FD385-45B1-0101-E90A-BA8ED7966D60%7D&AppID=UEEditor.Rocket.Release&AppVersion=4.14.3-3249277%2B%2B%2BUE4%2BRelease-4.14&UserID=5ab26d914d072dee38a20fa90b07774d%7Cef8dc59f48dc42d0acde4a9c2a5379c7%7C38d7a621-ad75-4b1c-99df-4e1cab180e58&AppEnvironment=datacollector-binary&UploadType=eteventstream] status=Processing
[2017.03.04-03.27.32:581][887]LogModuleManager: Shutting down and abandoning module MovieSceneCapture (245)
[2017.03.04-03.27.32:581][887]LogModuleManager: Shutting down and abandoning module ExternalImagePicker (244)
[2017.03.04-03.27.32:581][887]LogModuleManager: Shutting down and abandoning module BlueprintGraph (243)
[2017.03.04-03.27.32:581][887]LogModuleManager: Shutting down and abandoning module BlueprintProfiler (242)
[2017.03.04-03.27.32:581][887]LogModuleManager: Shutting down and abandoning module HierarchicalLODOutliner (241)
[2017.03.04-03.27.32:581][887]LogModuleManager: Shutting down and abandoning module CrashTracker (240)
[2017.03.04-03.27.32:581][887]LogModuleManager: Shutting down and abandoning module SceneOutliner (239)
[2017.03.04-03.27.32:581][887]LogModuleManager: Shutting down and abandoning module WidgetCarousel (238)
[2017.03.04-03.27.32:581][887]LogModuleManager: Shutting down and abandoning module AddContentDialog (237)
[2017.03.04-03.27.32:581][887]LogDirectoryWatcher: A directory notification for 'C:/Program Files (x86)/Epic Games/4.14/FeaturePacks/' was aborted.
[2017.03.04-03.27.32:582][887]LogModuleManager: Shutting down and abandoning module GameplayTags (236)
[2017.03.04-03.27.32:582][887]LogModuleManager: Shutting down and abandoning module EditorWidgets (235)
[2017.03.04-03.27.32:582][887]LogModuleManager: Shutting down and abandoning module CollectionManager (234)
[2017.03.04-03.27.32:582][887]LogDirectoryWatcher: A directory notification for 'C:/Users/Bernard/Desktop/PurgaStory/Content/Collections/' was aborted.
[2017.03.04-03.27.32:582][887]LogDirectoryWatcher: A directory notification for 'C:/Users/Bernard/Desktop/PurgaStory/Content/Developers/Bernard/Collections/' was aborted.
[2017.03.04-03.27.32:582][887]LogDirectoryWatcher: A directory notification for 'C:/Users/Bernard/Desktop/PurgaStory/Saved/Collections/' was aborted.
[2017.03.04-03.27.32:582][887]LogModuleManager: Shutting down and abandoning module StatsViewer (233)
[2017.03.04-03.27.32:582][887]LogModuleManager: Shutting down and abandoning module FoliageEdit (232)
[2017.03.04-03.27.32:582][887]LogModuleManager: Shutting down and abandoning module LandscapeEditor (231)
[2017.03.04-03.27.32:582][887]LogModuleManager: Shutting down and abandoning module SceneDepthPickerMode (230)
[2017.03.04-03.27.32:582][887]LogModuleManager: Shutting down and abandoning module ActorPickerMode (229)
[2017.03.04-03.27.32:582][887]LogModuleManager: Shutting down and abandoning module GeometryMode (228)
[2017.03.04-03.27.32:582][887]LogModuleManager: Shutting down and abandoning module TextureAlignMode (227)
[2017.03.04-03.27.32:582][887]LogModuleManager: Shutting down and abandoning module BspMode (226)
[2017.03.04-03.27.32:582][887]LogModuleManager: Shutting down and abandoning module HardwareSurvey (225)
[2017.03.04-03.27.32:582][887]LogModuleManager: Shutting down and abandoning module SequenceRecorderSections (224)
[2017.03.04-03.27.32:582][887]LogModuleManager: Shutting down and abandoning module AutomationWorker (223)
[2017.03.04-03.27.32:582][887]LogModuleManager: Shutting down and abandoning module MatineeToLevelSequence (222)
[2017.03.04-03.27.32:582][887]LogModuleManager: Shutting down and abandoning module PlacementMode (221)
[2017.03.04-03.27.32:582][887]LogModuleManager: Shutting down and abandoning module LevelSequenceEditor (220)
[2017.03.04-03.27.32:582][887]LogModuleManager: Shutting down and abandoning module WmfMediaFactory (219)
[2017.03.04-03.27.32:582][887]LogModuleManager: Shutting down and abandoning module WmfMediaEditor (218)
[2017.03.04-03.27.32:582][887]LogModuleManager: Shutting down and abandoning module AvfMediaFactory (217)
[2017.03.04-03.27.32:582][887]LogModuleManager: Shutting down and abandoning module AvfMediaEditor (216)
[2017.03.04-03.27.32:582][887]LogModuleManager: Shutting down and abandoning module Media (215)
[2017.03.04-03.27.32:582][887]LogModuleManager: Shutting down and abandoning module AndroidMediaFactory (214)
[2017.03.04-03.27.32:582][887]LogModuleManager: Shutting down and abandoning module AndroidMediaEditor (213)
[2017.03.04-03.27.32:582][887]LogModuleManager: Shutting down and abandoning module CharacterAI (212)
[2017.03.04-03.27.32:582][887]LogModuleManager: Shutting down and abandoning module SequenceRecorder (211)
[2017.03.04-03.27.32:583][887]LogModuleManager: Shutting down and abandoning module AudioCapture (210)
[2017.03.04-03.27.32:583][887]LogModuleManager: Shutting down and abandoning module SmartSnapping (209)
[2017.03.04-03.27.32:583][887]LogModuleManager: Shutting down and abandoning module SessionServices (208)
[2017.03.04-03.27.32:583][887]LogModuleManager: Shutting down and abandoning module ViewportSnapping (207)
[2017.03.04-03.27.32:583][887]LogModuleManager: Shutting down and abandoning module ViewportInteraction (206)
[2017.03.04-03.27.32:583][887]LogModuleManager: Shutting down and abandoning module LogVisualizer (205)
[2017.03.04-03.27.32:583][887]LogModuleManager: Shutting down and abandoning module GameProjectGeneration (204)
[2017.03.04-03.27.32:583][887]LogModuleManager: Shutting down and abandoning module IntroTutorials (203)
[2017.03.04-03.27.32:583][887]LogModuleManager: Shutting down and abandoning module EditorLiveStreaming (202)
[2017.03.04-03.27.32:583][887]LogModuleManager: Shutting down and abandoning module IOSPlatformEditor (201)
[2017.03.04-03.27.32:583][887]LogModuleManager: Shutting down and abandoning module HTML5PlatformEditor (200)
[2017.03.04-03.27.32:583][887]LogModuleManager: Shutting down and abandoning module AndroidDeviceDetection (199)
[2017.03.04-03.27.33:516][887]LogModuleManager: Shutting down and abandoning module AndroidPlatformEditor (198)
[2017.03.04-03.27.33:516][887]LogModuleManager: Shutting down and abandoning module IOSRuntimeSettings (197)
[2017.03.04-03.27.33:516][887]LogModuleManager: Shutting down and abandoning module AndroidRuntimeSettings (196)
[2017.03.04-03.27.33:516][887]LogModuleManager: Shutting down and abandoning module InputBindingEditor (195)
[2017.03.04-03.27.33:516][887]LogModuleManager: Shutting down and abandoning module NiagaraEditor (194)
[2017.03.04-03.27.33:516][887]LogModuleManager: Shutting down and abandoning module MergeActors (193)
[2017.03.04-03.27.33:516][887]LogModuleManager: Shutting down and abandoning module SizeMap (192)
[2017.03.04-03.27.33:516][887]LogModuleManager: Shutting down and abandoning module TreeMap (191)
[2017.03.04-03.27.33:516][887]LogModuleManager: Shutting down and abandoning module ReferenceViewer (190)
[2017.03.04-03.27.33:516][887]LogModuleManager: Shutting down and abandoning module LocalizationService (189)
[2017.03.04-03.27.33:516][887]LogModuleManager: Shutting down and abandoning module LocalizationDashboard (188)
[2017.03.04-03.27.33:516][887]LogModuleManager: Shutting down and abandoning module HardwareTargeting (187)
[2017.03.04-03.27.33:516][887]LogModuleManager: Shutting down and abandoning module DeviceProfileEditor (186)
[2017.03.04-03.27.33:516][887]LogModuleManager: Shutting down and abandoning module UndoHistory (185)
[2017.03.04-03.27.33:516][887]LogModuleManager: Shutting down and abandoning module UserFeedback (184)
[2017.03.04-03.27.33:516][887]LogModuleManager: Shutting down and abandoning module XmlParser (183)
[2017.03.04-03.27.33:516][887]LogModuleManager: Shutting down and abandoning module Blutility (182)
[2017.03.04-03.27.33:516][887]LogModuleManager: Shutting down and abandoning module ProjectTargetPlatformEditor (181)
[2017.03.04-03.27.33:517][887]LogModuleManager: Shutting down and abandoning module ProjectSettingsViewer (180)
[2017.03.04-03.27.33:517][887]LogModuleManager: Shutting down and abandoning module EditorSettingsViewer (179)
[2017.03.04-03.27.33:517][887]LogModuleManager: Shutting down and abandoning module SettingsEditor (178)
[2017.03.04-03.27.33:517][887]LogModuleManager: Shutting down and abandoning module ProjectLauncher (177)
[2017.03.04-03.27.33:517][887]LogModuleManager: Shutting down and abandoning module SessionFrontend (176)
[2017.03.04-03.27.33:517][887]LogModuleManager: Shutting down and abandoning module ProfilerClient (175)
[2017.03.04-03.27.33:517][887]LogModuleManager: Shutting down and abandoning module TargetDeviceServices (174)
[2017.03.04-03.27.33:517][887]LogModuleManager: Shutting down and abandoning module DeviceManager (173)
[2017.03.04-03.27.33:560][887]LogModuleManager: Shutting down and abandoning module AutomationController (172)
[2017.03.04-03.27.33:560][887]LogModuleManager: Shutting down and abandoning module AutomationWindow (171)
[2017.03.04-03.27.33:560][887]LogModuleManager: Shutting down and abandoning module Layers (170)
[2017.03.04-03.27.33:560][887]LogModuleManager: Shutting down and abandoning module ComponentVisualizers (169)
[2017.03.04-03.27.33:560][887]LogModuleManager: Shutting down and abandoning module DetailCustomizations (168)
[2017.03.04-03.27.33:560][887]LogModuleManager: Shutting down and abandoning module PackagesDialog (167)
[2017.03.04-03.27.33:560][887]LogModuleManager: Shutting down and abandoning module AnimGraph (166)
[2017.03.04-03.27.33:560][887]LogModuleManager: Shutting down and abandoning module Persona (165)
[2017.03.04-03.27.33:560][887]LogModuleManager: Shutting down and abandoning module Kismet (164)
[2017.03.04-03.27.33:564][887]LogModuleManager: Shutting down and abandoning module GraphEditor (163)
[2017.03.04-03.27.33:564][887]LogModuleManager: Shutting down and abandoning module ClassViewer (162)
[2017.03.04-03.27.33:564][887]LogModuleManager: Shutting down and abandoning module Toolbox (161)
[2017.03.04-03.27.33:564][887]LogModuleManager: Shutting down and abandoning module ModuleUI (160)
[2017.03.04-03.27.33:564][887]LogModuleManager: Shutting down and abandoning module MovieSceneTools (159)
[2017.03.04-03.27.33:564][887]LogModuleManager: Shutting down and abandoning module OutputLog (158)
[2017.03.04-03.27.33:564][887]LogModuleManager: Shutting down and abandoning module GammaUI (157)
[2017.03.04-03.27.33:564][887]LogModuleManager: Shutting down and abandoning module Documentation (156)
[2017.03.04-03.27.33:564][887]LogModuleManager: Shutting down and abandoning module Niagara (155)
[2017.03.04-03.27.33:564][887]LogModuleManager: Shutting down and abandoning module StreamingPauseRendering (154)
[2017.03.04-03.27.33:564][887]LogModuleManager: Shutting down and abandoning module AnalyticsET (153)
[2017.03.04-03.27.33:564][887]LogModuleManager: Shutting down and abandoning module PortalServices (152)
[2017.03.04-03.27.33:564][887]LogModuleManager: Shutting down and abandoning module PortalRpc (151)
[2017.03.04-03.27.33:564][887]LogModuleManager: Shutting down and abandoning module MessagingRpc (150)
[2017.03.04-03.27.33:564][887]LogModuleManager: Shutting down and abandoning module GameplayDebugger (149)
[2017.03.04-03.27.33:564][887]LogModuleManager: Shutting down and abandoning module AITestSuite (148)
[2017.03.04-03.27.33:564][887]LogModuleManager: Shutting down and abandoning module AIModule (147)
[2017.03.04-03.27.33:564][887]LogModuleManager: Shutting down and abandoning module ProfilerService (146)
[2017.03.04-03.27.33:676][887]LogModuleManager: Shutting down and abandoning module TaskGraph (145)
[2017.03.04-03.27.33:676][887]LogModuleManager: Shutting down and abandoning module SlateRemote (144)
[2017.03.04-03.27.33:676][887]LogModuleManager: Shutting down and abandoning module SteamVRController (143)
[2017.03.04-03.27.33:676][887]LogModuleManager: Shutting down and abandoning module SteamVR (142)
[2017.03.04-03.27.33:676][887]LogModuleManager: Shutting down and abandoning module ProceduralMeshComponentEditor (141)
[2017.03.04-03.27.33:676][887]LogModuleManager: Shutting down and abandoning module ProceduralMeshComponent (140)
[2017.03.04-03.27.33:676][887]LogModuleManager: Shutting down and abandoning module OculusLibrary (139)
[2017.03.04-03.27.33:676][887]LogModuleManager: Shutting down and abandoning module OculusInput (138)
[2017.03.04-03.27.33:676][887]LogModuleManager: Shutting down and abandoning module MobilePatchingUtils (137)
[2017.03.04-03.27.33:676][887]LogModuleManager: Shutting down and abandoning module CustomMeshComponent (136)
[2017.03.04-03.27.33:676][887]LogModuleManager: Shutting down and abandoning module CableComponent (135)
[2017.03.04-03.27.33:676][887]LogModuleManager: Shutting down and abandoning module ArchVisCharacter (134)
[2017.03.04-03.27.33:676][887]LogModuleManager: Shutting down and abandoning module MediaPlayerEditor (132)
[2017.03.04-03.27.33:676][887]LogModuleManager: Shutting down and abandoning module HTML5Networking (131)
[2017.03.04-03.27.33:676][887]LogModuleManager: Shutting down and abandoning module GeometryCacheEd (130)
[2017.03.04-03.27.33:676][887]LogModuleManager: Shutting down and abandoning module GeometryCache (129)
[2017.03.04-03.27.33:676][887]LogModuleManager: Shutting down and abandoning module AlembicLibrary (128)
[2017.03.04-03.27.33:676][887]LogModuleManager: Shutting down and abandoning module AlembicImporter (127)
[2017.03.04-03.27.33:676][887]LogModuleManager: Shutting down and abandoning module SuperSearch (126)
[2017.03.04-03.27.33:676][887]LogModuleManager: Shutting down and abandoning module SuperSearchEditor (125)
[2017.03.04-03.27.33:676][887]LogModuleManager: Shutting down and abandoning module SpeedTreeImporter (124)
[2017.03.04-03.27.33:676][887]LogModuleManager: Shutting down and abandoning module PluginBrowser (123)
[2017.03.04-03.27.33:676][887]LogModuleManager: Shutting down and abandoning module MobileLauncherProfileWizard (122)
[2017.03.04-03.27.33:676][887]LogModuleManager: Shutting down and abandoning module EpicSurvey (121)
[2017.03.04-03.27.33:676][887]LogModuleManager: Shutting down and abandoning module DesktopPlatform (120)
[2017.03.04-03.27.33:676][887]LogModuleManager: Shutting down and abandoning module VisualStudioSourceCodeAccess (119)
[2017.03.04-03.27.33:676][887]LogModuleManager: Shutting down and abandoning module UObjectPlugin (118)
[2017.03.04-03.27.33:676][887]LogModuleManager: Shutting down and abandoning module SubversionSourceControl (117)
[2017.03.04-03.27.33:676][887]LogModuleManager: Shutting down and abandoning module PerforceSourceControl (116)
[2017.03.04-03.27.33:676][887]LogModuleManager: Shutting down and abandoning module SourceControl (115)
[2017.03.04-03.27.33:676][887]LogModuleManager: Shutting down and abandoning module GitSourceControl (114)
[2017.03.04-03.27.33:676][887]LogModuleManager: Shutting down and abandoning module LightPropagationVolumeEditor (113)
[2017.03.04-03.27.33:676][887]LogModuleManager: Shutting down and abandoning module PaperTiledImporter (112)
[2017.03.04-03.27.33:676][887]LogModuleManager: Shutting down and abandoning module PaperSpriteSheetImporter (111)
[2017.03.04-03.27.33:676][887]LogModuleManager: Shutting down and abandoning module MeshPaint (110)
[2017.03.04-03.27.33:676][887]LogModuleManager: Shutting down and abandoning module PixelInspectorModule (109)
[2017.03.04-03.27.33:676][887]LogModuleManager: Shutting down and abandoning module HotReload (108)
[2017.03.04-03.27.33:676][887]LogModuleManager: Shutting down and abandoning module MainFrame (107)
[2017.03.04-03.27.33:676][887]LogModuleManager: Shutting down and abandoning module LevelEditor (106)
[2017.03.04-03.27.33:677][887]LogModuleManager: Shutting down and abandoning module ContentBrowser (105)
[2017.03.04-03.27.33:678][887]LogModuleManager: Shutting down and abandoning module Paper2DEditor (104)
[2017.03.04-03.27.33:678][887]LogModuleManager: Shutting down and abandoning module UdpMessaging (103)
[2017.03.04-03.27.33:778][887]LogModuleManager: Shutting down and abandoning module TcpMessaging (102)
[2017.03.04-03.27.33:878][887]LogModuleManager: Shutting down and abandoning module LightPropagationVolumeRuntime (101)
[2017.03.04-03.27.33:878][887]LogModuleManager: Shutting down and abandoning module Paper2D (100)
[2017.03.04-03.27.33:878][887]LogModuleManager: Shutting down and abandoning module WindowsMoviePlayer (99)
[2017.03.04-03.27.33:878][887]LogModuleManager: Shutting down and abandoning module WmfMedia (98)
[2017.03.04-03.27.33:878][887]LogModuleManager: Shutting down and abandoning module MediaAssets (97)
[2017.03.04-03.27.33:878][887]LogModuleManager: Shutting down and abandoning module GameLiveStreaming (96)
[2017.03.04-03.27.33:878][887]LogModuleManager: Shutting down and abandoning module GameplayTagsEditor (95)
[2017.03.04-03.27.33:878][887]LogModuleManager: Shutting down and abandoning module VREditor (94)
[2017.03.04-03.27.33:878][887]LogModuleManager: Shutting down and abandoning module GameplayTasksEditor (93)
[2017.03.04-03.27.33:878][887]LogModuleManager: Shutting down and abandoning module BehaviorTreeEditor (92)
[2017.03.04-03.27.33:878][887]LogModuleManager: Shutting down and abandoning module FunctionalTesting (91)
[2017.03.04-03.27.33:878][887]LogModuleManager: Shutting down and abandoning module CollisionAnalyzer (90)
[2017.03.04-03.27.33:878][887]LogModuleManager: Shutting down and abandoning module Sequencer (89)
[2017.03.04-03.27.33:879][887]LogModuleManager: Shutting down and abandoning module WorkspaceMenuStructure (88)
[2017.03.04-03.27.33:879][887]LogModuleManager: Shutting down and abandoning module MessageLog (87)
[2017.03.04-03.27.33:879][887]LogModuleManager: Shutting down and abandoning module AssetTools (86)
[2017.03.04-03.27.33:879][887]LogModuleManager: Shutting down and abandoning module UMGEditor (85)
[2017.03.04-03.27.33:879][887]LogModuleManager: Shutting down and abandoning module UMG (84)
[2017.03.04-03.27.33:879][887]LogModuleManager: Shutting down and abandoning module SlateReflector (83)
[2017.03.04-03.27.33:879][887]LogModuleManager: Shutting down and abandoning module Slate (82)
[2017.03.04-03.27.33:879][887]LogModuleManager: Shutting down and abandoning module EditorStyle (81)
[2017.03.04-03.27.33:881][887]LogModuleManager: Shutting down and abandoning module SourceCodeAccess (80)
[2017.03.04-03.27.33:881][887]LogModuleManager: Shutting down and abandoning module HeadMountedDisplay (79)
[2017.03.04-03.27.33:881][887]LogModuleManager: Shutting down and abandoning module XAudio2 (78)
[2017.03.04-03.27.33:881][887]LogModuleManager: Shutting down and abandoning module Networking (76)
[2017.03.04-03.27.33:881][887]LogModuleManager: Shutting down and abandoning module Core (75)
[2017.03.04-03.27.33:881][887]LogModuleManager: Shutting down and abandoning module DirectoryWatcher (74)
[2017.03.04-03.27.33:881][887]LogDirectoryWatcher: A directory notification for '../../../Engine/Content/' was aborted.
[2017.03.04-03.27.33:881][887]LogDirectoryWatcher: A directory notification for '../../../../../../Users/Bernard/Desktop/PurgaStory/Content/' was aborted.
[2017.03.04-03.27.33:881][887]LogDirectoryWatcher: A directory notification for '../../../Engine/Plugins/2D/Paper2D/Content/' was aborted.
[2017.03.04-03.27.33:882][887]LogModuleManager: Shutting down and abandoning module AssetRegistry (73)
[2017.03.04-03.27.33:927][887]LogModuleManager: Shutting down and abandoning module KismetCompiler (72)
[2017.03.04-03.27.33:927][887]LogModuleManager: Shutting down and abandoning module PhysXFormats (71)
[2017.03.04-03.27.33:927][887]LogModuleManager: Shutting down and abandoning module SimplygonSwarm (70)
[2017.03.04-03.27.33:927][887]LogModuleManager: Shutting down and abandoning module SimplygonMeshReduction (69)
[2017.03.04-03.27.33:927][887]LogModuleManager: Shutting down and abandoning module QuadricMeshReduction (68)
[2017.03.04-03.27.33:927][887]LogModuleManager: Shutting down and abandoning module PropertyEditor (67)
[2017.03.04-03.27.33:927][887]LogModuleManager: Shutting down and abandoning module MeshUtilities (66)
[2017.03.04-03.27.33:927][887]LogModuleManager: Shutting down and abandoning module DerivedDataCache (65)
[2017.03.04-03.27.33:957][887]LogDerivedDataCache: Shutdown
[2017.03.04-03.27.33:957][887]LogModuleManager: Shutting down and abandoning module VulkanShaderFormat (64)
[2017.03.04-03.27.33:957][887]LogModuleManager: Shutting down and abandoning module ShaderFormatOpenGL (63)
[2017.03.04-03.27.33:957][887]LogModuleManager: Shutting down and abandoning module ShaderFormatD3D (62)
[2017.03.04-03.27.33:957][887]LogModuleManager: Shutting down and abandoning module MetalShaderFormat (61)
[2017.03.04-03.27.33:957][887]LogModuleManager: Shutting down and abandoning module TextureFormatUncompressed (60)
[2017.03.04-03.27.33:957][887]LogModuleManager: Shutting down and abandoning module TextureFormatPVR (59)
[2017.03.04-03.27.33:957][887]LogModuleManager: Shutting down and abandoning module TextureFormatDXT (58)
[2017.03.04-03.27.33:957][887]LogModuleManager: Shutting down and abandoning module TextureFormatIntelISPCTexComp (57)
[2017.03.04-03.27.33:957][887]LogModuleManager: Shutting down and abandoning module ImageWrapper (56)
[2017.03.04-03.27.33:957][887]LogModuleManager: Shutting down and abandoning module TextureFormatASTC (55)
[2017.03.04-03.27.33:957][887]LogModuleManager: Shutting down and abandoning module TextureFormatAndroid (54)
[2017.03.04-03.27.33:957][887]LogModuleManager: Shutting down and abandoning module AudioFormatOpus (53)
[2017.03.04-03.27.33:957][887]LogModuleManager: Shutting down and abandoning module AudioFormatOgg (52)
[2017.03.04-03.27.33:957][887]LogModuleManager: Shutting down and abandoning module AudioFormatADPCM (51)
[2017.03.04-03.27.33:957][887]LogModuleManager: Shutting down and abandoning module LinuxTargetPlatform (50)
[2017.03.04-03.27.33:957][887]LogModuleManager: Shutting down and abandoning module LinuxServerTargetPlatform (49)
[2017.03.04-03.27.33:957][887]LogModuleManager: Shutting down and abandoning module LinuxNoEditorTargetPlatform (48)
[2017.03.04-03.27.33:957][887]LogModuleManager: Shutting down and abandoning module LinuxClientTargetPlatform (47)
[2017.03.04-03.27.33:957][887]LogModuleManager: Shutting down and abandoning module TVOSTargetPlatform (46)
[2017.03.04-03.27.33:957][887]LogModuleManager: Shutting down and abandoning module Messaging (45)
[2017.03.04-03.27.33:957][887]LogModuleManager: Shutting down and abandoning module IOSTargetPlatform (44)
[2017.03.04-03.27.33:957][887]LogModuleManager: Shutting down and abandoning module HTML5TargetPlatform (43)
[2017.03.04-03.27.33:957][887]LogModuleManager: Shutting down and abandoning module Android_PVRTCTargetPlatform (42)
[2017.03.04-03.27.33:957][887]LogModuleManager: Shutting down and abandoning module Android_MultiTargetPlatform (41)
[2017.03.04-03.27.33:957][887]LogModuleManager: Shutting down and abandoning module Android_ETC2TargetPlatform (40)
[2017.03.04-03.27.33:957][887]LogModuleManager: Shutting down and abandoning module Android_ETC1TargetPlatform (39)
[2017.03.04-03.27.33:957][887]LogModuleManager: Shutting down and abandoning module Android_DXTTargetPlatform (38)
[2017.03.04-03.27.33:957][887]LogModuleManager: Shutting down and abandoning module Android_ATCTargetPlatform (37)
[2017.03.04-03.27.33:957][887]LogModuleManager: Shutting down and abandoning module Android_ASTCTargetPlatform (36)
[2017.03.04-03.27.33:957][887]LogModuleManager: Shutting down and abandoning module AndroidTargetPlatform (35)
[2017.03.04-03.27.33:957][887]LogModuleManager: Shutting down and abandoning module WindowsTargetPlatform (34)
[2017.03.04-03.27.33:957][887]LogModuleManager: Shutting down and abandoning module WindowsServerTargetPlatform (33)
[2017.03.04-03.27.33:957][887]LogModuleManager: Shutting down and abandoning module WindowsNoEditorTargetPlatform (32)
[2017.03.04-03.27.33:957][887]LogModuleManager: Shutting down and abandoning module WindowsClientTargetPlatform (31)
[2017.03.04-03.27.33:957][887]LogModuleManager: Shutting down and abandoning module MacTargetPlatform (30)
[2017.03.04-03.27.33:958][887]LogModuleManager: Shutting down and abandoning module MacServerTargetPlatform (29)
[2017.03.04-03.27.33:958][887]LogModuleManager: Shutting down and abandoning module MacNoEditorTargetPlatform (28)
[2017.03.04-03.27.33:958][887]LogModuleManager: Shutting down and abandoning module MacClientTargetPlatform (27)
[2017.03.04-03.27.33:958][887]LogModuleManager: Shutting down and abandoning module AllDesktopTargetPlatform (26)
[2017.03.04-03.27.33:958][887]LogModuleManager: Shutting down and abandoning module TargetPlatform (25)
[2017.03.04-03.27.33:958][887]LogModuleManager: Shutting down and abandoning module InputCore (24)
[2017.03.04-03.27.33:958][887]LogModuleManager: Shutting down and abandoning module Settings (23)
[2017.03.04-03.27.33:958][887]LogModuleManager: Shutting down and abandoning module OculusRift (22)
[2017.03.04-03.27.33:958][887]LogModuleManager: Shutting down and abandoning module ExampleDeviceProfileSelector (21)
[2017.03.04-03.27.33:958][887]LogModuleManager: Shutting down and abandoning module OnlineBlueprintSupport (20)
[2017.03.04-03.27.33:958][887]LogModuleManager: Shutting down and abandoning module OnlineSubsystem (18)
[2017.03.04-03.27.33:958][887]LogOnline:Display: Unloading online subsystem: NULL
[2017.03.04-03.27.33:958][887]LogModuleManager: Shutting down and abandoning module SSL (17)
[2017.03.04-03.27.33:959][887]LogModuleManager: Shutting down and abandoning module HTTP (16)
[2017.03.04-03.27.33:959][887]LogModuleManager: Shutting down and abandoning module XMPP (15)
[2017.03.04-03.27.33:959][887]LogModuleManager: Shutting down and abandoning module TextureCompressor (14)
[2017.03.04-03.27.33:959][887]LogModuleManager: Shutting down and abandoning module ShaderCore (13)
[2017.03.04-03.27.33:959][887]LogModuleManager: Shutting down and abandoning module Landscape (12)
[2017.03.04-03.27.33:959][887]LogModuleManager: Shutting down and abandoning module SlateRHIRenderer (11)
[2017.03.04-03.27.33:960][887]LogModuleManager: Shutting down and abandoning module OpenGLDrv (10)
[2017.03.04-03.27.33:961][887]LogModuleManager: Shutting down and abandoning module D3D11RHI (9)
[2017.03.04-03.27.33:961][887]LogModuleManager: Shutting down and abandoning module AnimGraphRuntime (8)
[2017.03.04-03.27.33:961][887]LogModuleManager: Shutting down and abandoning module Renderer (7)
[2017.03.04-03.27.33:961][887]LogModuleManager: Shutting down and abandoning module Engine (6)
[2017.03.04-03.27.33:961][887]LogModuleManager: Shutting down and abandoning module CoreUObject (5)
[2017.03.04-03.27.33:961][887]LogModuleManager: Shutting down and abandoning module NetworkFile (4)
[2017.03.04-03.27.33:961][887]LogModuleManager: Shutting down and abandoning module StreamingFile (3)
[2017.03.04-03.27.33:961][887]LogModuleManager: Shutting down and abandoning module SandboxFile (2)
[2017.03.04-03.27.33:961][887]LogModuleManager: Shutting down and abandoning module PakFile (1)
[2017.03.04-03.27.33:963][887]LogExit: Exiting.
[2017.03.04-03.27.33:964][887]Log file closed, 03/04/17 11:27:33
