Log file open, 02/22/17 16:48:33
LogInit:Display: Running engine for game: PurgaStory
LogPlatformFile: Not using cached read wrapper
LogInit:Display: RandInit(1003048588) SRandInit(1003048588).
LogTaskGraph: Started task graph with 5 named threads and 8 total threads with 1 sets of task threads.
LogStats: Stats thread started at 0.078335
LogPluginManager: Loaded Plugin Paper2D, From C:/Program Files (x86)/Epic Games/4.14/Engine/Plugins/2D/Paper2D/Paper2D.uplugin
LogPluginManager: Loaded Plugin LightPropagationVolume, From C:/Program Files (x86)/Epic Games/4.14/Engine/Plugins/Blendables/LightPropagationVolume/LightPropagationVolume.uplugin
LogPluginManager: Loaded Plugin BlankPlugin, From C:/Program Files (x86)/Epic Games/4.14/Engine/Plugins/Developer/BlankPlugin/BlankPlugin.uplugin
LogPluginManager: Loaded Plugin CodeLiteSourceCodeAccess, From C:/Program Files (x86)/Epic Games/4.14/Engine/Plugins/Developer/CodeLiteSourceCodeAccess/CodeLiteSourceCodeAccess.uplugin
LogPluginManager: Loaded Plugin GitSourceControl, From C:/Program Files (x86)/Epic Games/4.14/Engine/Plugins/Developer/GitSourceControl/GitSourceControl.uplugin
LogPluginManager: Loaded Plugin KDevelopSourceCodeAccess, From C:/Program Files (x86)/Epic Games/4.14/Engine/Plugins/Developer/KDevelopSourceCodeAccess/KDevelopSourceCodeAccess.uplugin
LogPluginManager: Loaded Plugin NullSourceCodeAccess, From C:/Program Files (x86)/Epic Games/4.14/Engine/Plugins/Developer/NullSourceCodeAccess/NullSourceCodeAccess.uplugin
LogPluginManager: Loaded Plugin OneSkyLocalizationService, From C:/Program Files (x86)/Epic Games/4.14/Engine/Plugins/Developer/OneSkyLocalizationService/OneSkyLocalizationService.uplugin
LogPluginManager: Loaded Plugin PerforceSourceControl, From C:/Program Files (x86)/Epic Games/4.14/Engine/Plugins/Developer/PerforceSourceControl/PerforceSourceControl.uplugin
LogPluginManager: Loaded Plugin SubversionSourceControl, From C:/Program Files (x86)/Epic Games/4.14/Engine/Plugins/Developer/SubversionSourceControl/SubversionSourceControl.uplugin
LogPluginManager: Loaded Plugin UObjectPlugin, From C:/Program Files (x86)/Epic Games/4.14/Engine/Plugins/Developer/UObjectPlugin/UObjectPlugin.uplugin
LogPluginManager: Loaded Plugin VisualStudioSourceCodeAccess, From C:/Program Files (x86)/Epic Games/4.14/Engine/Plugins/Developer/VisualStudioSourceCodeAccess/VisualStudioSourceCodeAccess.uplugin
LogPluginManager: Loaded Plugin XCodeSourceCodeAccess, From C:/Program Files (x86)/Epic Games/4.14/Engine/Plugins/Developer/XCodeSourceCodeAccess/XCodeSourceCodeAccess.uplugin
LogPluginManager: Loaded Plugin AudioCapture, From C:/Program Files (x86)/Epic Games/4.14/Engine/Plugins/Editor/AudioCapture/AudioCapture.uplugin
LogPluginManager: Loaded Plugin EpicSurvey, From C:/Program Files (x86)/Epic Games/4.14/Engine/Plugins/Editor/EpicSurvey/EpicSurvey.uplugin
LogPluginManager: Loaded Plugin MacGraphicsSwitching, From C:/Program Files (x86)/Epic Games/4.14/Engine/Plugins/Editor/MacGraphicsSwitching/MacGraphicsSwitching.uplugin
LogPluginManager: Loaded Plugin MobileLauncherProfileWizard, From C:/Program Files (x86)/Epic Games/4.14/Engine/Plugins/Editor/MobileLauncherProfileWizard/MobileLauncherProfileWizard.uplugin
LogPluginManager: Loaded Plugin PluginBrowser, From C:/Program Files (x86)/Epic Games/4.14/Engine/Plugins/Editor/PluginBrowser/PluginBrowser.uplugin
LogPluginManager: Loaded Plugin SpeedTreeImporter, From C:/Program Files (x86)/Epic Games/4.14/Engine/Plugins/Editor/SpeedTreeImporter/SpeedTreeImporter.uplugin
LogPluginManager: Loaded Plugin SuperSearchEditor, From C:/Program Files (x86)/Epic Games/4.14/Engine/Plugins/Editor/SuperSearchEditor/SuperSearchEditor.uplugin
LogPluginManager: Loaded Plugin AlembicImporter, From C:/Program Files (x86)/Epic Games/4.14/Engine/Plugins/Experimental/AlembicImporter/AlembicImporter.uplugin
LogPluginManager: Loaded Plugin BlueprintStats, From C:/Program Files (x86)/Epic Games/4.14/Engine/Plugins/Experimental/BlueprintStats/BlueprintStats.uplugin
LogPluginManager: Loaded Plugin CharacterAI, From C:/Program Files (x86)/Epic Games/4.14/Engine/Plugins/Experimental/CharacterAI/CharacterAI.uplugin
LogPluginManager: Loaded Plugin CodeEditor, From C:/Program Files (x86)/Epic Games/4.14/Engine/Plugins/Experimental/CodeEditor/CodeEditor.uplugin
LogPluginManager: Loaded Plugin CodeView, From C:/Program Files (x86)/Epic Games/4.14/Engine/Plugins/Experimental/CodeView/CodeView.uplugin
LogPluginManager: Loaded Plugin HTML5Networking, From C:/Program Files (x86)/Epic Games/4.14/Engine/Plugins/Experimental/HTML5Networking/HTML5Networking.uplugin
LogPluginManager: Loaded Plugin OSVR, From C:/Program Files (x86)/Epic Games/4.14/Engine/Plugins/Experimental/OSVR/OSVR.uplugin
LogPluginManager: Loaded Plugin Phya, From C:/Program Files (x86)/Epic Games/4.14/Engine/Plugins/Experimental/Phya/Phya.uplugin
LogPluginManager: Loaded Plugin SignificanceManager, From C:/Program Files (x86)/Epic Games/4.14/Engine/Plugins/Experimental/SignificanceManager/SignificanceManager.uplugin
LogPluginManager: Loaded Plugin SimpleHMD, From C:/Program Files (x86)/Epic Games/4.14/Engine/Plugins/Experimental/SimpleHMD/SimpleHMD.uplugin
LogPluginManager: Loaded Plugin StereoPanorama, From C:/Program Files (x86)/Epic Games/4.14/Engine/Plugins/Experimental/StereoPanorama/StereoPanorama.uplugin
LogPluginManager: Loaded Plugin StructBox, From C:/Program Files (x86)/Epic Games/4.14/Engine/Plugins/Experimental/StructBox/StructBox.uplugin
LogPluginManager: Loaded Plugin AndroidMedia, From C:/Program Files (x86)/Epic Games/4.14/Engine/Plugins/Media/AndroidMedia/AndroidMedia.uplugin
LogPluginManager: Loaded Plugin AvfMedia, From C:/Program Files (x86)/Epic Games/4.14/Engine/Plugins/Media/AvfMedia/AvfMedia.uplugin
LogPluginManager: Loaded Plugin MediaPlayerEditor, From C:/Program Files (x86)/Epic Games/4.14/Engine/Plugins/Media/MediaPlayerEditor/MediaPlayerEditor.uplugin
LogPluginManager: Loaded Plugin WmfMedia, From C:/Program Files (x86)/Epic Games/4.14/Engine/Plugins/Media/WmfMedia/WmfMedia.uplugin
LogPluginManager: Loaded Plugin MessagingDebugger, From C:/Program Files (x86)/Epic Games/4.14/Engine/Plugins/Messaging/MessagingDebugger/MessagingDebugger.uplugin
LogPluginManager: Loaded Plugin TcpMessaging, From C:/Program Files (x86)/Epic Games/4.14/Engine/Plugins/Messaging/TcpMessaging/TcpMessaging.uplugin
LogPluginManager: Loaded Plugin UdpMessaging, From C:/Program Files (x86)/Epic Games/4.14/Engine/Plugins/Messaging/UdpMessaging/UdpMessaging.uplugin
LogPluginManager: Loaded Plugin LevelSequenceEditor, From C:/Program Files (x86)/Epic Games/4.14/Engine/Plugins/MovieScene/LevelSequenceEditor/LevelSequenceEditor.uplugin
LogPluginManager: Loaded Plugin MatineeToLevelSequence, From C:/Program Files (x86)/Epic Games/4.14/Engine/Plugins/MovieScene/MatineeToLevelSequence/MatineeToLevelSequence.uplugin
LogPluginManager: Loaded Plugin NetcodeUnitTest, From C:/Program Files (x86)/Epic Games/4.14/Engine/Plugins/NetcodeUnitTest/NetcodeUnitTest/NetcodeUnitTest.uplugin
LogPluginManager: Loaded Plugin NUTUnrealEngine4, From C:/Program Files (x86)/Epic Games/4.14/Engine/Plugins/NetcodeUnitTest/NUTUnrealEngine4/NUTUnrealEngine4.uplugin
LogPluginManager: Loaded Plugin OnlineSubsystemGameCircle, From C:/Program Files (x86)/Epic Games/4.14/Engine/Plugins/Online/Android/OnlineSubsystemGameCircle/OnlineSubsystemGameCircle.uplugin
LogPluginManager: Loaded Plugin OnlineSubsystemGooglePlay, From C:/Program Files (x86)/Epic Games/4.14/Engine/Plugins/Online/Android/OnlineSubsystemGooglePlay/OnlineSubsystemGooglePlay.uplugin
LogPluginManager: Loaded Plugin OnlineSubsystemIOS, From C:/Program Files (x86)/Epic Games/4.14/Engine/Plugins/Online/IOS/OnlineSubsystemIOS/OnlineSubsystemIOS.uplugin
LogPluginManager: Loaded Plugin OnlineFramework, From C:/Program Files (x86)/Epic Games/4.14/Engine/Plugins/Online/OnlineFramework/OnlineFramework.uplugin
LogPluginManager: Loaded Plugin OnlineSubsystem, From C:/Program Files (x86)/Epic Games/4.14/Engine/Plugins/Online/OnlineSubsystem/OnlineSubsystem.uplugin
LogPluginManager: Loaded Plugin OnlineSubsystemAmazon, From C:/Program Files (x86)/Epic Games/4.14/Engine/Plugins/Online/OnlineSubsystemAmazon/OnlineSubsystemAmazon.uplugin
LogPluginManager: Loaded Plugin OnlineSubsystemFacebook, From C:/Program Files (x86)/Epic Games/4.14/Engine/Plugins/Online/OnlineSubsystemFacebook/OnlineSubsystemFacebook.uplugin
LogPluginManager: Loaded Plugin OnlineSubsystemNull, From C:/Program Files (x86)/Epic Games/4.14/Engine/Plugins/Online/OnlineSubsystemNull/OnlineSubsystemNull.uplugin
LogPluginManager: Loaded Plugin OnlineSubsystemOculus, From C:/Program Files (x86)/Epic Games/4.14/Engine/Plugins/Online/OnlineSubsystemOculus/OnlineSubsystemOculus.uplugin
LogPluginManager: Loaded Plugin OnlineSubsystemSteam, From C:/Program Files (x86)/Epic Games/4.14/Engine/Plugins/Online/OnlineSubsystemSteam/OnlineSubsystemSteam.uplugin
LogPluginManager: Loaded Plugin OnlineSubsystemUtils, From C:/Program Files (x86)/Epic Games/4.14/Engine/Plugins/Online/OnlineSubsystemUtils/OnlineSubsystemUtils.uplugin
LogPluginManager: Loaded Plugin IOSTapJoy, From C:/Program Files (x86)/Epic Games/4.14/Engine/Plugins/Runtime/Advertising/IOSTapJoy/IOSTapJoy.uplugin
LogPluginManager: Loaded Plugin AnalyticsBlueprintLibrary, From C:/Program Files (x86)/Epic Games/4.14/Engine/Plugins/Runtime/Analytics/AnalyticsBlueprintLibrary/AnalyticsBlueprintLibrary.uplugin
LogPluginManager: Loaded Plugin AnalyticsMulticast, From C:/Program Files (x86)/Epic Games/4.14/Engine/Plugins/Runtime/Analytics/AnalyticsMulticast/AnalyticsMulticast.uplugin
LogPluginManager: Loaded Plugin Apsalar, From C:/Program Files (x86)/Epic Games/4.14/Engine/Plugins/Runtime/Analytics/Apsalar/Apsalar.uplugin
LogPluginManager: Loaded Plugin FileLogging, From C:/Program Files (x86)/Epic Games/4.14/Engine/Plugins/Runtime/Analytics/FileLogging/FileLogging.uplugin
LogPluginManager: Loaded Plugin Flurry, From C:/Program Files (x86)/Epic Games/4.14/Engine/Plugins/Runtime/Analytics/Flurry/Flurry.uplugin
LogPluginManager: Loaded Plugin AndroidDeviceProfileSelector, From C:/Program Files (x86)/Epic Games/4.14/Engine/Plugins/Runtime/AndroidDeviceProfileSelector/AndroidDeviceProfileSelector.uplugin
LogPluginManager: Loaded Plugin AndroidMoviePlayer, From C:/Program Files (x86)/Epic Games/4.14/Engine/Plugins/Runtime/AndroidMoviePlayer/AndroidMoviePlayer.uplugin
LogPluginManager: Loaded Plugin AppleMoviePlayer, From C:/Program Files (x86)/Epic Games/4.14/Engine/Plugins/Runtime/AppleMoviePlayer/AppleMoviePlayer.uplugin
LogPluginManager: Loaded Plugin ArchVisCharacter, From C:/Program Files (x86)/Epic Games/4.14/Engine/Plugins/Runtime/ArchVisCharacter/ArchVisCharacter.uplugin
LogPluginManager: Loaded Plugin CableComponent, From C:/Program Files (x86)/Epic Games/4.14/Engine/Plugins/Runtime/CableComponent/CableComponent.uplugin
LogPluginManager: Loaded Plugin CustomMeshComponent, From C:/Program Files (x86)/Epic Games/4.14/Engine/Plugins/Runtime/CustomMeshComponent/CustomMeshComponent.uplugin
LogPluginManager: Loaded Plugin ExampleDeviceProfileSelector, From C:/Program Files (x86)/Epic Games/4.14/Engine/Plugins/Runtime/ExampleDeviceProfileSelector/ExampleDeviceProfileSelector.uplugin
LogPluginManager: Loaded Plugin GearVR, From C:/Program Files (x86)/Epic Games/4.14/Engine/Plugins/Runtime/GearVR/GearVR.uplugin
LogPluginManager: Loaded Plugin GoogleVRController, From C:/Program Files (x86)/Epic Games/4.14/Engine/Plugins/Runtime/GoogleVR/GoogleVRController/GoogleVRController.uplugin
LogPluginManager: Loaded Plugin GoogleVRHMD, From C:/Program Files (x86)/Epic Games/4.14/Engine/Plugins/Runtime/GoogleVR/GoogleVRHMD/GoogleVRHMD.uplugin
LogPluginManager: Loaded Plugin IOSDeviceProfileSelector, From C:/Program Files (x86)/Epic Games/4.14/Engine/Plugins/Runtime/IOSDeviceProfileSelector/IOSDeviceProfileSelector.uplugin
LogPluginManager: Loaded Plugin LeapMotion, From C:/Program Files (x86)/Epic Games/4.14/Engine/Plugins/Runtime/LeapMotion/LeapMotion.uplugin
LogPluginManager: Loaded Plugin LinuxDeviceProfileSelector, From C:/Program Files (x86)/Epic Games/4.14/Engine/Plugins/Runtime/LinuxDeviceProfileSelector/LinuxDeviceProfileSelector.uplugin
LogPluginManager: Loaded Plugin MIDIDevice, From C:/Program Files (x86)/Epic Games/4.14/Engine/Plugins/Runtime/MIDIDevice/MIDIDevice.uplugin
LogPluginManager: Loaded Plugin MobilePatchingUtils, From C:/Program Files (x86)/Epic Games/4.14/Engine/Plugins/Runtime/MobilePatchingUtils/MobilePatchingUtils.uplugin
LogPluginManager: Loaded Plugin Ansel, From C:/Program Files (x86)/Epic Games/4.14/Engine/Plugins/Runtime/Nvidia/Ansel/Ansel.uplugin
LogPluginManager: Loaded Plugin OculusAudio, From C:/Program Files (x86)/Epic Games/4.14/Engine/Plugins/Runtime/OculusAudio/OculusAudio.uplugin
LogPluginManager: Loaded Plugin OculusInput, From C:/Program Files (x86)/Epic Games/4.14/Engine/Plugins/Runtime/OculusInput/OculusInput.uplugin
LogPluginManager: Loaded Plugin OculusLibrary, From C:/Program Files (x86)/Epic Games/4.14/Engine/Plugins/Runtime/OculusLibrary/OculusLibrary.uplugin
LogPluginManager: Loaded Plugin OculusRift, From C:/Program Files (x86)/Epic Games/4.14/Engine/Plugins/Runtime/OculusRift/OculusRift.uplugin
LogPluginManager: Loaded Plugin Oodle, From C:/Program Files (x86)/Epic Games/4.14/Engine/Plugins/Runtime/PacketHandlers/CompressionComponents/Oodle/Oodle.uplugin
LogPluginManager: Loaded Plugin ProceduralMeshComponent, From C:/Program Files (x86)/Epic Games/4.14/Engine/Plugins/Runtime/ProceduralMeshComponent/ProceduralMeshComponent.uplugin
LogPluginManager: Loaded Plugin SoundMod, From C:/Program Files (x86)/Epic Games/4.14/Engine/Plugins/Runtime/SoundMod/SoundMod.uplugin
LogPluginManager: Loaded Plugin SoundVisualizations, From C:/Program Files (x86)/Epic Games/4.14/Engine/Plugins/Runtime/SoundVisualizations/SoundVisualizations.uplugin
LogPluginManager: Loaded Plugin SteamController, From C:/Program Files (x86)/Epic Games/4.14/Engine/Plugins/Runtime/Steam/SteamController/SteamController.uplugin
LogPluginManager: Loaded Plugin SteamVR, From C:/Program Files (x86)/Epic Games/4.14/Engine/Plugins/Runtime/Steam/SteamVR/SteamVR.uplugin
LogPluginManager: Loaded Plugin WebBrowserWidget, From C:/Program Files (x86)/Epic Games/4.14/Engine/Plugins/Runtime/WebBrowserWidget/WebBrowserWidget.uplugin
LogPluginManager: Loaded Plugin WindowsDeviceProfileSelector, From C:/Program Files (x86)/Epic Games/4.14/Engine/Plugins/Runtime/WindowsDeviceProfileSelector/WindowsDeviceProfileSelector.uplugin
LogPluginManager: Loaded Plugin WindowsMoviePlayer, From C:/Program Files (x86)/Epic Games/4.14/Engine/Plugins/Runtime/WindowsMoviePlayer/WindowsMoviePlayer.uplugin
LogPluginManager: Loaded Plugin ScriptPlugin, From C:/Program Files (x86)/Epic Games/4.14/Engine/Plugins/ScriptPlugin/ScriptPlugin.uplugin
LogPluginManager: Loaded Plugin SlateRemote, From C:/Program Files (x86)/Epic Games/4.14/Engine/Plugins/Slate/SlateRemote/SlateRemote.uplugin
LogPluginManager: Loaded Plugin EditorTests, From C:/Program Files (x86)/Epic Games/4.14/Engine/Plugins/Tests/EditorTests/EditorTests.uplugin
LogPluginManager: Loaded Plugin FbxAutomationTestBuilder, From C:/Program Files (x86)/Epic Games/4.14/Engine/Plugins/Tests/FbxAutomationTestBuilder/FbxAutomationTestBuilder.uplugin
LogPluginManager: Loaded Plugin FunctionalTestingEditor, From C:/Program Files (x86)/Epic Games/4.14/Engine/Plugins/Tests/FunctionalTestingEditor/FunctionalTestingEditor.uplugin
LogPluginManager: Loaded Plugin RuntimeTests, From C:/Program Files (x86)/Epic Games/4.14/Engine/Plugins/Tests/RuntimeTests/RuntimeTests.uplugin
LogPluginManager: Loaded Plugin ScreenshotTools, From C:/Program Files (x86)/Epic Games/4.14/Engine/Plugins/Tests/ScreenshotTools/ScreenshotTools.uplugin
LogInit: Using libcurl 7.47.1
LogInit:  - built for x86_64-pc-win32
LogInit:  - supports SSL with OpenSSL/1.0.2g
LogInit:  - supports HTTP deflate (compression) using libz 1.2.8
LogInit:  - other features:
LogInit:      CURL_VERSION_SSL
LogInit:      CURL_VERSION_LIBZ
LogInit:      CURL_VERSION_IPV6
LogInit:      CURL_VERSION_ASYNCHDNS
LogInit:      CURL_VERSION_LARGEFILE
LogInit:      CURL_VERSION_IDN
LogInit:  CurlRequestOptions (configurable via config and command line):
LogInit:  - bVerifyPeer = false  - Libcurl will NOT verify peer certificate
LogInit:  - bUseHttpProxy = false  - Libcurl will NOT use HTTP proxy
LogInit:  - bDontReuseConnections = false  - Libcurl will reuse connections
LogInit:  - CertBundlePath = nullptr  - Libcurl will use whatever was configured at build time.
LogInit: Build: ++UE4+Release-4.14-CL-3249277
LogInit: Engine Version: 4.14.3-3249277+++UE4+Release-4.14
LogInit: Compatible Engine Version: 4.14.0-3195953+++UE4+Release-4.14
LogInit: Net CL: 3195953
LogDevObjectVersion: Number of dev versions registered: 13
LogDevObjectVersion:   Dev-Blueprints (B0D832E4-1F89-4F0D-ACCF-7EB736FD4AA2): 7
LogDevObjectVersion:   Dev-Build (E1C64328-A22C-4D53-A36C-8E866417BD8C): 0
LogDevObjectVersion:   Dev-Core (375EC13C-06E4-48FB-B500-84F0262A717E): 1
LogDevObjectVersion:   Dev-Editor (E4B068ED-F494-42E9-A231-DA0B2E46BB41): 8
LogDevObjectVersion:   Dev-Framework (CFFC743F-43B0-4480-9391-14DF171D2073): 17
LogDevObjectVersion:   Dev-Mobile (B02B49B5-BB20-44E9-A304-32B752E40360): 0
LogDevObjectVersion:   Dev-Networking (A4E4105C-59A1-49B5-A7C5-40C4547EDFEE): 0
LogDevObjectVersion:   Dev-Online (39C831C9-5AE6-47DC-9A44-9C173E1C8E7C): 0
LogDevObjectVersion:   Dev-Physics (78F01B33-EBEA-4F98-B9B4-84EACCB95AA2): 0
LogDevObjectVersion:   Dev-Platform (6631380F-2D4D-43E0-8009-CF276956A95A): 0
LogDevObjectVersion:   Dev-Rendering (12F88B9F-8875-4AFC-A67C-D90C383ABD29): 12
LogDevObjectVersion:   Dev-Sequencer (7B5AE74C-D270-4C10-A958-57980B212A5A): 1
LogDevObjectVersion:   Dev-VR (D7296918-1DD6-4BDD-9DE2-64A83CC13884): 0
LogInit: Compiled (64-bit): Jan  6 2017 10:49:43
LogInit: Compiled with Visual C++: 19.00.23026.00
LogInit: Build Configuration: Development
LogInit: Branch Name: ++UE4+Release-4.14
LogInit: Command line:  
LogInit: Base directory: C:/Program Files (x86)/Epic Games/4.14/Engine/Binaries/Win64/
LogInit: Installed Engine Build: 1
LogInit: Presizing for max 8388607 objects, including 0 objects not considered by GC, pre-allocating 0 bytes for permanent pool.
LogInit: Object subsystem initialized
[2017.02.22-08.48.33:924][  0]LogInit: Selected Device Profile: [Windows]
[2017.02.22-08.48.33:924][  0]LogInit: Applying CVar settings loaded from the selected device profile: [Windows]
[2017.02.22-08.48.33:931][  0]LogInit: Computer: DESKTOP-NIM6INF
[2017.02.22-08.48.33:931][  0]LogInit: User: Bernard
[2017.02.22-08.48.33:931][  0]LogInit: CPU Page size=65536, Cores=4
[2017.02.22-08.48.33:932][  0]LogInit: High frequency timer resolution =2.531254 MHz
[2017.02.22-08.48.33:932][  0]LogMemory: Memory total: Physical=23.9GB (24GB approx)
[2017.02.22-08.48.33:932][  0]LogMemory: Platform Memory Stats for Windows
[2017.02.22-08.48.33:932][  0]LogMemory: Process Physical Memory: 264.07 MB used, 264.07 MB peak
[2017.02.22-08.48.33:932][  0]LogMemory: Process Virtual Memory: 262.71 MB used, 262.71 MB peak
[2017.02.22-08.48.33:932][  0]LogMemory: Physical Memory: 3486.73 MB used,  20967.14 MB free, 24453.88 MB total
[2017.02.22-08.48.33:932][  0]LogMemory: Virtual Memory: 676.14 MB used,  20967.14 MB free, 134217728.00 MB total
[2017.02.22-08.48.34:646][  0]LogTextLocalizationManager: No specific translations for ('en-SG') exist, so ('en') translations will be used.
[2017.02.22-08.48.35:257][  0]LogD3D11RHI: D3D11 adapters:
[2017.02.22-08.48.35:983][  0]LogD3D11RHI:    0. 'NVIDIA GeForce GTX 960M' (Feature Level 11_0)
[2017.02.22-08.48.35:983][  0]LogD3D11RHI:       4064/0/12226 MB DedicatedVideo/DedicatedSystem/SharedSystem, Outputs:1, VendorId:0x10de
[2017.02.22-08.48.35:989][  0]LogD3D11RHI:    1. 'Intel(R) HD Graphics 530' (Feature Level 11_0)
[2017.02.22-08.48.35:989][  0]LogD3D11RHI:       128/0/12226 MB DedicatedVideo/DedicatedSystem/SharedSystem, Outputs:0, VendorId:0x8086
[2017.02.22-08.48.35:990][  0]LogD3D11RHI:    2. 'Microsoft Basic Render Driver' (Feature Level 11_0)
[2017.02.22-08.48.35:990][  0]LogD3D11RHI:       0/0/12226 MB DedicatedVideo/DedicatedSystem/SharedSystem, Outputs:0, VendorId:0x1414
[2017.02.22-08.48.35:990][  0]LogD3D11RHI: Chosen D3D11 Adapter: 0
[2017.02.22-08.48.35:994][  0]LogD3D11RHI: Creating new Direct3DDevice
[2017.02.22-08.48.35:994][  0]LogD3D11RHI:     GPU DeviceId: 0x139b (for the marketing name, search the web for "GPU Device Id")
[2017.02.22-08.48.35:994][  0]LogWindows: EnumDisplayDevices:
[2017.02.22-08.48.35:994][  0]LogWindows:    0. 'Intel(R) HD Graphics 530' (P:1 D:1)
[2017.02.22-08.48.35:994][  0]LogWindows:    1. 'Intel(R) HD Graphics 530' (P:0 D:0)
[2017.02.22-08.48.35:995][  0]LogWindows:    2. 'Intel(R) HD Graphics 530' (P:0 D:0)
[2017.02.22-08.48.35:995][  0]LogWindows: DebugString: PrimaryIsNotTheChoosenAdapter PrimaryIsNotTheChoosenAdapter PrimaryIsNotTheChoosenAdapter FoundDriverCount:0 
[2017.02.22-08.48.35:995][  0]LogD3D11RHI:     Adapter Name: NVIDIA GeForce GTX 960M
[2017.02.22-08.48.35:995][  0]LogD3D11RHI:   Driver Version: Unknown (internal:Unknown, unified:Unknown)
[2017.02.22-08.48.35:995][  0]LogD3D11RHI:      Driver Date: Unknown
[2017.02.22-08.48.35:995][  0]LogRHI: Texture pool is 1361 MB (70% of 1945 MB)
[2017.02.22-08.48.36:009][  0]LogD3D11RHI: Async texture creation enabled
[2017.02.22-08.48.36:020][  0]LogD3D11RHI: GPU Timing Frequency: 1000.000000 (Debug: 2 1)
[2017.02.22-08.48.36:020][  0]LogShaderCompilers: Guid format shader working directory is -2 characters bigger than the processId version (../../../../../../Users/Bernard/Desktop/PurgaStory/Intermediate/Shaders/WorkingDirectory/4104/).
[2017.02.22-08.48.36:020][  0]LogShaderCompilers: Cleaned the shader compiler working directory 'C:/Users/Bernard/AppData/Local/Temp/UnrealShaderWorkingDir/F6FD137C45D9CDCAE46C048A35D40AA2/'.
[2017.02.22-08.48.36:020][  0]LogShaderCompilers:Display: Using Local Shader Compiler.
[2017.02.22-08.48.37:056][  0]LogTemp:Display: Loaded TP AllDesktopTargetPlatform
[2017.02.22-08.48.37:107][  0]LogTemp:Display: Loaded TP MacClientTargetPlatform
[2017.02.22-08.48.37:159][  0]LogTemp:Display: Loaded TP MacNoEditorTargetPlatform
[2017.02.22-08.48.37:210][  0]LogTemp:Display: Loaded TP MacServerTargetPlatform
[2017.02.22-08.48.37:265][  0]LogTemp:Display: Loaded TP MacTargetPlatform
[2017.02.22-08.48.37:317][  0]LogTemp:Display: Loaded TP WindowsClientTargetPlatform
[2017.02.22-08.48.37:370][  0]LogTemp:Display: Loaded TP WindowsNoEditorTargetPlatform
[2017.02.22-08.48.37:421][  0]LogTemp:Display: Loaded TP WindowsServerTargetPlatform
[2017.02.22-08.48.37:482][  0]LogTemp:Display: Loaded TP WindowsTargetPlatform
[2017.02.22-08.48.37:533][  0]LogTemp:Display: Loaded TP AndroidTargetPlatform
[2017.02.22-08.48.37:584][  0]LogTemp:Display: Loaded TP Android_ASTCTargetPlatform
[2017.02.22-08.48.37:636][  0]LogTemp:Display: Loaded TP Android_ATCTargetPlatform
[2017.02.22-08.48.37:686][  0]LogTemp:Display: Loaded TP Android_DXTTargetPlatform
[2017.02.22-08.48.37:738][  0]LogTemp:Display: Loaded TP Android_ETC1TargetPlatform
[2017.02.22-08.48.37:789][  0]LogTemp:Display: Loaded TP Android_ETC2TargetPlatform
[2017.02.22-08.48.37:890][  0]LogTemp:Display: Loaded TP Android_MultiTargetPlatform
[2017.02.22-08.48.37:890][  0]LogTemp:Display: Loaded TP Android_PVRTCTargetPlatform
[2017.02.22-08.48.37:928][  0]LogTemp:Display: Loaded TP HTML5TargetPlatform
[2017.02.22-08.48.38:010][  0]LogTemp:Display: Loaded TP IOSTargetPlatform
[2017.02.22-08.48.38:044][  0]LogTemp:Display: Loaded TP TVOSTargetPlatform
[2017.02.22-08.48.38:092][  0]LogTemp:Display: Loaded TP LinuxClientTargetPlatform
[2017.02.22-08.48.38:142][  0]LogTemp:Display: Loaded TP LinuxNoEditorTargetPlatform
[2017.02.22-08.48.38:193][  0]LogTemp:Display: Loaded TP LinuxServerTargetPlatform
[2017.02.22-08.48.38:243][  0]LogTemp:Display: Loaded TP LinuxTargetPlatform
[2017.02.22-08.48.38:243][  0]LogTargetPlatformManager:Display: Building Assets For Windows
[2017.02.22-08.48.38:630][  0]LogDerivedDataCache:Display: Max Cache Size: 512 MB
[2017.02.22-08.48.38:680][  0]LogDerivedDataCache: Loaded boot cache 0.05s 50MB C:/Users/Bernard/AppData/Local/UnrealEngine/4.14/DerivedDataCache/Boot.ddc.
[2017.02.22-08.48.38:680][  0]LogDerivedDataCache:Display: Loaded Boot cache: C:/Users/Bernard/AppData/Local/UnrealEngine/4.14/DerivedDataCache/Boot.ddc
[2017.02.22-08.48.38:681][  0]LogDerivedDataCache: FDerivedDataBackendGraph:  Pak pak cache file ../../../../../../Users/Bernard/Desktop/PurgaStory/DerivedDataCache/DDC.ddp not found, will not use a pak cache.
[2017.02.22-08.48.38:681][  0]LogDerivedDataCache: Unable to find inner node Pak for hierarchical cache Hierarchy.
[2017.02.22-08.48.38:681][  0]LogDerivedDataCache: FDerivedDataBackendGraph:  CompressedPak pak cache file ../../../../../../Users/Bernard/Desktop/PurgaStory/DerivedDataCache/Compressed.ddp not found, will not use a pak cache.
[2017.02.22-08.48.38:681][  0]LogDerivedDataCache: Unable to find inner node CompressedPak for hierarchical cache Hierarchy.
[2017.02.22-08.48.38:698][  0]LogDerivedDataCache:Display: Pak cache opened for reading ../../../Engine/DerivedDataCache/Compressed.ddp.
[2017.02.22-08.48.38:710][  0]LogDerivedDataCache: Using Local data cache path C:/Users/Bernard/AppData/Local/UnrealEngine/Common/DerivedDataCache: Writable
[2017.02.22-08.48.38:904][  0]LogInit: Selected Device Profile: [Windows]
[2017.02.22-08.48.38:906][  0]LogContentStreaming: Texture pool size is 0.00 MB
[2017.02.22-08.48.39:110][  0]LogMeshUtilities: Using QuadricMeshReduction for automatic static mesh reduction
[2017.02.22-08.48.39:151][  0]LogSimplygon: Simplygon DLL not present - disabling.
[2017.02.22-08.48.39:195][  0]LogMeshUtilities: Using SimplygonSwarm for distributed automatic mesh merging
[2017.02.22-08.48.39:195][  0]LogMeshUtilities: No automatic skeletal mesh reduction module available
[2017.02.22-08.48.39:195][  0]LogMeshUtilities: No automatic mesh merging module available
[2017.02.22-08.48.39:710][  0]LogNetVersion: GetLocalNetworkVersion: CL: 3195953, ProjectName: purgastory, ProjectVersion: , EngineNetworkVersion: 2, GameNetworkVersion: 0, NetworkChecksum: 4090582873
[2017.02.22-08.48.39:767][  0]LogAssetRegistry: FAssetRegistry took 0.0219 seconds to start up
[2017.02.22-08.48.39:814][  0]LogPackageLocalizationCache: Processed 3 localized package path(s) for 2 prioritized culture(s) in 0.023531 seconds
[2017.02.22-08.48.39:820][  0]LogUObjectArray: 31946 objects as part of root set at end of initial load.
[2017.02.22-08.48.39:820][  0]LogUObjectAllocator: 6935840 out of 0 bytes used by permanent object pool.
[2017.02.22-08.48.39:820][  0]LogUObjectArray: CloseDisregardForGC: 0/0 objects in disregard for GC pool
[2017.02.22-08.48.39:878][  0]LogInit: WinSock: version 1.1 (2.2), MaxSocks=32767, MaxUdp=65467
[2017.02.22-08.48.40:567][  0]LogSlate: Using Freetype 2.6.0
[2017.02.22-08.48.40:567][  0]LogSlate: SlateFontCache - WITH_FREETYPE: 1, WITH_HARFBUZZ: 1
[2017.02.22-08.48.40:567][  0]LogSlate: SlateFontCache - WITH_FREETYPE: 1, WITH_HARFBUZZ: 1
[2017.02.22-08.48.41:332][  0]LogTcpMessaging: Initializing TcpMessaging bridge
[2017.02.22-08.48.41:372][  0]LogUdpMessaging: Initializing bridge on interface 0.0.0.0:0 to multicast group 230.0.0.1:6666.
[2017.02.22-08.48.41:674][  0]LogMaterial: Uniform references updated for custom material expression Custom.
[2017.02.22-08.48.42:032][  0]SourceControl: Info Source control is disabled
[2017.02.22-08.48.42:033][  0]SourceControl: Info Source control is disabled
[2017.02.22-08.48.42:078][  0]SourceControl: Info Source control is disabled
[2017.02.22-08.48.42:120][  0]SourceControl: Info Source control is disabled
[2017.02.22-08.48.43:295][  0]LogEngine: Initializing Engine...
[2017.02.22-08.48.43:296][  0]LogHMD: Failed to initialize OpenVR with code 110
[2017.02.22-08.48.43:556][  0]LogAIModule: Creating AISystem for world Untitled
[2017.02.22-08.48.43:564][  0]LogInit: XAudio2 using 'Speakers (Realtek High Definition Audio)' : 2 channels at 48 kHz using 32 bits per sample (channel mask 0x3)
[2017.02.22-08.48.43:599][  0]LogInit: FAudioDevice initialized.
[2017.02.22-08.48.43:623][  0]LogDerivedDataCache: Saved boot cache 0.02s 50MB C:/Users/Bernard/AppData/Local/UnrealEngine/4.14/DerivedDataCache/Boot.ddc.
[2017.02.22-08.48.43:629][  0]LogInit: Texture streaming: Enabled
[2017.02.22-08.48.43:807][  0]LogWindowsTextInputMethodSystem:Display: IME system now deactivated.
[2017.02.22-08.48.43:837][  0]LogInit: Transaction tracking system initialized
[2017.02.22-08.48.44:180][  0]BlueprintLog: New page: Editor Load
[2017.02.22-08.48.45:069][  0]LocalizationService: Info Localization service is disabled
[2017.02.22-08.48.45:756][  0]LogConsoleResponse:Display: 
[2017.02.22-08.48.45:904][  0]LogCook:Display: Max memory allowance for cook 16384mb min free memory 0mb
[2017.02.22-08.48.45:904][  0]LogCook:Display: Mobile HDR setting 1
[2017.02.22-08.48.46:804][  0]LogFileCache: Scanning file cache for directory 'C:/Users/Bernard/Desktop/PurgaStory/Content/' took 0.02s
[2017.02.22-08.48.46:804][  0]SourceControl: Info Source control is disabled
[2017.02.22-08.48.46:804][  0]Cmd: MAP LOAD FILE="../../../../../../Users/Bernard/Desktop/PurgaStory/Content/StarterContent/Maps/Minimal_Default.umap" TEMPLATE=0 SHOWPROGRESS=1 FEATURELEVEL=3
[2017.02.22-08.48.46:804][  0]LightingResults: New page: Lighting Build
[2017.02.22-08.48.46:841][  0]MapCheck: New page: Map Check
[2017.02.22-08.48.46:841][  0]LightingResults: New page: Lighting Build
[2017.02.22-08.48.47:167][  0]LogAIModule: Creating AISystem for world Minimal_Default
[2017.02.22-08.48.47:174][  0]LogEditorServer: Finished looking for orphan Actors (0.000 secs)
[2017.02.22-08.48.47:175][  0]Cmd: MAP CHECKDEP NOCLEARLOG
[2017.02.22-08.48.47:211][  0]MapCheck: Info Map check complete: 0 Error(s), 0 Warning(s), took 35.525ms to complete.
[2017.02.22-08.48.47:211][  0]LogFileHelpers: Loading map 'Minimal_Default' took 0.407
[2017.02.22-08.48.47:345][  0]LogCollectionManager: Loaded 0 collections in 0.001822 seconds
[2017.02.22-08.48.47:422][  0]LogFileCache: Scanning file cache for directory 'C:/Users/Bernard/Desktop/PurgaStory/Saved/Collections/' took 0.01s
[2017.02.22-08.48.47:422][  0]LogFileCache: Scanning file cache for directory 'C:/Users/Bernard/Desktop/PurgaStory/Content/Developers/Bernard/Collections/' took 0.01s
[2017.02.22-08.48.47:422][  0]LogFileCache: Scanning file cache for directory 'C:/Users/Bernard/Desktop/PurgaStory/Content/Collections/' took 0.01s
[2017.02.22-08.48.47:422][  0]LogCollectionManager: Rebuilt the GUID cache for 0 collections in 0.000002 seconds
[2017.02.22-08.48.47:432][  0]LogContentBrowser: Native class hierarchy populated in 0.0100 seconds. Added 2190 classes and 428 folders.
[2017.02.22-08.48.47:470][  0]LogStats: UGameplayTagsManager::ConstructGameplayTagTree: Construct from data asset -  0.000 s
[2017.02.22-08.48.47:470][  0]LogStats: UGameplayTagsManager::ConstructGameplayTagTree: GameplayTagTreeChangedEvent.Broadcast -  0.000 s
[2017.02.22-08.48.47:471][  0]LogContentBrowser: Native class hierarchy updated for 'GameplayTags' in 0.0005 seconds. Added 13 classes and 0 folders.
[2017.02.22-08.48.47:532][  0]LogContentBrowser: Native class hierarchy updated for 'WidgetCarousel' in 0.0004 seconds. Added 0 classes and 0 folders.
[2017.02.22-08.48.47:587][  0]LogContentBrowser: Native class hierarchy updated for 'AddContentDialog' in 0.0005 seconds. Added 0 classes and 0 folders.
[2017.02.22-08.48.47:626][  0]LogContentBrowser: Native class hierarchy updated for 'SceneOutliner' in 0.0006 seconds. Added 1 classes and 2 folders.
[2017.02.22-08.48.47:701][  0]LogCrashTracker: Crashtracker disabled due to settings.
[2017.02.22-08.48.47:708][  0]LogUObjectGlobals:Warning: Failed to find object 'Class None.'
[2017.02.22-08.48.47:769][  0]LogContentBrowser: Native class hierarchy updated for 'HierarchicalLODOutliner' in 0.0004 seconds. Added 1 classes and 2 folders.
[2017.02.22-08.48.47:770][  0]LogLoad: (Engine Initialization) Total time: 15.17 seconds
[2017.02.22-08.48.47:770][  0]LogLoad: (Engine Initialization) Total Blueprint compile time: 0.08 seconds
[2017.02.22-08.48.47:770][  0]LogExternalProfiler: No external profilers were discovered.  External profiling features will not be available.
[2017.02.22-08.48.47:788][  0]LogOcInput: OculusInput pre-init called
[2017.02.22-08.48.47:806][  0]LogContentStreaming: Texture pool size now 1000 MB
[2017.02.22-08.48.47:953][  0]LogRenderer: Reallocating scene render targets to support 920x320 NumSamples 1 (Frame:2).
[2017.02.22-08.48.48:030][  1]LogAssetRegistry: Asset discovery search completed in 8.2848 seconds
[2017.02.22-08.48.48:030][  1]LogCollectionManager: Rebuilt the object cache for 0 collections in 0.000001 seconds (found 0 objects)
[2017.02.22-08.48.48:030][  1]LogCollectionManager: Fixed up redirectors for 0 collections in 0.000021 seconds (updated 0 objects)
[2017.02.22-08.49.28:318][721]LogTexture:Display: Building textures: HDRI_Epic_Courtyard_Daylight (RGBA16F)
[2017.02.22-08.49.38:204][721]LogContentBrowser: Native class hierarchy updated for 'TextureEditor' in 0.0005 seconds. Added 1 classes and 2 folders.
[2017.02.22-08.49.52:640][542]LogTexture:Display: Building textures: T_Brick_Clay_New_M (AutoDXT)
[2017.02.22-08.49.55:189][542]LogTexture:Display: Building textures: T_Brick_Clay_New_D (AutoDXT)
[2017.02.22-08.49.57:532][542]LogTexture:Display: Building textures: T_Brick_Clay_New_N (BC5)
[2017.02.22-08.49.58:007][542]LogTexture:Display: Building textures: T_Detail_Rocky_N (BC5)
[2017.02.22-08.49.58:264][542]LogTexture:Display: Building textures: T_Brick_Clay_Beveled_N (BC5)
[2017.02.22-08.49.58:818][542]LogTexture:Display: Building textures: T_Brick_Clay_Beveled_M (AutoDXT)
[2017.02.22-08.50.01:268][542]LogTexture:Display: Building textures: T_CobbleStone_Smooth_M (AutoDXT)
[2017.02.22-08.50.03:543][542]LogTexture:Display: Building textures: T_CobbleStone_Smooth_D (AutoDXT)
[2017.02.22-08.50.06:012][542]LogTexture:Display: Building textures: T_CobbleStone_Smooth_N (BC5)
[2017.02.22-08.50.06:589][542]LogTexture:Display: Building textures: T_Rock_Smooth_Granite_D (AutoDXT)
[2017.02.22-08.50.08:873][542]LogTexture:Display: Building textures: T_Gradinet_01 (AutoDXT)
[2017.02.22-08.50.08:935][542]LogTexture:Display: Building textures: T_CobbleStone_Rough_N (BC5)
[2017.02.22-08.50.09:093][542]LogTexture:Display: Building textures: T_CobbleStone_Rough_D (AutoDXT)
[2017.02.22-08.50.09:704][542]LogTexture:Display: Building textures: T_Spark_Core (AutoDXT)
[2017.02.22-08.50.09:768][542]LogTexture:Display: Building textures: T_Fire_SubUV (AutoDXT)
[2017.02.22-08.50.09:989][542]LogTexture:Display: Building textures: T_Water_N (BC5)
[2017.02.22-08.50.10:341][542]LogTexture:Display: Building textures: T_Fire_Tiled_D (AutoDXT)
[2017.02.22-08.50.10:680][542]LogTexture:Display: Building textures: T_Brick_Clay_Beveled_D (AutoDXT)
[2017.02.22-08.50.12:779][542]LogTexture:Display: Building textures: T_Smoke_Tiled_D (AutoDXT)
[2017.02.22-08.50.12:936][542]LogTexture:Display: Building textures: T_Smoke_SubUV (AutoDXT)
[2017.02.22-08.50.14:429][542]LogTexture:Display: Building textures: ThumbnailTexture (DXT1)
[2017.02.22-08.50.14:559][542]LogTexture:Display: Building textures: T_Lamp_N (BC5)
[2017.02.22-08.50.14:942][542]LogTexture:Display: Building textures: T_Lamp_M (AutoDXT)
[2017.02.22-08.50.15:763][542]LogTexture:Display: Building textures: ThumbnailTexture (DXT1)
[2017.02.22-08.50.15:812][542]LogTexture:Display: Building textures: ThumbnailTexture (DXT1)
[2017.02.22-08.50.15:867][542]LogTexture:Display: Building textures: HQ_Lightmap0_1 (AutoDXT)
[2017.02.22-08.50.16:201][542]LogTexture:Display: Building textures: HQ_Lightmap0_2 (AutoDXT)
[2017.02.22-08.50.16:506][542]LogTexture:Display: Building textures: HQ_Lightmap0_3 (AutoDXT)
[2017.02.22-08.50.16:775][542]LogTexture:Display: Building textures: HQ_Lightmap0_4 (AutoDXT)
[2017.02.22-08.50.16:829][542]LogTexture:Display: Building textures: HQ_Lightmap1_5 (AutoDXT)
[2017.02.22-08.50.16:835][542]LogTexture:Display: Building textures: HQ_Lightmap1_6 (AutoDXT)
[2017.02.22-08.50.16:862][542]LogTexture:Display: Building textures: LQ_Lightmap_0_1 (DXT1)
[2017.02.22-08.50.17:007][542]LogTexture:Display: Building textures: LQ_Lightmap_0_2 (DXT1)
[2017.02.22-08.50.17:132][542]LogTexture:Display: Building textures: LQ_Lightmap_0_3 (DXT1)
[2017.02.22-08.50.17:249][542]LogTexture:Display: Building textures: LQ_Lightmap_0_4 (DXT1)
[2017.02.22-08.50.17:288][542]LogTexture:Display: Building textures: LQ_Lightmap_1_5 (DXT1)
[2017.02.22-08.50.17:291][542]LogTexture:Display: Building textures: LQ_Lightmap_1_6 (DXT1)
[2017.02.22-08.50.17:296][542]LogTexture:Display: Building textures: T_Dust_Particle_D (AutoDXT)
[2017.02.22-08.50.17:320][542]LogTexture:Display: Building textures: ShadowMapTexture2D_10 (BGRA8)
[2017.02.22-08.50.17:349][542]LogTexture:Display: Building textures: ShadowMapTexture2D_6 (BGRA8)
[2017.02.22-08.50.17:477][542]LogTexture:Display: Building textures: ShadowMapTexture2D_7 (BGRA8)
[2017.02.22-08.50.17:506][542]LogTexture:Display: Building textures: ShadowMapTexture2D_8 (BGRA8)
[2017.02.22-08.50.17:528][542]LogTexture:Display: Building textures: ShadowMapTexture2D_9 (BGRA8)
[2017.02.22-08.50.17:731][542]LogTexture:Display: Building textures: T_Perlin_Noise_M (AutoDXT)
[2017.02.22-08.50.19:838][542]LogTexture:Display: Building textures: T_Tech_Panel_N (BC5)
[2017.02.22-08.50.20:203][542]LogTexture:Display: Building textures: T_Tech_Panel_M (AutoDXT)
[2017.02.22-08.50.20:969][542]LogTexture:Display: Building textures: T_Metal_Steel_D (AutoDXT)
[2017.02.22-08.50.22:292][542]LogTexture:Display: Building textures: T_Tech_Hex_Tile_N (BC5)
[2017.02.22-08.50.22:392][542]LogTexture:Display: Building textures: T_Tech_Hex_Tile_M (AutoDXT)
[2017.02.22-08.50.22:611][542]LogTexture:Display: Building textures: T_Tech_Dot_N (BC5)
[2017.02.22-08.50.22:633][542]LogTexture:Display: Building textures: T_Tech_Dot_M (AutoDXT)
[2017.02.22-08.50.22:866][542]LogTexture:Display: Building textures: T_Rock_Slate_N (BC5)
[2017.02.22-08.50.23:431][542]LogTexture:Display: Building textures: T_Rock_Slate_D (AutoDXT)
[2017.02.22-08.50.25:774][542]LogTexture:Display: Building textures: T_Rock_Sandstone_N (BC5)
[2017.02.22-08.50.26:275][542]LogTexture:Display: Building textures: T_Rock_Sandstone_D (AutoDXT)
[2017.02.22-08.50.28:605][542]LogTexture:Display: Building textures: T_Brick_Hewn_Stone_N (BC5)
[2017.02.22-08.50.29:115][542]LogTexture:Display: Building textures: T_Brick_Hewn_Stone_M (AutoDXT)
[2017.02.22-08.50.31:531][542]LogTexture:Display: Building textures: T_Brick_Hewn_Stone_D (AutoDXT)
[2017.02.22-08.50.33:915][542]LogTexture:Display: Building textures: T_Brick_Cut_Stone_N (BC5)
[2017.02.22-08.50.34:434][542]LogTexture:Display: Building textures: T_Brick_Cut_Stone_D (AutoDXT)
[2017.02.22-08.50.36:815][542]LogTexture:Display: Building textures: T_CobbleStone_Pebble_D (AutoDXT)
[2017.02.22-08.50.39:173][542]LogTexture:Display: Building textures: T_CobbleStone_Pebble_N (BC5)
[2017.02.22-08.50.39:616][542]LogTexture:Display: Building textures: T_CobbleStone_Pebble_M (AutoDXT)
[2017.02.22-08.50.40:408][542]LogTexture:Display: Building textures: T_Rock_Marble_Polished_D (AutoDXT)
[2017.02.22-08.50.41:901][542]LogTexture:Display: Building textures: T_Ceramic_Tile_N (BC5)
[2017.02.22-08.50.42:221][542]LogTexture:Display: Building textures: T_Ceramic_Tile_M (DXT1)
[2017.02.22-08.50.42:803][542]LogTexture:Display: Building textures: ThumbnailTexture (DXT1)
[2017.02.22-08.50.43:051][542]LogTexture:Display: Building textures: T_Rock_Basalt_N (BC5)
[2017.02.22-08.50.43:586][542]LogTexture:Display: Building textures: T_Rock_Basalt_D (AutoDXT)
[2017.02.22-08.50.45:892][542]LogTexture:Display: Building textures: T_Metal_Steel_N (BC5)
[2017.02.22-08.50.46:415][542]LogTexture:Display: Building textures: T_Metal_Rust_D (AutoDXT)
[2017.02.22-08.50.48:765][542]LogTexture:Display: Building textures: T_Metal_Rust_N (BC5)
[2017.02.22-08.50.49:267][542]LogTexture:Display: Building textures: T_Metal_Gold_D (AutoDXT)
[2017.02.22-08.50.51:601][542]LogTexture:Display: Building textures: T_Ground_Moss_N (BC5)
[2017.02.22-08.50.52:125][542]LogTexture:Display: Building textures: T_ground_Moss_D (AutoDXT)
[2017.02.22-08.50.54:476][542]LogTexture:Display: Building textures: T_Ground_Gravel_N (BC5)
[2017.02.22-08.50.55:031][542]LogTexture:Display: Building textures: T_Ground_Gravel_D (AutoDXT)
[2017.02.22-08.50.57:341][542]LogTexture:Display: Building textures: T_Ground_Grass_N (BC5)
[2017.02.22-08.50.57:862][542]LogTexture:Display: Building textures: T_Ground_Grass_D (AutoDXT)
[2017.02.22-08.51.00:198][542]LogTexture:Display: Building textures: T_Concrete_Tiles_Variation_M (AutoDXT)
[2017.02.22-08.51.00:366][542]LogTexture:Display: Building textures: T_Concrete_Tiles_N (BC5)
[2017.02.22-08.51.00:835][542]LogTexture:Display: Building textures: T_Concrete_Tiles_M (AutoDXT)
[2017.02.22-08.51.02:899][542]LogTexture:Display: Building textures: T_Concrete_Tiles_D (AutoDXT)
[2017.02.22-08.51.04:658][542]LogTexture:Display: Building textures: T_Concrete_Poured_N (BC5)
[2017.02.22-08.51.05:229][542]LogTexture:Display: Building textures: T_Concrete_Poured_D (AutoDXT)
[2017.02.22-08.51.07:492][542]LogTexture:Display: Building textures: T_Concrete_Panels_N (BC5)
[2017.02.22-08.51.07:998][542]LogTexture:Display: Building textures: T_Concrete_Panels_D (AutoDXT)
[2017.02.22-08.51.10:334][542]LogTexture:Display: Building textures: T_Concrete_Grime_D (AutoDXT)
[2017.02.22-08.51.12:551][542]LogTexture:Display: Building textures: T_Frame_N (BC5)
[2017.02.22-08.51.12:902][542]LogTexture:Display: Building textures: T_Frame_M (DXT1)
[2017.02.22-08.51.13:625][542]LogTexture:Display: Building textures: T_Wood_Walnut_N (BC5)
[2017.02.22-08.51.14:072][542]LogTexture:Display: Building textures: T_Wood_Walnut_D (AutoDXT)
[2017.02.22-08.51.16:318][542]LogTexture:Display: Building textures: T_Wood_Pine_N (BC5)
[2017.02.22-08.51.16:818][542]LogTexture:Display: Building textures: T_Wood_Pine_D (AutoDXT)
[2017.02.22-08.51.19:063][542]LogTexture:Display: Building textures: T_Wood_Oak_N (BC5)
[2017.02.22-08.51.19:528][542]LogTexture:Display: Building textures: T_Wood_Oak_D (AutoDXT)
[2017.02.22-08.51.21:790][542]LogTexture:Display: Building textures: T_Wood_Floor_Walnut_D (AutoDXT)
[2017.02.22-08.51.23:982][542]LogTexture:Display: Building textures: T_Wood_Floor_Walnut_N (BC5)
[2017.02.22-08.51.24:429][542]LogTexture:Display: Building textures: T_Wood_Floor_Walnut_M (AutoDXT)
[2017.02.22-08.51.26:564][542]LogTexture:Display: Building textures: T_Water_M (AutoDXT)
[2017.02.22-08.51.27:438][542]LogTexture:Display: Building textures: T_Brick_Clay_Old_D (AutoDXT)
[2017.02.22-08.51.29:762][542]LogTexture:Display: Building textures: T_Brick_Clay_Old_N (BC5)
[2017.02.22-08.51.30:116][542]LogAIModule: Creating AISystem for world StarterMap
[2017.02.22-08.51.30:116][542]LogActorComponent: RegisterComponentWithWorld: (/Game/StarterContent/Maps/StarterMap.StarterMap:PersistentLevel.WorldSettings_1.StaticMeshComponent0) Trying to register component with IsPendingKill() == true. Aborting.
[2017.02.22-08.51.30:182][542]Cmd: MAP LOAD FILE="../../../../../../Users/Bernard/Desktop/PurgaStory/Content/StarterContent/Maps/StarterMap.umap" TEMPLATE=0 SHOWPROGRESS=1 FEATURELEVEL=3
[2017.02.22-08.51.30:182][542]LightingResults: New page: Lighting Build
[2017.02.22-08.51.30:183][542]LoadErrors: New page: Loading map: StarterMap.umap
[2017.02.22-08.51.30:183][542]MapCheck: New page: Map Check
[2017.02.22-08.51.30:183][542]LightingResults: New page: Lighting Build
[2017.02.22-08.51.30:275][542]LogEditorServer: Finished looking for orphan Actors (0.000 secs)
[2017.02.22-08.51.30:289][542]Cmd: MAP CHECKDEP NOCLEARLOG
[2017.02.22-08.51.30:349][542]MapCheck: Info Map check complete: 0 Error(s), 0 Warning(s), took 60.128ms to complete.
[2017.02.22-08.51.30:349][542]LogFileHelpers: Loading map 'StarterMap' took 0.168
[2017.02.22-08.51.37:465][906]LogRenderer: Reallocating scene render targets to support 920x324 NumSamples 1 (Frame:2828).
[2017.02.22-08.51.37:517][907]LogRenderer: Reallocating scene render targets to support 920x352 NumSamples 1 (Frame:2830).
[2017.02.22-08.51.37:569][908]LogRenderer: Reallocating scene render targets to support 920x408 NumSamples 1 (Frame:2832).
[2017.02.22-08.51.37:636][909]LogRenderer: Reallocating scene render targets to support 920x468 NumSamples 1 (Frame:2834).
[2017.02.22-08.51.37:693][910]LogRenderer: Reallocating scene render targets to support 920x528 NumSamples 1 (Frame:2836).
[2017.02.22-08.51.37:749][911]LogRenderer: Reallocating scene render targets to support 920x556 NumSamples 1 (Frame:2838).
[2017.02.22-08.51.37:805][912]LogRenderer: Reallocating scene render targets to support 920x572 NumSamples 1 (Frame:2840).
[2017.02.22-08.51.37:855][913]LogRenderer: Reallocating scene render targets to support 920x584 NumSamples 1 (Frame:2842).
[2017.02.22-08.51.37:909][914]LogRenderer: Reallocating scene render targets to support 920x596 NumSamples 1 (Frame:2844).
[2017.02.22-08.51.37:958][915]LogRenderer: Reallocating scene render targets to support 920x604 NumSamples 1 (Frame:2846).
[2017.02.22-08.51.38:010][916]LogRenderer: Reallocating scene render targets to support 920x612 NumSamples 1 (Frame:2848).
[2017.02.22-08.51.38:063][917]LogRenderer: Reallocating scene render targets to support 920x616 NumSamples 1 (Frame:2850).
[2017.02.22-08.51.42:566][141]LogTemp: Repeting last play command: Selected Viewport
[2017.02.22-08.51.42:576][141]LogBlueprintUserMessages: Early PlayInEditor Detection: Level '/Game/StarterContent/Maps/StarterMap.StarterMap:PersistentLevel' has LevelScriptBlueprint '/Game/StarterContent/Maps/StarterMap.StarterMap:PersistentLevel.StarterMap' with GeneratedClass '/Game/StarterContent/Maps/StarterMap.StarterMap_C' with ClassGeneratedBy '/Game/StarterContent/Maps/StarterMap.StarterMap:PersistentLevel.StarterMap'
[2017.02.22-08.51.42:580][141]LogPlayLevel: PlayLevel: No blueprints needed recompiling
[2017.02.22-08.51.42:580][141]PIE: New page: PIE session: StarterMap (23 Feb 2017 12:51:42 am)
[2017.02.22-08.51.42:580][141]LogPlayLevel: Creating play world package: /Game/StarterContent/Maps/UEDPIE_0_StarterMap
[2017.02.22-08.51.42:747][141]LogPlayLevel: PIE: StaticDuplicateObject took: (0.166479s)
[2017.02.22-08.51.42:748][141]LogAIModule: Creating AISystem for world StarterMap
[2017.02.22-08.51.42:748][141]LogPlayLevel: PIE: World Init took: (0.000900s)
[2017.02.22-08.51.42:748][141]LogPlayLevel: PIE: Created PIE world by copying editor world from /Game/StarterContent/Maps/StarterMap.StarterMap to /Game/StarterContent/Maps/UEDPIE_0_StarterMap.StarterMap (0.167667s)
[2017.02.22-08.51.42:758][141]LogInit: XAudio2 using 'Speakers (Realtek High Definition Audio)' : 2 channels at 48 kHz using 32 bits per sample (channel mask 0x3)
[2017.02.22-08.51.42:764][141]LogInit: FAudioDevice initialized.
[2017.02.22-08.51.42:811][141]LogLoad: Game class is 'GameModeBase'
[2017.02.22-08.51.42:819][141]LogWorld: Bringing World /Game/StarterContent/Maps/UEDPIE_0_StarterMap.StarterMap up for play (max tick rate 60) at 2017.02.22-16.51.42
[2017.02.22-08.51.42:821][141]LogWorld: Bringing up level for play took: 0.007164
[2017.02.22-08.51.42:862][141]LogContentBrowser: Native class hierarchy updated for 'MovieSceneCapture' in 0.0005 seconds. Added 11 classes and 0 folders.
[2017.02.22-08.51.42:863][141]PIE: Info Play in editor start time for /Game/StarterContent/Maps/UEDPIE_0_StarterMap 0.818
[2017.02.22-08.51.42:864][141]LogBlueprintUserMessages: Late PlayInEditor Detection: Level '/Game/StarterContent/Maps/StarterMap.StarterMap:PersistentLevel' has LevelScriptBlueprint '/Game/StarterContent/Maps/StarterMap.StarterMap:PersistentLevel.StarterMap' with GeneratedClass '/Game/StarterContent/Maps/StarterMap.StarterMap_C' with ClassGeneratedBy '/Game/StarterContent/Maps/StarterMap.StarterMap:PersistentLevel.StarterMap'
[2017.02.22-08.52.30:807][  6]LogBlueprintUserMessages: Early EndPlayMap Detection: Level '/Game/StarterContent/Maps/StarterMap.StarterMap:PersistentLevel' has LevelScriptBlueprint '/Game/StarterContent/Maps/StarterMap.StarterMap:PersistentLevel.StarterMap' with GeneratedClass '/Game/StarterContent/Maps/StarterMap.StarterMap_C' with ClassGeneratedBy '/Game/StarterContent/Maps/StarterMap.StarterMap:PersistentLevel.StarterMap'
[2017.02.22-08.52.30:847][  6]LogBlueprintUserMessages: Late EndPlayMap Detection: Level '/Game/StarterContent/Maps/StarterMap.StarterMap:PersistentLevel' has LevelScriptBlueprint '/Game/StarterContent/Maps/StarterMap.StarterMap:PersistentLevel.StarterMap' with GeneratedClass '/Game/StarterContent/Maps/StarterMap.StarterMap_C' with ClassGeneratedBy '/Game/StarterContent/Maps/StarterMap.StarterMap:PersistentLevel.StarterMap'
[2017.02.22-08.59.08:260][356]LogAIModule: Creating AISystem for world Minimal_Default
[2017.02.22-08.59.08:275][356]Cmd: MAP LOAD FILE="../../../../../../Users/Bernard/Desktop/PurgaStory/Content/StarterContent/Maps/Minimal_Default.umap" TEMPLATE=0 SHOWPROGRESS=1 FEATURELEVEL=3
[2017.02.22-08.59.08:275][356]LightingResults: New page: Lighting Build
[2017.02.22-08.59.08:275][356]LoadErrors: New page: Loading map: Minimal_Default.umap
[2017.02.22-08.59.08:277][356]MapCheck: New page: Map Check
[2017.02.22-08.59.08:278][356]LightingResults: New page: Lighting Build
[2017.02.22-08.59.08:346][356]LogEditorServer: Finished looking for orphan Actors (0.000 secs)
[2017.02.22-08.59.08:367][356]Cmd: MAP CHECKDEP NOCLEARLOG
[2017.02.22-08.59.08:417][356]MapCheck: Info Map check complete: 0 Error(s), 0 Warning(s), took 49.184ms to complete.
[2017.02.22-08.59.08:417][356]LogFileHelpers: Loading map 'Minimal_Default' took 0.143
[2017.02.22-08.59.10:895][488]LogTexture:Display: Building textures: HQ_Lightmap0_1 (AutoDXT)
[2017.02.22-08.59.10:902][488]LogTexture:Display: Building textures: HQ_Lightmap0_2 (AutoDXT)
[2017.02.22-08.59.10:904][488]LogTexture:Display: Building textures: LQ_Lightmap_0_1 (DXT1)
[2017.02.22-08.59.10:909][488]LogTexture:Display: Building textures: LQ_Lightmap_0_2 (DXT1)
[2017.02.22-08.59.10:910][488]LogTexture:Display: Building textures: SkyOcclusion0_1 (AutoDXT)
[2017.02.22-08.59.10:922][488]LogTexture:Display: Building textures: SkyOcclusion0_2 (AutoDXT)
[2017.02.22-08.59.10:927][488]LogTexture:Display: Building textures: ShadowMapTexture2D_2 (G8)
[2017.02.22-08.59.10:929][488]LogTexture:Display: Building textures: ShadowMapTexture2D_3 (G8)
[2017.02.22-08.59.11:021][488]LogAIModule: Creating AISystem for world Advanced_Lighting
[2017.02.22-08.59.11:043][488]Cmd: MAP LOAD FILE="../../../../../../Users/Bernard/Desktop/PurgaStory/Content/StarterContent/Maps/Advanced_Lighting.umap" TEMPLATE=0 SHOWPROGRESS=1 FEATURELEVEL=3
[2017.02.22-08.59.11:043][488]LightingResults: New page: Lighting Build
[2017.02.22-08.59.11:044][488]LoadErrors: New page: Loading map: Advanced_Lighting.umap
[2017.02.22-08.59.11:044][488]MapCheck: New page: Map Check
[2017.02.22-08.59.11:045][488]LightingResults: New page: Lighting Build
[2017.02.22-08.59.11:117][488]LogEditorServer: Finished looking for orphan Actors (0.000 secs)
[2017.02.22-08.59.11:129][488]Cmd: MAP CHECKDEP NOCLEARLOG
[2017.02.22-08.59.11:180][488]MapCheck: Info Map check complete: 0 Error(s), 0 Warning(s), took 50.276ms to complete.
[2017.02.22-08.59.11:180][488]LogFileHelpers: Loading map 'Advanced_Lighting' took 0.137
[2017.02.22-09.00.24:611][876]LogAIModule: Creating AISystem for world StarterMap
[2017.02.22-09.00.24:612][876]LogActorComponent: RegisterComponentWithWorld: (/Game/StarterContent/Maps/StarterMap.StarterMap:PersistentLevel.WorldSettings_1.StaticMeshComponent0) Trying to register component with IsPendingKill() == true. Aborting.
[2017.02.22-09.00.24:634][876]Cmd: MAP LOAD FILE="../../../../../../Users/Bernard/Desktop/PurgaStory/Content/StarterContent/Maps/StarterMap.umap" TEMPLATE=0 SHOWPROGRESS=1 FEATURELEVEL=3
[2017.02.22-09.00.24:634][876]LightingResults: New page: Lighting Build
[2017.02.22-09.00.24:635][876]LoadErrors: New page: Loading map: StarterMap.umap
[2017.02.22-09.00.24:635][876]MapCheck: New page: Map Check
[2017.02.22-09.00.24:635][876]LightingResults: New page: Lighting Build
[2017.02.22-09.00.24:752][876]LogEditorServer: Finished looking for orphan Actors (0.000 secs)
[2017.02.22-09.00.24:765][876]Cmd: MAP CHECKDEP NOCLEARLOG
[2017.02.22-09.00.24:814][876]MapCheck: Info Map check complete: 0 Error(s), 0 Warning(s), took 49.883ms to complete.
[2017.02.22-09.00.24:814][876]LogFileHelpers: Loading map 'StarterMap' took 0.181
[2017.02.22-09.00.38:077][623]LogBlueprintUserMessages: Early PlayInEditor Detection: Level '/Game/StarterContent/Maps/StarterMap.StarterMap:PersistentLevel' has LevelScriptBlueprint '/Game/StarterContent/Maps/StarterMap.StarterMap:PersistentLevel.StarterMap' with GeneratedClass '/Game/StarterContent/Maps/StarterMap.StarterMap_C' with ClassGeneratedBy '/Game/StarterContent/Maps/StarterMap.StarterMap:PersistentLevel.StarterMap'
[2017.02.22-09.00.38:077][623]LogPlayLevel: PlayLevel: No blueprints needed recompiling
[2017.02.22-09.00.38:077][623]PIE: New page: PIE session: StarterMap (23 Feb 2017 1:00:38 am)
[2017.02.22-09.00.38:077][623]LogPlayLevel: Creating play world package: /Game/StarterContent/Maps/UEDPIE_0_StarterMap
[2017.02.22-09.00.38:108][623]LogPlayLevel: PIE: StaticDuplicateObject took: (0.030721s)
[2017.02.22-09.00.38:109][623]LogAIModule: Creating AISystem for world StarterMap
[2017.02.22-09.00.38:109][623]LogPlayLevel: PIE: World Init took: (0.000618s)
[2017.02.22-09.00.38:109][623]LogPlayLevel: PIE: Created PIE world by copying editor world from /Game/StarterContent/Maps/StarterMap.StarterMap to /Game/StarterContent/Maps/UEDPIE_0_StarterMap.StarterMap (0.031622s)
[2017.02.22-09.00.38:119][623]LogInit: XAudio2 using 'Speakers (Realtek High Definition Audio)' : 2 channels at 48 kHz using 32 bits per sample (channel mask 0x3)
[2017.02.22-09.00.38:127][623]LogInit: FAudioDevice initialized.
[2017.02.22-09.00.38:170][623]LogLoad: Game class is 'GameModeBase'
[2017.02.22-09.00.38:179][623]LogWorld: Bringing World /Game/StarterContent/Maps/UEDPIE_0_StarterMap.StarterMap up for play (max tick rate 60) at 2017.02.22-17.00.38
[2017.02.22-09.00.38:180][623]LogWorld: Bringing up level for play took: 0.007377
[2017.02.22-09.00.38:184][623]PIE: Info Play in editor start time for /Game/StarterContent/Maps/UEDPIE_0_StarterMap 0.138
[2017.02.22-09.00.38:184][623]LogBlueprintUserMessages: Late PlayInEditor Detection: Level '/Game/StarterContent/Maps/StarterMap.StarterMap:PersistentLevel' has LevelScriptBlueprint '/Game/StarterContent/Maps/StarterMap.StarterMap:PersistentLevel.StarterMap' with GeneratedClass '/Game/StarterContent/Maps/StarterMap.StarterMap_C' with ClassGeneratedBy '/Game/StarterContent/Maps/StarterMap.StarterMap:PersistentLevel.StarterMap'
[2017.02.22-09.00.38:282][623]LogRenderer: Reallocating scene render targets to support 1292x756 NumSamples 1 (Frame:12433).
[2017.02.22-09.00.50:208][336]LogBlueprintUserMessages: Early EndPlayMap Detection: Level '/Game/StarterContent/Maps/StarterMap.StarterMap:PersistentLevel' has LevelScriptBlueprint '/Game/StarterContent/Maps/StarterMap.StarterMap:PersistentLevel.StarterMap' with GeneratedClass '/Game/StarterContent/Maps/StarterMap.StarterMap_C' with ClassGeneratedBy '/Game/StarterContent/Maps/StarterMap.StarterMap:PersistentLevel.StarterMap'
[2017.02.22-09.00.50:277][336]LogBlueprintUserMessages: Late EndPlayMap Detection: Level '/Game/StarterContent/Maps/StarterMap.StarterMap:PersistentLevel' has LevelScriptBlueprint '/Game/StarterContent/Maps/StarterMap.StarterMap:PersistentLevel.StarterMap' with GeneratedClass '/Game/StarterContent/Maps/StarterMap.StarterMap_C' with ClassGeneratedBy '/Game/StarterContent/Maps/StarterMap.StarterMap:PersistentLevel.StarterMap'
[2017.02.22-09.05.03:993][802]Cmd: OBJ SAVEPACKAGE PACKAGE="/Game/Map/BernardTestLevel" FILE="../../../../../../Users/Bernard/Desktop/PurgaStory/Content/Map/BernardTestLevel.umap" SILENT=true AUTOSAVING=false KEEPDIRTY=false
[2017.02.22-09.05.04:008][802]LogSavePackage: Save=6.12ms
[2017.02.22-09.05.04:008][802]LogSavePackage: Moving '../../../../../../Users/Bernard/Desktop/PurgaStory/Saved/BernardTestLevelED40C2F045E0AA5B49108D824E14EE16.tmp' to '../../../../../../Users/Bernard/Desktop/PurgaStory/Content/Map/BernardTestLevel.umap'
[2017.02.22-09.05.04:010][802]LogSavePackage:Display: Finished SavePackage ../../../../../../Users/Bernard/Desktop/PurgaStory/Content/Map/BernardTestLevel.umap
[2017.02.22-09.05.04:010][802]LogFileHelpers: Saving map 'BernardTestLevel' took 0.070
[2017.02.22-09.05.04:012][802]Cmd: MAP LOAD FILE="../../../../../../Users/Bernard/Desktop/PurgaStory/Content/Map/BernardTestLevel.umap" TEMPLATE=0 SHOWPROGRESS=1 FEATURELEVEL=3
[2017.02.22-09.05.04:012][802]LightingResults: New page: Lighting Build
[2017.02.22-09.05.04:013][802]LoadErrors: New page: Loading map: BernardTestLevel.umap
[2017.02.22-09.05.04:015][802]MapCheck: New page: Map Check
[2017.02.22-09.05.04:015][802]LightingResults: New page: Lighting Build
[2017.02.22-09.05.04:098][802]LogEditorServer: Finished looking for orphan Actors (0.000 secs)
[2017.02.22-09.05.04:098][802]LogAIModule: Creating AISystem for world BernardTestLevel
[2017.02.22-09.05.04:124][802]Cmd: MAP CHECKDEP NOCLEARLOG
[2017.02.22-09.05.04:173][802]MapCheck: Info Map check complete: 0 Error(s), 0 Warning(s), took 49.978ms to complete.
[2017.02.22-09.05.04:174][802]LogFileHelpers: Loading map 'BernardTestLevel' took 0.163
[2017.02.22-09.08.13:333][924]Cmd: OBJ SAVEPACKAGE PACKAGE="/Game/Maps/BernardTestLevel" FILE="../../../../../../Users/Bernard/Desktop/PurgaStory/Content/Maps/BernardTestLevel.umap" SILENT=true AUTOSAVING=false KEEPDIRTY=false
[2017.02.22-09.08.13:349][924]LogSavePackage: Save=6.16ms
[2017.02.22-09.08.13:349][924]LogSavePackage: Moving '../../../../../../Users/Bernard/Desktop/PurgaStory/Saved/BernardTestLevel51E088854E94C41AD74FC6A6F60B4176.tmp' to '../../../../../../Users/Bernard/Desktop/PurgaStory/Content/Maps/BernardTestLevel.umap'
[2017.02.22-09.08.13:350][924]LogSavePackage:Display: Finished SavePackage ../../../../../../Users/Bernard/Desktop/PurgaStory/Content/Maps/BernardTestLevel.umap
[2017.02.22-09.08.13:371][924]LogFileHelpers: Saving map 'BernardTestLevel' took 0.091
[2017.02.22-09.11.18:559][ 96]LogMaterial: Missing cached shader map for material M_Cover, compiling. 
[2017.02.22-09.11.18:597][ 96]LogMaterial: Missing cached shader map for material M_Cover, compiling. 
[2017.02.22-09.11.18:638][ 96]LogActorFactory: Actor Factory created SM_Wall_500x500_001
[2017.02.22-09.11.18:905][112]LogActorFactory: Actor Factory created SM_Wall_500x500_001
[2017.02.22-09.11.24:451][442]LogEditorViewport: Clicking on Actor (LMB): StaticMeshActor (SM_Wall_500x500_001)
[2017.02.22-09.11.25:134][483]Cmd: DELETE
[2017.02.22-09.11.25:134][483]Cmd: ACTOR DELETE
[2017.02.22-09.11.25:135][483]LogEditorActor: Deleted Actor: StaticMeshActor
[2017.02.22-09.11.25:144][483]LogEditorActor: Deleted 1 Actors (0.009 secs)
[2017.02.22-09.11.25:985][534]LogEditorViewport: Clicking on Actor (LMB): DirectionalLight (DirectionalLight)
[2017.02.22-09.11.26:188][545]Cmd: DELETE
[2017.02.22-09.11.26:189][545]Cmd: ACTOR DELETE
[2017.02.22-09.11.26:189][545]LogEditorActor: Deleted Actor: DirectionalLight
[2017.02.22-09.11.26:198][545]LogEditorActor: Deleted 1 Actors (0.010 secs)
[2017.02.22-09.18.13:884][993]LogSavePackage: Save=6.66ms
[2017.02.22-09.18.13:885][993]LogSavePackage: Moving '../../../../../../Users/Bernard/Desktop/PurgaStory/Saved/BernardTestLevel_Auto1E42A3F8B45C4A17F65303B991166A77A.tmp' to '../../../../../../Users/Bernard/Desktop/PurgaStory/Saved/Autosaves/Game/Maps/BernardTestLevel_Auto1.umap'
[2017.02.22-09.18.13:885][993]LogSavePackage:Display: Finished SavePackage ../../../../../../Users/Bernard/Desktop/PurgaStory/Saved/Autosaves/Game/Maps/BernardTestLevel_Auto1.umap
[2017.02.22-09.18.13:887][993]LogFileHelpers: Editor autosave (incl. sublevels) for '/Game/Maps/BernardTestLevel' took 0.024
[2017.02.22-09.18.13:887][993]LogFileHelpers: Editor autosave (incl. sublevels) for all levels took 0.024
[2017.02.22-09.32.23:537][989]Cmd: OBJ SAVEPACKAGE PACKAGE="/Game/Maps/BernardTestLevel" FILE="../../../../../../Users/Bernard/Desktop/PurgaStory/Content/Maps/BernardTestLevel.umap" SILENT=true AUTOSAVING=false KEEPDIRTY=false
[2017.02.22-09.32.23:556][989]LogSavePackage: Save=6.88ms
[2017.02.22-09.32.23:556][989]LogSavePackage: Moving '../../../../../../Users/Bernard/Desktop/PurgaStory/Saved/BernardTestLevelBB059449416380336E719AAFF1FF4365.tmp' to '../../../../../../Users/Bernard/Desktop/PurgaStory/Content/Maps/BernardTestLevel.umap'
[2017.02.22-09.32.23:557][989]LogSavePackage:Display: Finished SavePackage ../../../../../../Users/Bernard/Desktop/PurgaStory/Content/Maps/BernardTestLevel.umap
[2017.02.22-09.32.23:569][989]LogFileHelpers: Saving map 'BernardTestLevel' took 0.088
[2017.02.22-09.32.23:571][989]Cmd: MAP LOAD FILE="../../../../../../Users/Bernard/Desktop/PurgaStory/Content/Maps/BernardTestLevel.umap" TEMPLATE=0 SHOWPROGRESS=1 FEATURELEVEL=3
[2017.02.22-09.32.23:572][989]LightingResults: New page: Lighting Build
[2017.02.22-09.32.23:572][989]LoadErrors: New page: Loading map: BernardTestLevel.umap
[2017.02.22-09.32.23:573][989]MapCheck: New page: Map Check
[2017.02.22-09.32.23:573][989]LightingResults: New page: Lighting Build
[2017.02.22-09.32.23:591][989]LogAIModule: Creating AISystem for world BernardTestLevel
[2017.02.22-09.32.23:671][989]LogEditorServer: Finished looking for orphan Actors (0.000 secs)
[2017.02.22-09.32.23:686][989]Cmd: MAP CHECKDEP NOCLEARLOG
[2017.02.22-09.32.23:739][989]MapCheck: Info Map check complete: 0 Error(s), 0 Warning(s), took 53.547ms to complete.
[2017.02.22-09.32.23:740][989]LogFileHelpers: Loading map 'BernardTestLevel' took 0.169
[2017.02.22-09.33.25:259][ 88]LogWindowsTextInputMethodSystem:Display: IME system now deactivated.
[2017.02.22-09.33.25:440][ 89]Cmd: QUIT_EDITOR
[2017.02.22-09.33.26:486][ 89]LogExit: Preparing to exit.
[2017.02.22-09.33.27:289][ 89]LogDirectoryWatcher: A directory notification for 'C:/Users/Bernard/Desktop/PurgaStory/Content/' was aborted.
[2017.02.22-09.33.27:321][ 89]LogExit: Editor shut down
[2017.02.22-09.33.27:321][ 89]LogExit: Transaction tracking system shut down
[2017.02.22-09.33.27:481][ 89]LogObj: Freed 0b from 0 cluster array pools.
[2017.02.22-09.33.27:481][ 89]LogExit: Object subsystem successfully closed.
[2017.02.22-09.33.27:508][ 89]LogD3D11RHI: Shutdown
[2017.02.22-09.33.27:508][ 89]LogD3D11RHI: CleanupD3DDevice
[2017.02.22-09.33.27:639][ 89]LogD3D11RHI: ~FD3D11DynamicRHI
[2017.02.22-09.33.27:667][ 89]LogHttp:Display: Http module shutting down, but needs to wait on 1 outstanding Http requests:
[2017.02.22-09.33.27:667][ 89]LogHttp:Display: 	verb=[POST] url=[https://datarouter.ol.epicgames.com/datarouter/api/v1/public/data?SessionID=%7BE7063F4B-458A-CF5E-854E-5AB31CFCACEF%7D&AppID=UEEditor.Rocket.Release&AppVersion=4.14.3-3249277%2B%2B%2BUE4%2BRelease-4.14&UserID=5ab26d914d072dee38a20fa90b07774d%7Cef8dc59f48dc42d0acde4a9c2a5379c7%7C38d7a621-ad75-4b1c-99df-4e1cab180e58&AppEnvironment=datacollector-binary&UploadType=eteventstream] status=Processing
[2017.02.22-09.33.27:669][ 89]LogModuleManager: Shutting down and abandoning module MovieSceneCapture (243)
[2017.02.22-09.33.27:669][ 89]LogModuleManager: Shutting down and abandoning module TextureEditor (242)
[2017.02.22-09.33.27:669][ 89]LogModuleManager: Shutting down and abandoning module HierarchicalLODOutliner (241)
[2017.02.22-09.33.27:669][ 89]LogModuleManager: Shutting down and abandoning module CrashTracker (240)
[2017.02.22-09.33.27:669][ 89]LogModuleManager: Shutting down and abandoning module SceneOutliner (239)
[2017.02.22-09.33.27:669][ 89]LogModuleManager: Shutting down and abandoning module WidgetCarousel (238)
[2017.02.22-09.33.27:669][ 89]LogModuleManager: Shutting down and abandoning module AddContentDialog (237)
[2017.02.22-09.33.27:669][ 89]LogDirectoryWatcher: A directory notification for 'C:/Program Files (x86)/Epic Games/4.14/FeaturePacks/' was aborted.
[2017.02.22-09.33.27:670][ 89]LogModuleManager: Shutting down and abandoning module GameplayTags (236)
[2017.02.22-09.33.27:670][ 89]LogModuleManager: Shutting down and abandoning module EditorWidgets (235)
[2017.02.22-09.33.27:670][ 89]LogModuleManager: Shutting down and abandoning module CollectionManager (234)
[2017.02.22-09.33.27:670][ 89]LogDirectoryWatcher: A directory notification for 'C:/Users/Bernard/Desktop/PurgaStory/Content/Collections/' was aborted.
[2017.02.22-09.33.27:670][ 89]LogDirectoryWatcher: A directory notification for 'C:/Users/Bernard/Desktop/PurgaStory/Content/Developers/Bernard/Collections/' was aborted.
[2017.02.22-09.33.27:670][ 89]LogDirectoryWatcher: A directory notification for 'C:/Users/Bernard/Desktop/PurgaStory/Saved/Collections/' was aborted.
[2017.02.22-09.33.27:670][ 89]LogModuleManager: Shutting down and abandoning module StatsViewer (233)
[2017.02.22-09.33.27:670][ 89]LogModuleManager: Shutting down and abandoning module FoliageEdit (232)
[2017.02.22-09.33.27:670][ 89]LogModuleManager: Shutting down and abandoning module LandscapeEditor (231)
[2017.02.22-09.33.27:670][ 89]LogModuleManager: Shutting down and abandoning module SceneDepthPickerMode (230)
[2017.02.22-09.33.27:670][ 89]LogModuleManager: Shutting down and abandoning module ActorPickerMode (229)
[2017.02.22-09.33.27:670][ 89]LogModuleManager: Shutting down and abandoning module GeometryMode (228)
[2017.02.22-09.33.27:670][ 89]LogModuleManager: Shutting down and abandoning module TextureAlignMode (227)
[2017.02.22-09.33.27:670][ 89]LogModuleManager: Shutting down and abandoning module BspMode (226)
[2017.02.22-09.33.27:670][ 89]LogModuleManager: Shutting down and abandoning module HardwareSurvey (225)
[2017.02.22-09.33.27:670][ 89]LogModuleManager: Shutting down and abandoning module SequenceRecorderSections (224)
[2017.02.22-09.33.27:670][ 89]LogModuleManager: Shutting down and abandoning module AutomationWorker (223)
[2017.02.22-09.33.27:671][ 89]LogModuleManager: Shutting down and abandoning module MatineeToLevelSequence (222)
[2017.02.22-09.33.27:671][ 89]LogModuleManager: Shutting down and abandoning module PlacementMode (221)
[2017.02.22-09.33.27:671][ 89]LogModuleManager: Shutting down and abandoning module LevelSequenceEditor (220)
[2017.02.22-09.33.27:671][ 89]LogModuleManager: Shutting down and abandoning module WmfMediaFactory (219)
[2017.02.22-09.33.27:671][ 89]LogModuleManager: Shutting down and abandoning module WmfMediaEditor (218)
[2017.02.22-09.33.27:671][ 89]LogModuleManager: Shutting down and abandoning module AvfMediaFactory (217)
[2017.02.22-09.33.27:671][ 89]LogModuleManager: Shutting down and abandoning module AvfMediaEditor (216)
[2017.02.22-09.33.27:671][ 89]LogModuleManager: Shutting down and abandoning module Media (215)
[2017.02.22-09.33.27:671][ 89]LogModuleManager: Shutting down and abandoning module AndroidMediaFactory (214)
[2017.02.22-09.33.27:671][ 89]LogModuleManager: Shutting down and abandoning module AndroidMediaEditor (213)
[2017.02.22-09.33.27:671][ 89]LogModuleManager: Shutting down and abandoning module CharacterAI (212)
[2017.02.22-09.33.27:671][ 89]LogModuleManager: Shutting down and abandoning module SequenceRecorder (211)
[2017.02.22-09.33.27:671][ 89]LogModuleManager: Shutting down and abandoning module AudioCapture (210)
[2017.02.22-09.33.27:671][ 89]LogModuleManager: Shutting down and abandoning module SmartSnapping (209)
[2017.02.22-09.33.27:671][ 89]LogModuleManager: Shutting down and abandoning module SessionServices (208)
[2017.02.22-09.33.27:671][ 89]LogModuleManager: Shutting down and abandoning module ViewportSnapping (207)
[2017.02.22-09.33.27:671][ 89]LogModuleManager: Shutting down and abandoning module ViewportInteraction (206)
[2017.02.22-09.33.27:671][ 89]LogModuleManager: Shutting down and abandoning module LogVisualizer (205)
[2017.02.22-09.33.27:671][ 89]LogModuleManager: Shutting down and abandoning module GameProjectGeneration (204)
[2017.02.22-09.33.27:671][ 89]LogModuleManager: Shutting down and abandoning module IntroTutorials (203)
[2017.02.22-09.33.27:671][ 89]LogModuleManager: Shutting down and abandoning module EditorLiveStreaming (202)
[2017.02.22-09.33.27:671][ 89]LogModuleManager: Shutting down and abandoning module IOSPlatformEditor (201)
[2017.02.22-09.33.27:671][ 89]LogModuleManager: Shutting down and abandoning module HTML5PlatformEditor (200)
[2017.02.22-09.33.27:671][ 89]LogModuleManager: Shutting down and abandoning module AndroidDeviceDetection (199)
[2017.02.22-09.33.28:347][ 89]LogModuleManager: Shutting down and abandoning module AndroidPlatformEditor (198)
[2017.02.22-09.33.28:347][ 89]LogModuleManager: Shutting down and abandoning module IOSRuntimeSettings (197)
[2017.02.22-09.33.28:347][ 89]LogModuleManager: Shutting down and abandoning module AndroidRuntimeSettings (196)
[2017.02.22-09.33.28:347][ 89]LogModuleManager: Shutting down and abandoning module InputBindingEditor (195)
[2017.02.22-09.33.28:347][ 89]LogModuleManager: Shutting down and abandoning module NiagaraEditor (194)
[2017.02.22-09.33.28:347][ 89]LogModuleManager: Shutting down and abandoning module MergeActors (193)
[2017.02.22-09.33.28:347][ 89]LogModuleManager: Shutting down and abandoning module SizeMap (192)
[2017.02.22-09.33.28:347][ 89]LogModuleManager: Shutting down and abandoning module TreeMap (191)
[2017.02.22-09.33.28:347][ 89]LogModuleManager: Shutting down and abandoning module ReferenceViewer (190)
[2017.02.22-09.33.28:347][ 89]LogModuleManager: Shutting down and abandoning module LocalizationService (189)
[2017.02.22-09.33.28:347][ 89]LogModuleManager: Shutting down and abandoning module LocalizationDashboard (188)
[2017.02.22-09.33.28:347][ 89]LogModuleManager: Shutting down and abandoning module HardwareTargeting (187)
[2017.02.22-09.33.28:347][ 89]LogModuleManager: Shutting down and abandoning module DeviceProfileEditor (186)
[2017.02.22-09.33.28:347][ 89]LogModuleManager: Shutting down and abandoning module UndoHistory (185)
[2017.02.22-09.33.28:347][ 89]LogModuleManager: Shutting down and abandoning module UserFeedback (184)
[2017.02.22-09.33.28:347][ 89]LogModuleManager: Shutting down and abandoning module XmlParser (183)
[2017.02.22-09.33.28:347][ 89]LogModuleManager: Shutting down and abandoning module Blutility (182)
[2017.02.22-09.33.28:347][ 89]LogModuleManager: Shutting down and abandoning module ProjectTargetPlatformEditor (181)
[2017.02.22-09.33.28:347][ 89]LogModuleManager: Shutting down and abandoning module ProjectSettingsViewer (180)
[2017.02.22-09.33.28:347][ 89]LogModuleManager: Shutting down and abandoning module EditorSettingsViewer (179)
[2017.02.22-09.33.28:347][ 89]LogModuleManager: Shutting down and abandoning module SettingsEditor (178)
[2017.02.22-09.33.28:347][ 89]LogModuleManager: Shutting down and abandoning module ProjectLauncher (177)
[2017.02.22-09.33.28:347][ 89]LogModuleManager: Shutting down and abandoning module SessionFrontend (176)
[2017.02.22-09.33.28:347][ 89]LogModuleManager: Shutting down and abandoning module ProfilerClient (175)
[2017.02.22-09.33.28:348][ 89]LogModuleManager: Shutting down and abandoning module TargetDeviceServices (174)
[2017.02.22-09.33.28:348][ 89]LogModuleManager: Shutting down and abandoning module DeviceManager (173)
[2017.02.22-09.33.28:392][ 89]LogModuleManager: Shutting down and abandoning module AutomationController (172)
[2017.02.22-09.33.28:392][ 89]LogModuleManager: Shutting down and abandoning module AutomationWindow (171)
[2017.02.22-09.33.28:392][ 89]LogModuleManager: Shutting down and abandoning module Layers (170)
[2017.02.22-09.33.28:392][ 89]LogModuleManager: Shutting down and abandoning module ComponentVisualizers (169)
[2017.02.22-09.33.28:392][ 89]LogModuleManager: Shutting down and abandoning module DetailCustomizations (168)
[2017.02.22-09.33.28:392][ 89]LogModuleManager: Shutting down and abandoning module PackagesDialog (167)
[2017.02.22-09.33.28:392][ 89]LogModuleManager: Shutting down and abandoning module AnimGraph (166)
[2017.02.22-09.33.28:392][ 89]LogModuleManager: Shutting down and abandoning module Persona (165)
[2017.02.22-09.33.28:392][ 89]LogModuleManager: Shutting down and abandoning module Kismet (164)
[2017.02.22-09.33.28:393][ 89]LogModuleManager: Shutting down and abandoning module GraphEditor (163)
[2017.02.22-09.33.28:393][ 89]LogModuleManager: Shutting down and abandoning module ClassViewer (162)
[2017.02.22-09.33.28:393][ 89]LogModuleManager: Shutting down and abandoning module Toolbox (161)
[2017.02.22-09.33.28:393][ 89]LogModuleManager: Shutting down and abandoning module ModuleUI (160)
[2017.02.22-09.33.28:393][ 89]LogModuleManager: Shutting down and abandoning module MovieSceneTools (159)
[2017.02.22-09.33.28:393][ 89]LogModuleManager: Shutting down and abandoning module OutputLog (158)
[2017.02.22-09.33.28:393][ 89]LogModuleManager: Shutting down and abandoning module GammaUI (157)
[2017.02.22-09.33.28:393][ 89]LogModuleManager: Shutting down and abandoning module Documentation (156)
[2017.02.22-09.33.28:393][ 89]LogModuleManager: Shutting down and abandoning module Niagara (155)
[2017.02.22-09.33.28:393][ 89]LogModuleManager: Shutting down and abandoning module StreamingPauseRendering (154)
[2017.02.22-09.33.28:393][ 89]LogModuleManager: Shutting down and abandoning module AnalyticsET (153)
[2017.02.22-09.33.28:393][ 89]LogModuleManager: Shutting down and abandoning module PortalServices (152)
[2017.02.22-09.33.28:393][ 89]LogModuleManager: Shutting down and abandoning module PortalRpc (151)
[2017.02.22-09.33.28:393][ 89]LogModuleManager: Shutting down and abandoning module MessagingRpc (150)
[2017.02.22-09.33.28:393][ 89]LogModuleManager: Shutting down and abandoning module GameplayDebugger (149)
[2017.02.22-09.33.28:393][ 89]LogModuleManager: Shutting down and abandoning module AITestSuite (148)
[2017.02.22-09.33.28:393][ 89]LogModuleManager: Shutting down and abandoning module AIModule (147)
[2017.02.22-09.33.28:393][ 89]LogModuleManager: Shutting down and abandoning module ProfilerService (146)
[2017.02.22-09.33.28:643][ 89]LogModuleManager: Shutting down and abandoning module TaskGraph (145)
[2017.02.22-09.33.28:643][ 89]LogModuleManager: Shutting down and abandoning module SlateRemote (144)
[2017.02.22-09.33.28:643][ 89]LogModuleManager: Shutting down and abandoning module SteamVRController (143)
[2017.02.22-09.33.28:643][ 89]LogModuleManager: Shutting down and abandoning module SteamVR (142)
[2017.02.22-09.33.28:643][ 89]LogModuleManager: Shutting down and abandoning module ProceduralMeshComponentEditor (141)
[2017.02.22-09.33.28:643][ 89]LogModuleManager: Shutting down and abandoning module ProceduralMeshComponent (140)
[2017.02.22-09.33.28:643][ 89]LogModuleManager: Shutting down and abandoning module OculusLibrary (139)
[2017.02.22-09.33.28:643][ 89]LogModuleManager: Shutting down and abandoning module OculusInput (138)
[2017.02.22-09.33.28:643][ 89]LogModuleManager: Shutting down and abandoning module MobilePatchingUtils (137)
[2017.02.22-09.33.28:643][ 89]LogModuleManager: Shutting down and abandoning module CustomMeshComponent (136)
[2017.02.22-09.33.28:643][ 89]LogModuleManager: Shutting down and abandoning module CableComponent (135)
[2017.02.22-09.33.28:643][ 89]LogModuleManager: Shutting down and abandoning module ArchVisCharacter (134)
[2017.02.22-09.33.28:643][ 89]LogModuleManager: Shutting down and abandoning module MediaPlayerEditor (132)
[2017.02.22-09.33.28:643][ 89]LogModuleManager: Shutting down and abandoning module HTML5Networking (131)
[2017.02.22-09.33.28:643][ 89]LogModuleManager: Shutting down and abandoning module GeometryCacheEd (130)
[2017.02.22-09.33.28:643][ 89]LogModuleManager: Shutting down and abandoning module GeometryCache (129)
[2017.02.22-09.33.28:643][ 89]LogModuleManager: Shutting down and abandoning module AlembicLibrary (128)
[2017.02.22-09.33.28:643][ 89]LogModuleManager: Shutting down and abandoning module AlembicImporter (127)
[2017.02.22-09.33.28:643][ 89]LogModuleManager: Shutting down and abandoning module SuperSearch (126)
[2017.02.22-09.33.28:643][ 89]LogModuleManager: Shutting down and abandoning module SuperSearchEditor (125)
[2017.02.22-09.33.28:643][ 89]LogModuleManager: Shutting down and abandoning module SpeedTreeImporter (124)
[2017.02.22-09.33.28:643][ 89]LogModuleManager: Shutting down and abandoning module PluginBrowser (123)
[2017.02.22-09.33.28:643][ 89]LogModuleManager: Shutting down and abandoning module MobileLauncherProfileWizard (122)
[2017.02.22-09.33.28:643][ 89]LogModuleManager: Shutting down and abandoning module EpicSurvey (121)
[2017.02.22-09.33.28:643][ 89]LogModuleManager: Shutting down and abandoning module DesktopPlatform (120)
[2017.02.22-09.33.28:643][ 89]LogModuleManager: Shutting down and abandoning module VisualStudioSourceCodeAccess (119)
[2017.02.22-09.33.28:643][ 89]LogModuleManager: Shutting down and abandoning module UObjectPlugin (118)
[2017.02.22-09.33.28:644][ 89]LogModuleManager: Shutting down and abandoning module SubversionSourceControl (117)
[2017.02.22-09.33.28:644][ 89]LogModuleManager: Shutting down and abandoning module PerforceSourceControl (116)
[2017.02.22-09.33.28:644][ 89]LogModuleManager: Shutting down and abandoning module SourceControl (115)
[2017.02.22-09.33.28:644][ 89]LogModuleManager: Shutting down and abandoning module GitSourceControl (114)
[2017.02.22-09.33.28:644][ 89]LogModuleManager: Shutting down and abandoning module LightPropagationVolumeEditor (113)
[2017.02.22-09.33.28:644][ 89]LogModuleManager: Shutting down and abandoning module PaperTiledImporter (112)
[2017.02.22-09.33.28:644][ 89]LogModuleManager: Shutting down and abandoning module PaperSpriteSheetImporter (111)
[2017.02.22-09.33.28:644][ 89]LogModuleManager: Shutting down and abandoning module MeshPaint (110)
[2017.02.22-09.33.28:644][ 89]LogModuleManager: Shutting down and abandoning module PixelInspectorModule (109)
[2017.02.22-09.33.28:644][ 89]LogModuleManager: Shutting down and abandoning module HotReload (108)
[2017.02.22-09.33.28:644][ 89]LogModuleManager: Shutting down and abandoning module MainFrame (107)
[2017.02.22-09.33.28:644][ 89]LogModuleManager: Shutting down and abandoning module LevelEditor (106)
[2017.02.22-09.33.28:645][ 89]LogModuleManager: Shutting down and abandoning module ContentBrowser (105)
[2017.02.22-09.33.28:645][ 89]LogModuleManager: Shutting down and abandoning module Paper2DEditor (104)
[2017.02.22-09.33.28:645][ 89]LogModuleManager: Shutting down and abandoning module UdpMessaging (103)
[2017.02.22-09.33.28:746][ 89]LogModuleManager: Shutting down and abandoning module TcpMessaging (102)
[2017.02.22-09.33.28:846][ 89]LogModuleManager: Shutting down and abandoning module LightPropagationVolumeRuntime (101)
[2017.02.22-09.33.28:846][ 89]LogModuleManager: Shutting down and abandoning module Paper2D (100)
[2017.02.22-09.33.28:846][ 89]LogModuleManager: Shutting down and abandoning module WindowsMoviePlayer (99)
[2017.02.22-09.33.28:846][ 89]LogModuleManager: Shutting down and abandoning module WmfMedia (98)
[2017.02.22-09.33.28:846][ 89]LogModuleManager: Shutting down and abandoning module MediaAssets (97)
[2017.02.22-09.33.28:846][ 89]LogModuleManager: Shutting down and abandoning module GameLiveStreaming (96)
[2017.02.22-09.33.28:846][ 89]LogModuleManager: Shutting down and abandoning module GameplayTagsEditor (95)
[2017.02.22-09.33.28:846][ 89]LogModuleManager: Shutting down and abandoning module VREditor (94)
[2017.02.22-09.33.28:846][ 89]LogModuleManager: Shutting down and abandoning module GameplayTasksEditor (93)
[2017.02.22-09.33.28:846][ 89]LogModuleManager: Shutting down and abandoning module BehaviorTreeEditor (92)
[2017.02.22-09.33.28:846][ 89]LogModuleManager: Shutting down and abandoning module FunctionalTesting (91)
[2017.02.22-09.33.28:846][ 89]LogModuleManager: Shutting down and abandoning module CollisionAnalyzer (90)
[2017.02.22-09.33.28:846][ 89]LogModuleManager: Shutting down and abandoning module Sequencer (89)
[2017.02.22-09.33.28:846][ 89]LogModuleManager: Shutting down and abandoning module WorkspaceMenuStructure (88)
[2017.02.22-09.33.28:846][ 89]LogModuleManager: Shutting down and abandoning module MessageLog (87)
[2017.02.22-09.33.28:846][ 89]LogModuleManager: Shutting down and abandoning module AssetTools (86)
[2017.02.22-09.33.28:846][ 89]LogModuleManager: Shutting down and abandoning module UMGEditor (85)
[2017.02.22-09.33.28:846][ 89]LogModuleManager: Shutting down and abandoning module UMG (84)
[2017.02.22-09.33.28:846][ 89]LogModuleManager: Shutting down and abandoning module SlateReflector (83)
[2017.02.22-09.33.28:846][ 89]LogModuleManager: Shutting down and abandoning module Slate (82)
[2017.02.22-09.33.28:846][ 89]LogModuleManager: Shutting down and abandoning module EditorStyle (81)
[2017.02.22-09.33.28:850][ 89]LogModuleManager: Shutting down and abandoning module SourceCodeAccess (80)
[2017.02.22-09.33.28:850][ 89]LogModuleManager: Shutting down and abandoning module HeadMountedDisplay (79)
[2017.02.22-09.33.28:850][ 89]LogModuleManager: Shutting down and abandoning module XAudio2 (78)
[2017.02.22-09.33.28:850][ 89]LogModuleManager: Shutting down and abandoning module Networking (76)
[2017.02.22-09.33.28:850][ 89]LogModuleManager: Shutting down and abandoning module Core (75)
[2017.02.22-09.33.28:850][ 89]LogModuleManager: Shutting down and abandoning module DirectoryWatcher (74)
[2017.02.22-09.33.28:850][ 89]LogDirectoryWatcher: A directory notification for '../../../Engine/Content/' was aborted.
[2017.02.22-09.33.28:850][ 89]LogDirectoryWatcher: A directory notification for '../../../../../../Users/Bernard/Desktop/PurgaStory/Content/' was aborted.
[2017.02.22-09.33.28:850][ 89]LogDirectoryWatcher: A directory notification for '../../../Engine/Plugins/2D/Paper2D/Content/' was aborted.
[2017.02.22-09.33.28:851][ 89]LogModuleManager: Shutting down and abandoning module AssetRegistry (73)
[2017.02.22-09.33.28:983][ 89]LogModuleManager: Shutting down and abandoning module KismetCompiler (72)
[2017.02.22-09.33.28:983][ 89]LogModuleManager: Shutting down and abandoning module PhysXFormats (71)
[2017.02.22-09.33.28:983][ 89]LogModuleManager: Shutting down and abandoning module SimplygonSwarm (70)
[2017.02.22-09.33.28:983][ 89]LogModuleManager: Shutting down and abandoning module SimplygonMeshReduction (69)
[2017.02.22-09.33.28:983][ 89]LogModuleManager: Shutting down and abandoning module QuadricMeshReduction (68)
[2017.02.22-09.33.28:983][ 89]LogModuleManager: Shutting down and abandoning module PropertyEditor (67)
[2017.02.22-09.33.28:983][ 89]LogModuleManager: Shutting down and abandoning module MeshUtilities (66)
[2017.02.22-09.33.28:983][ 89]LogModuleManager: Shutting down and abandoning module DerivedDataCache (65)
[2017.02.22-09.33.29:036][ 89]LogDerivedDataCache: Shutdown
[2017.02.22-09.33.29:036][ 89]LogModuleManager: Shutting down and abandoning module VulkanShaderFormat (64)
[2017.02.22-09.33.29:036][ 89]LogModuleManager: Shutting down and abandoning module ShaderFormatOpenGL (63)
[2017.02.22-09.33.29:036][ 89]LogModuleManager: Shutting down and abandoning module ShaderFormatD3D (62)
[2017.02.22-09.33.29:036][ 89]LogModuleManager: Shutting down and abandoning module MetalShaderFormat (61)
[2017.02.22-09.33.29:036][ 89]LogModuleManager: Shutting down and abandoning module TextureFormatUncompressed (60)
[2017.02.22-09.33.29:036][ 89]LogModuleManager: Shutting down and abandoning module TextureFormatPVR (59)
[2017.02.22-09.33.29:036][ 89]LogModuleManager: Shutting down and abandoning module TextureFormatDXT (58)
[2017.02.22-09.33.29:036][ 89]LogModuleManager: Shutting down and abandoning module TextureFormatIntelISPCTexComp (57)
[2017.02.22-09.33.29:036][ 89]LogModuleManager: Shutting down and abandoning module ImageWrapper (56)
[2017.02.22-09.33.29:036][ 89]LogModuleManager: Shutting down and abandoning module TextureFormatASTC (55)
[2017.02.22-09.33.29:036][ 89]LogModuleManager: Shutting down and abandoning module TextureFormatAndroid (54)
[2017.02.22-09.33.29:036][ 89]LogModuleManager: Shutting down and abandoning module AudioFormatOpus (53)
[2017.02.22-09.33.29:036][ 89]LogModuleManager: Shutting down and abandoning module AudioFormatOgg (52)
[2017.02.22-09.33.29:036][ 89]LogModuleManager: Shutting down and abandoning module AudioFormatADPCM (51)
[2017.02.22-09.33.29:036][ 89]LogModuleManager: Shutting down and abandoning module LinuxTargetPlatform (50)
[2017.02.22-09.33.29:036][ 89]LogModuleManager: Shutting down and abandoning module LinuxServerTargetPlatform (49)
[2017.02.22-09.33.29:036][ 89]LogModuleManager: Shutting down and abandoning module LinuxNoEditorTargetPlatform (48)
[2017.02.22-09.33.29:036][ 89]LogModuleManager: Shutting down and abandoning module LinuxClientTargetPlatform (47)
[2017.02.22-09.33.29:037][ 89]LogModuleManager: Shutting down and abandoning module TVOSTargetPlatform (46)
[2017.02.22-09.33.29:037][ 89]LogModuleManager: Shutting down and abandoning module Messaging (45)
[2017.02.22-09.33.29:037][ 89]LogModuleManager: Shutting down and abandoning module IOSTargetPlatform (44)
[2017.02.22-09.33.29:037][ 89]LogModuleManager: Shutting down and abandoning module HTML5TargetPlatform (43)
[2017.02.22-09.33.29:037][ 89]LogModuleManager: Shutting down and abandoning module Android_PVRTCTargetPlatform (42)
[2017.02.22-09.33.29:037][ 89]LogModuleManager: Shutting down and abandoning module Android_MultiTargetPlatform (41)
[2017.02.22-09.33.29:037][ 89]LogModuleManager: Shutting down and abandoning module Android_ETC2TargetPlatform (40)
[2017.02.22-09.33.29:037][ 89]LogModuleManager: Shutting down and abandoning module Android_ETC1TargetPlatform (39)
[2017.02.22-09.33.29:037][ 89]LogModuleManager: Shutting down and abandoning module Android_DXTTargetPlatform (38)
[2017.02.22-09.33.29:037][ 89]LogModuleManager: Shutting down and abandoning module Android_ATCTargetPlatform (37)
[2017.02.22-09.33.29:037][ 89]LogModuleManager: Shutting down and abandoning module Android_ASTCTargetPlatform (36)
[2017.02.22-09.33.29:037][ 89]LogModuleManager: Shutting down and abandoning module AndroidTargetPlatform (35)
[2017.02.22-09.33.29:037][ 89]LogModuleManager: Shutting down and abandoning module WindowsTargetPlatform (34)
[2017.02.22-09.33.29:037][ 89]LogModuleManager: Shutting down and abandoning module WindowsServerTargetPlatform (33)
[2017.02.22-09.33.29:037][ 89]LogModuleManager: Shutting down and abandoning module WindowsNoEditorTargetPlatform (32)
[2017.02.22-09.33.29:037][ 89]LogModuleManager: Shutting down and abandoning module WindowsClientTargetPlatform (31)
[2017.02.22-09.33.29:037][ 89]LogModuleManager: Shutting down and abandoning module MacTargetPlatform (30)
[2017.02.22-09.33.29:037][ 89]LogModuleManager: Shutting down and abandoning module MacServerTargetPlatform (29)
[2017.02.22-09.33.29:037][ 89]LogModuleManager: Shutting down and abandoning module MacNoEditorTargetPlatform (28)
[2017.02.22-09.33.29:037][ 89]LogModuleManager: Shutting down and abandoning module MacClientTargetPlatform (27)
[2017.02.22-09.33.29:037][ 89]LogModuleManager: Shutting down and abandoning module AllDesktopTargetPlatform (26)
[2017.02.22-09.33.29:037][ 89]LogModuleManager: Shutting down and abandoning module TargetPlatform (25)
[2017.02.22-09.33.29:037][ 89]LogModuleManager: Shutting down and abandoning module InputCore (24)
[2017.02.22-09.33.29:037][ 89]LogModuleManager: Shutting down and abandoning module Settings (23)
[2017.02.22-09.33.29:037][ 89]LogModuleManager: Shutting down and abandoning module OculusRift (22)
[2017.02.22-09.33.29:037][ 89]LogModuleManager: Shutting down and abandoning module ExampleDeviceProfileSelector (21)
[2017.02.22-09.33.29:037][ 89]LogModuleManager: Shutting down and abandoning module OnlineBlueprintSupport (20)
[2017.02.22-09.33.29:037][ 89]LogModuleManager: Shutting down and abandoning module OnlineSubsystem (18)
[2017.02.22-09.33.29:037][ 89]LogOnline:Display: Unloading online subsystem: NULL
[2017.02.22-09.33.29:037][ 89]LogModuleManager: Shutting down and abandoning module SSL (17)
[2017.02.22-09.33.29:039][ 89]LogModuleManager: Shutting down and abandoning module HTTP (16)
[2017.02.22-09.33.29:039][ 89]LogModuleManager: Shutting down and abandoning module XMPP (15)
[2017.02.22-09.33.29:039][ 89]LogModuleManager: Shutting down and abandoning module TextureCompressor (14)
[2017.02.22-09.33.29:039][ 89]LogModuleManager: Shutting down and abandoning module ShaderCore (13)
[2017.02.22-09.33.29:039][ 89]LogModuleManager: Shutting down and abandoning module Landscape (12)
[2017.02.22-09.33.29:039][ 89]LogModuleManager: Shutting down and abandoning module SlateRHIRenderer (11)
[2017.02.22-09.33.29:040][ 89]LogModuleManager: Shutting down and abandoning module OpenGLDrv (10)
[2017.02.22-09.33.29:040][ 89]LogModuleManager: Shutting down and abandoning module D3D11RHI (9)
[2017.02.22-09.33.29:040][ 89]LogModuleManager: Shutting down and abandoning module AnimGraphRuntime (8)
[2017.02.22-09.33.29:040][ 89]LogModuleManager: Shutting down and abandoning module Renderer (7)
[2017.02.22-09.33.29:040][ 89]LogModuleManager: Shutting down and abandoning module Engine (6)
[2017.02.22-09.33.29:040][ 89]LogModuleManager: Shutting down and abandoning module CoreUObject (5)
[2017.02.22-09.33.29:040][ 89]LogModuleManager: Shutting down and abandoning module NetworkFile (4)
[2017.02.22-09.33.29:040][ 89]LogModuleManager: Shutting down and abandoning module StreamingFile (3)
[2017.02.22-09.33.29:041][ 89]LogModuleManager: Shutting down and abandoning module SandboxFile (2)
[2017.02.22-09.33.29:041][ 89]LogModuleManager: Shutting down and abandoning module PakFile (1)
[2017.02.22-09.33.29:043][ 89]LogExit: Exiting.
[2017.02.22-09.33.29:052][ 89]Log file closed, 02/22/17 17:33:29
