Log file open, 03/01/17 17:27:15
LogInit:Display: Running engine for game: PurgaStory
LogPlatformFile: Not using cached read wrapper
LogInit:Display: RandInit(-1979335803) SRandInit(-1979335803).
LogTaskGraph: Started task graph with 5 named threads and 6 total threads with 1 sets of task threads.
LogStats: Stats thread started at 0.058492
LogPluginManager: Loaded Plugin Paper2D, From C:/Program Files (x86)/Epic Games/4.14/Engine/Plugins/2D/Paper2D/Paper2D.uplugin
LogPluginManager: Loaded Plugin LightPropagationVolume, From C:/Program Files (x86)/Epic Games/4.14/Engine/Plugins/Blendables/LightPropagationVolume/LightPropagationVolume.uplugin
LogPluginManager: Loaded Plugin BlankPlugin, From C:/Program Files (x86)/Epic Games/4.14/Engine/Plugins/Developer/BlankPlugin/BlankPlugin.uplugin
LogPluginManager: Loaded Plugin CodeLiteSourceCodeAccess, From C:/Program Files (x86)/Epic Games/4.14/Engine/Plugins/Developer/CodeLiteSourceCodeAccess/CodeLiteSourceCodeAccess.uplugin
LogPluginManager: Loaded Plugin GitSourceControl, From C:/Program Files (x86)/Epic Games/4.14/Engine/Plugins/Developer/GitSourceControl/GitSourceControl.uplugin
LogPluginManager: Loaded Plugin KDevelopSourceCodeAccess, From C:/Program Files (x86)/Epic Games/4.14/Engine/Plugins/Developer/KDevelopSourceCodeAccess/KDevelopSourceCodeAccess.uplugin
LogPluginManager: Loaded Plugin NullSourceCodeAccess, From C:/Program Files (x86)/Epic Games/4.14/Engine/Plugins/Developer/NullSourceCodeAccess/NullSourceCodeAccess.uplugin
LogPluginManager: Loaded Plugin OneSkyLocalizationService, From C:/Program Files (x86)/Epic Games/4.14/Engine/Plugins/Developer/OneSkyLocalizationService/OneSkyLocalizationService.uplugin
LogPluginManager: Loaded Plugin PerforceSourceControl, From C:/Program Files (x86)/Epic Games/4.14/Engine/Plugins/Developer/PerforceSourceControl/PerforceSourceControl.uplugin
LogPluginManager: Loaded Plugin SubversionSourceControl, From C:/Program Files (x86)/Epic Games/4.14/Engine/Plugins/Developer/SubversionSourceControl/SubversionSourceControl.uplugin
LogPluginManager: Loaded Plugin UObjectPlugin, From C:/Program Files (x86)/Epic Games/4.14/Engine/Plugins/Developer/UObjectPlugin/UObjectPlugin.uplugin
LogPluginManager: Loaded Plugin VisualStudioSourceCodeAccess, From C:/Program Files (x86)/Epic Games/4.14/Engine/Plugins/Developer/VisualStudioSourceCodeAccess/VisualStudioSourceCodeAccess.uplugin
LogPluginManager: Loaded Plugin XCodeSourceCodeAccess, From C:/Program Files (x86)/Epic Games/4.14/Engine/Plugins/Developer/XCodeSourceCodeAccess/XCodeSourceCodeAccess.uplugin
LogPluginManager: Loaded Plugin AudioCapture, From C:/Program Files (x86)/Epic Games/4.14/Engine/Plugins/Editor/AudioCapture/AudioCapture.uplugin
LogPluginManager: Loaded Plugin EpicSurvey, From C:/Program Files (x86)/Epic Games/4.14/Engine/Plugins/Editor/EpicSurvey/EpicSurvey.uplugin
LogPluginManager: Loaded Plugin MacGraphicsSwitching, From C:/Program Files (x86)/Epic Games/4.14/Engine/Plugins/Editor/MacGraphicsSwitching/MacGraphicsSwitching.uplugin
LogPluginManager: Loaded Plugin MobileLauncherProfileWizard, From C:/Program Files (x86)/Epic Games/4.14/Engine/Plugins/Editor/MobileLauncherProfileWizard/MobileLauncherProfileWizard.uplugin
LogPluginManager: Loaded Plugin PluginBrowser, From C:/Program Files (x86)/Epic Games/4.14/Engine/Plugins/Editor/PluginBrowser/PluginBrowser.uplugin
LogPluginManager: Loaded Plugin SpeedTreeImporter, From C:/Program Files (x86)/Epic Games/4.14/Engine/Plugins/Editor/SpeedTreeImporter/SpeedTreeImporter.uplugin
LogPluginManager: Loaded Plugin SuperSearchEditor, From C:/Program Files (x86)/Epic Games/4.14/Engine/Plugins/Editor/SuperSearchEditor/SuperSearchEditor.uplugin
LogPluginManager: Loaded Plugin AlembicImporter, From C:/Program Files (x86)/Epic Games/4.14/Engine/Plugins/Experimental/AlembicImporter/AlembicImporter.uplugin
LogPluginManager: Loaded Plugin BlueprintStats, From C:/Program Files (x86)/Epic Games/4.14/Engine/Plugins/Experimental/BlueprintStats/BlueprintStats.uplugin
LogPluginManager: Loaded Plugin CharacterAI, From C:/Program Files (x86)/Epic Games/4.14/Engine/Plugins/Experimental/CharacterAI/CharacterAI.uplugin
LogPluginManager: Loaded Plugin CodeEditor, From C:/Program Files (x86)/Epic Games/4.14/Engine/Plugins/Experimental/CodeEditor/CodeEditor.uplugin
LogPluginManager: Loaded Plugin CodeView, From C:/Program Files (x86)/Epic Games/4.14/Engine/Plugins/Experimental/CodeView/CodeView.uplugin
LogPluginManager: Loaded Plugin HTML5Networking, From C:/Program Files (x86)/Epic Games/4.14/Engine/Plugins/Experimental/HTML5Networking/HTML5Networking.uplugin
LogPluginManager: Loaded Plugin OSVR, From C:/Program Files (x86)/Epic Games/4.14/Engine/Plugins/Experimental/OSVR/OSVR.uplugin
LogPluginManager: Loaded Plugin Phya, From C:/Program Files (x86)/Epic Games/4.14/Engine/Plugins/Experimental/Phya/Phya.uplugin
LogPluginManager: Loaded Plugin SignificanceManager, From C:/Program Files (x86)/Epic Games/4.14/Engine/Plugins/Experimental/SignificanceManager/SignificanceManager.uplugin
LogPluginManager: Loaded Plugin SimpleHMD, From C:/Program Files (x86)/Epic Games/4.14/Engine/Plugins/Experimental/SimpleHMD/SimpleHMD.uplugin
LogPluginManager: Loaded Plugin StereoPanorama, From C:/Program Files (x86)/Epic Games/4.14/Engine/Plugins/Experimental/StereoPanorama/StereoPanorama.uplugin
LogPluginManager: Loaded Plugin StructBox, From C:/Program Files (x86)/Epic Games/4.14/Engine/Plugins/Experimental/StructBox/StructBox.uplugin
LogPluginManager: Loaded Plugin AndroidMedia, From C:/Program Files (x86)/Epic Games/4.14/Engine/Plugins/Media/AndroidMedia/AndroidMedia.uplugin
LogPluginManager: Loaded Plugin AvfMedia, From C:/Program Files (x86)/Epic Games/4.14/Engine/Plugins/Media/AvfMedia/AvfMedia.uplugin
LogPluginManager: Loaded Plugin MediaPlayerEditor, From C:/Program Files (x86)/Epic Games/4.14/Engine/Plugins/Media/MediaPlayerEditor/MediaPlayerEditor.uplugin
LogPluginManager: Loaded Plugin WmfMedia, From C:/Program Files (x86)/Epic Games/4.14/Engine/Plugins/Media/WmfMedia/WmfMedia.uplugin
LogPluginManager: Loaded Plugin MessagingDebugger, From C:/Program Files (x86)/Epic Games/4.14/Engine/Plugins/Messaging/MessagingDebugger/MessagingDebugger.uplugin
LogPluginManager: Loaded Plugin TcpMessaging, From C:/Program Files (x86)/Epic Games/4.14/Engine/Plugins/Messaging/TcpMessaging/TcpMessaging.uplugin
LogPluginManager: Loaded Plugin UdpMessaging, From C:/Program Files (x86)/Epic Games/4.14/Engine/Plugins/Messaging/UdpMessaging/UdpMessaging.uplugin
LogPluginManager: Loaded Plugin LevelSequenceEditor, From C:/Program Files (x86)/Epic Games/4.14/Engine/Plugins/MovieScene/LevelSequenceEditor/LevelSequenceEditor.uplugin
LogPluginManager: Loaded Plugin MatineeToLevelSequence, From C:/Program Files (x86)/Epic Games/4.14/Engine/Plugins/MovieScene/MatineeToLevelSequence/MatineeToLevelSequence.uplugin
LogPluginManager: Loaded Plugin NetcodeUnitTest, From C:/Program Files (x86)/Epic Games/4.14/Engine/Plugins/NetcodeUnitTest/NetcodeUnitTest/NetcodeUnitTest.uplugin
LogPluginManager: Loaded Plugin NUTUnrealEngine4, From C:/Program Files (x86)/Epic Games/4.14/Engine/Plugins/NetcodeUnitTest/NUTUnrealEngine4/NUTUnrealEngine4.uplugin
LogPluginManager: Loaded Plugin OnlineSubsystemGameCircle, From C:/Program Files (x86)/Epic Games/4.14/Engine/Plugins/Online/Android/OnlineSubsystemGameCircle/OnlineSubsystemGameCircle.uplugin
LogPluginManager: Loaded Plugin OnlineSubsystemGooglePlay, From C:/Program Files (x86)/Epic Games/4.14/Engine/Plugins/Online/Android/OnlineSubsystemGooglePlay/OnlineSubsystemGooglePlay.uplugin
LogPluginManager: Loaded Plugin OnlineSubsystemIOS, From C:/Program Files (x86)/Epic Games/4.14/Engine/Plugins/Online/IOS/OnlineSubsystemIOS/OnlineSubsystemIOS.uplugin
LogPluginManager: Loaded Plugin OnlineFramework, From C:/Program Files (x86)/Epic Games/4.14/Engine/Plugins/Online/OnlineFramework/OnlineFramework.uplugin
LogPluginManager: Loaded Plugin OnlineSubsystem, From C:/Program Files (x86)/Epic Games/4.14/Engine/Plugins/Online/OnlineSubsystem/OnlineSubsystem.uplugin
LogPluginManager: Loaded Plugin OnlineSubsystemAmazon, From C:/Program Files (x86)/Epic Games/4.14/Engine/Plugins/Online/OnlineSubsystemAmazon/OnlineSubsystemAmazon.uplugin
LogPluginManager: Loaded Plugin OnlineSubsystemFacebook, From C:/Program Files (x86)/Epic Games/4.14/Engine/Plugins/Online/OnlineSubsystemFacebook/OnlineSubsystemFacebook.uplugin
LogPluginManager: Loaded Plugin OnlineSubsystemNull, From C:/Program Files (x86)/Epic Games/4.14/Engine/Plugins/Online/OnlineSubsystemNull/OnlineSubsystemNull.uplugin
LogPluginManager: Loaded Plugin OnlineSubsystemOculus, From C:/Program Files (x86)/Epic Games/4.14/Engine/Plugins/Online/OnlineSubsystemOculus/OnlineSubsystemOculus.uplugin
LogPluginManager: Loaded Plugin OnlineSubsystemSteam, From C:/Program Files (x86)/Epic Games/4.14/Engine/Plugins/Online/OnlineSubsystemSteam/OnlineSubsystemSteam.uplugin
LogPluginManager: Loaded Plugin OnlineSubsystemUtils, From C:/Program Files (x86)/Epic Games/4.14/Engine/Plugins/Online/OnlineSubsystemUtils/OnlineSubsystemUtils.uplugin
LogPluginManager: Loaded Plugin IOSTapJoy, From C:/Program Files (x86)/Epic Games/4.14/Engine/Plugins/Runtime/Advertising/IOSTapJoy/IOSTapJoy.uplugin
LogPluginManager: Loaded Plugin AnalyticsBlueprintLibrary, From C:/Program Files (x86)/Epic Games/4.14/Engine/Plugins/Runtime/Analytics/AnalyticsBlueprintLibrary/AnalyticsBlueprintLibrary.uplugin
LogPluginManager: Loaded Plugin AnalyticsMulticast, From C:/Program Files (x86)/Epic Games/4.14/Engine/Plugins/Runtime/Analytics/AnalyticsMulticast/AnalyticsMulticast.uplugin
LogPluginManager: Loaded Plugin Apsalar, From C:/Program Files (x86)/Epic Games/4.14/Engine/Plugins/Runtime/Analytics/Apsalar/Apsalar.uplugin
LogPluginManager: Loaded Plugin FileLogging, From C:/Program Files (x86)/Epic Games/4.14/Engine/Plugins/Runtime/Analytics/FileLogging/FileLogging.uplugin
LogPluginManager: Loaded Plugin Flurry, From C:/Program Files (x86)/Epic Games/4.14/Engine/Plugins/Runtime/Analytics/Flurry/Flurry.uplugin
LogPluginManager: Loaded Plugin AndroidDeviceProfileSelector, From C:/Program Files (x86)/Epic Games/4.14/Engine/Plugins/Runtime/AndroidDeviceProfileSelector/AndroidDeviceProfileSelector.uplugin
LogPluginManager: Loaded Plugin AndroidMoviePlayer, From C:/Program Files (x86)/Epic Games/4.14/Engine/Plugins/Runtime/AndroidMoviePlayer/AndroidMoviePlayer.uplugin
LogPluginManager: Loaded Plugin AppleMoviePlayer, From C:/Program Files (x86)/Epic Games/4.14/Engine/Plugins/Runtime/AppleMoviePlayer/AppleMoviePlayer.uplugin
LogPluginManager: Loaded Plugin ArchVisCharacter, From C:/Program Files (x86)/Epic Games/4.14/Engine/Plugins/Runtime/ArchVisCharacter/ArchVisCharacter.uplugin
LogPluginManager: Loaded Plugin CableComponent, From C:/Program Files (x86)/Epic Games/4.14/Engine/Plugins/Runtime/CableComponent/CableComponent.uplugin
LogPluginManager: Loaded Plugin CustomMeshComponent, From C:/Program Files (x86)/Epic Games/4.14/Engine/Plugins/Runtime/CustomMeshComponent/CustomMeshComponent.uplugin
LogPluginManager: Loaded Plugin ExampleDeviceProfileSelector, From C:/Program Files (x86)/Epic Games/4.14/Engine/Plugins/Runtime/ExampleDeviceProfileSelector/ExampleDeviceProfileSelector.uplugin
LogPluginManager: Loaded Plugin GearVR, From C:/Program Files (x86)/Epic Games/4.14/Engine/Plugins/Runtime/GearVR/GearVR.uplugin
LogPluginManager: Loaded Plugin GoogleVRController, From C:/Program Files (x86)/Epic Games/4.14/Engine/Plugins/Runtime/GoogleVR/GoogleVRController/GoogleVRController.uplugin
LogPluginManager: Loaded Plugin GoogleVRHMD, From C:/Program Files (x86)/Epic Games/4.14/Engine/Plugins/Runtime/GoogleVR/GoogleVRHMD/GoogleVRHMD.uplugin
LogPluginManager: Loaded Plugin IOSDeviceProfileSelector, From C:/Program Files (x86)/Epic Games/4.14/Engine/Plugins/Runtime/IOSDeviceProfileSelector/IOSDeviceProfileSelector.uplugin
LogPluginManager: Loaded Plugin LeapMotion, From C:/Program Files (x86)/Epic Games/4.14/Engine/Plugins/Runtime/LeapMotion/LeapMotion.uplugin
LogPluginManager: Loaded Plugin LinuxDeviceProfileSelector, From C:/Program Files (x86)/Epic Games/4.14/Engine/Plugins/Runtime/LinuxDeviceProfileSelector/LinuxDeviceProfileSelector.uplugin
LogPluginManager: Loaded Plugin MIDIDevice, From C:/Program Files (x86)/Epic Games/4.14/Engine/Plugins/Runtime/MIDIDevice/MIDIDevice.uplugin
LogPluginManager: Loaded Plugin MobilePatchingUtils, From C:/Program Files (x86)/Epic Games/4.14/Engine/Plugins/Runtime/MobilePatchingUtils/MobilePatchingUtils.uplugin
LogPluginManager: Loaded Plugin Ansel, From C:/Program Files (x86)/Epic Games/4.14/Engine/Plugins/Runtime/Nvidia/Ansel/Ansel.uplugin
LogPluginManager: Loaded Plugin OculusAudio, From C:/Program Files (x86)/Epic Games/4.14/Engine/Plugins/Runtime/OculusAudio/OculusAudio.uplugin
LogPluginManager: Loaded Plugin OculusInput, From C:/Program Files (x86)/Epic Games/4.14/Engine/Plugins/Runtime/OculusInput/OculusInput.uplugin
LogPluginManager: Loaded Plugin OculusLibrary, From C:/Program Files (x86)/Epic Games/4.14/Engine/Plugins/Runtime/OculusLibrary/OculusLibrary.uplugin
LogPluginManager: Loaded Plugin OculusRift, From C:/Program Files (x86)/Epic Games/4.14/Engine/Plugins/Runtime/OculusRift/OculusRift.uplugin
LogPluginManager: Loaded Plugin Oodle, From C:/Program Files (x86)/Epic Games/4.14/Engine/Plugins/Runtime/PacketHandlers/CompressionComponents/Oodle/Oodle.uplugin
LogPluginManager: Loaded Plugin ProceduralMeshComponent, From C:/Program Files (x86)/Epic Games/4.14/Engine/Plugins/Runtime/ProceduralMeshComponent/ProceduralMeshComponent.uplugin
LogPluginManager: Loaded Plugin SoundMod, From C:/Program Files (x86)/Epic Games/4.14/Engine/Plugins/Runtime/SoundMod/SoundMod.uplugin
LogPluginManager: Loaded Plugin SoundVisualizations, From C:/Program Files (x86)/Epic Games/4.14/Engine/Plugins/Runtime/SoundVisualizations/SoundVisualizations.uplugin
LogPluginManager: Loaded Plugin SteamController, From C:/Program Files (x86)/Epic Games/4.14/Engine/Plugins/Runtime/Steam/SteamController/SteamController.uplugin
LogPluginManager: Loaded Plugin SteamVR, From C:/Program Files (x86)/Epic Games/4.14/Engine/Plugins/Runtime/Steam/SteamVR/SteamVR.uplugin
LogPluginManager: Loaded Plugin WebBrowserWidget, From C:/Program Files (x86)/Epic Games/4.14/Engine/Plugins/Runtime/WebBrowserWidget/WebBrowserWidget.uplugin
LogPluginManager: Loaded Plugin WindowsDeviceProfileSelector, From C:/Program Files (x86)/Epic Games/4.14/Engine/Plugins/Runtime/WindowsDeviceProfileSelector/WindowsDeviceProfileSelector.uplugin
LogPluginManager: Loaded Plugin WindowsMoviePlayer, From C:/Program Files (x86)/Epic Games/4.14/Engine/Plugins/Runtime/WindowsMoviePlayer/WindowsMoviePlayer.uplugin
LogPluginManager: Loaded Plugin ScriptPlugin, From C:/Program Files (x86)/Epic Games/4.14/Engine/Plugins/ScriptPlugin/ScriptPlugin.uplugin
LogPluginManager: Loaded Plugin SlateRemote, From C:/Program Files (x86)/Epic Games/4.14/Engine/Plugins/Slate/SlateRemote/SlateRemote.uplugin
LogPluginManager: Loaded Plugin EditorTests, From C:/Program Files (x86)/Epic Games/4.14/Engine/Plugins/Tests/EditorTests/EditorTests.uplugin
LogPluginManager: Loaded Plugin FbxAutomationTestBuilder, From C:/Program Files (x86)/Epic Games/4.14/Engine/Plugins/Tests/FbxAutomationTestBuilder/FbxAutomationTestBuilder.uplugin
LogPluginManager: Loaded Plugin FunctionalTestingEditor, From C:/Program Files (x86)/Epic Games/4.14/Engine/Plugins/Tests/FunctionalTestingEditor/FunctionalTestingEditor.uplugin
LogPluginManager: Loaded Plugin RuntimeTests, From C:/Program Files (x86)/Epic Games/4.14/Engine/Plugins/Tests/RuntimeTests/RuntimeTests.uplugin
LogPluginManager: Loaded Plugin ScreenshotTools, From C:/Program Files (x86)/Epic Games/4.14/Engine/Plugins/Tests/ScreenshotTools/ScreenshotTools.uplugin
LogInit: Using libcurl 7.47.1
LogInit:  - built for x86_64-pc-win32
LogInit:  - supports SSL with OpenSSL/1.0.2g
LogInit:  - supports HTTP deflate (compression) using libz 1.2.8
LogInit:  - other features:
LogInit:      CURL_VERSION_SSL
LogInit:      CURL_VERSION_LIBZ
LogInit:      CURL_VERSION_IPV6
LogInit:      CURL_VERSION_ASYNCHDNS
LogInit:      CURL_VERSION_LARGEFILE
LogInit:      CURL_VERSION_IDN
LogInit:  CurlRequestOptions (configurable via config and command line):
LogInit:  - bVerifyPeer = false  - Libcurl will NOT verify peer certificate
LogInit:  - bUseHttpProxy = false  - Libcurl will NOT use HTTP proxy
LogInit:  - bDontReuseConnections = false  - Libcurl will reuse connections
LogInit:  - CertBundlePath = nullptr  - Libcurl will use whatever was configured at build time.
LogInit: Build: ++UE4+Release-4.14-CL-3249277
LogInit: Engine Version: 4.14.3-3249277+++UE4+Release-4.14
LogInit: Compatible Engine Version: 4.14.0-3195953+++UE4+Release-4.14
LogInit: Net CL: 3195953
LogDevObjectVersion: Number of dev versions registered: 13
LogDevObjectVersion:   Dev-Blueprints (B0D832E4-1F89-4F0D-ACCF-7EB736FD4AA2): 7
LogDevObjectVersion:   Dev-Build (E1C64328-A22C-4D53-A36C-8E866417BD8C): 0
LogDevObjectVersion:   Dev-Core (375EC13C-06E4-48FB-B500-84F0262A717E): 1
LogDevObjectVersion:   Dev-Editor (E4B068ED-F494-42E9-A231-DA0B2E46BB41): 8
LogDevObjectVersion:   Dev-Framework (CFFC743F-43B0-4480-9391-14DF171D2073): 17
LogDevObjectVersion:   Dev-Mobile (B02B49B5-BB20-44E9-A304-32B752E40360): 0
LogDevObjectVersion:   Dev-Networking (A4E4105C-59A1-49B5-A7C5-40C4547EDFEE): 0
LogDevObjectVersion:   Dev-Online (39C831C9-5AE6-47DC-9A44-9C173E1C8E7C): 0
LogDevObjectVersion:   Dev-Physics (78F01B33-EBEA-4F98-B9B4-84EACCB95AA2): 0
LogDevObjectVersion:   Dev-Platform (6631380F-2D4D-43E0-8009-CF276956A95A): 0
LogDevObjectVersion:   Dev-Rendering (12F88B9F-8875-4AFC-A67C-D90C383ABD29): 12
LogDevObjectVersion:   Dev-Sequencer (7B5AE74C-D270-4C10-A958-57980B212A5A): 1
LogDevObjectVersion:   Dev-VR (D7296918-1DD6-4BDD-9DE2-64A83CC13884): 0
LogInit: Compiled (64-bit): Jan  6 2017 10:49:43
LogInit: Compiled with Visual C++: 19.00.23026.00
LogInit: Build Configuration: Development
LogInit: Branch Name: ++UE4+Release-4.14
LogInit: Command line:  
LogInit: Base directory: C:/Program Files (x86)/Epic Games/4.14/Engine/Binaries/Win64/
LogInit: Installed Engine Build: 1
LogInit: Presizing for max 8388607 objects, including 0 objects not considered by GC, pre-allocating 0 bytes for permanent pool.
LogInit: Object subsystem initialized
[2017.03.01-09.27.15:452][  0]LogInit: Selected Device Profile: [Windows]
[2017.03.01-09.27.15:452][  0]LogInit: Applying CVar settings loaded from the selected device profile: [Windows]
[2017.03.01-09.27.15:487][  0]LogInit: Computer: EESHUAN
[2017.03.01-09.27.15:487][  0]LogInit: User: EeShuan
[2017.03.01-09.27.15:487][  0]LogInit: CPU Page size=65536, Cores=2
[2017.03.01-09.27.15:487][  0]LogInit: High frequency timer resolution =2.533199 MHz
[2017.03.01-09.27.15:487][  0]LogMemory: Memory total: Physical=7.9GB (8GB approx)
[2017.03.01-09.27.15:487][  0]LogMemory: Platform Memory Stats for Windows
[2017.03.01-09.27.15:487][  0]LogMemory: Process Physical Memory: 261.38 MB used, 261.38 MB peak
[2017.03.01-09.27.15:487][  0]LogMemory: Process Virtual Memory: 261.89 MB used, 261.89 MB peak
[2017.03.01-09.27.15:487][  0]LogMemory: Physical Memory: 6869.04 MB used,  1206.24 MB free, 8075.28 MB total
[2017.03.01-09.27.15:487][  0]LogMemory: Virtual Memory: 654.58 MB used,  1206.24 MB free, 134217728.00 MB total
[2017.03.01-09.27.16:111][  0]LogTextLocalizationManager: No specific translations for ('en-SG') exist, so ('en') translations will be used.
[2017.03.01-09.27.22:797][  0]LogD3D11RHI: D3D11 adapters:
[2017.03.01-09.27.22:844][  0]LogD3D11RHI:    0. 'NVIDIA GeForce 840M ' (Feature Level 11_0)
[2017.03.01-09.27.22:844][  0]LogD3D11RHI:       4003/0/4037 MB DedicatedVideo/DedicatedSystem/SharedSystem, Outputs:1, VendorId:0x10de
[2017.03.01-09.27.22:891][  0]LogD3D11RHI:    1. 'Intel(R) HD Graphics Family' (Feature Level 11_0)
[2017.03.01-09.27.22:891][  0]LogD3D11RHI:       32/0/1760 MB DedicatedVideo/DedicatedSystem/SharedSystem, Outputs:0, VendorId:0x8086
[2017.03.01-09.27.22:892][  0]LogD3D11RHI:    2. 'Microsoft Basic Render Driver' (Feature Level 11_0)
[2017.03.01-09.27.22:892][  0]LogD3D11RHI:       0/0/256 MB DedicatedVideo/DedicatedSystem/SharedSystem, Outputs:0, VendorId:0x1414
[2017.03.01-09.27.22:892][  0]LogD3D11RHI: Chosen D3D11 Adapter: 0
[2017.03.01-09.27.22:897][  0]LogD3D11RHI: Creating new Direct3DDevice
[2017.03.01-09.27.22:897][  0]LogD3D11RHI:     GPU DeviceId: 0x1341 (for the marketing name, search the web for "GPU Device Id")
[2017.03.01-09.27.22:897][  0]LogWindows: EnumDisplayDevices:
[2017.03.01-09.27.22:898][  0]LogWindows:    0. 'Intel(R) HD Graphics Family' (P:1 D:1)
[2017.03.01-09.27.22:898][  0]LogWindows:    1. 'Intel(R) HD Graphics Family' (P:0 D:0)
[2017.03.01-09.27.22:898][  0]LogWindows:    2. 'Intel(R) HD Graphics Family' (P:0 D:0)
[2017.03.01-09.27.22:899][  0]LogWindows: DebugString: PrimaryIsNotTheChoosenAdapter PrimaryIsNotTheChoosenAdapter PrimaryIsNotTheChoosenAdapter FoundDriverCount:0 
[2017.03.01-09.27.22:899][  0]LogD3D11RHI:     Adapter Name: NVIDIA GeForce 840M 
[2017.03.01-09.27.22:899][  0]LogD3D11RHI:   Driver Version: Unknown (internal:Unknown, unified:Unknown)
[2017.03.01-09.27.22:899][  0]LogD3D11RHI:      Driver Date: Unknown
[2017.03.01-09.27.22:899][  0]LogRHI: Texture pool is 1361 MB (70% of 1945 MB)
[2017.03.01-09.27.22:911][  0]LogD3D11RHI: Async texture creation enabled
[2017.03.01-09.27.22:927][  0]LogD3D11RHI: GPU Timing Frequency: 1000.000000 (Debug: 2 1)
[2017.03.01-09.27.22:928][  0]LogShaderCompilers: Guid format shader working directory is -13 characters bigger than the processId version (../../../../../../Users/EeShuan/Desktop/PurgaStory/PurgaStory/Intermediate/Shaders/WorkingDirectory/7776/).
[2017.03.01-09.27.22:932][  0]LogShaderCompilers: Cleaned the shader compiler working directory 'C:/Users/EeShuan/AppData/Local/Temp/UnrealShaderWorkingDir/1B13666D48F3D64ABE00868EB43B34E4/'.
[2017.03.01-09.27.22:932][  0]LogShaderCompilers:Display: Using Local Shader Compiler.
[2017.03.01-09.27.28:009][  0]LogTemp:Display: Loaded TP AllDesktopTargetPlatform
[2017.03.01-09.27.28:064][  0]LogTemp:Display: Loaded TP MacClientTargetPlatform
[2017.03.01-09.27.28:115][  0]LogTemp:Display: Loaded TP MacNoEditorTargetPlatform
[2017.03.01-09.27.28:166][  0]LogTemp:Display: Loaded TP MacServerTargetPlatform
[2017.03.01-09.27.28:235][  0]LogTemp:Display: Loaded TP MacTargetPlatform
[2017.03.01-09.27.28:285][  0]LogTemp:Display: Loaded TP WindowsClientTargetPlatform
[2017.03.01-09.27.28:336][  0]LogTemp:Display: Loaded TP WindowsNoEditorTargetPlatform
[2017.03.01-09.27.28:388][  0]LogTemp:Display: Loaded TP WindowsServerTargetPlatform
[2017.03.01-09.27.28:433][  0]LogTemp:Display: Loaded TP WindowsTargetPlatform
[2017.03.01-09.27.28:498][  0]LogTemp:Display: Loaded TP AndroidTargetPlatform
[2017.03.01-09.27.28:549][  0]LogTemp:Display: Loaded TP Android_ASTCTargetPlatform
[2017.03.01-09.27.28:597][  0]LogTemp:Display: Loaded TP Android_ATCTargetPlatform
[2017.03.01-09.27.28:647][  0]LogTemp:Display: Loaded TP Android_DXTTargetPlatform
[2017.03.01-09.27.28:715][  0]LogTemp:Display: Loaded TP Android_ETC1TargetPlatform
[2017.03.01-09.27.28:768][  0]LogTemp:Display: Loaded TP Android_ETC2TargetPlatform
[2017.03.01-09.27.28:867][  0]LogTemp:Display: Loaded TP Android_MultiTargetPlatform
[2017.03.01-09.27.28:867][  0]LogTemp:Display: Loaded TP Android_PVRTCTargetPlatform
[2017.03.01-09.27.28:911][  0]LogTemp:Display: Loaded TP HTML5TargetPlatform
[2017.03.01-09.27.29:035][  0]LogTemp:Display: Loaded TP IOSTargetPlatform
[2017.03.01-09.27.29:071][  0]LogTemp:Display: Loaded TP TVOSTargetPlatform
[2017.03.01-09.27.29:120][  0]LogTemp:Display: Loaded TP LinuxClientTargetPlatform
[2017.03.01-09.27.29:171][  0]LogTemp:Display: Loaded TP LinuxNoEditorTargetPlatform
[2017.03.01-09.27.29:220][  0]LogTemp:Display: Loaded TP LinuxServerTargetPlatform
[2017.03.01-09.27.29:311][  0]LogTemp:Display: Loaded TP LinuxTargetPlatform
[2017.03.01-09.27.29:311][  0]LogTargetPlatformManager:Display: Building Assets For Windows
[2017.03.01-09.27.30:025][  0]LogDerivedDataCache:Display: Max Cache Size: 512 MB
[2017.03.01-09.27.30:761][  0]LogDerivedDataCache: Loaded boot cache 0.71s 50MB C:/Users/EeShuan/AppData/Local/UnrealEngine/4.14/DerivedDataCache/Boot.ddc.
[2017.03.01-09.27.30:761][  0]LogDerivedDataCache:Display: Loaded Boot cache: C:/Users/EeShuan/AppData/Local/UnrealEngine/4.14/DerivedDataCache/Boot.ddc
[2017.03.01-09.27.30:761][  0]LogDerivedDataCache: FDerivedDataBackendGraph:  Pak pak cache file ../../../../../../Users/EeShuan/Desktop/PurgaStory/PurgaStory/DerivedDataCache/DDC.ddp not found, will not use a pak cache.
[2017.03.01-09.27.30:761][  0]LogDerivedDataCache: Unable to find inner node Pak for hierarchical cache Hierarchy.
[2017.03.01-09.27.30:761][  0]LogDerivedDataCache: FDerivedDataBackendGraph:  CompressedPak pak cache file ../../../../../../Users/EeShuan/Desktop/PurgaStory/PurgaStory/DerivedDataCache/Compressed.ddp not found, will not use a pak cache.
[2017.03.01-09.27.30:761][  0]LogDerivedDataCache: Unable to find inner node CompressedPak for hierarchical cache Hierarchy.
[2017.03.01-09.27.30:780][  0]LogDerivedDataCache:Display: Pak cache opened for reading ../../../Engine/DerivedDataCache/Compressed.ddp.
[2017.03.01-09.27.30:792][  0]LogDerivedDataCache: Using Local data cache path C:/Users/EeShuan/AppData/Local/UnrealEngine/Common/DerivedDataCache: Writable
[2017.03.01-09.27.31:596][  0]LogInit: Selected Device Profile: [Windows]
[2017.03.01-09.27.31:601][  0]LogContentStreaming: Texture pool size is 0.00 MB
[2017.03.01-09.27.31:805][  0]LogMeshUtilities: Using QuadricMeshReduction for automatic static mesh reduction
[2017.03.01-09.27.31:843][  0]LogSimplygon: Simplygon DLL not present - disabling.
[2017.03.01-09.27.31:893][  0]LogMeshUtilities: Using SimplygonSwarm for distributed automatic mesh merging
[2017.03.01-09.27.31:893][  0]LogMeshUtilities: No automatic skeletal mesh reduction module available
[2017.03.01-09.27.31:893][  0]LogMeshUtilities: No automatic mesh merging module available
[2017.03.01-09.27.32:689][  0]LogNetVersion: GetLocalNetworkVersion: CL: 3195953, ProjectName: purgastory, ProjectVersion: , EngineNetworkVersion: 2, GameNetworkVersion: 0, NetworkChecksum: 4090582873
[2017.03.01-09.27.32:778][  0]LogAssetRegistry: FAssetRegistry took 0.0217 seconds to start up
[2017.03.01-09.27.32:872][  0]LogPackageLocalizationCache: Processed 3 localized package path(s) for 2 prioritized culture(s) in 0.060818 seconds
[2017.03.01-09.27.32:879][  0]LogUObjectArray: 31946 objects as part of root set at end of initial load.
[2017.03.01-09.27.32:879][  0]LogUObjectAllocator: 6935840 out of 0 bytes used by permanent object pool.
[2017.03.01-09.27.32:879][  0]LogUObjectArray: CloseDisregardForGC: 0/0 objects in disregard for GC pool
[2017.03.01-09.27.32:935][  0]LogInit: WinSock: version 1.1 (2.2), MaxSocks=32767, MaxUdp=65467
[2017.03.01-09.27.33:995][  0]LogSlate: Using Freetype 2.6.0
[2017.03.01-09.27.33:997][  0]LogSlate: SlateFontCache - WITH_FREETYPE: 1, WITH_HARFBUZZ: 1
[2017.03.01-09.27.33:997][  0]LogSlate: SlateFontCache - WITH_FREETYPE: 1, WITH_HARFBUZZ: 1
[2017.03.01-09.27.37:273][  0]LogTcpMessaging: Initializing TcpMessaging bridge
[2017.03.01-09.27.37:387][  0]LogUdpMessaging: Initializing bridge on interface 0.0.0.0:0 to multicast group 230.0.0.1:6666.
[2017.03.01-09.27.38:169][  0]LogMaterial: Uniform references updated for custom material expression Custom.
[2017.03.01-09.27.38:840][  0]SourceControl: Info Source control is disabled
[2017.03.01-09.27.38:857][  0]SourceControl: Info Source control is disabled
[2017.03.01-09.27.38:922][  0]SourceControl: Info Source control is disabled
[2017.03.01-09.27.38:982][  0]SourceControl: Info Source control is disabled
[2017.03.01-09.27.40:413][  0]LogEngine: Initializing Engine...
[2017.03.01-09.27.40:413][  0]LogHMD: Failed to initialize OpenVR with code 110
[2017.03.01-09.27.40:640][  0]LogAIModule: Creating AISystem for world Untitled
[2017.03.01-09.27.40:646][  0]LogInit: XAudio2 using 'Speakers (Realtek High Definition Audio)' : 2 channels at 48 kHz using 32 bits per sample (channel mask 0x3)
[2017.03.01-09.27.40:653][  0]LogInit: FAudioDevice initialized.
[2017.03.01-09.27.40:680][  0]LogDerivedDataCache: Saved boot cache 0.03s 50MB C:/Users/EeShuan/AppData/Local/UnrealEngine/4.14/DerivedDataCache/Boot.ddc.
[2017.03.01-09.27.40:687][  0]LogInit: Texture streaming: Enabled
[2017.03.01-09.27.40:925][  0]LogInit: Transaction tracking system initialized
[2017.03.01-09.27.41:650][  0]BlueprintLog: New page: Editor Load
[2017.03.01-09.27.42:942][  0]LocalizationService: Info Localization service is disabled
[2017.03.01-09.27.43:611][  0]LogConsoleResponse:Display: 
[2017.03.01-09.27.43:861][  0]LogCook:Display: Max memory allowance for cook 16384mb min free memory 0mb
[2017.03.01-09.27.43:861][  0]LogCook:Display: Mobile HDR setting 1
[2017.03.01-09.27.44:566][  0]LogFileCache: Scanning file cache for directory 'C:/Users/EeShuan/Desktop/PurgaStory/PurgaStory/Content/' took 0.02s
[2017.03.01-09.27.44:954][  0]SourceControl: Info Source control is disabled
[2017.03.01-09.27.44:954][  0]Cmd: MAP LOAD FILE="../../../../../../Users/EeShuan/Desktop/PurgaStory/PurgaStory/Content/StarterContent/Maps/Minimal_Default.umap" TEMPLATE=0 SHOWPROGRESS=1 FEATURELEVEL=3
[2017.03.01-09.27.44:954][  0]LightingResults: New page: Lighting Build
[2017.03.01-09.27.45:019][  0]MapCheck: New page: Map Check
[2017.03.01-09.27.45:019][  0]LightingResults: New page: Lighting Build
[2017.03.01-09.27.46:048][  0]LogAIModule: Creating AISystem for world Minimal_Default
[2017.03.01-09.27.46:063][  0]LogEditorServer: Finished looking for orphan Actors (0.000 secs)
[2017.03.01-09.27.46:064][  0]Cmd: MAP CHECKDEP NOCLEARLOG
[2017.03.01-09.27.46:134][  0]MapCheck: Info Map check complete: 0 Error(s), 0 Warning(s), took 69.848ms to complete.
[2017.03.01-09.27.46:134][  0]LogFileHelpers: Loading map 'Minimal_Default' took 1.180
[2017.03.01-09.27.46:243][  0]LogCollectionManager: Loaded 0 collections in 0.021485 seconds
[2017.03.01-09.27.46:314][  0]LogFileCache: Scanning file cache for directory 'C:/Users/EeShuan/Desktop/PurgaStory/PurgaStory/Saved/Collections/' took 0.01s
[2017.03.01-09.27.46:314][  0]LogFileCache: Scanning file cache for directory 'C:/Users/EeShuan/Desktop/PurgaStory/PurgaStory/Content/Developers/EeShuan/Collections/' took 0.01s
[2017.03.01-09.27.46:314][  0]LogFileCache: Scanning file cache for directory 'C:/Users/EeShuan/Desktop/PurgaStory/PurgaStory/Content/Collections/' took 0.01s
[2017.03.01-09.27.46:314][  0]LogCollectionManager: Rebuilt the GUID cache for 0 collections in 0.000002 seconds
[2017.03.01-09.27.46:325][  0]LogContentBrowser: Native class hierarchy populated in 0.0103 seconds. Added 2190 classes and 428 folders.
[2017.03.01-09.27.46:361][  0]LogStats: UGameplayTagsManager::ConstructGameplayTagTree: Construct from data asset -  0.000 s
[2017.03.01-09.27.46:361][  0]LogStats: UGameplayTagsManager::ConstructGameplayTagTree: GameplayTagTreeChangedEvent.Broadcast -  0.000 s
[2017.03.01-09.27.46:362][  0]LogContentBrowser: Native class hierarchy updated for 'GameplayTags' in 0.0006 seconds. Added 13 classes and 0 folders.
[2017.03.01-09.27.46:419][  0]LogContentBrowser: Native class hierarchy updated for 'WidgetCarousel' in 0.0005 seconds. Added 0 classes and 0 folders.
[2017.03.01-09.27.46:583][  0]LogContentBrowser: Native class hierarchy updated for 'AddContentDialog' in 0.0005 seconds. Added 0 classes and 0 folders.
[2017.03.01-09.27.46:696][  0]LogContentBrowser: Native class hierarchy updated for 'SceneOutliner' in 0.0006 seconds. Added 1 classes and 2 folders.
[2017.03.01-09.27.46:832][  0]LogCrashTracker: Crashtracker disabled due to settings.
[2017.03.01-09.27.46:838][  0]LogUObjectGlobals:Warning: Failed to find object 'Class None.'
[2017.03.01-09.27.46:906][  0]LogContentBrowser: Native class hierarchy updated for 'HierarchicalLODOutliner' in 0.0006 seconds. Added 1 classes and 2 folders.
[2017.03.01-09.27.46:906][  0]LogLoad: (Engine Initialization) Total time: 33.63 seconds
[2017.03.01-09.27.46:906][  0]LogLoad: (Engine Initialization) Total Blueprint compile time: 0.17 seconds
[2017.03.01-09.27.46:906][  0]LogExternalProfiler: No external profilers were discovered.  External profiling features will not be available.
[2017.03.01-09.27.47:246][  0]LogOcInput: OculusInput pre-init called
[2017.03.01-09.27.47:265][  0]LogContentStreaming: Texture pool size now 1000 MB
[2017.03.01-09.27.47:573][  0]LogRenderer: Reallocating scene render targets to support 824x612 NumSamples 1 (Frame:2).
[2017.03.01-09.27.49:713][  4]LogAssetRegistry: Asset discovery search completed in 16.9573 seconds
[2017.03.01-09.27.49:713][  4]LogCollectionManager: Rebuilt the object cache for 0 collections in 0.000002 seconds (found 0 objects)
[2017.03.01-09.27.49:713][  4]LogCollectionManager: Fixed up redirectors for 0 collections in 0.000037 seconds (updated 0 objects)
[2017.03.01-09.28.00:319][323]LogTemp: Repeting last play command: New Editor Window (PIE)
[2017.03.01-09.28.00:333][323]LogBlueprintUserMessages: Early PlayInEditor Detection: Level '/Game/StarterContent/Maps/Minimal_Default.Minimal_Default:PersistentLevel' has LevelScriptBlueprint '/Game/StarterContent/Maps/Minimal_Default.Minimal_Default:PersistentLevel.Minimal_Default' with GeneratedClass '/Game/StarterContent/Maps/Minimal_Default.Minimal_Default_C' with ClassGeneratedBy '/Game/StarterContent/Maps/Minimal_Default.Minimal_Default:PersistentLevel.Minimal_Default'
[2017.03.01-09.28.00:333][323]LogPlayLevel: PlayLevel: No blueprints needed recompiling
[2017.03.01-09.28.00:333][323]PIE: New page: PIE session: Minimal_Default (2 Mar 2017 1:28:00 am)
[2017.03.01-09.28.00:334][323]LogPlayLevel: Creating play world package: /Game/StarterContent/Maps/UEDPIE_0_Minimal_Default
[2017.03.01-09.28.00:341][323]LogPlayLevel: PIE: StaticDuplicateObject took: (0.007179s)
[2017.03.01-09.28.00:342][323]LogAIModule: Creating AISystem for world Minimal_Default
[2017.03.01-09.28.00:342][323]LogPlayLevel: PIE: World Init took: (0.000923s)
[2017.03.01-09.28.00:342][323]LogPlayLevel: PIE: Created PIE world by copying editor world from /Game/StarterContent/Maps/Minimal_Default.Minimal_Default to /Game/StarterContent/Maps/UEDPIE_0_Minimal_Default.Minimal_Default (0.008400s)
[2017.03.01-09.28.00:375][323]LogInit: XAudio2 using 'Speakers (Realtek High Definition Audio)' : 2 channels at 48 kHz using 32 bits per sample (channel mask 0x3)
[2017.03.01-09.28.00:384][323]LogInit: FAudioDevice initialized.
[2017.03.01-09.28.00:439][323]LogLoad: Game class is 'BP_GameMode_C'
[2017.03.01-09.28.00:441][323]LogWorld: Bringing World /Game/StarterContent/Maps/UEDPIE_0_Minimal_Default.Minimal_Default up for play (max tick rate 60) at 2017.03.01-17.28.00
[2017.03.01-09.28.00:441][323]LogWorld: Bringing up level for play took: 0.001796
[2017.03.01-09.28.00:482][323]LogContentBrowser: Native class hierarchy updated for 'MovieSceneCapture' in 0.0006 seconds. Added 11 classes and 0 folders.
[2017.03.01-09.28.00:505][323]LogBlueprintUserMessages: [BP_Character_C_0] Hello
[2017.03.01-09.28.00:527][323]PIE: Info Play in editor start time for /Game/StarterContent/Maps/UEDPIE_0_Minimal_Default -0.371
[2017.03.01-09.28.00:527][323]LogBlueprintUserMessages: Late PlayInEditor Detection: Level '/Game/StarterContent/Maps/Minimal_Default.Minimal_Default:PersistentLevel' has LevelScriptBlueprint '/Game/StarterContent/Maps/Minimal_Default.Minimal_Default:PersistentLevel.Minimal_Default' with GeneratedClass '/Game/StarterContent/Maps/Minimal_Default.Minimal_Default_C' with ClassGeneratedBy '/Game/StarterContent/Maps/Minimal_Default.Minimal_Default:PersistentLevel.Minimal_Default'
[2017.03.01-09.28.00:610][323]LogRenderer: Reallocating scene render targets to support 1292x756 NumSamples 1 (Frame:301).
[2017.03.01-09.28.04:712][482]LogBlueprintUserMessages: Early EndPlayMap Detection: Level '/Game/StarterContent/Maps/Minimal_Default.Minimal_Default:PersistentLevel' has LevelScriptBlueprint '/Game/StarterContent/Maps/Minimal_Default.Minimal_Default:PersistentLevel.Minimal_Default' with GeneratedClass '/Game/StarterContent/Maps/Minimal_Default.Minimal_Default_C' with ClassGeneratedBy '/Game/StarterContent/Maps/Minimal_Default.Minimal_Default:PersistentLevel.Minimal_Default'
[2017.03.01-09.28.04:793][482]LogBlueprintUserMessages: Late EndPlayMap Detection: Level '/Game/StarterContent/Maps/Minimal_Default.Minimal_Default:PersistentLevel' has LevelScriptBlueprint '/Game/StarterContent/Maps/Minimal_Default.Minimal_Default:PersistentLevel.Minimal_Default' with GeneratedClass '/Game/StarterContent/Maps/Minimal_Default.Minimal_Default_C' with ClassGeneratedBy '/Game/StarterContent/Maps/Minimal_Default.Minimal_Default:PersistentLevel.Minimal_Default'
[2017.03.01-09.28.18:938][183]LogContentBrowser: Native class hierarchy updated for 'BlueprintGraph' in 0.0010 seconds. Added 111 classes and 0 folders.
[2017.03.01-09.29.45:478][250]LogTemp: Repeting last play command: New Editor Window (PIE)
[2017.03.01-09.29.45:514][250]LogBlueprintUserMessages: Early PlayInEditor Detection: Level '/Game/StarterContent/Maps/Minimal_Default.Minimal_Default:PersistentLevel' has LevelScriptBlueprint '/Game/StarterContent/Maps/Minimal_Default.Minimal_Default:PersistentLevel.Minimal_Default' with GeneratedClass '/Game/StarterContent/Maps/Minimal_Default.Minimal_Default_C' with ClassGeneratedBy '/Game/StarterContent/Maps/Minimal_Default.Minimal_Default:PersistentLevel.Minimal_Default'
[2017.03.01-09.29.45:514][250]LogPlayLevel: PlayLevel: No blueprints needed recompiling
[2017.03.01-09.29.45:514][250]PIE: New page: PIE session: Minimal_Default (2 Mar 2017 1:29:45 am)
[2017.03.01-09.29.45:514][250]LogPlayLevel: Creating play world package: /Game/StarterContent/Maps/UEDPIE_0_Minimal_Default
[2017.03.01-09.29.45:523][250]LogPlayLevel: PIE: StaticDuplicateObject took: (0.009091s)
[2017.03.01-09.29.45:524][250]LogAIModule: Creating AISystem for world Minimal_Default
[2017.03.01-09.29.45:525][250]LogPlayLevel: PIE: World Init took: (0.001348s)
[2017.03.01-09.29.45:525][250]LogPlayLevel: PIE: Created PIE world by copying editor world from /Game/StarterContent/Maps/Minimal_Default.Minimal_Default to /Game/StarterContent/Maps/UEDPIE_0_Minimal_Default.Minimal_Default (0.010796s)
[2017.03.01-09.29.45:586][250]LogInit: XAudio2 using 'Speakers (Realtek High Definition Audio)' : 2 channels at 48 kHz using 32 bits per sample (channel mask 0x3)
[2017.03.01-09.29.45:593][250]LogInit: FAudioDevice initialized.
[2017.03.01-09.29.45:638][250]LogLoad: Game class is 'BP_GameMode_C'
[2017.03.01-09.29.45:640][250]LogWorld: Bringing World /Game/StarterContent/Maps/UEDPIE_0_Minimal_Default.Minimal_Default up for play (max tick rate 60) at 2017.03.01-17.29.45
[2017.03.01-09.29.45:640][250]LogWorld: Bringing up level for play took: 0.001889
[2017.03.01-09.29.45:643][250]LogBlueprintUserMessages: [BP_Character_C_0] Hello
[2017.03.01-09.29.45:649][250]PIE: Info Play in editor start time for /Game/StarterContent/Maps/UEDPIE_0_Minimal_Default 0.751
[2017.03.01-09.29.45:649][250]LogBlueprintUserMessages: Late PlayInEditor Detection: Level '/Game/StarterContent/Maps/Minimal_Default.Minimal_Default:PersistentLevel' has LevelScriptBlueprint '/Game/StarterContent/Maps/Minimal_Default.Minimal_Default:PersistentLevel.Minimal_Default' with GeneratedClass '/Game/StarterContent/Maps/Minimal_Default.Minimal_Default_C' with ClassGeneratedBy '/Game/StarterContent/Maps/Minimal_Default.Minimal_Default:PersistentLevel.Minimal_Default'
[2017.03.01-09.29.46:546][279]LogBlueprintUserMessages: Early EndPlayMap Detection: Level '/Game/StarterContent/Maps/Minimal_Default.Minimal_Default:PersistentLevel' has LevelScriptBlueprint '/Game/StarterContent/Maps/Minimal_Default.Minimal_Default:PersistentLevel.Minimal_Default' with GeneratedClass '/Game/StarterContent/Maps/Minimal_Default.Minimal_Default_C' with ClassGeneratedBy '/Game/StarterContent/Maps/Minimal_Default.Minimal_Default:PersistentLevel.Minimal_Default'
[2017.03.01-09.29.46:628][279]LogBlueprintUserMessages: Late EndPlayMap Detection: Level '/Game/StarterContent/Maps/Minimal_Default.Minimal_Default:PersistentLevel' has LevelScriptBlueprint '/Game/StarterContent/Maps/Minimal_Default.Minimal_Default:PersistentLevel.Minimal_Default' with GeneratedClass '/Game/StarterContent/Maps/Minimal_Default.Minimal_Default_C' with ClassGeneratedBy '/Game/StarterContent/Maps/Minimal_Default.Minimal_Default:PersistentLevel.Minimal_Default'
[2017.03.01-09.29.54:950][627]LogTemp: Repeting last play command: New Editor Window (PIE)
[2017.03.01-09.29.54:971][627]LogBlueprintUserMessages: Early PlayInEditor Detection: Level '/Game/StarterContent/Maps/Minimal_Default.Minimal_Default:PersistentLevel' has LevelScriptBlueprint '/Game/StarterContent/Maps/Minimal_Default.Minimal_Default:PersistentLevel.Minimal_Default' with GeneratedClass '/Game/StarterContent/Maps/Minimal_Default.Minimal_Default_C' with ClassGeneratedBy '/Game/StarterContent/Maps/Minimal_Default.Minimal_Default:PersistentLevel.Minimal_Default'
[2017.03.01-09.29.54:971][627]BlueprintLog: New page: Pre-Play auto-recompile
[2017.03.01-09.29.54:971][627]LogPlayLevel: [PlayLevel] Compiling BP_Character before play...
[2017.03.01-09.29.55:110][627]LogPlayLevel: PlayLevel: Blueprint regeneration took 139 ms (1 blueprints)
[2017.03.01-09.29.55:110][627]PIE: New page: PIE session: Minimal_Default (2 Mar 2017 1:29:55 am)
[2017.03.01-09.29.55:110][627]LogPlayLevel: Creating play world package: /Game/StarterContent/Maps/UEDPIE_0_Minimal_Default
[2017.03.01-09.29.55:117][627]LogPlayLevel: PIE: StaticDuplicateObject took: (0.006285s)
[2017.03.01-09.29.55:117][627]LogAIModule: Creating AISystem for world Minimal_Default
[2017.03.01-09.29.55:118][627]LogPlayLevel: PIE: World Init took: (0.000857s)
[2017.03.01-09.29.55:118][627]LogPlayLevel: PIE: Created PIE world by copying editor world from /Game/StarterContent/Maps/Minimal_Default.Minimal_Default to /Game/StarterContent/Maps/UEDPIE_0_Minimal_Default.Minimal_Default (0.007428s)
[2017.03.01-09.29.55:153][627]LogInit: XAudio2 using 'Speakers (Realtek High Definition Audio)' : 2 channels at 48 kHz using 32 bits per sample (channel mask 0x3)
[2017.03.01-09.29.55:158][627]LogInit: FAudioDevice initialized.
[2017.03.01-09.29.55:202][627]LogLoad: Game class is 'BP_GameMode_C'
[2017.03.01-09.29.55:204][627]LogWorld: Bringing World /Game/StarterContent/Maps/UEDPIE_0_Minimal_Default.Minimal_Default up for play (max tick rate 60) at 2017.03.01-17.29.55
[2017.03.01-09.29.55:204][627]LogWorld: Bringing up level for play took: 0.001432
[2017.03.01-09.29.55:211][627]PIE: Info Play in editor start time for /Game/StarterContent/Maps/UEDPIE_0_Minimal_Default 0.313
[2017.03.01-09.29.55:211][627]LogBlueprintUserMessages: Late PlayInEditor Detection: Level '/Game/StarterContent/Maps/Minimal_Default.Minimal_Default:PersistentLevel' has LevelScriptBlueprint '/Game/StarterContent/Maps/Minimal_Default.Minimal_Default:PersistentLevel.Minimal_Default' with GeneratedClass '/Game/StarterContent/Maps/Minimal_Default.Minimal_Default_C' with ClassGeneratedBy '/Game/StarterContent/Maps/Minimal_Default.Minimal_Default:PersistentLevel.Minimal_Default'
[2017.03.01-09.30.00:236][785]LogBlueprintUserMessages: Early EndPlayMap Detection: Level '/Game/StarterContent/Maps/Minimal_Default.Minimal_Default:PersistentLevel' has LevelScriptBlueprint '/Game/StarterContent/Maps/Minimal_Default.Minimal_Default:PersistentLevel.Minimal_Default' with GeneratedClass '/Game/StarterContent/Maps/Minimal_Default.Minimal_Default_C' with ClassGeneratedBy '/Game/StarterContent/Maps/Minimal_Default.Minimal_Default:PersistentLevel.Minimal_Default'
[2017.03.01-09.30.00:318][785]LogBlueprintUserMessages: Late EndPlayMap Detection: Level '/Game/StarterContent/Maps/Minimal_Default.Minimal_Default:PersistentLevel' has LevelScriptBlueprint '/Game/StarterContent/Maps/Minimal_Default.Minimal_Default:PersistentLevel.Minimal_Default' with GeneratedClass '/Game/StarterContent/Maps/Minimal_Default.Minimal_Default_C' with ClassGeneratedBy '/Game/StarterContent/Maps/Minimal_Default.Minimal_Default:PersistentLevel.Minimal_Default'
[2017.03.01-09.35.41:331][276]LogSkeletalMesh: InitArticulated: Bodies already created (/Engine/Transient.DebugSkelMeshComponent_0) - call TermArticulated first.
[2017.03.01-09.36.32:998][694]Cmd: OBJ SAVEPACKAGE PACKAGE="/Game/Character/BP_CharacterAnim" FILE="../../../../../../Users/EeShuan/Desktop/PurgaStory/PurgaStory/Content/Character/BP_CharacterAnim.uasset" SILENT=true
[2017.03.01-09.36.33:025][694]LogSavePackage: Save=24.47ms
[2017.03.01-09.36.33:025][694]LogSavePackage: Moving '../../../../../../Users/EeShuan/Desktop/PurgaStory/PurgaStory/Saved/BP_CharacterAnim66B771AE4D5BB3B5C3991FA36F798A5D.tmp' to '../../../../../../Users/EeShuan/Desktop/PurgaStory/PurgaStory/Content/Character/BP_CharacterAnim.uasset'
[2017.03.01-09.36.33:029][694]LogSavePackage:Display: Finished SavePackage ../../../../../../Users/EeShuan/Desktop/PurgaStory/PurgaStory/Content/Character/BP_CharacterAnim.uasset
[2017.03.01-09.38.32:782][576]LogFileHelpers: Editor autosave (incl. sublevels) for '/Game/StarterContent/Maps/Minimal_Default' took 0.053
[2017.03.01-09.38.32:784][576]OBJ SavePackage: Generating thumbnails for [1] asset(s) in package [/Game/Character/BP_Character] ([1] browsable assets)...
[2017.03.01-09.38.32:857][576]OBJ SavePackage:     Rendered thumbnail for [Blueprint /Game/Character/BP_Character.BP_Character]
[2017.03.01-09.38.32:857][576]OBJ SavePackage: Finished generating thumbnails for package [/Game/Character/BP_Character]
[2017.03.01-09.38.32:904][576]LogSavePackage: Save=35.68ms
[2017.03.01-09.38.32:904][576]LogSavePackage: Moving '../../../../../../Users/EeShuan/Desktop/PurgaStory/PurgaStory/Saved/BP_Character_Auto1608803CC47A77AE8EC2E81982E4105C8.tmp' to '../../../../../../Users/EeShuan/Desktop/PurgaStory/PurgaStory/Saved/Autosaves/Game/Character/BP_Character_Auto1.uasset'
[2017.03.01-09.38.32:905][576]LogSavePackage:Display: Finished SavePackage ../../../../../../Users/EeShuan/Desktop/PurgaStory/PurgaStory/Saved/Autosaves/Game/Character/BP_Character_Auto1.uasset
[2017.03.01-09.38.32:906][576]OBJ SavePackage: Generating thumbnails for [1] asset(s) in package [/Game/Character/BP_CharacterAnim] ([1] browsable assets)...
[2017.03.01-09.38.32:988][576]OBJ SavePackage:     Rendered thumbnail for [AnimBlueprint /Game/Character/BP_CharacterAnim.BP_CharacterAnim]
[2017.03.01-09.38.32:988][576]OBJ SavePackage: Finished generating thumbnails for package [/Game/Character/BP_CharacterAnim]
[2017.03.01-09.38.33:023][576]LogSavePackage: Save=24.89ms
[2017.03.01-09.38.33:023][576]LogSavePackage: Moving '../../../../../../Users/EeShuan/Desktop/PurgaStory/PurgaStory/Saved/BP_CharacterAnim_Auto1879F7E31402DBB27FEBEFA91D3354D0F.tmp' to '../../../../../../Users/EeShuan/Desktop/PurgaStory/PurgaStory/Saved/Autosaves/Game/Character/BP_CharacterAnim_Auto1.uasset'
[2017.03.01-09.38.33:024][576]LogSavePackage:Display: Finished SavePackage ../../../../../../Users/EeShuan/Desktop/PurgaStory/PurgaStory/Saved/Autosaves/Game/Character/BP_CharacterAnim_Auto1.uasset
[2017.03.01-09.38.33:024][576]LogFileHelpers: Auto-saving content packages took 0.242
[2017.03.01-09.41.18:047][375]Cmd: OBJ SAVEPACKAGE PACKAGE="/Game/Character/BP_CharacterAnim" FILE="../../../../../../Users/EeShuan/Desktop/PurgaStory/PurgaStory/Content/Character/BP_CharacterAnim.uasset" SILENT=true
[2017.03.01-09.41.18:114][375]LogSavePackage: Save=56.36ms
[2017.03.01-09.41.18:114][375]LogSavePackage: Moving '../../../../../../Users/EeShuan/Desktop/PurgaStory/PurgaStory/Saved/BP_CharacterAnim42828B294F9A201EA26B9EA0AD0E0A1A.tmp' to '../../../../../../Users/EeShuan/Desktop/PurgaStory/PurgaStory/Content/Character/BP_CharacterAnim.uasset'
[2017.03.01-09.41.18:124][375]LogSavePackage:Display: Finished SavePackage ../../../../../../Users/EeShuan/Desktop/PurgaStory/PurgaStory/Content/Character/BP_CharacterAnim.uasset
[2017.03.01-09.41.53:636][730]LogContentBrowser:Verbose: The majority of assets in the view are of type: AnimSequence
[2017.03.01-09.42.15:299][301]BlueprintLog: New page: Compile BP_CharacterAnim
[2017.03.01-09.45.38:696][352]LogSavePackage: Save=15.21ms
[2017.03.01-09.45.38:696][352]LogSavePackage: Moving '../../../../../../Users/EeShuan/Desktop/PurgaStory/PurgaStory/Saved/Player_Attack_17FE2B676417AE5E8D1B4C19C3684F458.tmp' to '../../../../../../Users/EeShuan/Desktop/PurgaStory/PurgaStory/Content/Character/Animations/Player_Attack_1.uasset'
[2017.03.01-09.45.38:698][352]LogSavePackage:Display: Finished SavePackage ../../../../../../Users/EeShuan/Desktop/PurgaStory/PurgaStory/Content/Character/Animations/Player_Attack_1.uasset
[2017.03.01-09.45.38:763][352]LogSavePackage: Save=13.75ms
[2017.03.01-09.45.38:763][352]LogSavePackage: Moving '../../../../../../Users/EeShuan/Desktop/PurgaStory/PurgaStory/Saved/Player_Attack_29FE948F148D216C29D65B0BEFD4CFD0D.tmp' to '../../../../../../Users/EeShuan/Desktop/PurgaStory/PurgaStory/Content/Character/Animations/Player_Attack_2.uasset'
[2017.03.01-09.45.38:765][352]LogSavePackage:Display: Finished SavePackage ../../../../../../Users/EeShuan/Desktop/PurgaStory/PurgaStory/Content/Character/Animations/Player_Attack_2.uasset
[2017.03.01-09.45.38:817][352]LogSavePackage: Save=14.26ms
[2017.03.01-09.45.38:817][352]LogSavePackage: Moving '../../../../../../Users/EeShuan/Desktop/PurgaStory/PurgaStory/Saved/Player_Idle_RelaxedC79062B2443D3CB3512203AF75AE63DA.tmp' to '../../../../../../Users/EeShuan/Desktop/PurgaStory/PurgaStory/Content/Character/Animations/Player_Idle_Relaxed.uasset'
[2017.03.01-09.45.38:819][352]LogSavePackage:Display: Finished SavePackage ../../../../../../Users/EeShuan/Desktop/PurgaStory/PurgaStory/Content/Character/Animations/Player_Idle_Relaxed.uasset
[2017.03.01-09.45.38:872][352]LogSavePackage: Save=14.57ms
[2017.03.01-09.45.38:872][352]LogSavePackage: Moving '../../../../../../Users/EeShuan/Desktop/PurgaStory/PurgaStory/Saved/Player_Idle_Start677C9B6841C8342C0993529EC00B35FE.tmp' to '../../../../../../Users/EeShuan/Desktop/PurgaStory/PurgaStory/Content/Character/Animations/Player_Idle_Start.uasset'
[2017.03.01-09.45.38:875][352]LogSavePackage:Display: Finished SavePackage ../../../../../../Users/EeShuan/Desktop/PurgaStory/PurgaStory/Content/Character/Animations/Player_Idle_Start.uasset
[2017.03.01-09.45.38:927][352]LogSavePackage: Save=13.99ms
[2017.03.01-09.45.38:927][352]LogSavePackage: Moving '../../../../../../Users/EeShuan/Desktop/PurgaStory/PurgaStory/Saved/Player_Run_Backward45EE1DF14D90A1A63F7F1B91200969D9.tmp' to '../../../../../../Users/EeShuan/Desktop/PurgaStory/PurgaStory/Content/Character/Animations/Player_Run_Backward.uasset'
[2017.03.01-09.45.38:929][352]LogSavePackage:Display: Finished SavePackage ../../../../../../Users/EeShuan/Desktop/PurgaStory/PurgaStory/Content/Character/Animations/Player_Run_Backward.uasset
[2017.03.01-09.45.39:002][352]LogSavePackage: Save=35.85ms
[2017.03.01-09.45.39:002][352]LogSavePackage: Moving '../../../../../../Users/EeShuan/Desktop/PurgaStory/PurgaStory/Saved/Player_Run_ForwardCBC1CA2E40FCC2F46F7371B945B62D54.tmp' to '../../../../../../Users/EeShuan/Desktop/PurgaStory/PurgaStory/Content/Character/Animations/Player_Run_Forward.uasset'
[2017.03.01-09.45.39:005][352]LogSavePackage:Display: Finished SavePackage ../../../../../../Users/EeShuan/Desktop/PurgaStory/PurgaStory/Content/Character/Animations/Player_Run_Forward.uasset
[2017.03.01-09.45.39:055][352]LogSavePackage: Save=16.53ms
[2017.03.01-09.45.39:055][352]LogSavePackage: Moving '../../../../../../Users/EeShuan/Desktop/PurgaStory/PurgaStory/Saved/Player_Run_LeftF6FE08C34181EA0898D926A050BEAE2E.tmp' to '../../../../../../Users/EeShuan/Desktop/PurgaStory/PurgaStory/Content/Character/Animations/Player_Run_Left.uasset'
[2017.03.01-09.45.39:058][352]LogSavePackage:Display: Finished SavePackage ../../../../../../Users/EeShuan/Desktop/PurgaStory/PurgaStory/Content/Character/Animations/Player_Run_Left.uasset
[2017.03.01-09.45.39:109][352]LogSavePackage: Save=13.99ms
[2017.03.01-09.45.39:109][352]LogSavePackage: Moving '../../../../../../Users/EeShuan/Desktop/PurgaStory/PurgaStory/Saved/Player_Run_Right393ADCED432B0798E4265FA7AA153AFC.tmp' to '../../../../../../Users/EeShuan/Desktop/PurgaStory/PurgaStory/Content/Character/Animations/Player_Run_Right.uasset'
[2017.03.01-09.45.39:111][352]LogSavePackage:Display: Finished SavePackage ../../../../../../Users/EeShuan/Desktop/PurgaStory/PurgaStory/Content/Character/Animations/Player_Run_Right.uasset
[2017.03.01-09.45.39:811][352]Cmd: OBJ SAVEPACKAGE PACKAGE="/Game/Character/BP_Character" FILE="../../../../../../Users/EeShuan/Desktop/PurgaStory/PurgaStory/Content/Character/BP_Character.uasset" SILENT=true
[2017.03.01-09.45.39:838][352]LogSavePackage: Save=19.39ms
[2017.03.01-09.45.39:838][352]LogSavePackage: Moving '../../../../../../Users/EeShuan/Desktop/PurgaStory/PurgaStory/Saved/BP_Character2E9A38A94153247072CABD87FB3171D5.tmp' to '../../../../../../Users/EeShuan/Desktop/PurgaStory/PurgaStory/Content/Character/BP_Character.uasset'
[2017.03.01-09.45.39:841][352]LogSavePackage:Display: Finished SavePackage ../../../../../../Users/EeShuan/Desktop/PurgaStory/PurgaStory/Content/Character/BP_Character.uasset
[2017.03.01-09.46.26:162][607]LogSlate:Warning: Prevented a slow task dialog from being summoned while a context menu was open
[2017.03.01-09.46.29:700][816]LogSlate:Warning: Prevented a slow task dialog from being summoned while a context menu was open
[2017.03.01-09.46.30:888][845]LogTemp: Repeting last play command: New Editor Window (PIE)
[2017.03.01-09.46.30:918][845]LogBlueprintUserMessages: Early PlayInEditor Detection: Level '/Game/StarterContent/Maps/Minimal_Default.Minimal_Default:PersistentLevel' has LevelScriptBlueprint '/Game/StarterContent/Maps/Minimal_Default.Minimal_Default:PersistentLevel.Minimal_Default' with GeneratedClass '/Game/StarterContent/Maps/Minimal_Default.Minimal_Default_C' with ClassGeneratedBy '/Game/StarterContent/Maps/Minimal_Default.Minimal_Default:PersistentLevel.Minimal_Default'
[2017.03.01-09.46.30:918][845]BlueprintLog: New page: Pre-Play auto-recompile
[2017.03.01-09.46.30:918][845]LogPlayLevel: [PlayLevel] Compiling BP_Character before play...
[2017.03.01-09.46.31:235][845]LogPlayLevel: [PlayLevel] Compiling BP_CharacterAnim before play...
[2017.03.01-09.46.31:365][845]LogPlayLevel: PlayLevel: Blueprint regeneration took 447 ms (2 blueprints)
[2017.03.01-09.46.31:366][845]PIE: New page: PIE session: Minimal_Default (2 Mar 2017 1:46:31 am)
[2017.03.01-09.46.31:366][845]LogPlayLevel: Creating play world package: /Game/StarterContent/Maps/UEDPIE_0_Minimal_Default
[2017.03.01-09.46.31:372][845]LogPlayLevel: PIE: StaticDuplicateObject took: (0.006647s)
[2017.03.01-09.46.31:373][845]LogAIModule: Creating AISystem for world Minimal_Default
[2017.03.01-09.46.31:373][845]LogPlayLevel: PIE: World Init took: (0.000730s)
[2017.03.01-09.46.31:373][845]LogPlayLevel: PIE: Created PIE world by copying editor world from /Game/StarterContent/Maps/Minimal_Default.Minimal_Default to /Game/StarterContent/Maps/UEDPIE_0_Minimal_Default.Minimal_Default (0.007594s)
[2017.03.01-09.46.31:407][845]LogInit: XAudio2 using 'Speakers (Realtek High Definition Audio)' : 2 channels at 48 kHz using 32 bits per sample (channel mask 0x3)
[2017.03.01-09.46.31:414][845]LogInit: FAudioDevice initialized.
[2017.03.01-09.46.31:459][845]LogLoad: Game class is 'BP_GameMode_C'
[2017.03.01-09.46.31:461][845]LogWorld: Bringing World /Game/StarterContent/Maps/UEDPIE_0_Minimal_Default.Minimal_Default up for play (max tick rate 60) at 2017.03.01-17.46.31
[2017.03.01-09.46.31:461][845]LogWorld: Bringing up level for play took: 0.001388
[2017.03.01-09.46.31:469][845]PIE: Info Play in editor start time for /Game/StarterContent/Maps/UEDPIE_0_Minimal_Default 0.572
[2017.03.01-09.46.31:470][845]LogBlueprintUserMessages: Late PlayInEditor Detection: Level '/Game/StarterContent/Maps/Minimal_Default.Minimal_Default:PersistentLevel' has LevelScriptBlueprint '/Game/StarterContent/Maps/Minimal_Default.Minimal_Default:PersistentLevel.Minimal_Default' with GeneratedClass '/Game/StarterContent/Maps/Minimal_Default.Minimal_Default_C' with ClassGeneratedBy '/Game/StarterContent/Maps/Minimal_Default.Minimal_Default:PersistentLevel.Minimal_Default'
[2017.03.01-09.46.35:657][995]LogBlueprintUserMessages: Early EndPlayMap Detection: Level '/Game/StarterContent/Maps/Minimal_Default.Minimal_Default:PersistentLevel' has LevelScriptBlueprint '/Game/StarterContent/Maps/Minimal_Default.Minimal_Default:PersistentLevel.Minimal_Default' with GeneratedClass '/Game/StarterContent/Maps/Minimal_Default.Minimal_Default_C' with ClassGeneratedBy '/Game/StarterContent/Maps/Minimal_Default.Minimal_Default:PersistentLevel.Minimal_Default'
[2017.03.01-09.46.35:769][995]LogBlueprintUserMessages: Late EndPlayMap Detection: Level '/Game/StarterContent/Maps/Minimal_Default.Minimal_Default:PersistentLevel' has LevelScriptBlueprint '/Game/StarterContent/Maps/Minimal_Default.Minimal_Default:PersistentLevel.Minimal_Default' with GeneratedClass '/Game/StarterContent/Maps/Minimal_Default.Minimal_Default_C' with ClassGeneratedBy '/Game/StarterContent/Maps/Minimal_Default.Minimal_Default:PersistentLevel.Minimal_Default'
[2017.03.01-09.47.05:746][351]LogLinker: Can't find file '/Game/Lessons/Lesson4/FirstPerson/BP_FirstPerson'
[2017.03.01-09.47.05:746][351]LogLinker: Can't find file '/Game/Lessons/Lesson4/FirstPerson/BP_FirstPerson'
[2017.03.01-09.47.05:750][351]LogLinker: Can't find file '/Game/Lessons/Lesson4/FirstPerson/BP_FirstPerson'
[2017.03.01-09.47.05:752][351]LogLinker: Can't find file '/Game/Lessons/Lesson4/FirstPerson/BP_FirstPerson'
[2017.03.01-09.47.05:753][351]LogLinker: Can't find file '/Game/Lessons/Lesson4/FirstPerson/BP_FirstPerson'
[2017.03.01-09.47.05:754][351]LogLinker: Can't find file '/Game/Lessons/Lesson4/FirstPerson/BP_FirstPerson'
[2017.03.01-09.47.05:755][351]LogLinker: Can't find file '/Game/Lessons/Lesson4/FirstPerson/BP_FirstPerson'
[2017.03.01-09.47.05:756][351]LogLinker: Can't find file '/Game/Lessons/Lesson4/FirstPerson/BP_FirstPerson'
[2017.03.01-09.47.05:757][351]LogLinker: Can't find file '/Game/Lessons/Lesson4/FirstPerson/BP_FirstPerson'
[2017.03.01-09.47.05:758][351]LogLinker: Can't find file '/Game/Blueprints/Utility/LayoutVRUtilityFunctions'
[2017.03.01-09.47.05:759][351]LogLinker: Can't find file '/Game/Blueprints/Utility/LayoutVRUtilityFunctions'
[2017.03.01-09.47.05:759][351]LogProperty:Warning: ObjectProperty /Script/Engine.MemberReference:MemberParent: unresolved reference to 'BlueprintGeneratedClass'/Game/Blueprints/Utility/LayoutVRUtilityFunctions.LayoutVRUtilityFunctions_C',MemberName="Turn VR Player",MemberGuid=5BB4B75A441967F0624F22BFBD4C75F7)'
[2017.03.01-09.47.05:760][351]LogLinker: Can't find file '/Game/Blueprints/Utility/LayoutVRUtilityFunctions'
[2017.03.01-09.47.05:761][351]LogLinker: Can't find file '/Game/Blueprints/Utility/LayoutVRUtilityFunctions'
[2017.03.01-09.47.05:761][351]LogProperty:Warning: ObjectProperty /Script/Engine.MemberReference:MemberParent: unresolved reference to 'BlueprintGeneratedClass'/Game/Blueprints/Utility/LayoutVRUtilityFunctions.LayoutVRUtilityFunctions_C',MemberName="Turn VR Player",MemberGuid=5BB4B75A441967F0624F22BFBD4C75F7)'
[2017.03.01-09.47.05:761][351]LogLinker: Can't find file '/Game/Blueprints/Utility/LayoutVRUtilityFunctions'
[2017.03.01-09.47.05:768][351]LogBlueprint:Warning: [BP_Character] 'BaseTurnRate' variable not found. Base class was probably changed.
[2017.03.01-09.47.05:768][351]LogBlueprint:Warning: [BP_Character] 'BaseLookUpRate' variable not found. Base class was probably changed.
[2017.03.01-09.47.52:852][188]LogTexture:Display: Building textures: HDRI_Epic_Courtyard_Daylight (RGBA16F)
[2017.03.01-09.48.22:767][189]LogTexture:Display: Building textures: HQ_Lightmap0_1 (AutoDXT)
[2017.03.01-09.48.23:823][189]LogTexture:Display: Building textures: HQ_Lightmap0_2 (AutoDXT)
[2017.03.01-09.48.24:758][189]LogTexture:Display: Building textures: HQ_Lightmap0_3 (AutoDXT)
[2017.03.01-09.48.25:537][189]LogTexture:Display: Building textures: HQ_Lightmap0_4 (AutoDXT)
[2017.03.01-09.48.25:681][189]LogTexture:Display: Building textures: HQ_Lightmap1_5 (AutoDXT)
[2017.03.01-09.48.25:690][189]LogTexture:Display: Building textures: HQ_Lightmap1_6 (AutoDXT)
[2017.03.01-09.48.25:742][189]LogTexture:Display: Building textures: LQ_Lightmap_0_1 (DXT1)
[2017.03.01-09.48.26:138][189]LogTexture:Display: Building textures: LQ_Lightmap_0_2 (DXT1)
[2017.03.01-09.48.26:507][189]LogTexture:Display: Building textures: LQ_Lightmap_0_3 (DXT1)
[2017.03.01-09.48.26:849][189]LogTexture:Display: Building textures: LQ_Lightmap_0_4 (DXT1)
[2017.03.01-09.48.26:924][189]LogTexture:Display: Building textures: LQ_Lightmap_1_5 (DXT1)
[2017.03.01-09.48.26:929][189]LogTexture:Display: Building textures: LQ_Lightmap_1_6 (DXT1)
[2017.03.01-09.48.27:114][189]LogTexture:Display: Building textures: T_Water_N (BC5)
[2017.03.01-09.48.27:883][189]LogTexture:Display: Building textures: T_Fire_SubUV (AutoDXT)
[2017.03.01-09.48.28:312][189]LogTexture:Display: Building textures: T_Fire_Tiled_D (AutoDXT)
[2017.03.01-09.48.28:764][189]LogTexture:Display: Building textures: T_Spark_Core (AutoDXT)
[2017.03.01-09.48.28:858][189]LogTexture:Display: Building textures: T_Dust_Particle_D (AutoDXT)
[2017.03.01-09.48.28:905][189]LogTexture:Display: Building textures: ShadowMapTexture2D_10 (BGRA8)
[2017.03.01-09.48.28:937][189]LogTexture:Display: Building textures: ShadowMapTexture2D_6 (BGRA8)
[2017.03.01-09.48.29:083][189]LogTexture:Display: Building textures: ShadowMapTexture2D_7 (BGRA8)
[2017.03.01-09.48.29:122][189]LogTexture:Display: Building textures: ShadowMapTexture2D_8 (BGRA8)
[2017.03.01-09.48.29:149][189]LogTexture:Display: Building textures: ShadowMapTexture2D_9 (BGRA8)
[2017.03.01-09.48.29:376][189]LogTexture:Display: Building textures: ThumbnailTexture (DXT1)
[2017.03.01-09.48.29:763][189]LogTexture:Display: Building textures: T_CobbleStone_Smooth_N (BC5)
[2017.03.01-09.48.31:438][189]LogTexture:Display: Building textures: T_CobbleStone_Smooth_M (AutoDXT)
[2017.03.01-09.48.40:011][189]LogTexture:Display: Building textures: T_CobbleStone_Smooth_D (AutoDXT)
[2017.03.01-09.48.48:626][189]LogTexture:Display: Building textures: T_Rock_Smooth_Granite_D (AutoDXT)
[2017.03.01-09.48.57:562][189]LogTexture:Display: Building textures: T_Gradinet_01 (AutoDXT)
[2017.03.01-09.48.57:801][189]LogTexture:Display: Building textures: T_CobbleStone_Rough_N (BC5)
[2017.03.01-09.48.58:236][189]LogTexture:Display: Building textures: T_CobbleStone_Rough_D (AutoDXT)
[2017.03.01-09.49.00:917][189]LogTexture:Display: Building textures: T_CobbleStone_Pebble_N (BC5)
[2017.03.01-09.49.02:030][189]LogTexture:Display: Building textures: T_CobbleStone_Pebble_M (AutoDXT)
[2017.03.01-09.49.04:172][189]LogTexture:Display: Building textures: T_CobbleStone_Pebble_D (AutoDXT)
[2017.03.01-09.49.15:239][189]LogTexture:Display: Building textures: T_Rock_Marble_Polished_D (AutoDXT)
[2017.03.01-09.49.20:670][189]LogTexture:Display: Building textures: T_Ceramic_Tile_N (BC5)
[2017.03.01-09.49.21:415][189]LogTexture:Display: Building textures: T_Ceramic_Tile_M (DXT1)
[2017.03.01-09.49.22:983][189]LogTexture:Display: Building textures: T_Perlin_Noise_M (AutoDXT)
[2017.03.01-09.49.31:715][189]LogTexture:Display: Building textures: T_Brick_Hewn_Stone_N (BC5)
[2017.03.01-09.49.34:104][189]LogTexture:Display: Building textures: T_Brick_Hewn_Stone_M (AutoDXT)
