Log file open, 03/05/17 15:02:47
LogInit:Display: Running engine for game: PurgaStory
LogPlatformFile: Not using cached read wrapper
LogInit:Display: RandInit(1009617281) SRandInit(1009617281).
LogTaskGraph: Started task graph with 5 named threads and 8 total threads with 1 sets of task threads.
LogStats: Stats thread started at 0.164212
LogPluginManager: Loaded Plugin Paper2D, From D:/Unreal/Epic Games/4.14/Engine/Plugins/2D/Paper2D/Paper2D.uplugin
LogPluginManager: Loaded Plugin LightPropagationVolume, From D:/Unreal/Epic Games/4.14/Engine/Plugins/Blendables/LightPropagationVolume/LightPropagationVolume.uplugin
LogPluginManager: Loaded Plugin BlankPlugin, From D:/Unreal/Epic Games/4.14/Engine/Plugins/Developer/BlankPlugin/BlankPlugin.uplugin
LogPluginManager: Loaded Plugin CodeLiteSourceCodeAccess, From D:/Unreal/Epic Games/4.14/Engine/Plugins/Developer/CodeLiteSourceCodeAccess/CodeLiteSourceCodeAccess.uplugin
LogPluginManager: Loaded Plugin GitSourceControl, From D:/Unreal/Epic Games/4.14/Engine/Plugins/Developer/GitSourceControl/GitSourceControl.uplugin
LogPluginManager: Loaded Plugin KDevelopSourceCodeAccess, From D:/Unreal/Epic Games/4.14/Engine/Plugins/Developer/KDevelopSourceCodeAccess/KDevelopSourceCodeAccess.uplugin
LogPluginManager: Loaded Plugin NullSourceCodeAccess, From D:/Unreal/Epic Games/4.14/Engine/Plugins/Developer/NullSourceCodeAccess/NullSourceCodeAccess.uplugin
LogPluginManager: Loaded Plugin OneSkyLocalizationService, From D:/Unreal/Epic Games/4.14/Engine/Plugins/Developer/OneSkyLocalizationService/OneSkyLocalizationService.uplugin
LogPluginManager: Loaded Plugin PerforceSourceControl, From D:/Unreal/Epic Games/4.14/Engine/Plugins/Developer/PerforceSourceControl/PerforceSourceControl.uplugin
LogPluginManager: Loaded Plugin SubversionSourceControl, From D:/Unreal/Epic Games/4.14/Engine/Plugins/Developer/SubversionSourceControl/SubversionSourceControl.uplugin
LogPluginManager: Loaded Plugin UObjectPlugin, From D:/Unreal/Epic Games/4.14/Engine/Plugins/Developer/UObjectPlugin/UObjectPlugin.uplugin
LogPluginManager: Loaded Plugin VisualStudioSourceCodeAccess, From D:/Unreal/Epic Games/4.14/Engine/Plugins/Developer/VisualStudioSourceCodeAccess/VisualStudioSourceCodeAccess.uplugin
LogPluginManager: Loaded Plugin XCodeSourceCodeAccess, From D:/Unreal/Epic Games/4.14/Engine/Plugins/Developer/XCodeSourceCodeAccess/XCodeSourceCodeAccess.uplugin
LogPluginManager: Loaded Plugin AudioCapture, From D:/Unreal/Epic Games/4.14/Engine/Plugins/Editor/AudioCapture/AudioCapture.uplugin
LogPluginManager: Loaded Plugin EpicSurvey, From D:/Unreal/Epic Games/4.14/Engine/Plugins/Editor/EpicSurvey/EpicSurvey.uplugin
LogPluginManager: Loaded Plugin MacGraphicsSwitching, From D:/Unreal/Epic Games/4.14/Engine/Plugins/Editor/MacGraphicsSwitching/MacGraphicsSwitching.uplugin
LogPluginManager: Loaded Plugin MobileLauncherProfileWizard, From D:/Unreal/Epic Games/4.14/Engine/Plugins/Editor/MobileLauncherProfileWizard/MobileLauncherProfileWizard.uplugin
LogPluginManager: Loaded Plugin PluginBrowser, From D:/Unreal/Epic Games/4.14/Engine/Plugins/Editor/PluginBrowser/PluginBrowser.uplugin
LogPluginManager: Loaded Plugin SpeedTreeImporter, From D:/Unreal/Epic Games/4.14/Engine/Plugins/Editor/SpeedTreeImporter/SpeedTreeImporter.uplugin
LogPluginManager: Loaded Plugin SuperSearchEditor, From D:/Unreal/Epic Games/4.14/Engine/Plugins/Editor/SuperSearchEditor/SuperSearchEditor.uplugin
LogPluginManager: Loaded Plugin AlembicImporter, From D:/Unreal/Epic Games/4.14/Engine/Plugins/Experimental/AlembicImporter/AlembicImporter.uplugin
LogPluginManager: Loaded Plugin BlueprintStats, From D:/Unreal/Epic Games/4.14/Engine/Plugins/Experimental/BlueprintStats/BlueprintStats.uplugin
LogPluginManager: Loaded Plugin CharacterAI, From D:/Unreal/Epic Games/4.14/Engine/Plugins/Experimental/CharacterAI/CharacterAI.uplugin
LogPluginManager: Loaded Plugin CodeEditor, From D:/Unreal/Epic Games/4.14/Engine/Plugins/Experimental/CodeEditor/CodeEditor.uplugin
LogPluginManager: Loaded Plugin CodeView, From D:/Unreal/Epic Games/4.14/Engine/Plugins/Experimental/CodeView/CodeView.uplugin
LogPluginManager: Loaded Plugin HTML5Networking, From D:/Unreal/Epic Games/4.14/Engine/Plugins/Experimental/HTML5Networking/HTML5Networking.uplugin
LogPluginManager: Loaded Plugin OSVR, From D:/Unreal/Epic Games/4.14/Engine/Plugins/Experimental/OSVR/OSVR.uplugin
LogPluginManager: Loaded Plugin Phya, From D:/Unreal/Epic Games/4.14/Engine/Plugins/Experimental/Phya/Phya.uplugin
LogPluginManager: Loaded Plugin SignificanceManager, From D:/Unreal/Epic Games/4.14/Engine/Plugins/Experimental/SignificanceManager/SignificanceManager.uplugin
LogPluginManager: Loaded Plugin SimpleHMD, From D:/Unreal/Epic Games/4.14/Engine/Plugins/Experimental/SimpleHMD/SimpleHMD.uplugin
LogPluginManager: Loaded Plugin StereoPanorama, From D:/Unreal/Epic Games/4.14/Engine/Plugins/Experimental/StereoPanorama/StereoPanorama.uplugin
LogPluginManager: Loaded Plugin StructBox, From D:/Unreal/Epic Games/4.14/Engine/Plugins/Experimental/StructBox/StructBox.uplugin
LogPluginManager: Loaded Plugin AndroidMedia, From D:/Unreal/Epic Games/4.14/Engine/Plugins/Media/AndroidMedia/AndroidMedia.uplugin
LogPluginManager: Loaded Plugin AvfMedia, From D:/Unreal/Epic Games/4.14/Engine/Plugins/Media/AvfMedia/AvfMedia.uplugin
LogPluginManager: Loaded Plugin MediaPlayerEditor, From D:/Unreal/Epic Games/4.14/Engine/Plugins/Media/MediaPlayerEditor/MediaPlayerEditor.uplugin
LogPluginManager: Loaded Plugin WmfMedia, From D:/Unreal/Epic Games/4.14/Engine/Plugins/Media/WmfMedia/WmfMedia.uplugin
LogPluginManager: Loaded Plugin MessagingDebugger, From D:/Unreal/Epic Games/4.14/Engine/Plugins/Messaging/MessagingDebugger/MessagingDebugger.uplugin
LogPluginManager: Loaded Plugin TcpMessaging, From D:/Unreal/Epic Games/4.14/Engine/Plugins/Messaging/TcpMessaging/TcpMessaging.uplugin
LogPluginManager: Loaded Plugin UdpMessaging, From D:/Unreal/Epic Games/4.14/Engine/Plugins/Messaging/UdpMessaging/UdpMessaging.uplugin
LogPluginManager: Loaded Plugin LevelSequenceEditor, From D:/Unreal/Epic Games/4.14/Engine/Plugins/MovieScene/LevelSequenceEditor/LevelSequenceEditor.uplugin
LogPluginManager: Loaded Plugin MatineeToLevelSequence, From D:/Unreal/Epic Games/4.14/Engine/Plugins/MovieScene/MatineeToLevelSequence/MatineeToLevelSequence.uplugin
LogPluginManager: Loaded Plugin NetcodeUnitTest, From D:/Unreal/Epic Games/4.14/Engine/Plugins/NetcodeUnitTest/NetcodeUnitTest/NetcodeUnitTest.uplugin
LogPluginManager: Loaded Plugin NUTUnrealEngine4, From D:/Unreal/Epic Games/4.14/Engine/Plugins/NetcodeUnitTest/NUTUnrealEngine4/NUTUnrealEngine4.uplugin
LogPluginManager: Loaded Plugin OnlineSubsystemGameCircle, From D:/Unreal/Epic Games/4.14/Engine/Plugins/Online/Android/OnlineSubsystemGameCircle/OnlineSubsystemGameCircle.uplugin
LogPluginManager: Loaded Plugin OnlineSubsystemGooglePlay, From D:/Unreal/Epic Games/4.14/Engine/Plugins/Online/Android/OnlineSubsystemGooglePlay/OnlineSubsystemGooglePlay.uplugin
LogPluginManager: Loaded Plugin OnlineSubsystemIOS, From D:/Unreal/Epic Games/4.14/Engine/Plugins/Online/IOS/OnlineSubsystemIOS/OnlineSubsystemIOS.uplugin
LogPluginManager: Loaded Plugin OnlineFramework, From D:/Unreal/Epic Games/4.14/Engine/Plugins/Online/OnlineFramework/OnlineFramework.uplugin
LogPluginManager: Loaded Plugin OnlineSubsystem, From D:/Unreal/Epic Games/4.14/Engine/Plugins/Online/OnlineSubsystem/OnlineSubsystem.uplugin
LogPluginManager: Loaded Plugin OnlineSubsystemAmazon, From D:/Unreal/Epic Games/4.14/Engine/Plugins/Online/OnlineSubsystemAmazon/OnlineSubsystemAmazon.uplugin
LogPluginManager: Loaded Plugin OnlineSubsystemFacebook, From D:/Unreal/Epic Games/4.14/Engine/Plugins/Online/OnlineSubsystemFacebook/OnlineSubsystemFacebook.uplugin
LogPluginManager: Loaded Plugin OnlineSubsystemNull, From D:/Unreal/Epic Games/4.14/Engine/Plugins/Online/OnlineSubsystemNull/OnlineSubsystemNull.uplugin
LogPluginManager: Loaded Plugin OnlineSubsystemOculus, From D:/Unreal/Epic Games/4.14/Engine/Plugins/Online/OnlineSubsystemOculus/OnlineSubsystemOculus.uplugin
LogPluginManager: Loaded Plugin OnlineSubsystemSteam, From D:/Unreal/Epic Games/4.14/Engine/Plugins/Online/OnlineSubsystemSteam/OnlineSubsystemSteam.uplugin
LogPluginManager: Loaded Plugin OnlineSubsystemUtils, From D:/Unreal/Epic Games/4.14/Engine/Plugins/Online/OnlineSubsystemUtils/OnlineSubsystemUtils.uplugin
LogPluginManager: Loaded Plugin IOSTapJoy, From D:/Unreal/Epic Games/4.14/Engine/Plugins/Runtime/Advertising/IOSTapJoy/IOSTapJoy.uplugin
LogPluginManager: Loaded Plugin AnalyticsBlueprintLibrary, From D:/Unreal/Epic Games/4.14/Engine/Plugins/Runtime/Analytics/AnalyticsBlueprintLibrary/AnalyticsBlueprintLibrary.uplugin
LogPluginManager: Loaded Plugin AnalyticsMulticast, From D:/Unreal/Epic Games/4.14/Engine/Plugins/Runtime/Analytics/AnalyticsMulticast/AnalyticsMulticast.uplugin
LogPluginManager: Loaded Plugin Apsalar, From D:/Unreal/Epic Games/4.14/Engine/Plugins/Runtime/Analytics/Apsalar/Apsalar.uplugin
LogPluginManager: Loaded Plugin FileLogging, From D:/Unreal/Epic Games/4.14/Engine/Plugins/Runtime/Analytics/FileLogging/FileLogging.uplugin
LogPluginManager: Loaded Plugin Flurry, From D:/Unreal/Epic Games/4.14/Engine/Plugins/Runtime/Analytics/Flurry/Flurry.uplugin
LogPluginManager: Loaded Plugin AndroidDeviceProfileSelector, From D:/Unreal/Epic Games/4.14/Engine/Plugins/Runtime/AndroidDeviceProfileSelector/AndroidDeviceProfileSelector.uplugin
LogPluginManager: Loaded Plugin AndroidMoviePlayer, From D:/Unreal/Epic Games/4.14/Engine/Plugins/Runtime/AndroidMoviePlayer/AndroidMoviePlayer.uplugin
LogPluginManager: Loaded Plugin AppleMoviePlayer, From D:/Unreal/Epic Games/4.14/Engine/Plugins/Runtime/AppleMoviePlayer/AppleMoviePlayer.uplugin
LogPluginManager: Loaded Plugin ArchVisCharacter, From D:/Unreal/Epic Games/4.14/Engine/Plugins/Runtime/ArchVisCharacter/ArchVisCharacter.uplugin
LogPluginManager: Loaded Plugin CableComponent, From D:/Unreal/Epic Games/4.14/Engine/Plugins/Runtime/CableComponent/CableComponent.uplugin
LogPluginManager: Loaded Plugin CustomMeshComponent, From D:/Unreal/Epic Games/4.14/Engine/Plugins/Runtime/CustomMeshComponent/CustomMeshComponent.uplugin
LogPluginManager: Loaded Plugin ExampleDeviceProfileSelector, From D:/Unreal/Epic Games/4.14/Engine/Plugins/Runtime/ExampleDeviceProfileSelector/ExampleDeviceProfileSelector.uplugin
LogPluginManager: Loaded Plugin GearVR, From D:/Unreal/Epic Games/4.14/Engine/Plugins/Runtime/GearVR/GearVR.uplugin
LogPluginManager: Loaded Plugin GoogleVRController, From D:/Unreal/Epic Games/4.14/Engine/Plugins/Runtime/GoogleVR/GoogleVRController/GoogleVRController.uplugin
LogPluginManager: Loaded Plugin GoogleVRHMD, From D:/Unreal/Epic Games/4.14/Engine/Plugins/Runtime/GoogleVR/GoogleVRHMD/GoogleVRHMD.uplugin
LogPluginManager: Loaded Plugin IOSDeviceProfileSelector, From D:/Unreal/Epic Games/4.14/Engine/Plugins/Runtime/IOSDeviceProfileSelector/IOSDeviceProfileSelector.uplugin
LogPluginManager: Loaded Plugin LeapMotion, From D:/Unreal/Epic Games/4.14/Engine/Plugins/Runtime/LeapMotion/LeapMotion.uplugin
LogPluginManager: Loaded Plugin LinuxDeviceProfileSelector, From D:/Unreal/Epic Games/4.14/Engine/Plugins/Runtime/LinuxDeviceProfileSelector/LinuxDeviceProfileSelector.uplugin
LogPluginManager: Loaded Plugin MIDIDevice, From D:/Unreal/Epic Games/4.14/Engine/Plugins/Runtime/MIDIDevice/MIDIDevice.uplugin
LogPluginManager: Loaded Plugin MobilePatchingUtils, From D:/Unreal/Epic Games/4.14/Engine/Plugins/Runtime/MobilePatchingUtils/MobilePatchingUtils.uplugin
LogPluginManager: Loaded Plugin Ansel, From D:/Unreal/Epic Games/4.14/Engine/Plugins/Runtime/Nvidia/Ansel/Ansel.uplugin
LogPluginManager: Loaded Plugin OculusAudio, From D:/Unreal/Epic Games/4.14/Engine/Plugins/Runtime/OculusAudio/OculusAudio.uplugin
LogPluginManager: Loaded Plugin OculusInput, From D:/Unreal/Epic Games/4.14/Engine/Plugins/Runtime/OculusInput/OculusInput.uplugin
LogPluginManager: Loaded Plugin OculusLibrary, From D:/Unreal/Epic Games/4.14/Engine/Plugins/Runtime/OculusLibrary/OculusLibrary.uplugin
LogPluginManager: Loaded Plugin OculusRift, From D:/Unreal/Epic Games/4.14/Engine/Plugins/Runtime/OculusRift/OculusRift.uplugin
LogPluginManager: Loaded Plugin Oodle, From D:/Unreal/Epic Games/4.14/Engine/Plugins/Runtime/PacketHandlers/CompressionComponents/Oodle/Oodle.uplugin
LogPluginManager: Loaded Plugin ProceduralMeshComponent, From D:/Unreal/Epic Games/4.14/Engine/Plugins/Runtime/ProceduralMeshComponent/ProceduralMeshComponent.uplugin
LogPluginManager: Loaded Plugin SoundMod, From D:/Unreal/Epic Games/4.14/Engine/Plugins/Runtime/SoundMod/SoundMod.uplugin
LogPluginManager: Loaded Plugin SoundVisualizations, From D:/Unreal/Epic Games/4.14/Engine/Plugins/Runtime/SoundVisualizations/SoundVisualizations.uplugin
LogPluginManager: Loaded Plugin SteamController, From D:/Unreal/Epic Games/4.14/Engine/Plugins/Runtime/Steam/SteamController/SteamController.uplugin
LogPluginManager: Loaded Plugin SteamVR, From D:/Unreal/Epic Games/4.14/Engine/Plugins/Runtime/Steam/SteamVR/SteamVR.uplugin
LogPluginManager: Loaded Plugin WebBrowserWidget, From D:/Unreal/Epic Games/4.14/Engine/Plugins/Runtime/WebBrowserWidget/WebBrowserWidget.uplugin
LogPluginManager: Loaded Plugin WindowsDeviceProfileSelector, From D:/Unreal/Epic Games/4.14/Engine/Plugins/Runtime/WindowsDeviceProfileSelector/WindowsDeviceProfileSelector.uplugin
LogPluginManager: Loaded Plugin WindowsMoviePlayer, From D:/Unreal/Epic Games/4.14/Engine/Plugins/Runtime/WindowsMoviePlayer/WindowsMoviePlayer.uplugin
LogPluginManager: Loaded Plugin ScriptPlugin, From D:/Unreal/Epic Games/4.14/Engine/Plugins/ScriptPlugin/ScriptPlugin.uplugin
LogPluginManager: Loaded Plugin SlateRemote, From D:/Unreal/Epic Games/4.14/Engine/Plugins/Slate/SlateRemote/SlateRemote.uplugin
LogPluginManager: Loaded Plugin EditorTests, From D:/Unreal/Epic Games/4.14/Engine/Plugins/Tests/EditorTests/EditorTests.uplugin
LogPluginManager: Loaded Plugin FbxAutomationTestBuilder, From D:/Unreal/Epic Games/4.14/Engine/Plugins/Tests/FbxAutomationTestBuilder/FbxAutomationTestBuilder.uplugin
LogPluginManager: Loaded Plugin FunctionalTestingEditor, From D:/Unreal/Epic Games/4.14/Engine/Plugins/Tests/FunctionalTestingEditor/FunctionalTestingEditor.uplugin
LogPluginManager: Loaded Plugin RuntimeTests, From D:/Unreal/Epic Games/4.14/Engine/Plugins/Tests/RuntimeTests/RuntimeTests.uplugin
LogPluginManager: Loaded Plugin ScreenshotTools, From D:/Unreal/Epic Games/4.14/Engine/Plugins/Tests/ScreenshotTools/ScreenshotTools.uplugin
LogInit: Using libcurl 7.47.1
LogInit:  - built for x86_64-pc-win32
LogInit:  - supports SSL with OpenSSL/1.0.2g
LogInit:  - supports HTTP deflate (compression) using libz 1.2.8
LogInit:  - other features:
LogInit:      CURL_VERSION_SSL
LogInit:      CURL_VERSION_LIBZ
LogInit:      CURL_VERSION_IPV6
LogInit:      CURL_VERSION_ASYNCHDNS
LogInit:      CURL_VERSION_LARGEFILE
LogInit:      CURL_VERSION_IDN
LogInit:  CurlRequestOptions (configurable via config and command line):
LogInit:  - bVerifyPeer = false  - Libcurl will NOT verify peer certificate
LogInit:  - bUseHttpProxy = false  - Libcurl will NOT use HTTP proxy
LogInit:  - bDontReuseConnections = false  - Libcurl will reuse connections
LogInit:  - CertBundlePath = nullptr  - Libcurl will use whatever was configured at build time.
LogInit: Build: ++UE4+Release-4.14-CL-3249277
LogInit: Engine Version: 4.14.3-3249277+++UE4+Release-4.14
LogInit: Compatible Engine Version: 4.14.0-3195953+++UE4+Release-4.14
LogInit: Net CL: 3195953
LogDevObjectVersion: Number of dev versions registered: 13
LogDevObjectVersion:   Dev-Blueprints (B0D832E4-1F89-4F0D-ACCF-7EB736FD4AA2): 7
LogDevObjectVersion:   Dev-Build (E1C64328-A22C-4D53-A36C-8E866417BD8C): 0
LogDevObjectVersion:   Dev-Core (375EC13C-06E4-48FB-B500-84F0262A717E): 1
LogDevObjectVersion:   Dev-Editor (E4B068ED-F494-42E9-A231-DA0B2E46BB41): 8
LogDevObjectVersion:   Dev-Framework (CFFC743F-43B0-4480-9391-14DF171D2073): 17
LogDevObjectVersion:   Dev-Mobile (B02B49B5-BB20-44E9-A304-32B752E40360): 0
LogDevObjectVersion:   Dev-Networking (A4E4105C-59A1-49B5-A7C5-40C4547EDFEE): 0
LogDevObjectVersion:   Dev-Online (39C831C9-5AE6-47DC-9A44-9C173E1C8E7C): 0
LogDevObjectVersion:   Dev-Physics (78F01B33-EBEA-4F98-B9B4-84EACCB95AA2): 0
LogDevObjectVersion:   Dev-Platform (6631380F-2D4D-43E0-8009-CF276956A95A): 0
LogDevObjectVersion:   Dev-Rendering (12F88B9F-8875-4AFC-A67C-D90C383ABD29): 12
LogDevObjectVersion:   Dev-Sequencer (7B5AE74C-D270-4C10-A958-57980B212A5A): 1
LogDevObjectVersion:   Dev-VR (D7296918-1DD6-4BDD-9DE2-64A83CC13884): 0
LogInit: Compiled (64-bit): Jan  6 2017 10:49:43
LogInit: Compiled with Visual C++: 19.00.23026.00
LogInit: Build Configuration: Development
LogInit: Branch Name: ++UE4+Release-4.14
LogInit: Command line:  
LogInit: Base directory: D:/Unreal/Epic Games/4.14/Engine/Binaries/Win64/
LogInit: Installed Engine Build: 1
LogInit: Presizing for max 8388607 objects, including 0 objects not considered by GC, pre-allocating 0 bytes for permanent pool.
LogInit: Object subsystem initialized
[2017.03.05-07.02.49:113][  0]LogInit: Selected Device Profile: [Windows]
[2017.03.05-07.02.49:113][  0]LogInit: Applying CVar settings loaded from the selected device profile: [Windows]
[2017.03.05-07.02.49:233][  0]LogInit: Computer: ASUS
[2017.03.05-07.02.49:233][  0]LogInit: User: User
[2017.03.05-07.02.49:233][  0]LogInit: CPU Page size=65536, Cores=4
[2017.03.05-07.02.49:233][  0]LogInit: High frequency timer resolution =2.533205 MHz
[2017.03.05-07.02.49:234][  0]LogMemory: Memory total: Physical=11.9GB (12GB approx)
[2017.03.05-07.02.49:234][  0]LogMemory: Platform Memory Stats for Windows
[2017.03.05-07.02.49:234][  0]LogMemory: Process Physical Memory: 263.48 MB used, 263.48 MB peak
[2017.03.05-07.02.49:234][  0]LogMemory: Process Virtual Memory: 262.85 MB used, 262.85 MB peak
[2017.03.05-07.02.49:234][  0]LogMemory: Physical Memory: 4687.23 MB used,  7489.66 MB free, 12176.89 MB total
[2017.03.05-07.02.49:234][  0]LogMemory: Virtual Memory: 676.42 MB used,  7489.66 MB free, 134217728.00 MB total
[2017.03.05-07.02.50:033][  0]LogTextLocalizationManager: No specific translations for ('en-SG') exist, so ('en') translations will be used.
[2017.03.05-07.02.58:229][  0]LogD3D11RHI: D3D11 adapters:
[2017.03.05-07.02.58:838][  0]LogD3D11RHI:    0. 'NVIDIA GeForce GTX 950M' (Feature Level 11_0)
[2017.03.05-07.02.58:838][  0]LogD3D11RHI:       4036/0/6088 MB DedicatedVideo/DedicatedSystem/SharedSystem, Outputs:1, VendorId:0x10de
[2017.03.05-07.02.58:857][  0]LogD3D11RHI:    1. 'Intel(R) HD Graphics 4600' (Feature Level 11_0)
[2017.03.05-07.02.58:857][  0]LogD3D11RHI:       112/0/2048 MB DedicatedVideo/DedicatedSystem/SharedSystem, Outputs:0, VendorId:0x8086
[2017.03.05-07.02.58:861][  0]LogD3D11RHI:    2. 'Microsoft Basic Render Driver' (Feature Level 11_0)
[2017.03.05-07.02.58:861][  0]LogD3D11RHI:       0/0/6088 MB DedicatedVideo/DedicatedSystem/SharedSystem, Outputs:0, VendorId:0x1414
[2017.03.05-07.02.58:861][  0]LogD3D11RHI: Chosen D3D11 Adapter: 0
[2017.03.05-07.02.58:881][  0]LogD3D11RHI: Creating new Direct3DDevice
[2017.03.05-07.02.58:881][  0]LogD3D11RHI:     GPU DeviceId: 0x139a (for the marketing name, search the web for "GPU Device Id")
[2017.03.05-07.02.58:881][  0]LogWindows: EnumDisplayDevices:
[2017.03.05-07.02.58:881][  0]LogWindows:    0. 'Intel(R) HD Graphics 4600' (P:1 D:1)
[2017.03.05-07.02.58:882][  0]LogWindows:    1. 'Intel(R) HD Graphics 4600' (P:0 D:0)
[2017.03.05-07.02.58:882][  0]LogWindows:    2. 'Intel(R) HD Graphics 4600' (P:0 D:0)
[2017.03.05-07.02.58:883][  0]LogWindows: DebugString: PrimaryIsNotTheChoosenAdapter PrimaryIsNotTheChoosenAdapter PrimaryIsNotTheChoosenAdapter FoundDriverCount:0 
[2017.03.05-07.02.58:883][  0]LogD3D11RHI:     Adapter Name: NVIDIA GeForce GTX 950M
[2017.03.05-07.02.58:883][  0]LogD3D11RHI:   Driver Version: Unknown (internal:Unknown, unified:Unknown)
[2017.03.05-07.02.58:883][  0]LogD3D11RHI:      Driver Date: Unknown
[2017.03.05-07.02.58:883][  0]LogRHI: Texture pool is 1361 MB (70% of 1945 MB)
[2017.03.05-07.02.58:937][  0]LogD3D11RHI: Async texture creation enabled
[2017.03.05-07.02.58:960][  0]LogD3D11RHI: GPU Timing Frequency: 1000.000000 (Debug: 2 1)
[2017.03.05-07.02.58:961][  0]LogShaderCompilers: Guid format shader working directory is 20 characters bigger than the processId version (../../../../../PurgaStory/Intermediate/Shaders/WorkingDirectory/7776/).
[2017.03.05-07.02.58:962][  0]LogShaderCompilers: Cleaned the shader compiler working directory 'C:/Users/User/AppData/Local/Temp/UnrealShaderWorkingDir/270B8A3847E33CB2E9401B815EF4D489/'.
[2017.03.05-07.02.58:962][  0]LogShaderCompilers:Display: Using Local Shader Compiler.
[2017.03.05-07.03.06:416][  0]LogTemp:Display: Loaded TP AllDesktopTargetPlatform
[2017.03.05-07.03.06:589][  0]LogTemp:Display: Loaded TP MacClientTargetPlatform
[2017.03.05-07.03.06:790][  0]LogTemp:Display: Loaded TP MacNoEditorTargetPlatform
[2017.03.05-07.03.06:976][  0]LogTemp:Display: Loaded TP MacServerTargetPlatform
[2017.03.05-07.03.07:171][  0]LogTemp:Display: Loaded TP MacTargetPlatform
[2017.03.05-07.03.07:360][  0]LogTemp:Display: Loaded TP WindowsClientTargetPlatform
[2017.03.05-07.03.07:526][  0]LogTemp:Display: Loaded TP WindowsNoEditorTargetPlatform
[2017.03.05-07.03.07:710][  0]LogTemp:Display: Loaded TP WindowsServerTargetPlatform
[2017.03.05-07.03.07:858][  0]LogTemp:Display: Loaded TP WindowsTargetPlatform
[2017.03.05-07.03.08:018][  0]LogTemp:Display: Loaded TP AndroidTargetPlatform
[2017.03.05-07.03.08:203][  0]LogTemp:Display: Loaded TP Android_ASTCTargetPlatform
[2017.03.05-07.03.08:398][  0]LogTemp:Display: Loaded TP Android_ATCTargetPlatform
[2017.03.05-07.03.08:557][  0]LogTemp:Display: Loaded TP Android_DXTTargetPlatform
[2017.03.05-07.03.08:742][  0]LogTemp:Display: Loaded TP Android_ETC1TargetPlatform
[2017.03.05-07.03.08:918][  0]LogTemp:Display: Loaded TP Android_ETC2TargetPlatform
[2017.03.05-07.03.09:269][  0]LogTemp:Display: Loaded TP Android_MultiTargetPlatform
[2017.03.05-07.03.09:269][  0]LogTemp:Display: Loaded TP Android_PVRTCTargetPlatform
[2017.03.05-07.03.09:383][  0]LogTemp:Display: Loaded TP HTML5TargetPlatform
[2017.03.05-07.03.09:696][  0]LogTemp:Display: Loaded TP IOSTargetPlatform
[2017.03.05-07.03.09:807][  0]LogTemp:Display: Loaded TP TVOSTargetPlatform
[2017.03.05-07.03.09:974][  0]LogTemp:Display: Loaded TP LinuxClientTargetPlatform
[2017.03.05-07.03.10:144][  0]LogTemp:Display: Loaded TP LinuxNoEditorTargetPlatform
[2017.03.05-07.03.10:303][  0]LogTemp:Display: Loaded TP LinuxServerTargetPlatform
[2017.03.05-07.03.10:505][  0]LogTemp:Display: Loaded TP LinuxTargetPlatform
[2017.03.05-07.03.10:505][  0]LogTargetPlatformManager:Display: Building Assets For Windows
[2017.03.05-07.03.11:624][  0]LogDerivedDataCache:Display: Max Cache Size: 512 MB
[2017.03.05-07.03.11:822][  0]LogDerivedDataCache: Loaded boot cache 0.20s 50MB C:/Users/User/AppData/Local/UnrealEngine/4.14/DerivedDataCache/Boot.ddc.
[2017.03.05-07.03.11:822][  0]LogDerivedDataCache:Display: Loaded Boot cache: C:/Users/User/AppData/Local/UnrealEngine/4.14/DerivedDataCache/Boot.ddc
[2017.03.05-07.03.11:822][  0]LogDerivedDataCache: FDerivedDataBackendGraph:  Pak pak cache file ../../../../../PurgaStory/DerivedDataCache/DDC.ddp not found, will not use a pak cache.
[2017.03.05-07.03.11:822][  0]LogDerivedDataCache: Unable to find inner node Pak for hierarchical cache Hierarchy.
[2017.03.05-07.03.11:822][  0]LogDerivedDataCache: FDerivedDataBackendGraph:  CompressedPak pak cache file ../../../../../PurgaStory/DerivedDataCache/Compressed.ddp not found, will not use a pak cache.
[2017.03.05-07.03.11:822][  0]LogDerivedDataCache: Unable to find inner node CompressedPak for hierarchical cache Hierarchy.
[2017.03.05-07.03.11:903][  0]LogDerivedDataCache:Display: Pak cache opened for reading ../../../Engine/DerivedDataCache/Compressed.ddp.
[2017.03.05-07.03.11:917][  0]LogDerivedDataCache: Using Local data cache path C:/Users/User/AppData/Local/UnrealEngine/Common/DerivedDataCache: Writable
[2017.03.05-07.03.12:774][  0]LogInit: Selected Device Profile: [Windows]
[2017.03.05-07.03.12:784][  0]LogContentStreaming: Texture pool size is 0.00 MB
[2017.03.05-07.03.14:137][  0]LogMeshUtilities: Using QuadricMeshReduction for automatic static mesh reduction
[2017.03.05-07.03.14:318][  0]LogSimplygon: Simplygon DLL not present - disabling.
[2017.03.05-07.03.14:459][  0]LogMeshUtilities: Using SimplygonSwarm for distributed automatic mesh merging
[2017.03.05-07.03.14:459][  0]LogMeshUtilities: No automatic skeletal mesh reduction module available
[2017.03.05-07.03.14:459][  0]LogMeshUtilities: No automatic mesh merging module available
[2017.03.05-07.03.17:495][  0]LogNetVersion: GetLocalNetworkVersion: CL: 3195953, ProjectName: purgastory, ProjectVersion: , EngineNetworkVersion: 2, GameNetworkVersion: 0, NetworkChecksum: 4090582873
[2017.03.05-07.03.17:739][  0]LogAssetRegistry: FAssetRegistry took 0.0230 seconds to start up
[2017.03.05-07.03.17:959][  0]LogPackageLocalizationCache: Processed 3 localized package path(s) for 2 prioritized culture(s) in 0.120111 seconds
[2017.03.05-07.03.17:997][  0]LogUObjectArray: 31946 objects as part of root set at end of initial load.
[2017.03.05-07.03.17:997][  0]LogUObjectAllocator: 6935840 out of 0 bytes used by permanent object pool.
[2017.03.05-07.03.17:997][  0]LogUObjectArray: CloseDisregardForGC: 0/0 objects in disregard for GC pool
[2017.03.05-07.03.18:313][  0]LogInit: WinSock: version 1.1 (2.2), MaxSocks=32767, MaxUdp=65467
[2017.03.05-07.03.20:972][  0]LogSlate: Using Freetype 2.6.0
[2017.03.05-07.03.21:039][  0]LogSlate: SlateFontCache - WITH_FREETYPE: 1, WITH_HARFBUZZ: 1
[2017.03.05-07.03.21:039][  0]LogSlate: SlateFontCache - WITH_FREETYPE: 1, WITH_HARFBUZZ: 1
[2017.03.05-07.03.32:623][  0]LogTcpMessaging: Initializing TcpMessaging bridge
[2017.03.05-07.03.32:715][  0]LogUdpMessaging: Initializing bridge on interface 0.0.0.0:0 to multicast group 230.0.0.1:6666.
[2017.03.05-07.03.33:725][  0]LogMaterial: Uniform references updated for custom material expression Custom.
[2017.03.05-07.03.35:062][  0]SourceControl: Info Source control is disabled
[2017.03.05-07.03.35:289][  0]SourceControl: Info Source control is disabled
[2017.03.05-07.03.35:422][  0]SourceControl: Info Source control is disabled
[2017.03.05-07.03.35:549][  0]SourceControl: Info Source control is disabled
[2017.03.05-07.03.40:151][  0]LogEngine: Initializing Engine...
[2017.03.05-07.03.40:152][  0]LogHMD: Failed to initialize OpenVR with code 110
[2017.03.05-07.03.41:362][  0]LogAIModule: Creating AISystem for world Untitled
[2017.03.05-07.03.41:379][  0]LogInit: XAudio2 using 'Speakers (Conexant SmartAudio HD)' : 2 channels at 48 kHz using 32 bits per sample (channel mask 0x3)
[2017.03.05-07.03.41:420][  0]LogInit: FAudioDevice initialized.
[2017.03.05-07.03.41:494][  0]LogDerivedDataCache: Saved boot cache 0.07s 50MB C:/Users/User/AppData/Local/UnrealEngine/4.14/DerivedDataCache/Boot.ddc.
[2017.03.05-07.03.41:519][  0]LogInit: Texture streaming: Enabled
[2017.03.05-07.03.42:016][  0]LogWindowsTextInputMethodSystem:Display: IME system now deactivated.
[2017.03.05-07.03.42:136][  0]LogInit: Transaction tracking system initialized
[2017.03.05-07.03.43:244][  0]BlueprintLog: New page: Editor Load
[2017.03.05-07.03.46:255][  0]LocalizationService: Info Localization service is disabled
[2017.03.05-07.03.50:681][  0]LogConsoleResponse:Display: 
[2017.03.05-07.03.52:664][  0]LogCook:Display: Max memory allowance for cook 16384mb min free memory 0mb
[2017.03.05-07.03.52:664][  0]LogCook:Display: Mobile HDR setting 1
[2017.03.05-07.03.52:986][  0]LogFileCache: Scanning file cache for directory 'D:/Unreal/PurgaStory/Content/' took 0.03s
[2017.03.05-07.03.54:950][  0]SourceControl: Info Source control is disabled
[2017.03.05-07.03.54:951][  0]Cmd: MAP LOAD FILE="../../../../../PurgaStory/Content/StarterContent/Maps/Minimal_Default.umap" TEMPLATE=0 SHOWPROGRESS=1 FEATURELEVEL=3
[2017.03.05-07.03.54:951][  0]LogEditorServer:Warning: Can't find file '../../../../../PurgaStory/Content/StarterContent/Maps/Minimal_Default.umap'
[2017.03.05-07.03.54:951][  0]Cmd: MAP CHECKDEP NOCLEARLOG
[2017.03.05-07.03.55:081][  0]MapCheck: Info Map check complete: 0 Error(s), 0 Warning(s), took 129.993ms to complete.
[2017.03.05-07.03.55:082][  0]LogFileHelpers: Loading map 'Minimal_Default' took 0.131
[2017.03.05-07.03.55:646][  0]LogCollectionManager: Loaded 0 collections in 0.004691 seconds
[2017.03.05-07.03.55:850][  0]LogFileCache: Scanning file cache for directory 'D:/Unreal/PurgaStory/Saved/Collections/' took 0.01s
[2017.03.05-07.03.55:850][  0]LogFileCache: Scanning file cache for directory 'D:/Unreal/PurgaStory/Content/Developers/User/Collections/' took 0.01s
[2017.03.05-07.03.55:850][  0]LogFileCache: Scanning file cache for directory 'D:/Unreal/PurgaStory/Content/Collections/' took 0.01s
[2017.03.05-07.03.55:850][  0]LogCollectionManager: Rebuilt the GUID cache for 0 collections in 0.000007 seconds
[2017.03.05-07.03.55:887][  0]LogContentBrowser: Native class hierarchy populated in 0.0368 seconds. Added 2190 classes and 428 folders.
[2017.03.05-07.03.56:019][  0]LogStats: UGameplayTagsManager::ConstructGameplayTagTree: Construct from data asset -  0.000 s
[2017.03.05-07.03.56:019][  0]LogStats: UGameplayTagsManager::ConstructGameplayTagTree: GameplayTagTreeChangedEvent.Broadcast -  0.000 s
[2017.03.05-07.03.56:021][  0]LogContentBrowser: Native class hierarchy updated for 'GameplayTags' in 0.0018 seconds. Added 13 classes and 0 folders.
[2017.03.05-07.03.56:242][  0]LogContentBrowser: Native class hierarchy updated for 'WidgetCarousel' in 0.0024 seconds. Added 0 classes and 0 folders.
[2017.03.05-07.03.57:078][  0]LogContentBrowser: Native class hierarchy updated for 'AddContentDialog' in 0.0017 seconds. Added 0 classes and 0 folders.
[2017.03.05-07.03.57:236][  0]LogContentBrowser: Native class hierarchy updated for 'SceneOutliner' in 0.0018 seconds. Added 1 classes and 2 folders.
[2017.03.05-07.03.57:532][  0]LogCrashTracker: Crashtracker disabled due to settings.
[2017.03.05-07.03.57:551][  0]LogUObjectGlobals:Warning: Failed to find object 'Class None.'
[2017.03.05-07.03.57:764][  0]LogContentBrowser: Native class hierarchy updated for 'HierarchicalLODOutliner' in 0.0027 seconds. Added 1 classes and 2 folders.
[2017.03.05-07.03.57:765][  0]LogLoad: (Engine Initialization) Total time: 74.52 seconds
[2017.03.05-07.03.57:765][  0]LogLoad: (Engine Initialization) Total Blueprint compile time: 0.25 seconds
[2017.03.05-07.03.57:765][  0]LogExternalProfiler: Found external profiler: VSPerf
[2017.03.05-07.03.57:765][  0]LogExternalProfiler: Using external profiler: VSPerf
[2017.03.05-07.03.57:783][  0]LogOcInput: OculusInput pre-init called
[2017.03.05-07.03.57:825][  0]LogContentStreaming: Texture pool size now 800 MB
[2017.03.05-07.03.58:865][  0]LogRenderer: Reallocating scene render targets to support 828x400 NumSamples 1 (Frame:2).
[2017.03.05-07.03.59:777][  8]LogAssetRegistry: Asset discovery search completed in 42.0607 seconds
[2017.03.05-07.03.59:777][  8]LogCollectionManager: Rebuilt the object cache for 0 collections in 0.000002 seconds (found 0 objects)
[2017.03.05-07.03.59:777][  8]LogCollectionManager: Fixed up redirectors for 0 collections in 0.000056 seconds (updated 0 objects)
[2017.03.05-07.04.11:275][553]LogLinker:Warning: Can't find file '/Game/FirstPersonBP/BP_FirstPerson'
[2017.03.05-07.04.11:275][553]LogLinker:Warning: Can't find file for asset '/Game/FirstPersonBP/BP_FirstPerson' while loading ../../../../../PurgaStory/Content/Character/BP_GameMode.uasset.
[2017.03.05-07.04.11:275][553]LoadErrors:Error: Error /Game/Character/BP_GameMode : Can't find file for asset. /Game/FirstPersonBP/BP_FirstPerson
[2017.03.05-07.04.11:278][553]LogLinker:Warning: Can't find file '/Game/FirstPersonBP/BP_FirstPerson'
[2017.03.05-07.04.11:278][553]LogLinker:Warning: Can't find file for asset '/Game/FirstPersonBP/BP_FirstPerson' while loading ../../../../../PurgaStory/Content/Character/BP_GameMode.uasset.
[2017.03.05-07.04.11:280][553]LogLinker:Warning: Can't find file '/Game/FirstPersonBP/BP_FirstPerson'
[2017.03.05-07.04.11:280][553]LogLinker:Warning: Can't find file for asset '/Game/FirstPersonBP/BP_FirstPerson' while loading ../../../../../PurgaStory/Content/StarterContent/Maps/Purgastory_Level.umap.
[2017.03.05-07.04.11:281][553]LoadErrors:Error: Error /Game/StarterContent/Maps/Purgastory_Level : Can't find file for asset. /Game/FirstPersonBP/BP_FirstPerson
[2017.03.05-07.04.11:281][553]LogLinker:Warning: Can't find file '/Game/FirstPersonBP/BP_FirstPerson'
[2017.03.05-07.04.11:281][553]LogLinker:Warning: Can't find file for asset '/Game/FirstPersonBP/BP_FirstPerson' while loading ../../../../../PurgaStory/Content/StarterContent/Maps/Purgastory_Level.umap.
[2017.03.05-07.04.11:282][553]LogLinker:Warning: Can't find file '/Game/FirstPersonBP/BP_FirstPerson'
[2017.03.05-07.04.11:282][553]LoadErrors: Info Failed to load /Game/FirstPersonBP/BP_FirstPerson.BP_FirstPerson_C Referenced by Default__BP_GameMode_C
[2017.03.05-07.04.11:282][553]LogLinker:Warning: Can't find file for asset '/Game/FirstPersonBP/BP_FirstPerson' while loading ../../../../../PurgaStory/Content/StarterContent/Maps/Purgastory_Level.umap.
[2017.03.05-07.04.15:402][553]LogAIModule: Creating AISystem for world Purgastory_Level
[2017.03.05-07.04.16:380][553]Cmd: MAP LOAD FILE="../../../../../PurgaStory/Content/StarterContent/Maps/Purgastory_Level.umap" TEMPLATE=0 SHOWPROGRESS=1 FEATURELEVEL=3
[2017.03.05-07.04.16:380][553]LightingResults: New page: Lighting Build
[2017.03.05-07.04.16:518][553]LogContentBrowser: Native class hierarchy updated for 'StatsViewer' in 0.0024 seconds. Added 5 classes and 0 folders.
[2017.03.05-07.04.16:524][553]LoadErrors: New page: Loading map: Purgastory_Level.umap
[2017.03.05-07.04.16:526][553]MapCheck: New page: Map Check
[2017.03.05-07.04.16:526][553]LightingResults: New page: Lighting Build
[2017.03.05-07.04.17:648][553]LogEditorServer: Finished looking for orphan Actors (0.000 secs)
[2017.03.05-07.04.17:718][553]Cmd: MAP CHECKDEP NOCLEARLOG
[2017.03.05-07.04.17:916][553]MapCheck: Info Map check complete: 0 Error(s), 0 Warning(s), took 198.016ms to complete.
[2017.03.05-07.04.17:918][553]LogFileHelpers: Loading map 'Purgastory_Level' took 1.542
[2017.03.05-07.04.25:869][624]LogSlate: Only BGRA pngs, bmps or icos are supported in by External Image Picker
[2017.03.05-07.04.26:782][641]LogTemp:Display: Executing iPhonePackager certificates Engine -bundlename com.YourCompany.PurgaStory

[2017.03.05-07.04.26:782][641]LogTemp:Display: CWD: D:\Unreal\Epic Games\4.14\Engine\Binaries\DotNet\IOS

[2017.03.05-07.04.26:782][641]LogTemp:Display: Initial Dir: D:\Unreal\Epic Games\4.14

[2017.03.05-07.04.26:782][641]LogTemp:Display: Env CWD: D:\Unreal\Epic Games\4.14\Engine\Binaries\DotNet\IOS

[2017.03.05-07.04.26:782][641]LogTemp:Display: BranchPath = ASUS/D/Unreal/Epic Games/4.14/Engine/Binaries --- GameBranchPath = ASUS/D/Unreal/Epic Games/4.14/Engine/Binaries

[2017.03.05-07.04.26:953][646]LogTemp:Display: IPP ERROR: Application exception: System.IO.DirectoryNotFoundException: Could not find a part of the path 'C:\Users\User\AppData\Local\Apple Computer\MobileDevice\Provisioning Profiles'.

[2017.03.05-07.04.26:953][646]LogTemp:Display:    at System.IO.__Error.WinIOError(Int32 errorCode, String maybeFullPath)

[2017.03.05-07.04.26:953][646]LogTemp:Display:    at System.IO.FileSystemEnumerableIterator`1.CommonInit()

[2017.03.05-07.04.26:953][646]LogTemp:Display:    at System.IO.Directory.EnumerateFiles(String path, String searchPattern)

[2017.03.05-07.04.26:953][646]LogTemp:Display:    at iPhonePackager.CodeSignatureBuilder.FindProvisions(String CFBundleIdentifier)

[2017.03.05-07.04.26:953][646]LogTemp:Display:    at iPhonePackager.Program.Main(String[] args)

[2017.03.05-07.06.18:223][566]LogContentBrowser: Native class hierarchy updated for 'BlueprintGraph' in 0.0077 seconds. Added 111 classes and 0 folders.
[2017.03.05-07.06.26:524][642]LogSlate:Warning: Prevented a slow task dialog from being summoned while a context menu was open
[2017.03.05-07.06.34:171][845]LogSlate:Warning: Prevented a slow task dialog from being summoned while a context menu was open
[2017.03.05-07.06.39:714][957]BlueprintLog: New page: Compile BP_GameMode
[2017.03.05-07.06.40:729][966]Cmd: OBJ SAVEPACKAGE PACKAGE="/Game/Character/BP_GameMode" FILE="../../../../../PurgaStory/Content/Character/BP_GameMode.uasset" SILENT=true
[2017.03.05-07.06.40:798][966]LogSavePackage: Save=50.85ms
[2017.03.05-07.06.40:798][966]LogSavePackage: Moving '../../../../../PurgaStory/Saved/BP_GameModeC3539AD340DA82D1A1254D9B78F94D5B.tmp' to '../../../../../PurgaStory/Content/Character/BP_GameMode.uasset'
[2017.03.05-07.06.40:814][966]LogSavePackage:Display: Finished SavePackage ../../../../../PurgaStory/Content/Character/BP_GameMode.uasset
[2017.03.05-07.06.48:779][354]LogEditorViewport: Clicking on Actor (LMB): StaticMeshActor (Floor279)
[2017.03.05-07.06.58:568][728]LogEditorViewport: Clicking on Actor (LMB): Landscape (Landscape)
[2017.03.05-07.06.58:689][728]Cmd: CAMERA ALIGN ACTIVEVIEWPORTONLY
[2017.03.05-07.07.00:088][781]Cmd: CAMERA ALIGN ACTIVEVIEWPORTONLY
[2017.03.05-07.07.18:534][505]LogEditorViewport: Clicking on Actor (LMB): StaticMeshActor (Floor244)
[2017.03.05-07.07.21:779][613]LogEditorViewport: Clicking on Actor (LMB): Landscape (Landscape)
[2017.03.05-07.07.33:651][123]LogEditorViewport: Clicking on Actor (LMB): StaticMeshActor (Floor244)
[2017.03.05-07.07.57:360][177]LogEditorViewport: Clicking on Actor (LMB): Landscape (Landscape)
[2017.03.05-07.08.00:712][340]LogEditorViewport: Clicking on Actor (LMB): Landscape (Landscape)
[2017.03.05-07.08.10:381][773]LogEditorViewport: Clicking on Actor (context menu): Landscape (Landscape)
[2017.03.05-07.08.11:883][820]LogEditorViewport: Clicking on Actor (LMB): Landscape (Landscape)
[2017.03.05-07.09.01:863][782]LogTemp: Repeting last play command: Selected Viewport
[2017.03.05-07.09.01:931][782]LogBlueprintUserMessages: Early PlayInEditor Detection: Level '/Game/StarterContent/Maps/Purgastory_Level.Purgastory_Level:PersistentLevel' has LevelScriptBlueprint '/Game/StarterContent/Maps/Purgastory_Level.Purgastory_Level:PersistentLevel.Purgastory_Level' with GeneratedClass '/Game/StarterContent/Maps/Purgastory_Level.Purgastory_Level_C' with ClassGeneratedBy '/Game/StarterContent/Maps/Purgastory_Level.Purgastory_Level:PersistentLevel.Purgastory_Level'
[2017.03.05-07.09.01:932][782]LogPlayLevel: PlayLevel: No blueprints needed recompiling
[2017.03.05-07.09.01:984][782]PIE: New page: PIE session: Purgastory_Level (5 Mar 2017 11:09:01 pm)
[2017.03.05-07.09.01:984][782]LogPlayLevel: Creating play world package: /Game/StarterContent/Maps/UEDPIE_0_Purgastory_Level
[2017.03.05-07.09.02:136][782]LogPlayLevel: PIE: StaticDuplicateObject took: (0.152078s)
[2017.03.05-07.09.02:139][782]LogAIModule: Creating AISystem for world Purgastory_Level
[2017.03.05-07.09.02:140][782]LogPlayLevel: PIE: World Init took: (0.003165s)
[2017.03.05-07.09.02:141][782]LogPlayLevel: PIE: Created PIE world by copying editor world from /Game/StarterContent/Maps/Purgastory_Level.Purgastory_Level to /Game/StarterContent/Maps/UEDPIE_0_Purgastory_Level.Purgastory_Level (0.156670s)
[2017.03.05-07.09.02:209][782]LogInit: XAudio2 using 'Speakers (Conexant SmartAudio HD)' : 2 channels at 48 kHz using 32 bits per sample (channel mask 0x3)
[2017.03.05-07.09.02:256][782]LogInit: FAudioDevice initialized.
[2017.03.05-07.09.02:410][782]LogLoad: Game class is 'BP_GameMode_C'
[2017.03.05-07.09.02:487][782]LogWorld: Bringing World /Game/StarterContent/Maps/UEDPIE_0_Purgastory_Level.Purgastory_Level up for play (max tick rate 0) at 2017.03.05-15.09.02
[2017.03.05-07.09.02:490][782]LogWorld: Bringing up level for play took: 0.073739
[2017.03.05-07.09.02:617][782]LogContentBrowser: Native class hierarchy updated for 'MovieSceneCapture' in 0.0019 seconds. Added 11 classes and 0 folders.
[2017.03.05-07.09.02:643][782]PIE: Info Play in editor start time for /Game/StarterContent/Maps/UEDPIE_0_Purgastory_Level 0.513
[2017.03.05-07.09.02:644][782]LogBlueprintUserMessages: Late PlayInEditor Detection: Level '/Game/StarterContent/Maps/Purgastory_Level.Purgastory_Level:PersistentLevel' has LevelScriptBlueprint '/Game/StarterContent/Maps/Purgastory_Level.Purgastory_Level:PersistentLevel.Purgastory_Level' with GeneratedClass '/Game/StarterContent/Maps/Purgastory_Level.Purgastory_Level_C' with ClassGeneratedBy '/Game/StarterContent/Maps/Purgastory_Level.Purgastory_Level:PersistentLevel.Purgastory_Level'
[2017.03.05-07.09.13:832][514]LogBlueprintUserMessages: Early EndPlayMap Detection: Level '/Game/StarterContent/Maps/Purgastory_Level.Purgastory_Level:PersistentLevel' has LevelScriptBlueprint '/Game/StarterContent/Maps/Purgastory_Level.Purgastory_Level:PersistentLevel.Purgastory_Level' with GeneratedClass '/Game/StarterContent/Maps/Purgastory_Level.Purgastory_Level_C' with ClassGeneratedBy '/Game/StarterContent/Maps/Purgastory_Level.Purgastory_Level:PersistentLevel.Purgastory_Level'
[2017.03.05-07.09.14:027][514]LogBlueprintUserMessages: Late EndPlayMap Detection: Level '/Game/StarterContent/Maps/Purgastory_Level.Purgastory_Level:PersistentLevel' has LevelScriptBlueprint '/Game/StarterContent/Maps/Purgastory_Level.Purgastory_Level:PersistentLevel.Purgastory_Level' with GeneratedClass '/Game/StarterContent/Maps/Purgastory_Level.Purgastory_Level_C' with ClassGeneratedBy '/Game/StarterContent/Maps/Purgastory_Level.Purgastory_Level:PersistentLevel.Purgastory_Level'
[2017.03.05-07.09.16:780][606]Cmd: OBJ SAVEPACKAGE PACKAGE="/Game/StarterContent/Maps/Purgastory_Level" FILE="../../../../../PurgaStory/Content/StarterContent/Maps/Purgastory_Level.umap" SILENT=true AUTOSAVING=false KEEPDIRTY=false
[2017.03.05-07.09.18:767][606]LogSavePackage: Save=1895.21ms
[2017.03.05-07.09.18:767][606]LogSavePackage: Moving '../../../../../PurgaStory/Saved/Purgastory_LevelDE950C1E4636DBD5CAED80BF89789C4A.tmp' to '../../../../../PurgaStory/Content/StarterContent/Maps/Purgastory_Level.umap'
[2017.03.05-07.09.18:775][606]LogSavePackage:Display: Finished SavePackage ../../../../../PurgaStory/Content/StarterContent/Maps/Purgastory_Level.umap
[2017.03.05-07.09.34:979][279]LogTexture:Display: Building textures: HQ_Lightmap0_1 (AutoDXT)
[2017.03.05-07.09.38:774][279]LogTexture:Display: Building textures: HQ_Lightmap0_10 (AutoDXT)
[2017.03.05-07.09.40:756][279]LogTexture:Display: Building textures: HQ_Lightmap0_11 (AutoDXT)
[2017.03.05-07.09.41:759][279]LogTexture:Display: Building textures: HQ_Lightmap0_12 (AutoDXT)
[2017.03.05-07.09.42:152][279]LogTexture:Display: Building textures: HQ_Lightmap0_13 (AutoDXT)
[2017.03.05-07.09.42:510][279]LogTexture:Display: Building textures: HQ_Lightmap0_14 (AutoDXT)
[2017.03.05-07.09.42:875][279]LogTexture:Display: Building textures: HQ_Lightmap0_15 (AutoDXT)
[2017.03.05-07.09.43:453][279]LogTexture:Display: Building textures: HQ_Lightmap0_16 (AutoDXT)
[2017.03.05-07.09.44:164][279]LogTexture:Display: Building textures: HQ_Lightmap0_17 (AutoDXT)
[2017.03.05-07.09.45:094][279]LogTexture:Display: Building textures: HQ_Lightmap0_18 (AutoDXT)
[2017.03.05-07.09.45:648][279]LogTexture:Display: Building textures: HQ_Lightmap0_19 (AutoDXT)
[2017.03.05-07.09.45:999][279]LogTexture:Display: Building textures: HQ_Lightmap0_2 (AutoDXT)
[2017.03.05-07.09.46:571][279]LogTexture:Display: Building textures: HQ_Lightmap0_20 (AutoDXT)
[2017.03.05-07.09.47:124][279]LogTexture:Display: Building textures: HQ_Lightmap0_21 (AutoDXT)
[2017.03.05-07.09.47:369][279]LogTexture:Display: Building textures: HQ_Lightmap0_22 (AutoDXT)
[2017.03.05-07.09.47:636][279]LogTexture:Display: Building textures: HQ_Lightmap0_23 (AutoDXT)
[2017.03.05-07.09.48:001][279]LogTexture:Display: Building textures: HQ_Lightmap0_24 (AutoDXT)
[2017.03.05-07.09.48:345][279]LogTexture:Display: Building textures: HQ_Lightmap0_25 (AutoDXT)
[2017.03.05-07.09.48:745][279]LogTexture:Display: Building textures: HQ_Lightmap0_26 (AutoDXT)
[2017.03.05-07.09.49:158][279]LogTexture:Display: Building textures: HQ_Lightmap0_27 (AutoDXT)
[2017.03.05-07.09.49:580][279]LogTexture:Display: Building textures: HQ_Lightmap0_28 (AutoDXT)
[2017.03.05-07.09.49:795][279]LogTexture:Display: Building textures: HQ_Lightmap0_29 (AutoDXT)
[2017.03.05-07.09.50:015][279]LogTexture:Display: Building textures: HQ_Lightmap0_3 (AutoDXT)
[2017.03.05-07.09.50:399][279]LogTexture:Display: Building textures: HQ_Lightmap0_30 (AutoDXT)
[2017.03.05-07.09.50:588][279]LogTexture:Display: Building textures: HQ_Lightmap0_31 (AutoDXT)
[2017.03.05-07.09.50:819][279]LogTexture:Display: Building textures: HQ_Lightmap0_32 (AutoDXT)
[2017.03.05-07.09.51:106][279]LogTexture:Display: Building textures: HQ_Lightmap0_33 (AutoDXT)
[2017.03.05-07.09.51:414][279]LogTexture:Display: Building textures: HQ_Lightmap0_34 (AutoDXT)
[2017.03.05-07.09.51:754][279]LogTexture:Display: Building textures: HQ_Lightmap0_35 (AutoDXT)
[2017.03.05-07.09.52:026][279]LogTexture:Display: Building textures: HQ_Lightmap0_36 (AutoDXT)
[2017.03.05-07.09.52:269][279]LogTexture:Display: Building textures: HQ_Lightmap0_37 (AutoDXT)
[2017.03.05-07.09.52:539][279]LogTexture:Display: Building textures: HQ_Lightmap0_38 (AutoDXT)
[2017.03.05-07.09.52:844][279]LogTexture:Display: Building textures: HQ_Lightmap0_39 (AutoDXT)
[2017.03.05-07.09.53:159][279]LogTexture:Display: Building textures: HQ_Lightmap0_4 (AutoDXT)
[2017.03.05-07.09.53:489][279]LogTexture:Display: Building textures: HQ_Lightmap0_40 (AutoDXT)
[2017.03.05-07.09.53:734][279]LogTexture:Display: Building textures: HQ_Lightmap0_41 (AutoDXT)
[2017.03.05-07.09.53:966][279]LogTexture:Display: Building textures: HQ_Lightmap0_42 (AutoDXT)
[2017.03.05-07.09.54:253][279]LogTexture:Display: Building textures: HQ_Lightmap0_43 (AutoDXT)
[2017.03.05-07.09.54:508][279]LogTexture:Display: Building textures: HQ_Lightmap0_44 (AutoDXT)
[2017.03.05-07.09.54:805][279]LogTexture:Display: Building textures: HQ_Lightmap0_45 (AutoDXT)
[2017.03.05-07.09.55:125][279]LogTexture:Display: Building textures: HQ_Lightmap0_46 (AutoDXT)
[2017.03.05-07.09.55:443][279]LogTexture:Display: Building textures: HQ_Lightmap0_47 (AutoDXT)
[2017.03.05-07.09.55:664][279]LogTexture:Display: Building textures: HQ_Lightmap0_48 (AutoDXT)
[2017.03.05-07.09.55:900][279]LogTexture:Display: Building textures: HQ_Lightmap0_49 (AutoDXT)
[2017.03.05-07.09.56:124][279]LogTexture:Display: Building textures: HQ_Lightmap0_5 (AutoDXT)
[2017.03.05-07.09.56:338][279]LogTexture:Display: Building textures: HQ_Lightmap0_50 (AutoDXT)
[2017.03.05-07.09.56:600][279]LogTexture:Display: Building textures: HQ_Lightmap0_51 (AutoDXT)
[2017.03.05-07.09.56:830][279]LogTexture:Display: Building textures: HQ_Lightmap0_52 (AutoDXT)
[2017.03.05-07.09.57:028][279]LogTexture:Display: Building textures: HQ_Lightmap0_53 (AutoDXT)
[2017.03.05-07.09.57:279][279]LogTexture:Display: Building textures: HQ_Lightmap0_54 (AutoDXT)
[2017.03.05-07.09.57:477][279]LogTexture:Display: Building textures: HQ_Lightmap0_55 (AutoDXT)
[2017.03.05-07.09.57:698][279]LogTexture:Display: Building textures: HQ_Lightmap0_56 (AutoDXT)
[2017.03.05-07.09.57:928][279]LogTexture:Display: Building textures: HQ_Lightmap0_57 (AutoDXT)
[2017.03.05-07.09.58:129][279]LogTexture:Display: Building textures: HQ_Lightmap0_58 (AutoDXT)
[2017.03.05-07.09.58:296][279]LogTexture:Display: Building textures: HQ_Lightmap0_59 (AutoDXT)
[2017.03.05-07.09.58:485][279]LogTexture:Display: Building textures: HQ_Lightmap0_6 (AutoDXT)
[2017.03.05-07.09.58:716][279]LogTexture:Display: Building textures: HQ_Lightmap0_60 (AutoDXT)
[2017.03.05-07.09.58:886][279]LogTexture:Display: Building textures: HQ_Lightmap0_61 (AutoDXT)
[2017.03.05-07.09.59:097][279]LogTexture:Display: Building textures: HQ_Lightmap0_62 (AutoDXT)
[2017.03.05-07.09.59:326][279]LogTexture:Display: Building textures: HQ_Lightmap0_63 (AutoDXT)
[2017.03.05-07.09.59:465][279]LogTexture:Display: Building textures: HQ_Lightmap0_64 (AutoDXT)
[2017.03.05-07.09.59:659][279]LogTexture:Display: Building textures: HQ_Lightmap0_65 (AutoDXT)
[2017.03.05-07.09.59:817][279]LogTexture:Display: Building textures: HQ_Lightmap0_66 (AutoDXT)
[2017.03.05-07.10.00:009][279]LogTexture:Display: Building textures: HQ_Lightmap0_67 (AutoDXT)
[2017.03.05-07.10.00:177][279]LogTexture:Display: Building textures: HQ_Lightmap0_68 (AutoDXT)
[2017.03.05-07.10.00:428][279]LogTexture:Display: Building textures: HQ_Lightmap0_69 (AutoDXT)
[2017.03.05-07.10.00:594][279]LogTexture:Display: Building textures: HQ_Lightmap0_7 (AutoDXT)
[2017.03.05-07.10.00:809][279]LogTexture:Display: Building textures: HQ_Lightmap0_70 (AutoDXT)
[2017.03.05-07.10.01:011][279]LogTexture:Display: Building textures: HQ_Lightmap0_71 (AutoDXT)
[2017.03.05-07.10.01:214][279]LogTexture:Display: Building textures: HQ_Lightmap0_72 (AutoDXT)
[2017.03.05-07.10.01:382][279]LogTexture:Display: Building textures: HQ_Lightmap0_73 (AutoDXT)
[2017.03.05-07.10.01:639][279]LogTexture:Display: Building textures: HQ_Lightmap0_74 (AutoDXT)
[2017.03.05-07.10.01:916][279]LogTexture:Display: Building textures: HQ_Lightmap0_75 (AutoDXT)
[2017.03.05-07.10.02:127][279]LogTexture:Display: Building textures: HQ_Lightmap0_76 (AutoDXT)
[2017.03.05-07.10.02:309][279]LogTexture:Display: Building textures: HQ_Lightmap0_77 (AutoDXT)
[2017.03.05-07.10.02:541][279]LogTexture:Display: Building textures: HQ_Lightmap0_78 (AutoDXT)
[2017.03.05-07.10.02:765][279]LogTexture:Display: Building textures: HQ_Lightmap0_79 (AutoDXT)
[2017.03.05-07.10.02:939][279]LogTexture:Display: Building textures: HQ_Lightmap0_8 (AutoDXT)
[2017.03.05-07.10.03:157][279]LogTexture:Display: Building textures: HQ_Lightmap0_80 (AutoDXT)
[2017.03.05-07.10.03:334][279]LogTexture:Display: Building textures: HQ_Lightmap0_81 (AutoDXT)
[2017.03.05-07.10.03:494][279]LogTexture:Display: Building textures: HQ_Lightmap0_82 (AutoDXT)
[2017.03.05-07.10.03:664][279]LogTexture:Display: Building textures: HQ_Lightmap0_83 (AutoDXT)
[2017.03.05-07.10.03:827][279]LogTexture:Display: Building textures: HQ_Lightmap0_84 (AutoDXT)
[2017.03.05-07.10.03:969][279]LogTexture:Display: Building textures: HQ_Lightmap0_85 (AutoDXT)
[2017.03.05-07.10.04:126][279]LogTexture:Display: Building textures: HQ_Lightmap0_86 (AutoDXT)
[2017.03.05-07.10.04:271][279]LogTexture:Display: Building textures: HQ_Lightmap0_87 (AutoDXT)
[2017.03.05-07.10.04:429][279]LogTexture:Display: Building textures: HQ_Lightmap0_88 (AutoDXT)
[2017.03.05-07.10.04:616][279]LogTexture:Display: Building textures: HQ_Lightmap0_89 (AutoDXT)
[2017.03.05-07.10.04:792][279]LogTexture:Display: Building textures: HQ_Lightmap0_9 (AutoDXT)
[2017.03.05-07.10.05:054][279]LogTexture:Display: Building textures: HQ_Lightmap0_90 (AutoDXT)
[2017.03.05-07.10.05:155][279]LogTexture:Display: Building textures: HQ_Lightmap0_91 (AutoDXT)
[2017.03.05-07.10.05:167][279]LogTexture:Display: Building textures: LQ_Lightmap_0_1 (DXT1)
[2017.03.05-07.10.05:224][279]LogTexture:Display: Building textures: LQ_Lightmap_0_10 (DXT1)
[2017.03.05-07.10.05:286][279]LogTexture:Display: Building textures: LQ_Lightmap_0_11 (DXT1)
[2017.03.05-07.10.05:350][279]LogTexture:Display: Building textures: LQ_Lightmap_0_12 (DXT1)
[2017.03.05-07.10.05:410][279]LogTexture:Display: Building textures: LQ_Lightmap_0_13 (DXT1)
[2017.03.05-07.10.05:474][279]LogTexture:Display: Building textures: LQ_Lightmap_0_14 (DXT1)
[2017.03.05-07.10.05:541][279]LogTexture:Display: Building textures: LQ_Lightmap_0_15 (DXT1)
[2017.03.05-07.10.05:608][279]LogTexture:Display: Building textures: LQ_Lightmap_0_16 (DXT1)
[2017.03.05-07.10.05:664][279]LogTexture:Display: Building textures: LQ_Lightmap_0_17 (DXT1)
[2017.03.05-07.10.05:715][279]LogTexture:Display: Building textures: LQ_Lightmap_0_18 (DXT1)
[2017.03.05-07.10.05:767][279]LogTexture:Display: Building textures: LQ_Lightmap_0_19 (DXT1)
[2017.03.05-07.10.05:824][279]LogTexture:Display: Building textures: LQ_Lightmap_0_2 (DXT1)
[2017.03.05-07.10.05:879][279]LogTexture:Display: Building textures: LQ_Lightmap_0_20 (DXT1)
[2017.03.05-07.10.05:931][279]LogTexture:Display: Building textures: LQ_Lightmap_0_21 (DXT1)
[2017.03.05-07.10.06:124][279]LogTexture:Display: Building textures: LQ_Lightmap_0_22 (DXT1)
[2017.03.05-07.10.06:423][279]LogTexture:Display: Building textures: LQ_Lightmap_0_23 (DXT1)
[2017.03.05-07.10.06:668][279]LogTexture:Display: Building textures: LQ_Lightmap_0_24 (DXT1)
[2017.03.05-07.10.06:955][279]LogTexture:Display: Building textures: LQ_Lightmap_0_25 (DXT1)
[2017.03.05-07.10.07:218][279]LogTexture:Display: Building textures: LQ_Lightmap_0_26 (DXT1)
[2017.03.05-07.10.07:452][279]LogTexture:Display: Building textures: LQ_Lightmap_0_27 (DXT1)
[2017.03.05-07.10.07:703][279]LogTexture:Display: Building textures: LQ_Lightmap_0_28 (DXT1)
[2017.03.05-07.10.07:978][279]LogTexture:Display: Building textures: LQ_Lightmap_0_29 (DXT1)
[2017.03.05-07.10.08:264][279]LogTexture:Display: Building textures: LQ_Lightmap_0_3 (DXT1)
[2017.03.05-07.10.08:514][279]LogTexture:Display: Building textures: LQ_Lightmap_0_30 (DXT1)
[2017.03.05-07.10.08:780][279]LogTexture:Display: Building textures: LQ_Lightmap_0_31 (DXT1)
[2017.03.05-07.10.09:043][279]LogTexture:Display: Building textures: LQ_Lightmap_0_32 (DXT1)
[2017.03.05-07.10.09:377][279]LogTexture:Display: Building textures: LQ_Lightmap_0_33 (DXT1)
[2017.03.05-07.10.09:627][279]LogTexture:Display: Building textures: LQ_Lightmap_0_34 (DXT1)
[2017.03.05-07.10.09:877][279]LogTexture:Display: Building textures: LQ_Lightmap_0_35 (DXT1)
[2017.03.05-07.10.10:124][279]LogTexture:Display: Building textures: LQ_Lightmap_0_36 (DXT1)
[2017.03.05-07.10.10:384][279]LogTexture:Display: Building textures: LQ_Lightmap_0_37 (DXT1)
[2017.03.05-07.10.10:654][279]LogTexture:Display: Building textures: LQ_Lightmap_0_38 (DXT1)
[2017.03.05-07.10.10:917][279]LogTexture:Display: Building textures: LQ_Lightmap_0_39 (DXT1)
[2017.03.05-07.10.11:154][279]LogTexture:Display: Building textures: LQ_Lightmap_0_4 (DXT1)
[2017.03.05-07.10.11:424][279]LogTexture:Display: Building textures: LQ_Lightmap_0_40 (DXT1)
[2017.03.05-07.10.11:721][279]LogTexture:Display: Building textures: LQ_Lightmap_0_41 (DXT1)
[2017.03.05-07.10.12:021][279]LogTexture:Display: Building textures: LQ_Lightmap_0_42 (DXT1)
[2017.03.05-07.10.12:374][279]LogTexture:Display: Building textures: LQ_Lightmap_0_43 (DXT1)
[2017.03.05-07.10.12:716][279]LogTexture:Display: Building textures: LQ_Lightmap_0_44 (DXT1)
[2017.03.05-07.10.13:084][279]LogTexture:Display: Building textures: LQ_Lightmap_0_45 (DXT1)
[2017.03.05-07.10.13:295][279]LogTexture:Display: Building textures: LQ_Lightmap_0_46 (DXT1)
[2017.03.05-07.10.13:501][279]LogTexture:Display: Building textures: LQ_Lightmap_0_47 (DXT1)
[2017.03.05-07.10.13:689][279]LogTexture:Display: Building textures: LQ_Lightmap_0_48 (DXT1)
[2017.03.05-07.10.13:877][279]LogTexture:Display: Building textures: LQ_Lightmap_0_49 (DXT1)
[2017.03.05-07.10.14:041][279]LogTexture:Display: Building textures: LQ_Lightmap_0_5 (DXT1)
[2017.03.05-07.10.14:216][279]LogTexture:Display: Building textures: LQ_Lightmap_0_50 (DXT1)
[2017.03.05-07.10.14:379][279]LogTexture:Display: Building textures: LQ_Lightmap_0_51 (DXT1)
[2017.03.05-07.10.14:542][279]LogTexture:Display: Building textures: LQ_Lightmap_0_52 (DXT1)
[2017.03.05-07.10.14:706][279]LogTexture:Display: Building textures: LQ_Lightmap_0_53 (DXT1)
[2017.03.05-07.10.14:919][279]LogTexture:Display: Building textures: LQ_Lightmap_0_54 (DXT1)
[2017.03.05-07.10.15:153][279]LogTexture:Display: Building textures: LQ_Lightmap_0_55 (DXT1)
[2017.03.05-07.10.15:382][279]LogTexture:Display: Building textures: LQ_Lightmap_0_56 (DXT1)
[2017.03.05-07.10.15:632][279]LogTexture:Display: Building textures: LQ_Lightmap_0_57 (DXT1)
[2017.03.05-07.10.15:896][279]LogTexture:Display: Building textures: LQ_Lightmap_0_58 (DXT1)
[2017.03.05-07.10.16:154][279]LogTexture:Display: Building textures: LQ_Lightmap_0_59 (DXT1)
[2017.03.05-07.10.16:416][279]LogTexture:Display: Building textures: LQ_Lightmap_0_6 (DXT1)
[2017.03.05-07.10.16:648][279]LogTexture:Display: Building textures: LQ_Lightmap_0_60 (DXT1)
[2017.03.05-07.10.16:859][279]LogTexture:Display: Building textures: LQ_Lightmap_0_61 (DXT1)
[2017.03.05-07.10.17:024][279]LogTexture:Display: Building textures: LQ_Lightmap_0_62 (DXT1)
[2017.03.05-07.10.17:210][279]LogTexture:Display: Building textures: LQ_Lightmap_0_63 (DXT1)
[2017.03.05-07.10.17:394][279]LogTexture:Display: Building textures: LQ_Lightmap_0_64 (DXT1)
[2017.03.05-07.10.17:587][279]LogTexture:Display: Building textures: LQ_Lightmap_0_65 (DXT1)
[2017.03.05-07.10.17:779][279]LogTexture:Display: Building textures: LQ_Lightmap_0_66 (DXT1)
[2017.03.05-07.10.17:967][279]LogTexture:Display: Building textures: LQ_Lightmap_0_67 (DXT1)
[2017.03.05-07.10.18:139][279]LogTexture:Display: Building textures: LQ_Lightmap_0_68 (DXT1)
[2017.03.05-07.10.18:306][279]LogTexture:Display: Building textures: LQ_Lightmap_0_69 (DXT1)
[2017.03.05-07.10.18:514][279]LogTexture:Display: Building textures: LQ_Lightmap_0_7 (DXT1)
[2017.03.05-07.10.18:739][279]LogTexture:Display: Building textures: LQ_Lightmap_0_70 (DXT1)
[2017.03.05-07.10.18:958][279]LogTexture:Display: Building textures: LQ_Lightmap_0_71 (DXT1)
[2017.03.05-07.10.19:174][279]LogTexture:Display: Building textures: LQ_Lightmap_0_72 (DXT1)
[2017.03.05-07.10.19:401][279]LogTexture:Display: Building textures: LQ_Lightmap_0_73 (DXT1)
[2017.03.05-07.10.19:616][279]LogTexture:Display: Building textures: LQ_Lightmap_0_74 (DXT1)
[2017.03.05-07.10.19:840][279]LogTexture:Display: Building textures: LQ_Lightmap_0_75 (DXT1)
[2017.03.05-07.10.20:100][279]LogTexture:Display: Building textures: LQ_Lightmap_0_76 (DXT1)
[2017.03.05-07.10.20:356][279]LogTexture:Display: Building textures: LQ_Lightmap_0_77 (DXT1)
[2017.03.05-07.10.20:618][279]LogTexture:Display: Building textures: LQ_Lightmap_0_78 (DXT1)
[2017.03.05-07.10.20:879][279]LogTexture:Display: Building textures: LQ_Lightmap_0_79 (DXT1)
[2017.03.05-07.10.21:162][279]LogTexture:Display: Building textures: LQ_Lightmap_0_8 (DXT1)
[2017.03.05-07.10.21:425][279]LogTexture:Display: Building textures: LQ_Lightmap_0_80 (DXT1)
[2017.03.05-07.10.21:783][279]LogTexture:Display: Building textures: LQ_Lightmap_0_81 (DXT1)
[2017.03.05-07.10.22:146][279]LogTexture:Display: Building textures: LQ_Lightmap_0_82 (DXT1)
[2017.03.05-07.10.22:491][279]LogTexture:Display: Building textures: LQ_Lightmap_0_83 (DXT1)
[2017.03.05-07.10.22:834][279]LogTexture:Display: Building textures: LQ_Lightmap_0_84 (DXT1)
[2017.03.05-07.10.23:163][279]LogTexture:Display: Building textures: LQ_Lightmap_0_85 (DXT1)
[2017.03.05-07.10.23:492][279]LogTexture:Display: Building textures: LQ_Lightmap_0_86 (DXT1)
[2017.03.05-07.10.23:805][279]LogTexture:Display: Building textures: LQ_Lightmap_0_87 (DXT1)
[2017.03.05-07.10.24:113][279]LogTexture:Display: Building textures: LQ_Lightmap_0_88 (DXT1)
[2017.03.05-07.10.24:447][279]LogTexture:Display: Building textures: LQ_Lightmap_0_89 (DXT1)
[2017.03.05-07.10.24:775][279]LogTexture:Display: Building textures: LQ_Lightmap_0_9 (DXT1)
[2017.03.05-07.10.25:082][279]LogTexture:Display: Building textures: LQ_Lightmap_0_90 (DXT1)
[2017.03.05-07.10.25:372][279]LogTexture:Display: Building textures: LQ_Lightmap_0_91 (DXT1)
[2017.03.05-07.10.25:414][279]LogTexture:Display: Building textures: SkyOcclusion0_1 (AutoDXT)
[2017.03.05-07.10.25:823][279]LogTexture:Display: Building textures: SkyOcclusion0_10 (AutoDXT)
[2017.03.05-07.10.26:216][279]LogTexture:Display: Building textures: SkyOcclusion0_11 (AutoDXT)
[2017.03.05-07.10.26:554][279]LogTexture:Display: Building textures: SkyOcclusion0_12 (AutoDXT)
[2017.03.05-07.10.26:784][279]LogTexture:Display: Building textures: SkyOcclusion0_13 (AutoDXT)
[2017.03.05-07.10.26:977][279]LogTexture:Display: Building textures: SkyOcclusion0_14 (AutoDXT)
[2017.03.05-07.10.27:177][279]LogTexture:Display: Building textures: SkyOcclusion0_15 (AutoDXT)
[2017.03.05-07.10.27:408][279]LogTexture:Display: Building textures: SkyOcclusion0_16 (AutoDXT)
[2017.03.05-07.10.27:637][279]LogTexture:Display: Building textures: SkyOcclusion0_17 (AutoDXT)
[2017.03.05-07.10.28:051][279]LogTexture:Display: Building textures: SkyOcclusion0_18 (AutoDXT)
[2017.03.05-07.10.28:273][279]LogTexture:Display: Building textures: SkyOcclusion0_19 (AutoDXT)
[2017.03.05-07.10.28:449][279]LogTexture:Display: Building textures: SkyOcclusion0_2 (AutoDXT)
[2017.03.05-07.10.28:747][279]LogTexture:Display: Building textures: SkyOcclusion0_20 (AutoDXT)
[2017.03.05-07.10.28:975][279]LogTexture:Display: Building textures: SkyOcclusion0_21 (AutoDXT)
[2017.03.05-07.10.29:134][279]LogTexture:Display: Building textures: SkyOcclusion0_22 (AutoDXT)
[2017.03.05-07.10.29:305][279]LogTexture:Display: Building textures: SkyOcclusion0_23 (AutoDXT)
[2017.03.05-07.10.29:462][279]LogTexture:Display: Building textures: SkyOcclusion0_24 (AutoDXT)
[2017.03.05-07.10.29:691][279]LogTexture:Display: Building textures: SkyOcclusion0_25 (AutoDXT)
[2017.03.05-07.10.29:875][279]LogTexture:Display: Building textures: SkyOcclusion0_26 (AutoDXT)
[2017.03.05-07.10.30:087][279]LogTexture:Display: Building textures: SkyOcclusion0_27 (AutoDXT)
[2017.03.05-07.10.30:337][279]LogTexture:Display: Building textures: SkyOcclusion0_28 (AutoDXT)
[2017.03.05-07.10.30:469][279]LogTexture:Display: Building textures: SkyOcclusion0_29 (AutoDXT)
[2017.03.05-07.10.30:608][279]LogTexture:Display: Building textures: SkyOcclusion0_3 (AutoDXT)
[2017.03.05-07.10.30:807][279]LogTexture:Display: Building textures: SkyOcclusion0_30 (AutoDXT)
[2017.03.05-07.10.30:919][279]LogTexture:Display: Building textures: SkyOcclusion0_31 (AutoDXT)
[2017.03.05-07.10.31:069][279]LogTexture:Display: Building textures: SkyOcclusion0_32 (AutoDXT)
[2017.03.05-07.10.31:208][279]LogTexture:Display: Building textures: SkyOcclusion0_33 (AutoDXT)
[2017.03.05-07.10.31:385][279]LogTexture:Display: Building textures: SkyOcclusion0_34 (AutoDXT)
[2017.03.05-07.10.31:547][279]LogTexture:Display: Building textures: SkyOcclusion0_35 (AutoDXT)
[2017.03.05-07.10.31:662][279]LogTexture:Display: Building textures: SkyOcclusion0_36 (AutoDXT)
[2017.03.05-07.10.31:794][279]LogTexture:Display: Building textures: SkyOcclusion0_37 (AutoDXT)
[2017.03.05-07.10.31:906][279]LogTexture:Display: Building textures: SkyOcclusion0_38 (AutoDXT)
[2017.03.05-07.10.32:050][279]LogTexture:Display: Building textures: SkyOcclusion0_39 (AutoDXT)
[2017.03.05-07.10.32:177][279]LogTexture:Display: Building textures: SkyOcclusion0_4 (AutoDXT)
[2017.03.05-07.10.32:374][279]LogTexture:Display: Building textures: SkyOcclusion0_40 (AutoDXT)
[2017.03.05-07.10.32:583][279]LogTexture:Display: Building textures: SkyOcclusion0_41 (AutoDXT)
[2017.03.05-07.10.32:697][279]LogTexture:Display: Building textures: SkyOcclusion0_42 (AutoDXT)
[2017.03.05-07.10.32:861][279]LogTexture:Display: Building textures: SkyOcclusion0_43 (AutoDXT)
[2017.03.05-07.10.33:002][279]LogTexture:Display: Building textures: SkyOcclusion0_44 (AutoDXT)
[2017.03.05-07.10.33:147][279]LogTexture:Display: Building textures: SkyOcclusion0_45 (AutoDXT)
[2017.03.05-07.10.33:343][279]LogTexture:Display: Building textures: SkyOcclusion0_46 (AutoDXT)
[2017.03.05-07.10.33:516][279]LogTexture:Display: Building textures: SkyOcclusion0_47 (AutoDXT)
[2017.03.05-07.10.33:670][279]LogTexture:Display: Building textures: SkyOcclusion0_48 (AutoDXT)
[2017.03.05-07.10.33:830][279]LogTexture:Display: Building textures: SkyOcclusion0_49 (AutoDXT)
[2017.03.05-07.10.33:971][279]LogTexture:Display: Building textures: SkyOcclusion0_5 (AutoDXT)
[2017.03.05-07.10.34:096][279]LogTexture:Display: Building textures: SkyOcclusion0_50 (AutoDXT)
[2017.03.05-07.10.34:280][279]LogTexture:Display: Building textures: SkyOcclusion0_51 (AutoDXT)
[2017.03.05-07.10.34:395][279]LogTexture:Display: Building textures: SkyOcclusion0_52 (AutoDXT)
[2017.03.05-07.10.34:490][279]LogTexture:Display: Building textures: SkyOcclusion0_53 (AutoDXT)
[2017.03.05-07.10.34:647][279]LogTexture:Display: Building textures: SkyOcclusion0_54 (AutoDXT)
[2017.03.05-07.10.34:757][279]LogTexture:Display: Building textures: SkyOcclusion0_55 (AutoDXT)
[2017.03.05-07.10.34:920][279]LogTexture:Display: Building textures: SkyOcclusion0_56 (AutoDXT)
[2017.03.05-07.10.35:056][279]LogTexture:Display: Building textures: SkyOcclusion0_57 (AutoDXT)
[2017.03.05-07.10.35:172][279]LogTexture:Display: Building textures: SkyOcclusion0_58 (AutoDXT)
[2017.03.05-07.10.35:254][279]LogTexture:Display: Building textures: SkyOcclusion0_59 (AutoDXT)
[2017.03.05-07.10.35:392][279]LogTexture:Display: Building textures: SkyOcclusion0_6 (AutoDXT)
[2017.03.05-07.10.35:529][279]LogTexture:Display: Building textures: SkyOcclusion0_60 (AutoDXT)
[2017.03.05-07.10.35:625][279]LogTexture:Display: Building textures: SkyOcclusion0_61 (AutoDXT)
[2017.03.05-07.10.35:754][279]LogTexture:Display: Building textures: SkyOcclusion0_62 (AutoDXT)
[2017.03.05-07.10.35:878][279]LogTexture:Display: Building textures: SkyOcclusion0_63 (AutoDXT)
[2017.03.05-07.10.35:951][279]LogTexture:Display: Building textures: SkyOcclusion0_64 (AutoDXT)
[2017.03.05-07.10.36:025][279]LogTexture:Display: Building textures: SkyOcclusion0_65 (AutoDXT)
[2017.03.05-07.10.36:100][279]LogTexture:Display: Building textures: SkyOcclusion0_66 (AutoDXT)
[2017.03.05-07.10.36:203][279]LogTexture:Display: Building textures: SkyOcclusion0_67 (AutoDXT)
[2017.03.05-07.10.36:294][279]LogTexture:Display: Building textures: SkyOcclusion0_68 (AutoDXT)
[2017.03.05-07.10.36:411][279]LogTexture:Display: Building textures: SkyOcclusion0_69 (AutoDXT)
[2017.03.05-07.10.36:488][279]LogTexture:Display: Building textures: SkyOcclusion0_7 (AutoDXT)
[2017.03.05-07.10.36:579][279]LogTexture:Display: Building textures: SkyOcclusion0_70 (AutoDXT)
[2017.03.05-07.10.36:678][279]LogTexture:Display: Building textures: SkyOcclusion0_71 (AutoDXT)
[2017.03.05-07.10.36:797][279]LogTexture:Display: Building textures: SkyOcclusion0_72 (AutoDXT)
[2017.03.05-07.10.36:875][279]LogTexture:Display: Building textures: SkyOcclusion0_73 (AutoDXT)
[2017.03.05-07.10.36:984][279]LogTexture:Display: Building textures: SkyOcclusion0_74 (AutoDXT)
[2017.03.05-07.10.37:111][279]LogTexture:Display: Building textures: SkyOcclusion0_75 (AutoDXT)
[2017.03.05-07.10.37:181][279]LogTexture:Display: Building textures: SkyOcclusion0_76 (AutoDXT)
[2017.03.05-07.10.37:238][279]LogTexture:Display: Building textures: SkyOcclusion0_77 (AutoDXT)
[2017.03.05-07.10.37:333][279]LogTexture:Display: Building textures: SkyOcclusion0_78 (AutoDXT)
[2017.03.05-07.10.37:421][279]LogTexture:Display: Building textures: SkyOcclusion0_79 (AutoDXT)
[2017.03.05-07.10.37:511][279]LogTexture:Display: Building textures: SkyOcclusion0_8 (AutoDXT)
[2017.03.05-07.10.37:595][279]LogTexture:Display: Building textures: SkyOcclusion0_80 (AutoDXT)
[2017.03.05-07.10.37:679][279]LogTexture:Display: Building textures: SkyOcclusion0_81 (AutoDXT)
[2017.03.05-07.10.37:755][279]LogTexture:Display: Building textures: SkyOcclusion0_82 (AutoDXT)
[2017.03.05-07.10.37:841][279]LogTexture:Display: Building textures: SkyOcclusion0_83 (AutoDXT)
[2017.03.05-07.10.37:921][279]LogTexture:Display: Building textures: SkyOcclusion0_84 (AutoDXT)
[2017.03.05-07.10.37:983][279]LogTexture:Display: Building textures: SkyOcclusion0_85 (AutoDXT)
[2017.03.05-07.10.38:061][279]LogTexture:Display: Building textures: SkyOcclusion0_86 (AutoDXT)
[2017.03.05-07.10.38:126][279]LogTexture:Display: Building textures: SkyOcclusion0_87 (AutoDXT)
[2017.03.05-07.10.38:198][279]LogTexture:Display: Building textures: SkyOcclusion0_88 (AutoDXT)
[2017.03.05-07.10.38:285][279]LogTexture:Display: Building textures: SkyOcclusion0_89 (AutoDXT)
[2017.03.05-07.10.38:360][279]LogTexture:Display: Building textures: SkyOcclusion0_9 (AutoDXT)
[2017.03.05-07.10.38:479][279]LogTexture:Display: Building textures: SkyOcclusion0_90 (AutoDXT)
[2017.03.05-07.10.38:534][279]LogTexture:Display: Building textures: SkyOcclusion0_91 (AutoDXT)
[2017.03.05-07.10.51:547][559]Cmd: OBJ SAVEPACKAGE PACKAGE="/Game/StarterContent/Maps/Purgastory_Level" FILE="../../../../../PurgaStory/Content/StarterContent/Maps/Purgastory_Level.umap" SILENT=true AUTOSAVING=false KEEPDIRTY=false
[2017.03.05-07.10.53:450][559]LogSavePackage: Save=1844.03ms
[2017.03.05-07.10.53:450][559]LogSavePackage: Moving '../../../../../PurgaStory/Saved/Purgastory_Level865AC7FD493E41D1532974B841DB52DA.tmp' to '../../../../../PurgaStory/Content/StarterContent/Maps/Purgastory_Level.umap'
[2017.03.05-07.10.53:454][559]LogSavePackage:Display: Finished SavePackage ../../../../../PurgaStory/Content/StarterContent/Maps/Purgastory_Level.umap
[2017.03.05-07.10.55:769][615]Cmd: QUIT_EDITOR
[2017.03.05-07.10.56:453][615]LogWindowsTextInputMethodSystem:Display: IME system now deactivated.
[2017.03.05-07.10.56:572][615]LogExit: Preparing to exit.
[2017.03.05-07.10.57:058][615]LogDirectoryWatcher: A directory notification for 'D:/Unreal/PurgaStory/Content/' was aborted.
[2017.03.05-07.10.57:199][615]LogExit: Editor shut down
[2017.03.05-07.10.57:200][615]LogExit: Transaction tracking system shut down
[2017.03.05-07.10.57:592][615]LogObj: Freed 0b from 0 cluster array pools.
[2017.03.05-07.10.57:593][615]LogExit: Object subsystem successfully closed.
[2017.03.05-07.10.57:619][615]LogD3D11RHI: Shutdown
[2017.03.05-07.10.57:619][615]LogD3D11RHI: CleanupD3DDevice
[2017.03.05-07.10.58:010][615]LogD3D11RHI: ~FD3D11DynamicRHI
[2017.03.05-07.10.58:038][615]LogHttp:Display: Http module shutting down, but needs to wait on 1 outstanding Http requests:
[2017.03.05-07.10.58:038][615]LogHttp:Display: 	verb=[POST] url=[https://datarouter.ol.epicgames.com/datarouter/api/v1/public/data?SessionID=%7B40565920-47B3-A8CC-A5C6-709E49F29C52%7D&AppID=UEEditor.Rocket.Release&AppVersion=4.14.3-3249277%2B%2B%2BUE4%2BRelease-4.14&UserID=d1c8f82b417d2ce73f7df0820151bd26%7C54ddd81e2c83417ea6547a0ffff3e5a4%7Cfb954913-2a66-44b3-9e13-656e6d75c89e&AppEnvironment=datacollector-binary&UploadType=eteventstream] status=Processing
[2017.03.05-07.10.58:071][615]LogModuleManager: Shutting down and abandoning module MovieSceneCapture (245)
[2017.03.05-07.10.58:071][615]LogModuleManager: Shutting down and abandoning module BlueprintGraph (244)
[2017.03.05-07.10.58:071][615]LogModuleManager: Shutting down and abandoning module BlueprintProfiler (243)
[2017.03.05-07.10.58:071][615]LogModuleManager: Shutting down and abandoning module ExternalImagePicker (242)
[2017.03.05-07.10.58:071][615]LogModuleManager: Shutting down and abandoning module StatsViewer (241)
[2017.03.05-07.10.58:071][615]LogModuleManager: Shutting down and abandoning module HierarchicalLODOutliner (240)
[2017.03.05-07.10.58:071][615]LogModuleManager: Shutting down and abandoning module CrashTracker (239)
[2017.03.05-07.10.58:071][615]LogModuleManager: Shutting down and abandoning module SceneOutliner (238)
[2017.03.05-07.10.58:071][615]LogModuleManager: Shutting down and abandoning module WidgetCarousel (237)
[2017.03.05-07.10.58:071][615]LogModuleManager: Shutting down and abandoning module AddContentDialog (236)
[2017.03.05-07.10.58:071][615]LogDirectoryWatcher: A directory notification for 'D:/Unreal/Epic Games/4.14/FeaturePacks/' was aborted.
[2017.03.05-07.10.58:075][615]LogModuleManager: Shutting down and abandoning module GameplayTags (235)
[2017.03.05-07.10.58:075][615]LogModuleManager: Shutting down and abandoning module EditorWidgets (234)
[2017.03.05-07.10.58:075][615]LogModuleManager: Shutting down and abandoning module CollectionManager (233)
[2017.03.05-07.10.58:075][615]LogDirectoryWatcher: A directory notification for 'D:/Unreal/PurgaStory/Content/Collections/' was aborted.
[2017.03.05-07.10.58:075][615]LogDirectoryWatcher: A directory notification for 'D:/Unreal/PurgaStory/Content/Developers/User/Collections/' was aborted.
[2017.03.05-07.10.58:075][615]LogDirectoryWatcher: A directory notification for 'D:/Unreal/PurgaStory/Saved/Collections/' was aborted.
[2017.03.05-07.10.58:075][615]LogModuleManager: Shutting down and abandoning module FoliageEdit (232)
[2017.03.05-07.10.58:075][615]LogModuleManager: Shutting down and abandoning module LandscapeEditor (231)
[2017.03.05-07.10.58:095][615]LogModuleManager: Shutting down and abandoning module SceneDepthPickerMode (230)
[2017.03.05-07.10.58:095][615]LogModuleManager: Shutting down and abandoning module ActorPickerMode (229)
[2017.03.05-07.10.58:095][615]LogModuleManager: Shutting down and abandoning module GeometryMode (228)
[2017.03.05-07.10.58:095][615]LogModuleManager: Shutting down and abandoning module TextureAlignMode (227)
[2017.03.05-07.10.58:096][615]LogModuleManager: Shutting down and abandoning module BspMode (226)
[2017.03.05-07.10.58:096][615]LogModuleManager: Shutting down and abandoning module HardwareSurvey (225)
[2017.03.05-07.10.58:096][615]LogModuleManager: Shutting down and abandoning module SequenceRecorderSections (224)
[2017.03.05-07.10.58:096][615]LogModuleManager: Shutting down and abandoning module AutomationWorker (223)
[2017.03.05-07.10.58:096][615]LogModuleManager: Shutting down and abandoning module MatineeToLevelSequence (222)
[2017.03.05-07.10.58:096][615]LogModuleManager: Shutting down and abandoning module PlacementMode (221)
[2017.03.05-07.10.58:096][615]LogModuleManager: Shutting down and abandoning module LevelSequenceEditor (220)
[2017.03.05-07.10.58:101][615]LogModuleManager: Shutting down and abandoning module WmfMediaFactory (219)
[2017.03.05-07.10.58:101][615]LogModuleManager: Shutting down and abandoning module WmfMediaEditor (218)
[2017.03.05-07.10.58:101][615]LogModuleManager: Shutting down and abandoning module AvfMediaFactory (217)
[2017.03.05-07.10.58:101][615]LogModuleManager: Shutting down and abandoning module AvfMediaEditor (216)
[2017.03.05-07.10.58:101][615]LogModuleManager: Shutting down and abandoning module Media (215)
[2017.03.05-07.10.58:101][615]LogModuleManager: Shutting down and abandoning module AndroidMediaFactory (214)
[2017.03.05-07.10.58:101][615]LogModuleManager: Shutting down and abandoning module AndroidMediaEditor (213)
[2017.03.05-07.10.58:101][615]LogModuleManager: Shutting down and abandoning module CharacterAI (212)
[2017.03.05-07.10.58:101][615]LogModuleManager: Shutting down and abandoning module SequenceRecorder (211)
[2017.03.05-07.10.58:101][615]LogModuleManager: Shutting down and abandoning module AudioCapture (210)
[2017.03.05-07.10.58:101][615]LogModuleManager: Shutting down and abandoning module SmartSnapping (209)
[2017.03.05-07.10.58:101][615]LogModuleManager: Shutting down and abandoning module SessionServices (208)
[2017.03.05-07.10.58:101][615]LogModuleManager: Shutting down and abandoning module ViewportSnapping (207)
[2017.03.05-07.10.58:101][615]LogModuleManager: Shutting down and abandoning module ViewportInteraction (206)
[2017.03.05-07.10.58:101][615]LogModuleManager: Shutting down and abandoning module LogVisualizer (205)
[2017.03.05-07.10.58:101][615]LogModuleManager: Shutting down and abandoning module GameProjectGeneration (204)
[2017.03.05-07.10.58:101][615]LogModuleManager: Shutting down and abandoning module IntroTutorials (203)
[2017.03.05-07.10.58:102][615]LogModuleManager: Shutting down and abandoning module EditorLiveStreaming (202)
[2017.03.05-07.10.58:102][615]LogModuleManager: Shutting down and abandoning module IOSPlatformEditor (201)
[2017.03.05-07.10.58:102][615]LogModuleManager: Shutting down and abandoning module HTML5PlatformEditor (200)
[2017.03.05-07.10.58:102][615]LogModuleManager: Shutting down and abandoning module AndroidDeviceDetection (199)
[2017.03.05-07.10.58:184][615]LogModuleManager: Shutting down and abandoning module AndroidPlatformEditor (198)
[2017.03.05-07.10.58:184][615]LogModuleManager: Shutting down and abandoning module IOSRuntimeSettings (197)
[2017.03.05-07.10.58:184][615]LogModuleManager: Shutting down and abandoning module AndroidRuntimeSettings (196)
[2017.03.05-07.10.58:185][615]LogModuleManager: Shutting down and abandoning module InputBindingEditor (195)
[2017.03.05-07.10.58:185][615]LogModuleManager: Shutting down and abandoning module NiagaraEditor (194)
[2017.03.05-07.10.58:185][615]LogModuleManager: Shutting down and abandoning module MergeActors (193)
[2017.03.05-07.10.58:185][615]LogModuleManager: Shutting down and abandoning module SizeMap (192)
[2017.03.05-07.10.58:185][615]LogModuleManager: Shutting down and abandoning module TreeMap (191)
[2017.03.05-07.10.58:185][615]LogModuleManager: Shutting down and abandoning module ReferenceViewer (190)
[2017.03.05-07.10.58:185][615]LogModuleManager: Shutting down and abandoning module LocalizationService (189)
[2017.03.05-07.10.58:185][615]LogModuleManager: Shutting down and abandoning module LocalizationDashboard (188)
[2017.03.05-07.10.58:185][615]LogModuleManager: Shutting down and abandoning module HardwareTargeting (187)
[2017.03.05-07.10.58:185][615]LogModuleManager: Shutting down and abandoning module DeviceProfileEditor (186)
[2017.03.05-07.10.58:185][615]LogModuleManager: Shutting down and abandoning module UndoHistory (185)
[2017.03.05-07.10.58:185][615]LogModuleManager: Shutting down and abandoning module UserFeedback (184)
[2017.03.05-07.10.58:185][615]LogModuleManager: Shutting down and abandoning module XmlParser (183)
[2017.03.05-07.10.58:185][615]LogModuleManager: Shutting down and abandoning module Blutility (182)
[2017.03.05-07.10.58:185][615]LogModuleManager: Shutting down and abandoning module ProjectTargetPlatformEditor (181)
[2017.03.05-07.10.58:186][615]LogModuleManager: Shutting down and abandoning module ProjectSettingsViewer (180)
[2017.03.05-07.10.58:186][615]LogModuleManager: Shutting down and abandoning module EditorSettingsViewer (179)
[2017.03.05-07.10.58:186][615]LogModuleManager: Shutting down and abandoning module SettingsEditor (178)
[2017.03.05-07.10.58:186][615]LogModuleManager: Shutting down and abandoning module ProjectLauncher (177)
[2017.03.05-07.10.58:186][615]LogModuleManager: Shutting down and abandoning module SessionFrontend (176)
[2017.03.05-07.10.58:186][615]LogModuleManager: Shutting down and abandoning module ProfilerClient (175)
[2017.03.05-07.10.58:186][615]LogModuleManager: Shutting down and abandoning module TargetDeviceServices (174)
[2017.03.05-07.10.58:186][615]LogModuleManager: Shutting down and abandoning module DeviceManager (173)
[2017.03.05-07.10.58:233][615]LogModuleManager: Shutting down and abandoning module AutomationController (172)
[2017.03.05-07.10.58:233][615]LogModuleManager: Shutting down and abandoning module AutomationWindow (171)
[2017.03.05-07.10.58:233][615]LogModuleManager: Shutting down and abandoning module Layers (170)
[2017.03.05-07.10.58:245][615]LogModuleManager: Shutting down and abandoning module ComponentVisualizers (169)
[2017.03.05-07.10.58:245][615]LogModuleManager: Shutting down and abandoning module DetailCustomizations (168)
[2017.03.05-07.10.58:245][615]LogModuleManager: Shutting down and abandoning module PackagesDialog (167)
[2017.03.05-07.10.58:245][615]LogModuleManager: Shutting down and abandoning module AnimGraph (166)
[2017.03.05-07.10.58:246][615]LogModuleManager: Shutting down and abandoning module Persona (165)
[2017.03.05-07.10.58:246][615]LogModuleManager: Shutting down and abandoning module Kismet (164)
[2017.03.05-07.10.58:278][615]LogModuleManager: Shutting down and abandoning module GraphEditor (163)
[2017.03.05-07.10.58:278][615]LogModuleManager: Shutting down and abandoning module ClassViewer (162)
[2017.03.05-07.10.58:283][615]LogModuleManager: Shutting down and abandoning module Toolbox (161)
[2017.03.05-07.10.58:283][615]LogModuleManager: Shutting down and abandoning module ModuleUI (160)
[2017.03.05-07.10.58:283][615]LogModuleManager: Shutting down and abandoning module MovieSceneTools (159)
[2017.03.05-07.10.58:283][615]LogModuleManager: Shutting down and abandoning module OutputLog (158)
[2017.03.05-07.10.58:283][615]LogModuleManager: Shutting down and abandoning module GammaUI (157)
[2017.03.05-07.10.58:283][615]LogModuleManager: Shutting down and abandoning module Documentation (156)
[2017.03.05-07.10.58:283][615]LogModuleManager: Shutting down and abandoning module Niagara (155)
[2017.03.05-07.10.58:283][615]LogModuleManager: Shutting down and abandoning module StreamingPauseRendering (154)
[2017.03.05-07.10.58:283][615]LogModuleManager: Shutting down and abandoning module AnalyticsET (153)
[2017.03.05-07.10.58:283][615]LogModuleManager: Shutting down and abandoning module PortalServices (152)
[2017.03.05-07.10.58:283][615]LogModuleManager: Shutting down and abandoning module PortalRpc (151)
[2017.03.05-07.10.58:284][615]LogModuleManager: Shutting down and abandoning module MessagingRpc (150)
[2017.03.05-07.10.58:284][615]LogModuleManager: Shutting down and abandoning module GameplayDebugger (149)
[2017.03.05-07.10.58:284][615]LogModuleManager: Shutting down and abandoning module AITestSuite (148)
[2017.03.05-07.10.58:284][615]LogModuleManager: Shutting down and abandoning module AIModule (147)
[2017.03.05-07.10.58:284][615]LogModuleManager: Shutting down and abandoning module ProfilerService (146)
[2017.03.05-07.10.58:477][615]LogModuleManager: Shutting down and abandoning module TaskGraph (145)
[2017.03.05-07.10.58:477][615]LogModuleManager: Shutting down and abandoning module SlateRemote (144)
[2017.03.05-07.10.58:477][615]LogModuleManager: Shutting down and abandoning module SteamVRController (143)
[2017.03.05-07.10.58:477][615]LogModuleManager: Shutting down and abandoning module SteamVR (142)
[2017.03.05-07.10.58:477][615]LogModuleManager: Shutting down and abandoning module ProceduralMeshComponentEditor (141)
[2017.03.05-07.10.58:477][615]LogModuleManager: Shutting down and abandoning module ProceduralMeshComponent (140)
[2017.03.05-07.10.58:477][615]LogModuleManager: Shutting down and abandoning module OculusLibrary (139)
[2017.03.05-07.10.58:477][615]LogModuleManager: Shutting down and abandoning module OculusInput (138)
[2017.03.05-07.10.58:477][615]LogModuleManager: Shutting down and abandoning module MobilePatchingUtils (137)
[2017.03.05-07.10.58:477][615]LogModuleManager: Shutting down and abandoning module CustomMeshComponent (136)
[2017.03.05-07.10.58:477][615]LogModuleManager: Shutting down and abandoning module CableComponent (135)
[2017.03.05-07.10.58:477][615]LogModuleManager: Shutting down and abandoning module ArchVisCharacter (134)
[2017.03.05-07.10.58:477][615]LogModuleManager: Shutting down and abandoning module MediaPlayerEditor (132)
[2017.03.05-07.10.58:477][615]LogModuleManager: Shutting down and abandoning module HTML5Networking (131)
[2017.03.05-07.10.58:478][615]LogModuleManager: Shutting down and abandoning module GeometryCacheEd (130)
[2017.03.05-07.10.58:478][615]LogModuleManager: Shutting down and abandoning module GeometryCache (129)
[2017.03.05-07.10.58:478][615]LogModuleManager: Shutting down and abandoning module AlembicLibrary (128)
[2017.03.05-07.10.58:478][615]LogModuleManager: Shutting down and abandoning module AlembicImporter (127)
[2017.03.05-07.10.58:478][615]LogModuleManager: Shutting down and abandoning module SuperSearch (126)
[2017.03.05-07.10.58:478][615]LogModuleManager: Shutting down and abandoning module SuperSearchEditor (125)
[2017.03.05-07.10.58:478][615]LogModuleManager: Shutting down and abandoning module SpeedTreeImporter (124)
[2017.03.05-07.10.58:478][615]LogModuleManager: Shutting down and abandoning module PluginBrowser (123)
[2017.03.05-07.10.58:478][615]LogModuleManager: Shutting down and abandoning module MobileLauncherProfileWizard (122)
[2017.03.05-07.10.58:478][615]LogModuleManager: Shutting down and abandoning module EpicSurvey (121)
[2017.03.05-07.10.58:478][615]LogModuleManager: Shutting down and abandoning module DesktopPlatform (120)
[2017.03.05-07.10.58:478][615]LogModuleManager: Shutting down and abandoning module VisualStudioSourceCodeAccess (119)
[2017.03.05-07.10.58:478][615]LogModuleManager: Shutting down and abandoning module UObjectPlugin (118)
[2017.03.05-07.10.58:478][615]LogModuleManager: Shutting down and abandoning module SubversionSourceControl (117)
[2017.03.05-07.10.58:478][615]LogModuleManager: Shutting down and abandoning module PerforceSourceControl (116)
[2017.03.05-07.10.58:478][615]LogModuleManager: Shutting down and abandoning module SourceControl (115)
[2017.03.05-07.10.58:478][615]LogModuleManager: Shutting down and abandoning module GitSourceControl (114)
[2017.03.05-07.10.58:478][615]LogModuleManager: Shutting down and abandoning module LightPropagationVolumeEditor (113)
[2017.03.05-07.10.58:478][615]LogModuleManager: Shutting down and abandoning module PaperTiledImporter (112)
[2017.03.05-07.10.58:478][615]LogModuleManager: Shutting down and abandoning module PaperSpriteSheetImporter (111)
[2017.03.05-07.10.58:479][615]LogModuleManager: Shutting down and abandoning module MeshPaint (110)
[2017.03.05-07.10.58:479][615]LogModuleManager: Shutting down and abandoning module PixelInspectorModule (109)
[2017.03.05-07.10.58:479][615]LogModuleManager: Shutting down and abandoning module HotReload (108)
[2017.03.05-07.10.58:480][615]LogModuleManager: Shutting down and abandoning module MainFrame (107)
[2017.03.05-07.10.58:480][615]LogModuleManager: Shutting down and abandoning module LevelEditor (106)
[2017.03.05-07.10.58:483][615]LogModuleManager: Shutting down and abandoning module ContentBrowser (105)
[2017.03.05-07.10.58:488][615]LogModuleManager: Shutting down and abandoning module Paper2DEditor (104)
[2017.03.05-07.10.58:488][615]LogModuleManager: Shutting down and abandoning module UdpMessaging (103)
[2017.03.05-07.10.58:601][615]LogModuleManager: Shutting down and abandoning module TcpMessaging (102)
[2017.03.05-07.10.58:725][615]LogModuleManager: Shutting down and abandoning module LightPropagationVolumeRuntime (101)
[2017.03.05-07.10.58:725][615]LogModuleManager: Shutting down and abandoning module Paper2D (100)
[2017.03.05-07.10.58:725][615]LogModuleManager: Shutting down and abandoning module WindowsMoviePlayer (99)
[2017.03.05-07.10.58:725][615]LogModuleManager: Shutting down and abandoning module WmfMedia (98)
[2017.03.05-07.10.58:726][615]LogModuleManager: Shutting down and abandoning module MediaAssets (97)
[2017.03.05-07.10.58:726][615]LogModuleManager: Shutting down and abandoning module GameLiveStreaming (96)
[2017.03.05-07.10.58:726][615]LogModuleManager: Shutting down and abandoning module GameplayTagsEditor (95)
[2017.03.05-07.10.58:726][615]LogModuleManager: Shutting down and abandoning module VREditor (94)
[2017.03.05-07.10.58:726][615]LogModuleManager: Shutting down and abandoning module GameplayTasksEditor (93)
[2017.03.05-07.10.58:726][615]LogModuleManager: Shutting down and abandoning module BehaviorTreeEditor (92)
[2017.03.05-07.10.58:727][615]LogModuleManager: Shutting down and abandoning module FunctionalTesting (91)
[2017.03.05-07.10.58:727][615]LogModuleManager: Shutting down and abandoning module CollisionAnalyzer (90)
[2017.03.05-07.10.58:727][615]LogModuleManager: Shutting down and abandoning module Sequencer (89)
[2017.03.05-07.10.58:743][615]LogModuleManager: Shutting down and abandoning module WorkspaceMenuStructure (88)
[2017.03.05-07.10.58:743][615]LogModuleManager: Shutting down and abandoning module MessageLog (87)
[2017.03.05-07.10.58:743][615]LogModuleManager: Shutting down and abandoning module AssetTools (86)
[2017.03.05-07.10.58:743][615]LogModuleManager: Shutting down and abandoning module UMGEditor (85)
[2017.03.05-07.10.58:743][615]LogModuleManager: Shutting down and abandoning module UMG (84)
[2017.03.05-07.10.58:744][615]LogModuleManager: Shutting down and abandoning module SlateReflector (83)
[2017.03.05-07.10.58:744][615]LogModuleManager: Shutting down and abandoning module Slate (82)
[2017.03.05-07.10.58:744][615]LogModuleManager: Shutting down and abandoning module EditorStyle (81)
[2017.03.05-07.10.58:799][615]LogModuleManager: Shutting down and abandoning module SourceCodeAccess (80)
[2017.03.05-07.10.58:799][615]LogModuleManager: Shutting down and abandoning module HeadMountedDisplay (79)
[2017.03.05-07.10.58:799][615]LogModuleManager: Shutting down and abandoning module XAudio2 (78)
[2017.03.05-07.10.58:799][615]LogModuleManager: Shutting down and abandoning module Networking (76)
[2017.03.05-07.10.58:799][615]LogModuleManager: Shutting down and abandoning module Core (75)
[2017.03.05-07.10.58:799][615]LogModuleManager: Shutting down and abandoning module DirectoryWatcher (74)
[2017.03.05-07.10.58:799][615]LogDirectoryWatcher: A directory notification for '../../../Engine/Content/' was aborted.
[2017.03.05-07.10.58:805][615]LogDirectoryWatcher: A directory notification for '../../../../../PurgaStory/Content/' was aborted.
[2017.03.05-07.10.58:806][615]LogDirectoryWatcher: A directory notification for '../../../Engine/Plugins/2D/Paper2D/Content/' was aborted.
[2017.03.05-07.10.58:807][615]LogModuleManager: Shutting down and abandoning module AssetRegistry (73)
[2017.03.05-07.10.59:819][615]LogFileManager:Warning: DeleteFile was unable to delete '../../../../../PurgaStory/Intermediate/CachedAssetRegistry.bin', retrying in .5s...
[2017.03.05-07.10.59:820][615]LogFileManager:Warning: DeleteFile recovered during retry!
[2017.03.05-07.10.59:820][615]LogModuleManager: Shutting down and abandoning module KismetCompiler (72)
[2017.03.05-07.10.59:820][615]LogModuleManager: Shutting down and abandoning module PhysXFormats (71)
[2017.03.05-07.10.59:820][615]LogModuleManager: Shutting down and abandoning module SimplygonSwarm (70)
[2017.03.05-07.10.59:820][615]LogModuleManager: Shutting down and abandoning module SimplygonMeshReduction (69)
[2017.03.05-07.10.59:820][615]LogModuleManager: Shutting down and abandoning module QuadricMeshReduction (68)
[2017.03.05-07.10.59:820][615]LogModuleManager: Shutting down and abandoning module PropertyEditor (67)
[2017.03.05-07.10.59:820][615]LogModuleManager: Shutting down and abandoning module MeshUtilities (66)
[2017.03.05-07.10.59:820][615]LogModuleManager: Shutting down and abandoning module DerivedDataCache (65)
[2017.03.05-07.10.59:919][615]LogDerivedDataCache: Shutdown
[2017.03.05-07.10.59:919][615]LogModuleManager: Shutting down and abandoning module VulkanShaderFormat (64)
[2017.03.05-07.10.59:919][615]LogModuleManager: Shutting down and abandoning module ShaderFormatOpenGL (63)
[2017.03.05-07.10.59:920][615]LogModuleManager: Shutting down and abandoning module ShaderFormatD3D (62)
[2017.03.05-07.10.59:920][615]LogModuleManager: Shutting down and abandoning module MetalShaderFormat (61)
[2017.03.05-07.10.59:920][615]LogModuleManager: Shutting down and abandoning module TextureFormatUncompressed (60)
[2017.03.05-07.10.59:920][615]LogModuleManager: Shutting down and abandoning module TextureFormatPVR (59)
[2017.03.05-07.10.59:920][615]LogModuleManager: Shutting down and abandoning module TextureFormatDXT (58)
[2017.03.05-07.10.59:920][615]LogModuleManager: Shutting down and abandoning module TextureFormatIntelISPCTexComp (57)
[2017.03.05-07.10.59:920][615]LogModuleManager: Shutting down and abandoning module ImageWrapper (56)
[2017.03.05-07.10.59:920][615]LogModuleManager: Shutting down and abandoning module TextureFormatASTC (55)
[2017.03.05-07.10.59:920][615]LogModuleManager: Shutting down and abandoning module TextureFormatAndroid (54)
[2017.03.05-07.10.59:920][615]LogModuleManager: Shutting down and abandoning module AudioFormatOpus (53)
[2017.03.05-07.10.59:920][615]LogModuleManager: Shutting down and abandoning module AudioFormatOgg (52)
[2017.03.05-07.10.59:920][615]LogModuleManager: Shutting down and abandoning module AudioFormatADPCM (51)
[2017.03.05-07.10.59:920][615]LogModuleManager: Shutting down and abandoning module LinuxTargetPlatform (50)
[2017.03.05-07.10.59:920][615]LogModuleManager: Shutting down and abandoning module LinuxServerTargetPlatform (49)
[2017.03.05-07.10.59:920][615]LogModuleManager: Shutting down and abandoning module LinuxNoEditorTargetPlatform (48)
[2017.03.05-07.10.59:920][615]LogModuleManager: Shutting down and abandoning module LinuxClientTargetPlatform (47)
[2017.03.05-07.10.59:920][615]LogModuleManager: Shutting down and abandoning module TVOSTargetPlatform (46)
[2017.03.05-07.10.59:920][615]LogModuleManager: Shutting down and abandoning module Messaging (45)
[2017.03.05-07.10.59:920][615]LogModuleManager: Shutting down and abandoning module IOSTargetPlatform (44)
[2017.03.05-07.10.59:920][615]LogModuleManager: Shutting down and abandoning module HTML5TargetPlatform (43)
[2017.03.05-07.10.59:920][615]LogModuleManager: Shutting down and abandoning module Android_PVRTCTargetPlatform (42)
[2017.03.05-07.10.59:920][615]LogModuleManager: Shutting down and abandoning module Android_MultiTargetPlatform (41)
[2017.03.05-07.10.59:920][615]LogModuleManager: Shutting down and abandoning module Android_ETC2TargetPlatform (40)
[2017.03.05-07.10.59:921][615]LogModuleManager: Shutting down and abandoning module Android_ETC1TargetPlatform (39)
[2017.03.05-07.10.59:921][615]LogModuleManager: Shutting down and abandoning module Android_DXTTargetPlatform (38)
[2017.03.05-07.10.59:921][615]LogModuleManager: Shutting down and abandoning module Android_ATCTargetPlatform (37)
[2017.03.05-07.10.59:921][615]LogModuleManager: Shutting down and abandoning module Android_ASTCTargetPlatform (36)
[2017.03.05-07.10.59:921][615]LogModuleManager: Shutting down and abandoning module AndroidTargetPlatform (35)
[2017.03.05-07.10.59:921][615]LogModuleManager: Shutting down and abandoning module WindowsTargetPlatform (34)
[2017.03.05-07.10.59:921][615]LogModuleManager: Shutting down and abandoning module WindowsServerTargetPlatform (33)
[2017.03.05-07.10.59:921][615]LogModuleManager: Shutting down and abandoning module WindowsNoEditorTargetPlatform (32)
[2017.03.05-07.10.59:921][615]LogModuleManager: Shutting down and abandoning module WindowsClientTargetPlatform (31)
[2017.03.05-07.10.59:921][615]LogModuleManager: Shutting down and abandoning module MacTargetPlatform (30)
[2017.03.05-07.10.59:921][615]LogModuleManager: Shutting down and abandoning module MacServerTargetPlatform (29)
[2017.03.05-07.10.59:921][615]LogModuleManager: Shutting down and abandoning module MacNoEditorTargetPlatform (28)
[2017.03.05-07.10.59:921][615]LogModuleManager: Shutting down and abandoning module MacClientTargetPlatform (27)
[2017.03.05-07.10.59:921][615]LogModuleManager: Shutting down and abandoning module AllDesktopTargetPlatform (26)
[2017.03.05-07.10.59:921][615]LogModuleManager: Shutting down and abandoning module TargetPlatform (25)
[2017.03.05-07.10.59:921][615]LogModuleManager: Shutting down and abandoning module InputCore (24)
[2017.03.05-07.10.59:922][615]LogModuleManager: Shutting down and abandoning module Settings (23)
[2017.03.05-07.10.59:922][615]LogModuleManager: Shutting down and abandoning module OculusRift (22)
[2017.03.05-07.10.59:922][615]LogModuleManager: Shutting down and abandoning module ExampleDeviceProfileSelector (21)
[2017.03.05-07.10.59:922][615]LogModuleManager: Shutting down and abandoning module OnlineBlueprintSupport (20)
[2017.03.05-07.10.59:922][615]LogModuleManager: Shutting down and abandoning module OnlineSubsystem (18)
[2017.03.05-07.10.59:922][615]LogOnline:Display: Unloading online subsystem: NULL
[2017.03.05-07.10.59:924][615]LogModuleManager: Shutting down and abandoning module SSL (17)
[2017.03.05-07.10.59:932][615]LogModuleManager: Shutting down and abandoning module HTTP (16)
[2017.03.05-07.10.59:932][615]LogModuleManager: Shutting down and abandoning module XMPP (15)
[2017.03.05-07.10.59:932][615]LogModuleManager: Shutting down and abandoning module TextureCompressor (14)
[2017.03.05-07.10.59:932][615]LogModuleManager: Shutting down and abandoning module ShaderCore (13)
[2017.03.05-07.10.59:932][615]LogModuleManager: Shutting down and abandoning module Landscape (12)
[2017.03.05-07.10.59:932][615]LogModuleManager: Shutting down and abandoning module SlateRHIRenderer (11)
[2017.03.05-07.10.59:940][615]LogModuleManager: Shutting down and abandoning module OpenGLDrv (10)
[2017.03.05-07.10.59:940][615]LogModuleManager: Shutting down and abandoning module D3D11RHI (9)
[2017.03.05-07.10.59:940][615]LogModuleManager: Shutting down and abandoning module AnimGraphRuntime (8)
[2017.03.05-07.10.59:940][615]LogModuleManager: Shutting down and abandoning module Renderer (7)
[2017.03.05-07.10.59:940][615]LogModuleManager: Shutting down and abandoning module Engine (6)
[2017.03.05-07.10.59:940][615]LogModuleManager: Shutting down and abandoning module CoreUObject (5)
[2017.03.05-07.10.59:940][615]LogModuleManager: Shutting down and abandoning module NetworkFile (4)
[2017.03.05-07.10.59:940][615]LogModuleManager: Shutting down and abandoning module StreamingFile (3)
[2017.03.05-07.10.59:940][615]LogModuleManager: Shutting down and abandoning module SandboxFile (2)
[2017.03.05-07.10.59:940][615]LogModuleManager: Shutting down and abandoning module PakFile (1)
[2017.03.05-07.10.59:958][615]LogExit: Exiting.
[2017.03.05-07.11.00:080][615]Log file closed, 03/05/17 15:11:00
